lhc0718,lhc0718
ss258258,ss258258
lin13149527,lin13149527
jiang1985,jiang1985
lijun123123,lijun123123
zzz123zcc,zzz123zcc
vilen017,vilen017
18367873168,18367873168
dongge001,dongge001
zqy888,zqy888
fj918727,fj918727
gaoyan5031,gaoyan5031
haisu99,haisu99
hnzjj2020,hnzjj2020
lwp900126,lwp900126
111111,111111
weilai5177,weilai5177
hilary2021,hilary2021
hx1001,hx1001
hu415955078,hu415955078
cww02714,cww02714
qxp15863,qxp15863
liu235,liu235
th6267,th6267
sun1234,sun1234
lihua0061,lihua0061
wen0061,wen0061
wang888,wang888
fu9355,fu9355
dwq1994,dwq1994
q546121,q546121
nx456124,nx456124
123456789qwe,123456789qwe
18407582189,18407582189
te60683,te60683
fada888,fada888
kejian314,kejian314
hua1223,hua1223
ao1234,ao1234
tt12345,tt12345
w729170419,w729170419
kb123456,kb123456
yangyongta,yangyongta
kui8880,kui8880
aa666666,aa666666
xiaowei,xiaowei
xiaoqing,xiaoqing
ltlt252771,ltlt252771
lg252771,lg252771
jing123,jing123
yke1314,yke1314
kun258258,kun258258
niehg123,niehg123
zhang199108,zhang199108
lixinghui198,lixinghui198
19195029572,19195029572
yan361777,yan361777
jiegege,jiegege
lrn1995,lrn1995
555555,555555
15158717237,15158717237
jie1234,jie1234
liu336366,liu336366
mhb1994,mhb1994
asd666,asd666
rwd290456,rwd290456
qin123,qin123
hxkhhy,hxkhhy
hehe123,hehe123
lovloving,lovloving
qinfei8833,qinfei8833
ting4724,ting4724
wg1203,wg1203
fan5177,fan5177
xjh622,xjh622
hai888,hai888
hzr5000,hzr5000
yan136,yan136
h88888,h88888
hxw9639,hxw9639
kyr003714,kyr003714
kt198308,kt198308
lcw9902,lcw9902
18244786118,18244786118
xiaweiyi,xiaweiyi
cjl884947,cjl884947
zsc112233,zsc112233
13549690163,13549690163
18370546181,18370546181
bin1299,bin1299
gfgf121,gfgf121
wxl15468,wxl15468
jin8705,jin8705
yang258369,yang258369
wq652123,wq652123
xu252628,xu252628
oytj6217,oytj6217
kfl555,kfl555
ling00,ling00
k123456,k123456
lanlan66,lanlan66
hua25693,hua25693
meiwei520,meiwei520
wei1986,wei1986
kuan1399,kuan1399
zmt960820,zmt960820
taotao,taotao
houhou11,houhou11
kaige666,kaige666
zp396042933,zp396042933
hjj4574,hjj4574
