hqkgg66,hqkgg66
mingshao,mingshao
jobyzby,jobyzby
szc678678,szc678678
yangzhengen,yangzhengen
15819706326,15819706326
lxs8888,lxs8888
lzhlzh,lzhlzh
saa2111,saa2111
huchao666,huchao666
zpch123,zpch123
zxc66042,zxc66042
wuyifan666,wuyifan666
1119324364,1119324364
z373582722,z373582722
zdd714355144,zdd714355144
lhd1212,lhd1212
vi6686,vi6686
sy19920518,sy19920518
ablatkrm,ablatkrm
wuhao16,wuhao16
tmacmotorola,tmacmotorola
zhang1987815,zhang1987815
m275229,m275229
15299812004,15299812004
llovechina,llovechina
dh8812,dh8812
qin1988,qin1988
reichman,reichman
angels66,angels66
wangjun,wangjun
onedaycc,onedaycc
xrx288,xrx288
aa669690,aa669690
hu123456,hu123456
jsyzzz,jsyzzz
ny20754006,ny20754006
yjy0824,yjy0824
tt9009,tt9009
y1129266106,y1129266106
xmy1995,xmy1995
hh335577,hh335577
dadong666,dadong666
zq20180123,zq20180123
zjzj777777,zjzj777777
a13760004099,a13760004099
zhu30744,zhu30744
li1870850937,li1870850937
yc0222,yc0222
cjh1988,cjh1988
t1024086602,t1024086602
sl1083830954,sl1083830954
lxizz978,lxizz978
xiaoliu9a,xiaoliu9a
fanfan9,fanfan9
hbin8520,hbin8520
wqx0525,wqx0525
chao666,chao666
wang0623,wang0623
q67823567,q67823567
x119676550,x119676550
niu0203,niu0203
huan3723,huan3723
xx123456,xx123456
xsl7410,xsl7410
zxy0106,zxy0106
hw123123,hw123123
wangxingye,wangxingye
shshun270,shshun270
gxydh88,gxydh88
jcjc5566,jcjc5566
playlife,playlife
xu0823,xu0823
xh0627,xh0627
caokai426,caokai426
ning0717,ning0717
zwd258369,zwd258369
yu8096,yu8096
lxy0001,lxy0001
wang030903,wang030903
aaa357159,aaa357159
x1032387973,x1032387973
ld1314,ld1314
xiaoqian,xiaoqian
lizai1689,lizai1689
luohua88,luohua88
876060719,876060719
zz68zz,zz68zz
taizi888,taizi888
kai8787,kai8787
xianyu1,xianyu1
tcc77cc,tcc77cc
88yunyy,88yunyy
831212zxx,831212zxx
lisseeq,lisseeq
dadahai,dadahai
zhenjj10,zhenjj10
xuxu4655,xuxu4655
hhhhao,hhhhao
zhiqi666,zhiqi666
ss1209,ss1209
zhuzhu55,zhuzhu55
danke628,danke628
hua1997,hua1997
lxm022,lxm022
hxj5191,hxj5191
junzai11,junzai11
zz112233,zz112233
yxiaom50,yxiaom50
zimiao15,zimiao15
xiaofan977,xiaofan977
xiaoke012,xiaoke012
h13034032161,h13034032161
iwh2181,iwh2181
q30334,q30334
a123456,a123456
jinlong654,jinlong654
mao18793,mao18793
xhc123,xhc123
aa1234,aa1234
zzx6706,zzx6706
liuyu111,liuyu111
danielchiao,danielchiao
zzc1234567,zzc1234567
hhj168168,hhj168168
chenzhihao,chenzhihao
h023854,h023854
danfeng99,danfeng99
760129540,760129540
kkuuoo50,kkuuoo50
aaa730350,aaa730350
mxe138,mxe138
lmakqq52,lmakqq52
hjb86200,hjb86200
weilianghh,weilianghh
zxcvbnm,zxcvbnm
a4243185,a4243185
zyf001,zyf001
llb789,llb789
bet666888,bet666888
justin,justin
yf198an,yf198an
swh157355,swh157355
xiangk50,xiangk50
ll123456,ll123456
wxfv587,wxfv587
still2906,still2906
qw1122,qw1122
yy8898yy,yy8898yy
gao64829525,gao64829525
zhong6973,zhong6973
a543541281,a543541281
yao520,yao520
could027,could027
x139148,x139148
sunyunkang,sunyunkang
li9889l,li9889l
wangxy888,wangxy888
yanght1990,yanght1990
xh4849,xh4849
yong7388,yong7388
a13533396158,a13533396158
scalpel123,scalpel123
ksk520888,ksk520888
lhtzds,lhtzds
q240736695,q240736695
qqwgh147,qqwgh147
yan1122,yan1122
a1183194599,a1183194599
wxubo888,wxubo888
z207777,z207777
qwe222,qwe222
asdfg888,asdfg888
abshdd1,abshdd1
wt1239,wt1239
x17533313,x17533313
ggboos123,ggboos123
qpj5986,qpj5986
zqs5145,zqs5145
lsw321lsw,lsw321lsw
vs139217,vs139217
www1234,www1234
aaaa1234,aaaa1234
tbyb668888,tbyb668888
k166537,k166537
93se7n,93se7n
xia132721990,xia132721990
hn0725,hn0725
za1021,za1021
lgs666,lgs666
qs45678,qs45678
xxt147258,xxt147258
cy9577,cy9577
a1607273632,a1607273632
longbb10,longbb10
buhu7850,buhu7850
c88888,c88888
guihua88,guihua88
ldjjj2,ldjjj2
wy199828,wy199828
lsda16886,lsda16886
dan28hong,dan28hong
sd5557,sd5557
weijianwen,weijianwen
qwerty,qwerty
liutian95,liutian95
hhsheng20,hhsheng20
chenxiao289,chenxiao289
lt123456,lt123456
1871912634lj,1871912634lj
wjh526,wjh526
qazx999,qazx999
a1757776507,a1757776507
ddd789987,ddd789987
888888,888888
yh322322,yh322322
scxscx,scxscx
cmq5201314,cmq5201314
mmgg886,mmgg886
zxcvbnm123,zxcvbnm123
lisb666,lisb666
qq1185,qq1185
ab1767923,ab1767923
hhk991,hhk991
to5727,to5727
txiong84,txiong84
y09110911,y09110911
kk2233,kk2233
fx123456,fx123456
tzh15047,tzh15047
zpj169,zpj169
qz123456,qz123456
hh5963,hh5963
zx940804,zx940804
taozai112,taozai112
currysix,currysix
hong34,hong34
lk11100455,lk11100455
nngung88,nngung88
llin123,llin123
wyp80272,wyp80272
zc8888,zc8888
youyou2020,youyou2020
happy602a,happy602a
w28626213,w28626213
hhm2199,hhm2199
llz52709,llz52709
whq948625,whq948625
w24759,w24759
xzy960113,xzy960113
zhangsha91,zhangsha91
r9ronaldo,r9ronaldo
bbq3322,bbq3322
he8689,he8689
crf221148,crf221148
zhq63479,zhq63479
lyh485793,lyh485793
wang147258,wang147258
mazige,mazige
z18023714911,z18023714911
yz9999,yz9999
1992liao,1992liao
lai1204h,lai1204h
x654776573,x654776573
ff991801,ff991801
binbin5985,binbin5985
wangtao888,wangtao888
w12625,w12625
xixin538,xixin538
hry1964,hry1964
wang1100,wang1100
a131778,a131778
popo1121,popo1121
huangppc,huangppc
asd123asd123,asd123asd123
l199021l,l199021l
vip1995,vip1995
qq147258,qq147258
chen424490,chen424490
zxb1122,zxb1122
chen870111,chen870111
158792311,158792311
sansan123,sansan123
liang992,liang992
wycj123,wycj123
qingtian86,qingtian86
yj014702,yj014702
lxjlxj369,lxjlxj369
winwin6688,winwin6688
ou9988,ou9988
f1562011202,f1562011202
aatetn369,aatetn369
liaozill,liaozill
q634212819,q634212819
xyong0805,xyong0805
abcd1234,abcd1234
qiang6688,qiang6688
lhy1020,lhy1020
hy8168,hy8168
z778899,z778899
suninggxf,suninggxf
gray0321,gray0321
123456789aa,123456789aa
qaz74269,qaz74269
916367705,916367705
nanyin,nanyin
xcs044,xcs044
63zjs6,63zjs6
xlx9999,xlx9999
jiuyue527,jiuyue527
ck7451,ck7451
cbeibei888,cbeibei888
a2938015,a2938015
xiuxiu,xiuxiu
s11931,s11931
lhx1005,lhx1005
xiexin6,xiexin6
hua0121,hua0121
lql3344,lql3344
wenxina,wenxina
qq1058,qq1058
mo123456,mo123456
h816816,h816816
vincentang,vincentang
qqq555,qqq555
673907567h,673907567h
yz147258,yz147258
xixi199503,xixi199503
xjr2506069,xjr2506069
lxl155,lxl155
zyzy0625,zyzy0625
ly1991,ly1991
parhat007,parhat007
wqm1121,wqm1121
z123456z,z123456z
yh1767334,yh1767334
lnp1225,lnp1225
wsz23937353,wsz23937353
c434725325,c434725325
zhr123,zhr123
qjx137258,qjx137258
xinyan1900,xinyan1900
13666252541,13666252541
byf293,byf293
king88,king88
liu2020,liu2020
czn9888,czn9888
qazwsx888,qazwsx888
a711752,a711752
hja123,hja123
qwe123123,qwe123123
xulanlan,xulanlan
chendunbao,chendunbao
yy12345,yy12345
nbrenbin,nbrenbin
he042781,he042781
zzy760235853,zzy760235853
xiao7210,xiao7210
aabbcc,aabbcc
a1176050780,a1176050780
xingxin,xingxin
yyy666,yyy666
wang123,wang123
ling2010,ling2010
a89236446,a89236446
nubiya314,nubiya314
ling123,ling123
li1514866935,li1514866935
qwe1122333,qwe1122333
grg9335,grg9335
yingrongbin,yingrongbin
qq85213103,qq85213103
b12060606,b12060606
aa121212,aa121212
lyh930728,lyh930728
qwert87724,qwert87724
a1234567890,a1234567890
kl123456789,kl123456789
kopqian,kopqian
tx65008,tx65008
alex99188,alex99188
baojian998,baojian998
lsy520,lsy520
qq64212,qq64212
qq12345,qq12345
fengjiuwei,fengjiuwei
aa112536,aa112536
hjm123456,hjm123456
xuming,xuming
aac1993,aac1993
l123456789,l123456789
dushuaijian,dushuaijian
lcx89378,lcx89378
249013884,249013884
ab957222905,ab957222905
l3148915907,l3148915907
wangxinquan,wangxinquan
qazxsw,qazxsw
mbt180818,mbt180818
yang520619,yang520619
luokhs,luokhs
wy332398,wy332398
ao198829,ao198829
sbngedri,sbngedri
shijin1991,shijin1991
zq123456,zq123456
xsy9805,xsy9805
xiaci77,xiaci77
qq510087925,qq510087925
zz8866,zz8866
le0001,le0001
aaa123456,aaa123456
zhang1105,zhang1105
dj1234,dj1234
aa883876,aa883876
biao520,biao520
981014620a,981014620a
hyj123,hyj123
qq159357,qq159357
18077923238,18077923238
ytx88888888,ytx88888888
smj147,smj147
carryu,carryu
py0520,py0520
yun199427,yun199427
zh5601373,zh5601373
ws1980,ws1980
zh666666,zh666666
w1515185387,w1515185387
a229713384,a229713384
zhangqiang,zhangqiang
q1247351942,q1247351942
mm1132371583,mm1132371583
jinwan,jinwan
zxc123,zxc123
fffccc,fffccc
willber173,willber173
zy523936897,zy523936897
zz04512,zz04512
tsbxy123,tsbxy123
dota123,dota123
yyc123,yyc123
liuqs23,liuqs23
999999999999,999999999999
qq303046738,qq303046738
maomao1,maomao1
harryye01,harryye01
bing55,bing55
xzh1986,xzh1986
yw998866,yw998866
gygy008,gygy008
nba123,nba123
ddq5588,ddq5588
jiangjian9,jiangjian9
yang123,yang123
hj778899,hj778899
1234566,1234566
zhouling,zhouling
zhao9966,zhao9966
r88888,r88888
pp47893843,pp47893843
fu258919,fu258919
yyy123456,yyy123456
q642633303,q642633303
hui332255,hui332255
abc12345,abc12345
xwq12369,xwq12369
ai1996,ai1996
diabloi123,diabloi123
en2675,en2675
lulu779,lulu779
hwphwp12,hwphwp12
wu6849,wu6849
jiaoyan,jiaoyan
zzm8888,zzm8888
kq1234,kq1234
zm427427,zm427427
wenhua122,wenhua122
xuan012,xuan012
zz6168608,zz6168608
lsf1234,lsf1234
gya123123,gya123123
fcl123321,fcl123321
z308559,z308559
yuan456,yuan456
xx7376674,xx7376674
jia123,jia123
jwp123123,jwp123123
xiaoli,xiaoli
yu4567,yu4567
qwe1234,qwe1234
nbyihe,nbyihe
bjf15144,bjf15144
haiyi0479,haiyi0479
xl0406,xl0406
wwwwww123,wwwwww123
w66666,w66666
qin123456,qin123456
zxy123456,zxy123456
fu1700,fu1700
a74110,a74110
msn111,msn111
hll176,hll176
lxm147,lxm147
chenlong1,chenlong1
lll999,lll999
yong123,yong123
wcfak1,wcfak1
xiaofang,xiaofang
a980958,a980958
meimei,meimei
yt7494,yt7494
renxiaobin,renxiaobin
jiangyu,jiangyu
ksk520138,ksk520138
lin257004,lin257004
x13686785161,x13686785161
zhang5688,zhang5688
cheng624,cheng624
wnw268,wnw268
houzibin668,houzibin668
tqp1314a,tqp1314a
aa152050624,aa152050624
zgr12388,zgr12388
a191246,a191246
james23ok,james23ok
hhy5775,hhy5775
zyq666,zyq666
a1314587,a1314587
lwb198,lwb198
qaz123qaz,qaz123qaz
dengtuo,dengtuo
7758258,7758258
123123a,123123a
lijian,lijian
a910843608,a910843608
kone0898,kone0898
a487662364,a487662364
lcj8608,lcj8608
qew3197,qew3197
696969,696969
dd8678,dd8678
miaomiao,miaomiao
zhan316,zhan316
fc9955,fc9955
chen7788,chen7788
pan870809,pan870809
rzy112233,rzy112233
yh123321,yh123321
2580369,2580369
gxg1122,gxg1122
wer8886,wer8886
lili226,lili226
yuyu2dei,yuyu2dei
hong123,hong123
ft0911520,ft0911520
zxy19990610,zxy19990610
yzdygd520,yzdygd520
xixi1314,xixi1314
pangpang,pangpang
renmin888,renmin888
huanhuan,huanhuan
zxytc1,zxytc1
xusong,xusong
yss111,yss111
gk23418,gk23418
liyuanzhe,liyuanzhe
pwh1107,pwh1107
kekeyuo,kekeyuo
a25810,a25810
zou19865,zou19865
zz8890,zz8890
erliu123,erliu123
erpang123,erpang123
hjt66666,hjt66666
zhujiangxx,zhujiangxx
dangchu666,dangchu666
renbibi,renbibi
ll2002,ll2002
wslx1234,wslx1234
xyx912058,xyx912058
asdzxc,asdzxc
yuanyuan,yuanyuan
asd1051,asd1051
zzzzzz666666,zzzzzz666666
13117049972,13117049972
changge43,changge43
ac780315,ac780315
wd130733,wd130733
pps147,pps147
q77974,q77974
chen1234,chen1234
q118124864,q118124864
ai827421719,ai827421719
wang2675,wang2675
jxy2323,jxy2323
wer123,wer123
g17300615960,g17300615960
88a999,88a999
qwertyuio,qwertyuio
55555555,55555555
marchqing,marchqing
haoyu123l,haoyu123l
mmf2752,mmf2752
eewdc7883,eewdc7883
zeling,zeling
woyou366,woyou366
zengtao9998,zengtao9998
ckf2178,ckf2178
qwe1239,qwe1239
yingzhe,yingzhe
wuqin885,wuqin885
alex87,alex87
zy817908,zy817908
li1688,li1688
aa84168,aa84168
xiaoquan,xiaoquan
lxyin826,lxyin826
yy6789,yy6789
tydf552,tydf552
zrwei499,zrwei499
yinyin2019,yinyin2019
ep6123,ep6123
jing2019,jing2019
xiaozhou,xiaozhou
tvbzzz6,tvbzzz6
abcd5210,abcd5210
sign778,sign778
ccyy159,ccyy159
hc342600,hc342600
q2457879932,q2457879932
che198701,che198701
q9354983,q9354983
fc0226,fc0226
aq2886863,aq2886863
386146,386146
555666,555666
w369369361,w369369361
wanting123,wanting123
6935lh,6935lh
yy16969,yy16969
lcg3100,lcg3100
hhyy8899,hhyy8899
svip29,svip29
aaronx66,aaronx66
wjp888wjp,wjp888wjp
19918235200,19918235200
wuyi12345,wuyi12345
lyh0311,lyh0311
lzy123,lzy123
gzf3585,gzf3585
bbss158,bbss158
dss17552,dss17552
qwert123,qwert123
bbgg2020,bbgg2020
tangyuan,tangyuan
xipe3526,xipe3526
jianan00,jianan00
binbin001,binbin001
yxl5862,yxl5862
chen123,chen123
kkk9033737,kkk9033737
wxcissg,wxcissg
xiea4138,xiea4138
rqrq6389,rqrq6389
znx08188,znx08188
zgz627978,zgz627978
abb228920,abb228920
hsq4916,hsq4916
huang5535,huang5535
long7400,long7400
zeng1996,zeng1996
18307059458,18307059458
llan5102,llan5102
wbc520579,wbc520579
gzm789,gzm789
15774188875,15774188875
333333,333333
ming1422,ming1422
luo123456,luo123456
ks120527,ks120527
xionglili,xionglili
yjg5208,yjg5208
xingteng1031,xingteng1031
pang123999,pang123999
lh6217,lh6217
juxian1994,juxian1994
yy52099,yy52099
znp74800,znp74800
zyj90995,zyj90995
zsy9962,zsy9962
lcbly168,lcbly168
hai1098,hai1098
ping77356,ping77356
tianping888,tianping888
guoguo130,guoguo130
rong4092,rong4092
wbc0674,wbc0674
icbc568,icbc568
tag67102,tag67102
52weiwei,52weiwei
vva521567,vva521567
wen0803,wen0803
xsx34260,xsx34260
wen99188,wen99188
qin3061921,qin3061921
xwq1231xwq,xwq1231xwq
hai621790,hai621790
2839037596,2839037596
juan4380,juan4380
ltq67133,ltq67133
17847554117,17847554117
lhl8788,lhl8788
wxy5624,wxy5624
zuo2232,zuo2232
ding232425,ding232425
hlp0070,hlp0070
wen8512,wen8512
son133,son133
rob5200,rob5200
xiong1371,xiong1371
cangnan,cangnan
daren888,daren888
oywj6232,oywj6232
xia369525,xia369525
jun1086,jun1086
ming0982,ming0982
wen1588,wen1588
lxd6216,lxd6216
oyql9427,oyql9427
lin8858258,lin8858258
aa1989,aa1989
qwe12345,qwe12345
xw123456,xw123456
wu888888,wu888888
ying369369,ying369369
lishuang,lishuang
lll123456,lll123456
ren111,ren111
zwy199511,zwy199511
hhhhhh,hhhhhh
qq1204929849,qq1204929849
hyz123456,hyz123456
627186226,627186226
hhh888,hhh888
liu5538,liu5538
huang888888,huang888888
lrf58604,lrf58604
hl1995,hl1995
asd888666,asd888666
zhu123456,zhu123456
tang666,tang666
jiashao01,jiashao01
look100,look100
bao5207,bao5207
liuxianyu,liuxianyu
lang2019,lang2019
hong8043,hong8043
zx1993,zx1993
a7324206,a7324206
fq1994,fq1994
happy168,happy168
t19965226859,t19965226859
g17758211050,g17758211050
tanjunjun003,tanjunjun003
shangzhijun,shangzhijun
dai2203,dai2203
xiaop7979,xiaop7979
ym66101,ym66101
m123456,m123456
feng123,feng123
l17346912304,l17346912304
a28a46,a28a46
lipj199515,lipj199515
13078812814,13078812814
zuo170021,zuo170021
qwerty123,qwerty123
yan147258,yan147258
wu8888qq,wu8888qq
qq78185777,qq78185777
a2524271,a2524271
zhangzhen,zhangzhen
yuyu7979,yuyu7979
yangfan,yangfan
sny9298,sny9298
yxw6888,yxw6888
rao0670,rao0670
ygh0703,ygh0703
yan0513,yan0513
peng7758258,peng7758258
summer,summer
orange,orange
qwertyuiop12,qwertyuiop12
weiliangke,weiliangke
red8808,red8808
hzx198892,hzx198892
hs9554,hs9554
zl0825,zl0825
lex15969,lex15969
dcl1101,dcl1101
lsy123,lsy123
wi0513i,wi0513i
aaacaiss,aaacaiss
tlb4715,tlb4715
jing520c,jing520c
lcb667711,lcb667711
lq339976,lq339976
lxb123,lxb123
886pkss,886pkss
wgl123321,wgl123321
lyg135235,lyg135235
jia5678,jia5678
hyy520,hyy520
w13177798047,w13177798047
zzr997459,zzr997459
rt546454,rt546454
xdg1465465,xdg1465465
b888888,b888888
abc123321,abc123321
hwj8899,hwj8899
lin888,lin888
xxz7758258,xxz7758258
sdf125865,sdf125865
jin123456,jin123456
db849714,db849714
wbg6005,wbg6005
x104848558,x104848558
luo434694,luo434694
as8899,as8899
lvzihang199,lvzihang199
