tsc9230	唐胜成	正常存款会员 (0)
kp914	柯培	正常存款会员 (0)
a18708237332	邓仁国	正常存款会员 (0)
kk1990	林科强	正常存款会员 (0)
vip008	梁肇明	正常存款会员 (0)
xx220	莫春燕	正常存款会员 (0)
001122	陈海强	正常存款会员 (0)
caoshenbhui8	曹胜辉	正常存款会员 (0)
dd330	邓文栋	正常存款会员 (0)
qap30780811	唐昭雨	正常存款会员 (0)
wenwen	谢小文	正常存款会员 (0)
xiaoxiao1122		正常存款会员 (0)
wukai888	吴凯堂	正常存款会员 (0)
22052206	徐学程	正常存款会员 (0)
tanhongze1	谭洪泽	正常存款会员 (0)
longyi110	李龙毅	正常存款会员 (0)
liqian0527	李成鹏	正常存款会员 (0)
88999	周英武	正常存款会员 (0)
gg000000	郭广亮	正常存款会员 (0)
wyz740208	吴云正	正常存款会员 (0)
laiqinghan	赖清汉	正常存款会员 (0)
561984263	王华	正常存款会员 (0)
zcq260617	张超群	正常存款会员 (0)
lcq123456	林川奇	正常存款会员 (0)
qwe9280	胡静波	正常存款会员 (0)
5163960sjh	庞孟阳	正常存款会员 (0)
a0732	李恪涛	正常存款会员 (0)
zjw0305	邹军伟	正常存款会员 (0)
wo1988	黄光增	正常存款会员 (0)
13756q	田秀艳	正常存款会员 (0)
wmrq35690	王娟	正常存款会员 (0)
azaz8888	马洪闪	正常存款会员 (0)
mm110	邓文雄	正常存款会员 (0)
zxcvb88888	彭少跑	正常存款会员 (0)
500kkkk500	董小坤	正常存款会员 (0)
18098183656	王磊	正常存款会员 (0)
fk12345	吴凡凡	正常存款会员 (0)
361393516	蔡洪银	正常存款会员 (0)
447573761	熊盈锋	正常存款会员 (0)
yxq131007	杨晓强	正常存款会员 (0)
aonimabi	李建国	正常存款会员 (0)
dechaoju	李林俊	正常存款会员 (0)
yjg2112898	尹建国	正常存款会员 (0)
jpg526	金平贵	正常存款会员 (0)
a1586592	冯鹏博	正常存款会员 (0)
lijin1314520	李金龙	正常存款会员 (0)
fa886588	梁奕总	正常存款会员 (0)
yy180611	杨娟	正常存款会员 (0)
fa888888	王长江	正常存款会员 (0)
azan95	王赞	正常存款会员 (0)
13682741749	陈标	正常存款会员 (0)
att7665754	谭志建	正常存款会员 (0)
xiaozhu	周涛	正常存款会员 (0)
2003008	秦锡敏	正常存款会员 (0)
abc1899	吕永志	正常存款会员 (0)
hua99999999	张华华	正常存款会员 (0)
yy0929	汪燕红	正常存款会员 (0)
aisheishei1	吴昊	正常存款会员 (0)
zhaowend	赵文达	正常存款会员 (0)
q1314520	顾雄广	正常存款会员 (0)
qzx785112828	王明霞	正常存款会员 (0)
zjn5502	樊东	正常存款会员 (0)
myy913	黄明玉	正常存款会员 (0)
yuanzukang	袁祖康	正常存款会员 (0)
750129	李求庚	正常存款会员 (0)
ttt1314520	唐龙城	正常存款会员 (0)
bin51955	付彬	正常存款会员 (0)
yan1985417	蒋艳	正常存款会员 (0)
mxx258	刘美芯	正常存款会员 (0)
sch999888	石传华	正常存款会员 (0)
18879336019	张雪华	正常存款会员 (0)
qaz987987	樊东	正常存款会员 (0)
jxf000	张扎朵	正常存款会员 (0)
nidaye258258	吴昊	正常存款会员 (0)
ziran1	庄肃磊	正常存款会员 (0)
a836666	陈宇森	正常存款会员 (0)
17681212920	彭浩	正常存款会员 (0)
qazwsx198588	李志海	正常存款会员 (0)
exo157480	谢朝霞	正常存款会员 (0)
yanli0037	咸会永	正常存款会员 (0)
kkuu123	符港龙	正常存款会员 (0)
bbbi12	何梁俊	正常存款会员 (0)
fafa88	黄永发	正常存款会员 (0)
142422	赵清	正常存款会员 (0)
bbwfh0111	魏亚琴	正常存款会员 (0)
zcc554	刘卓承	正常存款会员 (0)
zcl999	张春雷	正常存款会员 (0)
wangai9	王爱香	正常存款会员 (0)
qq459109670	施超	正常存款会员 (0)
zkw555	张凯文	正常存款会员 (0)
zcy520you	赵文琪	正常存款会员 (0)
q6275	张其其	正常存款会员 (0)
caoyucui	曹玉翠	正常存款会员 (0)
k13579	乐坤宇	正常存款会员 (0)
wang66jun	王俊	正常存款会员 (0)
ljn958958	李国辉	正常存款会员 (0)
fengfang	董凤芳	正常存款会员 (0)
my383746	张红光	正常存款会员 (0)
s34576	曾上平	正常存款会员 (0)
198915	赵朋朋	正常存款会员 (0)
q199509	袁红斌	正常存款会员 (0)
ywt888	杨文涛	正常存款会员 (0)
h404073465	黄晓东	正常存款会员 (0)
lbj9888	罗先文	正常存款会员 (0)
258147	赵朋朋	正常存款会员 (0)
wangwei666	王玮	正常存款会员 (0)
qaz591725	徐文强	正常存款会员 (0)
gzy1314520	高志勇	正常存款会员 (0)
zxcvb111	温素娟	正常存款会员 (0)
ck110110110	陈坤	正常存款会员 (0)
ycl666888	叶聪利	正常存款会员 (0)
xin521	张海博	正常存款会员 (0)
hu1831905	胡宝珍	正常存款会员 (0)
qiu1122	袁智应	正常存款会员 (0)
15918203297	庞业艳	正常存款会员 (0)
ttp34678	李艳	正常存款会员 (0)
xll418541	许露露	正常存款会员 (0)
rh1234	陈继兰	正常存款会员 (0)
18025383931	杨漆龙	正常存款会员 (0)
2930055016	韩仲超	正常存款会员 (0)
qq7899	郑必木	正常存款会员 (0)
as1023	苏炳培	正常存款会员 (0)
1358612010	田晓涛	正常存款会员 (0)
2935895562	李相云	正常存款会员 (0)
5535355	黄海	正常存款会员 (0)
yang567	刘启勋	正常存款会员 (0)
wangyawei1	王亚伟	正常存款会员 (0)
wangtai03	王泰	正常存款会员 (0)
138138	黄孝旺	正常存款会员 (0)
wenhui8908	文辉	正常存款会员 (0)
hxp168	胡新平	正常存款会员 (0)
w15802787734	董燕清	正常存款会员 (0)
yuxiangj	王玉香	正常存款会员 (0)
17737809466	王利锦	正常存款会员 (0)
fx8995	吴昊	正常存款会员 (0)
w13141516	霍秀峰	正常存款会员 (0)
p13252281668	何桥	正常存款会员 (0)
mqy4560	马清阳	正常存款会员 (0)
1902585401	叶行有	正常存款会员 (0)
whb3690	吴华彬	正常存款会员 (0)
ab123456	陈俊强	正常存款会员 (0)
cc520	崔桂英	正常存款会员 (0)
52084	罗建雄	正常存款会员 (0)
63470608	王进进	正常存款会员 (0)
kh1133	陈先涛	正常存款会员 (0)
gjr123	高建荣	正常存款会员 (0)
565804419	黄荣安	正常存款会员 (0)
bing	阳兵	正常存款会员 (0)
diudiu6	吴国超	正常存款会员 (0)
l963071985	李丽霞	正常存款会员 (0)
xiao83998	邓小菊	正常存款会员 (0)
dong8888	邹家冬	正常存款会员 (0)
yukklb8	余瑞华	正常存款会员 (0)
fssq917	刘巧艳	正常存款会员 (0)
k93666888	黄崇蔡	正常存款会员 (0)
daxi	孙泽麟	正常存款会员 (0)
wd5201314	郑策	正常存款会员 (0)
001rui	徐标	正常存款会员 (0)
ppd908635	傅鹏达	正常存款会员 (0)
625228872	冯杰	正常存款会员 (0)
tl856168	汤志勇	正常存款会员 (0)
ab0812	郑贞贞	正常存款会员 (0)
ku959595	库尔买古丽·恰坎	正常存款会员 (0)
czxazx01	陈正兴	正常存款会员 (0)
sc888l	刘文兵	正常存款会员 (0)
huzhicai	胡志才	正常存款会员 (0)
15966856056	张振文	正常存款会员 (0)
duyuzhou	杜吁州	正常存款会员 (0)
tang0716	唐伯博	正常存款会员 (0)
gw54321	曲国伟	正常存款会员 (0)
zhang140919	张红伟	正常存款会员 (0)
lele666	魏乐乐	正常存款会员 (0)
psf5375	皮三芳	正常存款会员 (0)
yuon444555	郑海冰	正常存款会员 (0)
junhong11	段俊红	正常存款会员 (0)
198198	游学明	正常存款会员 (0)
xlzhen	谢丽珍	正常存款会员 (0)
txz123456	谭信壮	正常存款会员 (0)
shuangjie	张双双	正常存款会员 (0)
xiaohuo135	田东平	正常存款会员 (0)
zhangjke	张珂	正常存款会员 (0)
y18423696545	袁常	正常存款会员 (0)
zl192828	朱明	正常存款会员 (0)
wzq0023	伍政旗	正常存款会员 (0)
54225585	赵骏	正常存款会员 (0)
li001	李云丽	正常存款会员 (0)
wv179179	霍长新	正常存款会员 (0)
09123456	徐广军	正常存款会员 (0)
li9604	黎民利	正常存款会员 (0)
zhou7781	周秀英	正常存款会员 (0)
ki1122	张明荣	正常存款会员 (0)
li0098	张立	正常存款会员 (0)
ww5509	肖衍青	正常存款会员 (0)
aa0902	姜正	正常存款会员 (0)
zrl88888	刘文龙	正常存款会员 (0)
heguoxin	何国鑫	正常存款会员 (0)
pcf2288	潘彩凤	正常存款会员 (0)
bmw888	何潇	正常存款会员 (0)
hcm1188	胡春敏	正常存款会员 (0)
13145201314	黄绍祥	正常存款会员 (0)
c15954499550	曹茗琳	正常存款会员 (0)
hubaba123	胡勇发	正常存款会员 (0)
wangwengang1	王文刚	正常存款会员 (0)
a120008	王万会	正常存款会员 (0)
k251314	徐锐才	正常存款会员 (0)
za6590525	林明豪	正常存款会员 (0)
wzx118099	王自煊	正常存款会员 (0)
tintin88	周婷	正常存款会员 (0)
dqf520	杜琪峰	正常存款会员 (0)
z1595400246	张坚	正常存款会员 (0)
wangtai02	王泰	正常存款会员 (0)
zhan02	张安	正常存款会员 (0)
zhangying	张颖	正常存款会员 (0)
qwerty123123	林能发	正常存款会员 (0)
zdfhhj	张丹锋	正常存款会员 (0)
c1010jian	陈剑	正常存款会员 (0)
aa923462147	陶克化	正常存款会员 (0)
hwm921612	黄文貌	正常存款会员 (0)
huang1602	黄玉兰	正常存款会员 (0)
lplpq	李萍	正常存款会员 (0)
hms1214	黄模帅	正常存款会员 (0)
ablkm	阿不力克木	正常存款会员 (0)
wyf880323	王云飞	正常存款会员 (0)
bxj1234	鲍新建	正常存款会员 (0)
cxpq	陈序平	正常存款会员 (0)
chenliang1	陈岁荣	正常存款会员 (0)
chen7998	陈锡壮	正常存款会员 (0)
t527957002	陶强胜	正常存款会员 (0)
wb950225	汪宾	正常存款会员 (0)
mnbvv	宋军建	正常存款会员 (0)
a87683772	吴坚宇	正常存款会员 (0)
ke1989	柯梦梅	正常存款会员 (0)
foxconn	曲峥	正常存款会员 (0)
1873444703a	张晋华	正常存款会员 (0)
18276709047	韦仕康	正常存款会员 (0)
yang90000009	杨宏光	正常存款会员 (0)
win1314668	王志团	正常存款会员 (0)
zengxiangyan	曾湘焱	正常存款会员 (0)
a410636789	林协录	正常存款会员 (0)
qi660014	漆剑勋	正常存款会员 (0)
baby520	黄良丰	正常存款会员 (0)
hhf1995	何海焕	正常存款会员 (0)
cwadan	陈华丹	正常存款会员 (0)
a346520404	张广杰	正常存款会员 (0)
a181769496	曾柱蒸	正常存款会员 (0)
yangzxcvbnm	杨生华	正常存款会员 (0)
2wzhu	吴茂林	正常存款会员 (0)
a1990888	姚建	正常存款会员 (0)
ssj2770	孙善杰	正常存款会员 (0)
wangtai01	王泰	正常存款会员 (0)
cxx1999	陈想想	正常存款会员 (0)
a1286162827	李梅	正常存款会员 (0)
2580330	王婷婷	正常存款会员 (0)
pyb324679	吴思	正常存款会员 (0)
wyx936938	文尤鑫	正常存款会员 (0)
h1758983644	冯皓	正常存款会员 (0)
cun234yin	王存银	正常存款会员 (0)
602819851	曾理	正常存款会员 (0)
qiangge1984	麻忠强	正常存款会员 (0)
ysj1234567	袁仕杰	正常存款会员 (0)
xiaoyao9	曲晓燕	正常存款会员 (0)
lileyang	李乐祥	正常存款会员 (0)
yi117040	刘新意	正常存款会员 (0)
yaolili	姚丽丽	正常存款会员 (0)
chunming1997	朱会杰	正常存款会员 (0)
zzhu159	田儒利	正常存款会员 (0)
13257354793	侯婷婷	正常存款会员 (0)
ljy179179	霍秀峰	正常存款会员 (0)
abc58859	韦泽炯	正常存款会员 (0)
m13035648925	蒙欢	正常存款会员 (0)
l476387202	罗兴凤	正常存款会员 (0)
zr1234	张瑞	正常存款会员 (0)
erqiang123	吴海彭	正常存款会员 (0)
xiuxiuxiu520	李秀	正常存款会员 (0)
qq686868	曾人略	正常存款会员 (0)
sjr0510	刘莹	正常存款会员 (0)
xin120929	商健新	正常存款会员 (0)
11763096gg	范毛孩	正常存款会员 (0)
309688595	郭孝杰	正常存款会员 (0)
13001798463a	张六	正常存款会员 (0)
xianhui0038	咸会永	正常存款会员 (0)
xianhui0037	咸会永	正常存款会员 (0)
l7546257	刘川	正常存款会员 (0)
ff88888	杨成志	正常存款会员 (0)
19881228	李国正	正常存款会员 (0)
liukang1962	刘康	正常存款会员 (0)
wanglihh08	王神力	正常存款会员 (0)
q49153	郑有凯	正常存款会员 (0)
wang198708	王宝佳	正常存款会员 (0)
a527871967	李雪霖	正常存款会员 (0)
zxwdjp5238	丁家培	正常存款会员 (0)
ljx0123	李建雄	正常存款会员 (0)
liang5205	劳玲惠	正常存款会员 (0)
caorui	曹瑞	正常存款会员 (0)
xi8185ao	林小虎	正常存款会员 (0)
yejinjin1021	叶金金	正常存款会员 (0)
ars2087	安瑞松	正常存款会员 (0)
mou57455	郑有谋	正常存款会员 (0)
aq0505	安庆	正常存款会员 (0)
13993504007	张金明	正常存款会员 (0)
y1811164240	杨昌斌	正常存款会员 (0)
ss6570	冯正东	正常存款会员 (0)
guoxiaolong	郭小龙	正常存款会员 (0)
jianhua666	周建华	正常存款会员 (0)
a7589294	彭孝军	正常存款会员 (0)
hongweng	姚洪武	正常存款会员 (0)
qw852a	游展超	正常存款会员 (0)
e69889	郑有才	正常存款会员 (0)
h20010816	侯洪柯	正常存款会员 (0)
mm2019	陈兆春	正常存款会员 (0)
alyr5522	徐小榆	正常存款会员 (0)
xy5000	徐元	正常存款会员 (0)
ww812779	龙明益	正常存款会员 (0)
liao456	廖一帆	正常存款会员 (0)
xx10397	谢洁玉	正常存款会员 (0)
bingbing221	刘利兵	正常存款会员 (0)
guoyang666	郭军阳	正常存款会员 (0)
guang123	管惠敏	正常存款会员 (0)
qc5700	陈念念	正常存款会员 (0)
a422413649	罗金水	正常存款会员 (0)
yesong	叶松	正常存款会员 (0)
su3932	苏祖健	正常存款会员 (0)
00yixiao	易晓	正常存款会员 (0)
minglei123	戚明垒	正常存款会员 (0)
zcb199	谢隆船	正常存款会员 (0)
wangwang8	汪洋	正常存款会员 (0)
18476532940	邱培霖	正常存款会员 (0)
sunhan6z	孙汉忠	正常存款会员 (0)
hongwen9	姚洪文	正常存款会员 (0)
liujun159	刘军	正常存款会员 (0)
keke147	尤科	正常存款会员 (0)
yaorong	姚合荣	正常存款会员 (0)
hh4068	黄永伦	正常存款会员 (0)
yeye147	卢鸣业	正常存款会员 (0)
liumin888	李流民	正常存款会员 (0)
lwx123456	梁维新	正常存款会员 (0)
chenyingwei	陈樱韦	正常存款会员 (0)
liuweixiang	刘伟翔	正常存款会员 (0)
xu188	许华生	正常存款会员 (0)
hongqq	谢小虹	正常存款会员 (0)
zc962464	钟超	正常存款会员 (0)
qq23263282	叶志波	正常存款会员 (0)
lid456	林逗	正常存款会员 (0)
18363414661	刘海涛	正常存款会员 (0)
deng123den	邓乐林	正常存款会员 (0)
yuling	翁瑜聆	正常存款会员 (0)
shuing123	邓双	正常存款会员 (0)
chenhuu	陈国辉	正常存款会员 (0)
da456ng	邓国武	正常存款会员 (0)
1126973638	许安安	正常存款会员 (0)
dgw2046	邓国卫	正常存款会员 (0)
135266808	黄荫杰	正常存款会员 (0)
qazwsxedcrfv	廖海滨	正常存款会员 (0)
nmb5642	陈冠任	正常存款会员 (0)
quchishiba	黄恒	正常存款会员 (0)
lcm630316	刘长茂	正常存款会员 (0)
a76910052	何世红	正常存款会员 (0)
18802514672	肖延枫	正常存款会员 (0)
cjs0591	池敬善	正常存款会员 (0)
aini659448	聂灿明	正常存款会员 (0)
ywl0606	颜伟丽	正常存款会员 (0)
yang709596	杨鑫	正常存款会员 (0)
rxy521521	冉晓艳	正常存款会员 (0)
ddd8865	黄宏有	正常存款会员 (0)
lxl1989	罗小丽	正常存款会员 (0)
ying4567	王珠英	正常存款会员 (0)
ys02117036	姚帅帅	正常存款会员 (0)
17806573588	李俊杰	正常存款会员 (0)
1029	刘鹏	正常存款会员 (0)
1996100	张春芳	正常存款会员 (0)
dsfd78888	黄春广	正常存款会员 (0)
yuzhe1314	刘宇哲	正常存款会员 (0)
yinyuze	尹东升	正常存款会员 (0)
poiu34567890	林素锋	正常存款会员 (0)
xuepeng56	张学鹏	正常存款会员 (0)
wangfang	王才芳	正常存款会员 (0)
lxr3307	廖新荣	正常存款会员 (0)
junbo112	王俊波	正常存款会员 (0)
long405	龙翔宇	正常存款会员 (0)
fzb850616	方泽标	正常存款会员 (0)
chenkai22	陈凯	正常存款会员 (0)
waisheng520	彭外生	正常存款会员 (0)
tj123456	唐蛟	正常存款会员 (0)
ming88	汤远明	正常存款会员 (0)
hsq0805	胡舒琪	正常存款会员 (0)
13817998457	刘正刘	正常存款会员 (0)
a13217981638	余昌昊	正常存款会员 (0)
guoqianga	李国强	正常存款会员 (0)
lk1983	林坤	正常存款会员 (0)
qing99	汤小清	正常存款会员 (0)
ah6608	许达海	正常存款会员 (0)
chenye1936	陈叶	正常存款会员 (0)
hui553	郑慧	正常存款会员 (0)
txj323	谭兴军	正常存款会员 (0)
yiyi88888888	蒋义平	正常存款会员 (0)
889900	魏国冬	正常存款会员 (0)
23458588	黄光能	正常存款会员 (0)
lao7984	劳得文	正常存款会员 (0)
aa294422	黄桂宁	正常存款会员 (0)
qwerdf1	杨介川	正常存款会员 (0)
ghf1591	郑有光	正常存款会员 (0)
zxc123vb	苏启有	正常存款会员 (0)
gfd1252d	劳丕恳	正常存款会员 (0)
dsfj2536	苏建龙	正常存款会员 (0)
sll456s	梁球明	正常存款会员 (0)
qwe2015	潘忠招	正常存款会员 (0)
ying8578	劳玲莹	正常存款会员 (0)
ww44413ww	黄思龙	正常存款会员 (0)
suzujian66	苏志芳	正常存款会员 (0)
qw545zz	黄小妹	正常存款会员 (0)
dfjft152	苏竺新	正常存款会员 (0)
hebine811	吴鸿玉	正常存款会员 (0)
8848qeasc	陈先康	正常存款会员 (0)
hebi123	吴盈盈	正常存款会员 (0)
david109352	罗艳明	正常存款会员 (0)
fs458ff	陈家乐	正常存款会员 (0)
wufxk666	袁祖绍	正常存款会员 (0)
cly2011	陈立彦	正常存款会员 (0)
qq1920520977	冯朝帅	正常存款会员 (0)
fin110fin	邓胜帆	正常存款会员 (0)
que250250	阙嘉诚	正常存款会员 (0)
ho807	曾德鸿	正常存款会员 (0)
1711913716	周龙	正常存款会员 (0)
dd1556	许东洪	正常存款会员 (0)
qsp2628	祁水平	正常存款会员 (0)
5231478	唐富春	正常存款会员 (0)
p1371188	彭之特	正常存款会员 (0)
a6706049	孙超	正常存款会员 (0)
aqiangza	孙汉强	正常存款会员 (0)
l1735	连小霞	正常存款会员 (0)
lzp668	罗子平	正常存款会员 (0)
aaa6685	崔海英	正常存款会员 (0)
gjtg56872	肖保志	正常存款会员 (0)
hgffx17555	黄莉	正常存款会员 (0)
abc2019	王汉彬	正常存款会员 (0)
ds446548	黄宏仁	正常存款会员 (0)
hanyuju	韩玉娟	正常存款会员 (0)
tlm777	谭丽敏	正常存款会员 (0)
kk123456	康凯	正常存款会员 (0)
18205911859	黄龙山	正常存款会员 (0)
mz200804	马孝日	正常存款会员 (0)
pp8110600	潘旭	正常存款会员 (0)
joil1523	崔世连	正常存款会员 (0)
ll15320	刘汇州	正常存款会员 (0)
gaff666	王财源	正常存款会员 (0)
yc20161010	谭继平	正常存款会员 (0)
000999123	詹光淋	正常存款会员 (0)
fghf1284	林少清	正常存款会员 (0)
759802540	杨尉廪	正常存款会员 (0)
123wuhui	吴辉	正常存款会员 (0)
ykl369555	杨开亮	正常存款会员 (0)
chenghong	成红红	正常存款会员 (0)
hg661207	黄光鑫	正常存款会员 (0)
xjl520	李昌清	正常存款会员 (0)
zhaodi08	张招娣	正常存款会员 (0)
dp6666	李增午	正常存款会员 (0)
zsy1994	庄素岩	正常存款会员 (0)
wenddd789	温文达	正常存款会员 (0)
cx0204	赖春香	正常存款会员 (0)
3369513534	覃展鹏	正常存款会员 (0)
yang99	张静	正常存款会员 (0)
longtiequan	龙铁权	正常存款会员 (0)
fa0201680	黄小丽	正常存款会员 (0)
zhou668	周地秀	正常存款会员 (0)
jjnn1989	张小燕	正常存款会员 (0)
liuhuan123	刘欢欢	正常存款会员 (0)
a784649880	谷宝山	正常存款会员 (0)
qiyue88888	吴二冬	正常存款会员 (0)
364360740	孙前保	正常存款会员 (0)
ljf201903	林济锋	正常存款会员 (0)
zhu856542	吴祖良	正常存款会员 (0)
fdr9696	冯登仁	正常存款会员 (0)
lw222600	刘伟	正常存款会员 (0)
w1426516595	李金月	正常存款会员 (0)
hong5547	郑存民	正常存款会员 (0)
yu156931	李红亮	正常存款会员 (0)
hui520520	郑有科	正常存款会员 (0)
z12356	莫任绍	正常存款会员 (0)
123580	帕力旦·合力力	正常存款会员 (0)
r115634	陶志林	正常存款会员 (0)
zhong0107	钟草羊	正常存款会员 (0)
a561818	陈苏平	正常存款会员 (0)
hbc201907	黄炳驰	正常存款会员 (0)
duanab	段军民	正常存款会员 (0)
t20071009	谭样女	正常存款会员 (0)
bb1232	白桦	正常存款会员 (0)
119112	李展宜	正常存款会员 (0)
15159075167	廖华山	正常存款会员 (0)
green0810	占蕾芳	正常存款会员 (0)
wxf6108195	伍晓飞	正常存款会员 (0)
yyqxwjk	金玉华	正常存款会员 (0)
bing13141	苏丽冰	正常存款会员 (0)
18037045415	薛梦奇	正常存款会员 (0)
13812605114	范龙科	正常存款会员 (0)
liupp082501	黄振方	正常存款会员 (0)
qq844988796	邹欣	正常存款会员 (0)
qq871227	陈怀怀	正常存款会员 (0)
zhu5214	苏金良	正常存款会员 (0)
whysyp	文红艳	正常存款会员 (0)
jj520he	何晶晶	正常存款会员 (0)
qq5040	吴俊杰	正常存款会员 (0)
nihao2019	张兴可	正常存款会员 (0)
abcde11	苏培坚	正常存款会员 (0)
yqy123	苑庆毓	正常存款会员 (0)
qwe1253	常亮亮	正常存款会员 (0)
xql010902	吴飞鸿	正常存款会员 (0)
m18687579308	陈文军	正常存款会员 (0)
wys1351789	吴银水	正常存款会员 (0)
k1127349099	李亚朝	正常存款会员 (0)
mdjk666	罗传龙	正常存款会员 (0)
17612038630	李朋	正常存款会员 (0)
yaoye00	谢鹏	正常存款会员 (0)
443170093	郭武	正常存款会员 (0)
001001	孙梅	正常存款会员 (0)
jy911109	蒋燕	正常存款会员 (0)
wei198627	韦雄欢	正常存款会员 (0)
15210019139	葛俊条	正常存款会员 (0)
guoke88	龚一彬	正常存款会员 (0)
lhh196800	李海惠	正常存款会员 (0)
wang122210	王国伟	正常存款会员 (0)
qq694969603	顾雄就	正常存款会员 (0)
hj466588	崔应开	正常存款会员 (0)
oo1987	陈东	正常存款会员 (0)
khj554246	林妃妹	正常存款会员 (0)
zxywk85	曾祥泳	正常存款会员 (0)
lb1837375	李博	正常存款会员 (0)
wei1101	韦华松	正常存款会员 (0)
bertha666	徐浩翔	正常存款会员 (0)
2411789a	薛惠鹏	正常存款会员 (0)
y911021	刘翼翔	正常存款会员 (0)
laixiaoyang	来晓阳	正常存款会员 (0)
2580w	王彩丽	正常存款会员 (0)
qq435269226	何解成	正常存款会员 (0)
whjwhjwhj369	王海军	正常存款会员 (0)
yihui	徐意晖	正常存款会员 (0)
0728372107	刘香玉	正常存款会员 (0)
hanjie66	刘韩杰	正常存款会员 (0)
17116355598	来晓阳	正常存款会员 (0)
z1335794415	张玉琦	正常存款会员 (0)
fangwu	方先武	正常存款会员 (0)
ll2016	李丽君	正常存款会员 (0)
203070084	张芹	正常存款会员 (0)
306141083	张方明	正常存款会员 (0)
hh3749	赖志华	正常存款会员 (0)
yaodana12580	姚斗南	正常存款会员 (0)
huya160	胡亚	正常存款会员 (0)
15587686199	胡译文	正常存款会员 (0)
icebear2	董晓雷	正常存款会员 (0)
a73341035	余杭	正常存款会员 (0)
lovezz1311	常哲	正常存款会员 (0)
nengyo	徐淑晖	正常存款会员 (0)
xin870628	黄恒鑫	正常存款会员 (0)
q13771732289	范龙波	正常存款会员 (0)
amy1217	李健铭	正常存款会员 (0)
8976aa	董明亮	正常存款会员 (0)
pas1101	陈子洪	正常存款会员 (0)
ljh0821	李锦浩	正常存款会员 (0)
yang890986	杨世欢	正常存款会员 (0)
zhenxin520	郑鑫	正常存款会员 (0)
dh123456	杜浩	正常存款会员 (0)
cxy8899	夏鹏	正常存款会员 (0)
yl801	杨丽	正常存款会员 (0)
wyb520	吴永斌	正常存款会员 (0)
wang903717	王飞强	正常存款会员 (0)
xiaobin556	黄圣斌	正常存款会员 (0)
baifeiyang	白飞扬	正常存款会员 (0)
1393979762	谭桂用	正常存款会员 (0)
lhj123	李华景	正常存款会员 (0)
yyp123	潘培杰	正常存款会员 (0)
shun757	肖斌	正常存款会员 (0)
he012358	何建平	正常存款会员 (0)
xyy520624	周丽文	正常存款会员 (0)
daihong1	代义文	正常存款会员 (0)
909951149	赵春华	正常存款会员 (0)
1137631241	尹鹏	正常存款会员 (0)
ywz147258	牛新凤	正常存款会员 (0)
15658223154	黄鹤	正常存款会员 (0)
zhangfei668	吴培钊	正常存款会员 (0)
h19987636991	黄春祥	正常存款会员 (0)
wus19911113	吴松	正常存款会员 (0)
apple2005	邱江泉	正常存款会员 (0)
damaomao6	叶辛卫	正常存款会员 (0)
wsh198811	吴淑惠	正常存款会员 (0)
yf520889	唐凡	正常存款会员 (0)
yy19971112	杨义	正常存款会员 (0)
mei121455	陈彩梅	正常存款会员 (0)
qq000000	农伟弟	正常存款会员 (0)
13733854715	丁春雷	正常存款会员 (0)
666626666	张朝右	正常存款会员 (0)
a934419314	秦贵桃	正常存款会员 (0)
412365821	张芹	正常存款会员 (0)
xinggao77	王碧霞	正常存款会员 (0)
344966267	陈彦朋	正常存款会员 (0)
agu666	杜学林	正常存款会员 (0)
ccl555555	陈春林	正常存款会员 (0)
lpppppp	李立	正常存款会员 (0)
ma1038004505	马伟江	正常存款会员 (0)
liwen4935	李文超	正常存款会员 (0)
pc123456	肖小红	正常存款会员 (0)
ef2034	何月星	正常存款会员 (0)
yong1688	梁荫勇	正常存款会员 (0)
13750541621	宋凯辉	正常存款会员 (0)
de3820	邓洁媚	正常存款会员 (0)
gcz255660	郭承志	正常存款会员 (0)
871006348	屈涛	正常存款会员 (0)
twty263923	徐印根	正常存款会员 (0)
131415926	申宗洲	正常存款会员 (0)
l844145389	黎金荣	正常存款会员 (0)
aa12345aa	杨露	正常存款会员 (0)
hd19818906	莫海东	正常存款会员 (0)
123w	范真真	正常存款会员 (0)
9988	王胜如	正常存款会员 (0)
gao521	高晓东	正常存款会员 (0)
jj12356jj	仝江峰	正常存款会员 (0)
hyc8470	何月强	正常存款会员 (0)
hanguangfei	韩广飞	正常存款会员 (0)
lry52073	吕征	正常存款会员 (0)
13553232158	白良胜	正常存款会员 (0)
lu575118221	陆明乐	正常存款会员 (0)
mb6666	马波	正常存款会员 (0)
2823267861	沈树波	正常存款会员 (0)
ljy1997	李建永	正常存款会员 (0)
wl96325	王彩丽	正常存款会员 (0)
jia3275130	贾文华	正常存款会员 (0)
ywz0916	林桂琼	正常存款会员 (0)
2683837542	王明航	正常存款会员 (0)
ou223966	欧坚松	正常存款会员 (0)
xiaolongxia	刘志龙	正常存款会员 (0)
453078843	尚鹏飞	正常存款会员 (0)
hytsky	何圆添	正常存款会员 (0)
kai2008	唐建超	正常存款会员 (0)
aaaaa868	刘汉炎	正常存款会员 (0)
z1234567	张战乐	正常存款会员 (0)
yyyli1	蒙友姬	正常存款会员 (0)
xxa123456	邢西安	正常存款会员 (0)
jiangyiyao	江一峣	正常存款会员 (0)
1124922647	朱建基	正常存款会员 (0)
lulu	王艳	正常存款会员 (0)
rxy123123	冉晓艳	正常存款会员 (0)
chen886	陈林梅	正常存款会员 (0)
xiaomin8899	高晶晶	正常存款会员 (0)
1269840505	余修起	正常存款会员 (0)
zyx1025	马立涛	正常存款会员 (0)
123456y	杨波	正常存款会员 (0)
lxyn	刘孝元	正常存款会员 (0)
zct8888	郑春涛	正常存款会员 (0)
w19881220	王晨	正常存款会员 (0)
qq9996	赖东明	正常存款会员 (0)
zlb666	赵弟广	正常存款会员 (0)
xwe1512353	向文恩	正常存款会员 (0)
struggle9	张梓阳	正常存款会员 (0)
18978907861	熊国文	正常存款会员 (0)
yiyanping	黄德斌	正常存款会员 (0)
cc1122	陈起翔	正常存款会员 (0)
kxy888	孔亚新	正常存款会员 (0)
ldc888	海风	正常存款会员 (0)
ll198319	李贵芳	正常存款会员 (0)
zp1314wn	张澎	正常存款会员 (0)
dy500w	李荣干	正常存款会员 (0)
zzz123579	张海明	正常存款会员 (0)
34567w	李丽	正常存款会员 (0)
fa666888	王晓林	正常存款会员 (0)
nxl686868	牛小龙	正常存款会员 (0)
cxy2014	雷璐瑶	正常存款会员 (0)
xiakexing	邵成良	正常存款会员 (0)
qq5293141	何剑	正常存款会员 (0)
cl1073295897	陈林	正常存款会员 (0)
a2782387	郭志坤	正常存款会员 (0)
dfr238	杜福荣	正常存款会员 (0)
jhq888	金华全	正常存款会员 (0)
aa5202893	刘其考	正常存款会员 (0)
ebooteboot	王明江	正常存款会员 (0)
yx1688seo	姚呢兵	正常存款会员 (0)
kyh93936	阚玉红	正常存款会员 (0)
yqn117612453	杨启能	正常存款会员 (0)
yangjingqing	杨进青	正常存款会员 (0)
qq328615585	李晓鹏	正常存款会员 (0)
mby1688	马博洋	正常存款会员 (0)
abc123	胡瑶芳	正常存款会员 (0)
yzbb168	余镇坡	正常存款会员 (0)
764268546	潘延府	正常存款会员 (0)
18804264682	田福刚	正常存款会员 (0)
zj147258	曾杰	正常存款会员 (0)
lst002	黎树添	正常存款会员 (0)
cyl003	陈玉莲	正常存款会员 (0)
yangmin	杨敏	正常存款会员 (0)
huiczh	陈俊而	正常存款会员 (0)
lp6868	醴九	正常存款会员 (0)
cg268	邓葵	正常存款会员 (0)
zx2585	钟传代	正常存款会员 (0)
qqww132136	陈市	正常存款会员 (0)
274717041	郭维强	正常存款会员 (0)
atm168	唐昆龙	正常存款会员 (0)
xc168168	向成	正常存款会员 (0)
18772373103	汪阳阳	正常存款会员 (0)
q609990891	张荣	正常存款会员 (0)
infi888	周君	正常存款会员 (0)
ljl666	吕锦龙	正常存款会员 (0)
q7641079	付志龙	正常存款会员 (0)
zsk123	周思凯	正常存款会员 (0)
wangbin1314	王彬	正常存款会员 (0)
jsj8888	贾世杰	正常存款会员 (0)
qq2370545212	谭宜志	正常存款会员 (0)
lcq1993216	黎昌乾	正常存款会员 (0)
yong88qi	藏桂花	正常存款会员 (0)
a7445120	郑松	正常存款会员 (0)
15544asd	叶长青	正常存款会员 (0)
fenfen902	曹佛凤	正常存款会员 (0)
sen138	梁锐健	正常存款会员 (0)
mnbv369	苏小文	正常存款会员 (0)
tfc456	彭子娟	正常存款会员 (0)
maga1166	曾远津	正常存款会员 (0)
bqlsdo	张博	正常存款会员 (0)
w362132	罗宝漳	正常存款会员 (0)
kxjt18	林顺平	正常存款会员 (0)
heyanqing77	何燕青	正常存款会员 (0)
wze888	曹文泽	正常存款会员 (0)
asd666asd	杨嘉洋	正常存款会员 (0)
huangdhj	黄娜	正常存款会员 (0)
199673	张兴	正常存款会员 (0)
andy88888	许运清	正常存款会员 (0)
bbhu55	程赦良	正常存款会员 (0)
ziwozi19849	韩文良	正常存款会员 (0)
yuhui01	陈慧	正常存款会员 (0)
1995	汪勇	正常存款会员 (0)
wpf919990164	王鹏飞	正常存款会员 (0)
huang1199	黄志朋	正常存款会员 (0)
2413148707	范滨	正常存款会员 (0)
484425978	夏杨滔	正常存款会员 (0)
liuchang110	王振宇	正常存款会员 (0)
yyq168	余延情	正常存款会员 (0)
hf112600	侯远飞	正常存款会员 (0)
j745201	冯金凤	正常存款会员 (0)
zx666999	周鑫	正常存款会员 (0)
18759914111	叶成丰	正常存款会员 (0)
bao20190	张元元	正常存款会员 (0)
zjt013	周靖涛	正常存款会员 (0)
ff2009	陈芳芳	正常存款会员 (0)
lisongaini11	李松	正常存款会员 (0)
hhyy878	何玉香	正常存款会员 (0)
meidi567	冯春双	正常存款会员 (0)
tstsa577	唐砂	正常存款会员 (0)
199571xx	臧顺	正常存款会员 (0)
xujiali1994	朱锦振	正常存款会员 (0)
zhao19870529	赵金水	正常存款会员 (0)
mazhining	马志宁	正常存款会员 (0)
33366666a	朱福龙	正常存款会员 (0)
fdc888	陈泽芸	正常存款会员 (0)
ws8888	王帅	正常存款会员 (0)
a1170153162	陈俊翰	正常存款会员 (0)
chechunmei	车春枚	正常存款会员 (0)
183038685	黄兴亮	正常存款会员 (0)
dzq397	邓志强	正常存款会员 (0)
a746257262	汤继高	正常存款会员 (0)
08pinn	王海燕	正常存款会员 (0)
xiaoping728	朱喜林	正常存款会员 (0)
gongxi252	包晓娜	正常存款会员 (0)
bf888	杨琴	正常存款会员 (0)
2980zsl	陈雨彤	正常存款会员 (0)
cjc157866	陈金才	正常存款会员 (0)
hh152668	黄超	正常存款会员 (0)
672895319	赖树东	正常存款会员 (0)
z5145214	戴剑雄	正常存款会员 (0)
ys0202	于硕	正常存款会员 (0)
17738457478	汤廷俊	正常存款会员 (0)
chy820	陈红英	正常存款会员 (0)
ha9966	李维国	正常存款会员 (0)
ld0823	梁德	正常存款会员 (0)
wgb123	吴高兵	正常存款会员 (0)
laobiao331	罗淋晃	正常存款会员 (0)
ouzy198412	区志远	正常存款会员 (0)
652039818	黄启程	正常存款会员 (0)
qwe2131	叶金秀	正常存款会员 (0)
xiaogan235	全晓刚	正常存款会员 (0)
18388181871	唐金龙	正常存款会员 (0)
zhongzihao	钟子豪	正常存款会员 (0)
ytp3785	罗中富	正常存款会员 (0)
xyan2009	黄颜林	正常存款会员 (0)
congtou456	张聪	正常存款会员 (0)
yan1159	闫润	正常存款会员 (0)
nainaide098	李苗苗	正常存款会员 (0)
wudi456	何辉	正常存款会员 (0)
qq992972827	刘改	正常存款会员 (0)
xz1994	熊志	正常存款会员 (0)
hsl888	胡淞淋	正常存款会员 (0)
ding1230	丁云贵	正常存款会员 (0)
wuming139	曾菊珍	正常存款会员 (0)
q17339009	曾智	正常存款会员 (0)
cxy9988	陈细元	正常存款会员 (0)
1070288972	郎占	正常存款会员 (0)
chen5133	陈子良	正常存款会员 (0)
cao123456789	许长振	正常存款会员 (0)
849252227	吴成祥	正常存款会员 (0)
q31733712	吕冠	正常存款会员 (0)
lin555	林燕武	正常存款会员 (0)
hlhyys	段安全	正常存款会员 (0)
mogo0803	陈记平	正常存款会员 (0)
a58483215	刘康颖	正常存款会员 (0)
xgh123456	熊浩	正常存款会员 (0)
clfg168	雷佛光	正常存款会员 (0)
xhg188669	咸慧港	正常存款会员 (0)
zcai2626	郑聪	正常存款会员 (0)
100029gong	李爱鸣	正常存款会员 (0)
198jiudian	陈毅	正常存款会员 (0)
qwe18729	李扬敏	正常存款会员 (0)
aae0259	刘晓岗	正常存款会员 (0)
zhu101221	朱志斌	正常存款会员 (0)
jjbnm888	贾娟	正常存款会员 (0)
qaz456	曹晓科	正常存款会员 (0)
da7882	罗裕达	正常存款会员 (0)
sds3366	曾丽红	正常存款会员 (0)
ywlcq99	李长清	正常存款会员 (0)
hxf168	胡小芳	正常存款会员 (0)
xian108	冼秋莲	正常存款会员 (0)
ffcxm888	李玲芳	正常存款会员 (0)
qyh666888	谢春兰	正常存款会员 (0)
wyy0608	吴义洋	正常存款会员 (0)
taoyaoyao	陶天娇	正常存款会员 (0)
kuqi88565	苏柱嘉	正常存款会员 (0)
long3125	龙玉娥	正常存款会员 (0)
962317752	王鹏程	正常存款会员 (0)
kankan	李健侃	正常存款会员 (0)
zj52013	张进	正常存款会员 (0)
jinge168	谢佰金	正常存款会员 (0)
lxqrcs	钟飞峡	正常存款会员 (0)
abc666888	曾立斌	正常存款会员 (0)
newton	牛正	正常存款会员 (0)
pxr8874	潘晓榕	正常存款会员 (0)
qq1122334455	黄茂洪	正常存款会员 (0)
sunshineee	郭强	正常存款会员 (0)
ye717823	谢仕业	正常存款会员 (0)
dscxkx	谢康秀	正常存款会员 (0)
guo88188	郭玉静	正常存款会员 (0)
aaa622848	罗英河	正常存款会员 (0)
zhan981013	詹欣霖	正常存款会员 (0)
hyp1515	黄雁萍	正常存款会员 (0)
lwss123	李伟	正常存款会员 (0)
yjf668	叶建锋	正常存款会员 (0)
lxy52015	刘小裕	正常存款会员 (0)
xb1314	黄喜兵	正常存款会员 (0)
pr020706	彭睿	正常存款会员 (0)
chaogui	赵朝贵	正常存款会员 (0)
dahongpao	周外苟	正常存款会员 (0)
a1800915	宋世轩	正常存款会员 (0)
hkg666666	何开管	正常存款会员 (0)
woyyq	欧炯俊	正常存款会员 (0)
jxlxqd	李小琴	正常存款会员 (0)
q1096559790	谢俊男	正常存款会员 (0)
cxy2358	陈新艳	正常存款会员 (0)
869839134	董俊	正常存款会员 (0)
ss8889	黄兰芬	正常存款会员 (0)
hdw1107	黄少菊	正常存款会员 (0)
ss6869lu	黄大陆	正常存款会员 (0)
aa19888	苏凤莲	正常存款会员 (0)
sy2924224956	沈阳	正常存款会员 (0)
gd5678	龚丁社	正常存款会员 (0)
kxg1988	黄大胆	正常存款会员 (0)
z88591167	张靖乐	正常存款会员 (0)
lyl413560	黎友良	正常存款会员 (0)
417064252	韦辉儒	正常存款会员 (0)
lxl168	李冬霞	正常存款会员 (0)
lichenaaa	李晨	正常存款会员 (0)
shachun	李松春	正常存款会员 (0)
18720861908	方爱民	正常存款会员 (0)
wusgi	吴芬芬	正常存款会员 (0)
aoe01	喻光程	正常存款会员 (0)
gan1997	甘星阳	正常存款会员 (0)
qaz151	丰德浩	正常存款会员 (0)
wym07982	吴一明	正常存款会员 (0)
chuaz	张子文	正常存款会员 (0)
oypc2002	欧阳派城	正常存款会员 (0)
a474266	尚凯	正常存款会员 (0)
qingxi1	毛庆沅	正常存款会员 (0)
hy891229	黄勇	正常存款会员 (0)
wu1892833	何文武	正常存款会员 (0)
hongmei839	曾红梅	正常存款会员 (0)
869174552	石继帅	正常存款会员 (0)
lishilin	李石林	正常存款会员 (0)
liying001	李颖	正常存款会员 (0)
linlin	夏林林	正常存款会员 (0)
wengu626	张垂文	正常存款会员 (0)
liang113abc	张垂亮	正常存款会员 (0)
zhouxingxing	欧阳晃星	正常存款会员 (0)
hongshu	朱小红	正常存款会员 (0)
a15163673072	贾英浩	正常存款会员 (0)
wjw123	吴嘉玮	正常存款会员 (0)
1371395633	彭德坤	正常存款会员 (0)
188888888	陈辉云	正常存款会员 (0)
xuzhang668	张春兰	正常存款会员 (0)
dong20	张毓东	正常存款会员 (0)
j1995365	贾国麟	正常存款会员 (0)
luozy001	罗自勇	正常存款会员 (0)
s123asd	史卫东	正常存款会员 (0)
18255859857	柳云龙	正常存款会员 (0)
fasheng076	江发生	正常存款会员 (0)
tomhappy	李尚德	正常存款会员 (0)
wangcai	王豪	正常存款会员 (0)
juhua	吴湘	正常存款会员 (0)
zxcv1234	杨地生	正常存款会员 (0)
fang1s	方玉平	正常存款会员 (0)
15360	吴云林	正常存款会员 (0)
zql312	在群里	正常存款会员 (0)
zhong8	钟丽萍	正常存款会员 (0)
xz607	朱强水	正常存款会员 (0)
wanlaoban	万学海	正常存款会员 (0)
geqiande016	徐水清	正常存款会员 (0)
wodeai574	胡卫林	正常存款会员 (0)
weixiao	阳洋	正常存款会员 (0)
ai627785580	黄宁宁	正常存款会员 (0)
a15098060990	余子龙	正常存款会员 (0)
dbxjd	陈明浩	正常存款会员 (0)
g2742	余风兰	正常存款会员 (0)
qinghua120	谢青华	正常存款会员 (0)
wangyu001	王宇	正常存款会员 (0)
lai666	黄立荣	正常存款会员 (0)
chun116	曾春晏	正常存款会员 (0)
guo116	唐国军	正常存款会员 (0)
dd123456	丁楠	正常存款会员 (0)
qwertyuiop10	凌乔	正常存款会员 (0)
wu199433	吴家俊	正常存款会员 (0)
heroic01	黄阿凡	正常存款会员 (0)
1037182896	章鑫	正常存款会员 (0)
l666888	何胡林	正常存款会员 (0)
d131213	杨艳敏	正常存款会员 (0)
zengxi100	曾喜艳	正常存款会员 (0)
wqzcb88	杨英华	正常存款会员 (0)
19890104	何青云	正常存款会员 (0)
15121529118	聂凯	正常存款会员 (0)
t18888	黄天助	正常存款会员 (0)
wan122	罗鸿	正常存款会员 (0)
fk6677	欧阳幼凤	正常存款会员 (0)
st520	苏甜	正常存款会员 (0)
z1591660252	文秀香	正常存款会员 (0)
l136136	黎秋映	正常存款会员 (0)
lxl112233	刘晓龙	正常存款会员 (0)
abc5868	陈章澜	正常存款会员 (0)
aaa99569	靳建设	正常存款会员 (0)
as636389	辜绍红	正常存款会员 (0)
y19800621	姚建军	正常存款会员 (0)
heifashi20	黄学平	正常存款会员 (0)
twl315700	唐维霖	正常存款会员 (0)
hyy666666	华香燕	正常存款会员 (0)
ypyp8868	杨啤	正常存款会员 (0)
lhq520	林惠琴	正常存款会员 (0)
fuch	伏长红	正常存款会员 (0)
lcf0609	刘朝凤	正常存款会员 (0)
kfjc88	邵永泉	正常存款会员 (0)
xie3618	谢昌生	正常存款会员 (0)
bobo123	曹星波	正常存款会员 (0)
q1606929397	朱晓云	正常存款会员 (0)
jiujiu96	尚可久	正常存款会员 (0)
rx774412	乔润霞	正常存款会员 (0)
shangying	尚盈盈	正常存款会员 (0)
xiaohei78	李永强	正常存款会员 (0)
rree4433	何旭坡	正常存款会员 (0)
wsy781228	王生彦	正常存款会员 (0)
8610153275	熊廖平	正常存款会员 (0)
jiangxia100	江小流	正常存款会员 (0)
y100	姚媛媛	正常存款会员 (0)
yingjie	尚英杰	正常存款会员 (0)
hy200057	任小风	正常存款会员 (0)
lsg3856	刘遂刚	正常存款会员 (0)
vbm6166	吕晓鹏	正常存款会员 (0)
lbt333	李宾涛	正常存款会员 (0)
x77160251	谢玲玲	正常存款会员 (0)
jiu9988	李清泉	正常存款会员 (0)
lp199225	刘鹏	正常存款会员 (0)
jp1234	张洁萍	正常存款会员 (0)
am1300	李闯	正常存款会员 (0)
a649228190	詹莲斌	正常存款会员 (0)
142857123	方晨霁	正常存款会员 (0)
13726039917	李勇	正常存款会员 (0)
yunfeimm	黄云飞	正常存款会员 (0)
mf123456	曹恒兰	正常存款会员 (0)
fe624300702	贾顺锋	正常存款会员 (0)
15581236727	袁志雄	正常存款会员 (0)
gao4445	高哲辉	正常存款会员 (0)
f2019f	董少亚	正常存款会员 (0)
ers52165	秦俊尧	正常存款会员 (0)
cjz1997	蔡佳智	正常存款会员 (0)
xinle666	温树华	正常存款会员 (0)
qaqa	蔡流发	正常存款会员 (0)
hhh168	黄四娣	正常存款会员 (0)
opop890	卢妙芝	正常存款会员 (0)
ffrr6665	张菊玲	正常存款会员 (0)
chouxiao	田臭小	正常存款会员 (0)
leiqing520	苏裕盛	正常存款会员 (0)
zhx1988	赵华夏	正常存款会员 (0)
nt1837918369	黄启定	正常存款会员 (0)
fwen122	方文	正常存款会员 (0)
zk1234	周阔	正常存款会员 (0)
xyzhong120	谢永忠	正常存款会员 (0)
dsr168	邓帅荣	正常存款会员 (0)
sunningaa	孙宁	正常存款会员 (0)
clxiqianle	曾德财	正常存款会员 (0)
houhou88	梁振昆	正常存款会员 (0)
zhuxianbao	朱仙宝	正常存款会员 (0)
narcy5888	王续昌	正常存款会员 (0)
zhou198700	周黎刚	正常存款会员 (0)
xiaoxiaoz	张菊花	正常存款会员 (0)
cyh8785	陈英红	正常存款会员 (0)
con007	曾文平	正常存款会员 (0)
yan111	颜善振	正常存款会员 (0)
jinlong654	吴金龙	正常存款会员 (0)
2907976514	邓绍研	正常存款会员 (0)
13928122683	魏凤霞	正常存款会员 (0)
lin988	林平	正常存款会员 (0)
clz268	陈丽珍	正常存款会员 (0)
13826633143	魏育强	正常存款会员 (0)
2865777044	邓一锋	正常存款会员 (0)
zxh163	张小红	正常存款会员 (0)
cd3525823	陈东	正常存款会员 (0)
zcm648	张春美	正常存款会员 (0)
xxy520	曾维庆	正常存款会员 (0)
lb1998	罗斌	正常存款会员 (0)
shanghua	魏尚华	正常存款会员 (0)
tcy520	范敬	正常存款会员 (0)
jia168	林俊嘉	正常存款会员 (0)
13750504811	魏洪强	正常存款会员 (0)
15905096970		正常存款会员 (0)
xjf8116	谢军发	正常存款会员 (0)
lian58	罗玉莲	正常存款会员 (0)
1483161580	黎天钊	正常存款会员 (0)
mm796	陈木深	正常存款会员 (0)
cbj135	陈北京	正常存款会员 (0)
15871582708	王勇	正常存款会员 (0)
cl5982	陈林	正常存款会员 (0)
hxh8806	黄秀华	正常存款会员 (0)
sos900	董冰	正常存款会员 (0)
amnn	李国强	正常存款会员 (0)
18007923340	柯伟	正常存款会员 (0)
jinefng	刘金凤	正常存款会员 (0)
zzw4106	曾伟	正常存款会员 (0)
ljh186	罗建华	正常存款会员 (0)
ssss6666	刘忠芝	正常存款会员 (0)
aiya521	姜聪	正常存款会员 (0)
853364422	刘秋阳	正常存款会员 (0)
lms3536334	林木森	正常存款会员 (0)
749639784	郑朋辉	正常存款会员 (0)
ght521073	陈晓燕	正常存款会员 (0)
8951703	胡超	正常存款会员 (0)
18225619621	苏建建	正常存款会员 (0)
xy946597786	冯明亚	正常存款会员 (0)
hw138138	何伟	正常存款会员 (0)
come811023	林明坚	正常存款会员 (0)
lishuai5688	李帅	正常存款会员 (0)
9888	张磊	正常存款会员 (0)
fwy347278	付文艳	正常存款会员 (0)
891127	林少格	正常存款会员 (0)
kmf19621212	冯明凯	正常存款会员 (0)
xfl020	谢斐霖	正常存款会员 (0)
gy018	杨桂英	正常存款会员 (0)
g741585600	高明远	正常存款会员 (0)
w024680	刘万顺	正常存款会员 (0)
wubie5201314	吴别	正常存款会员 (0)
cgm416	陈光明	正常存款会员 (0)
ab1986	刘文奕	正常存款会员 (0)
www8611637	李双江	正常存款会员 (0)
zzz2580	者开发	正常存款会员 (0)
1314v587	马江彬	正常存款会员 (0)
li519430	李召沐	正常存款会员 (0)
wang3580	王小丽	正常存款会员 (0)
w030277	王海	正常存款会员 (0)
tbw2188	谭虹煊	正常存款会员 (0)
y13738508231	张云	正常存款会员 (0)
zliang1988	朱良	正常存款会员 (0)
lai125	赖熠华	正常存款会员 (0)
qingshui588	傅清水	正常存款会员 (0)
yyp1123	余艳萍	正常存款会员 (0)
lj5251721	黎捷	正常存款会员 (0)
aa222333	陈怡君	正常存款会员 (0)
abc1987	李中广	正常存款会员 (0)
xds0219	刘存莲	正常存款会员 (0)
753916	陈兆平	正常存款会员 (0)
zzl316	张贞亮	正常存款会员 (0)
xie822	谢敬锋	正常存款会员 (0)
630603922	蔡东生	正常存款会员 (0)
blx361312	薄立喜	正常存款会员 (0)
ycx203407	杨春喜	正常存款会员 (0)
wjp5973	温均萍	正常存款会员 (0)
liu2237	刘红发	正常存款会员 (0)
sheng022	谢相深	正常存款会员 (0)
liu022	刘桂发	正常存款会员 (0)
abc996633	黎友连	正常存款会员 (0)
lwb0162	刘文宝	正常存款会员 (0)
hbs792072	韩宝双	正常存款会员 (0)
zcqq8490	李杰	正常存款会员 (0)
zcj83245862	郑纯坚	正常存款会员 (0)
zjh022	钟金海	正常存款会员 (0)
vip866	胡玄涛	正常存款会员 (0)
1475200738	吴长琼	正常存款会员 (0)
wxhglm2020	王龙	正常存款会员 (0)
wdk998	汪德坤	正常存款会员 (0)
qq746367852	陈妙荫	正常存款会员 (0)
zz606600	杨玲莉	正常存款会员 (0)
a123	谢敬伟	正常存款会员 (0)
yu5625352	余朝英	正常存款会员 (0)
mmll88	董太建	正常存款会员 (0)
875363244	李成	正常存款会员 (0)
lhc1788888	魏灵根	正常存款会员 (0)
w823823	王坤	正常存款会员 (0)
jm9988	张向阳	正常存款会员 (0)
loucxi	罗才喜	正常存款会员 (0)
308222	黄高炜	正常存款会员 (0)
suluda	倪园金	正常存款会员 (0)
gg33828	赵鸿瑞	正常存款会员 (0)
hgx6688	朱丽巾	正常存款会员 (0)
hgx66688	朱丽巾	正常存款会员 (0)
