lzs138138	林志深	优先出款会员 (16)
su2005949	苏万超	优先出款会员 (16)
zhb88	张洪波	优先出款会员 (16)
caoqing0816	曹晴	优先出款会员 (16)
wangsileda1	王鹏	优先出款会员 (16)
yanghuan	杨帆	优先出款会员 (16)
novatokkk	王鹏	优先出款会员 (16)
lifei	李顺	优先出款会员 (16)
s136516039	孙银行	优先出款会员 (16)
goodmoney	王鹏	优先出款会员 (16)
xiongms	熊鸣闪	优先出款会员 (16)
yaoyaolin	林丽丽	优先出款会员 (16)
diudiu	张国钧	优先出款会员 (16)
my1314	袁卫萍	优先出款会员 (16)
doubleqiang	田强强	优先出款会员 (16)
18635325557	孙生元	优先出款会员 (16)
zx123321	魏欣	优先出款会员 (16)
jingcha1122	曹静娟	优先出款会员 (16)
liuxutao	刘旭涛	优先出款会员 (16)
zhuzhu198728	友福妹	优先出款会员 (16)
lxc39881	马永伦	优先出款会员 (16)
looking	吴健	优先出款会员 (16)
hu1992	胡宝珍	优先出款会员 (16)
1193977745	陈林辉	优先出款会员 (16)
wei986516	魏卫	优先出款会员 (16)
hua6015	谢素花	优先出款会员 (16)
dzwczdx	张东雪	优先出款会员 (16)
jd123	刘永凯	优先出款会员 (16)
cm112500	何静	优先出款会员 (16)
17853856969	魏乾山	优先出款会员 (16)
450280753	赵禧	优先出款会员 (16)
xu360124	徐小平	优先出款会员 (16)
ac4646285	肖昌春	优先出款会员 (16)
5636663	张柏良	优先出款会员 (16)
whp115	王会萍	优先出款会员 (16)
wanlong	王万龙	优先出款会员 (16)
zhangm123	张萌萌	优先出款会员 (16)
my201988	潘宁	优先出款会员 (16)
lzzjlss	刘壮	优先出款会员 (16)
chenlu	陈亚琼	优先出款会员 (16)
wu1985	蒋来兵	优先出款会员 (16)
lzj930320	李相环	优先出款会员 (16)
a947026911	张勇	优先出款会员 (16)
lanting123	兰天萍	优先出款会员 (16)
13699999989	王保中	优先出款会员 (16)
9735qy	曲媛媛	优先出款会员 (16)
13783985099	兰勃	优先出款会员 (16)
hn466515001	黄傩	优先出款会员 (16)
7291153	赵其冲	优先出款会员 (16)
a1e7l6	欧阳红卫	优先出款会员 (16)
chen11	陈道磊	优先出款会员 (16)
shiyuanjia	石原嘉	优先出款会员 (16)
alibaba	吴彬彬	优先出款会员 (16)
sf6408	石峰	优先出款会员 (16)
gfs816a	方树光	优先出款会员 (16)
as7215241	陈文武	优先出款会员 (16)
oooo0000	张瑞祥	优先出款会员 (16)
abida1002	阿比旦·麦麦提	优先出款会员 (16)
822182	张传宏	优先出款会员 (16)
shijie9c818	周世杰	优先出款会员 (16)
xue810902	蔡雪	优先出款会员 (16)
k3666666	蔡际强	优先出款会员 (16)
16683855	赵文	优先出款会员 (16)
cjl168	陈娇龙	优先出款会员 (16)
yujie	俞洁	优先出款会员 (16)
082530	钟蓉清	优先出款会员 (16)
jko654	黄祖镖	优先出款会员 (16)
qw26226266	温辉	优先出款会员 (16)
hjh1213	王丽红	优先出款会员 (16)
965780892	杜锋	优先出款会员 (16)
h1715193112	花起发	优先出款会员 (16)
13967662482	张娇	优先出款会员 (16)
lcw5060800	李程伟	优先出款会员 (16)
466082494	顾鹏程	优先出款会员 (16)
sod880066	万滔	优先出款会员 (16)
wlw7575	王丽伟	优先出款会员 (16)
wyq6389	曹志飞	优先出款会员 (16)
ttying	吴晓荣	优先出款会员 (16)
wangtong	王长同	优先出款会员 (16)
18531017724	江伟强	优先出款会员 (16)
satanbog	周超	优先出款会员 (16)
mere1984	袁博	优先出款会员 (16)
wkk1122	王可	优先出款会员 (16)
rachel2019	何慧莉	优先出款会员 (16)
wx12345678	吴广金	优先出款会员 (16)
zj86544332	周杰	优先出款会员 (16)
hy1818	黄炎	优先出款会员 (16)
yjyj	原君红	优先出款会员 (16)
lipi	李平	优先出款会员 (16)
sjb3535	杨威	优先出款会员 (16)
lh6613	李虎	优先出款会员 (16)
ldn1126	林丹妮	优先出款会员 (16)
whc666	王华晨	优先出款会员 (16)
fjlxw666	李兴旺	优先出款会员 (16)
linnazhang	张良英	优先出款会员 (16)
aa151515	董占超	优先出款会员 (16)
pp6712066	起灿源	优先出款会员 (16)
lhb123	李红宾	优先出款会员 (16)
wyy1234567	王耀宇	优先出款会员 (16)
johnny33	郑应强	优先出款会员 (16)
zx398302	裴飞	优先出款会员 (16)
liu1984	刘忠建	优先出款会员 (16)
xiaowei	张敬	优先出款会员 (16)
luo6674598	骆美林	优先出款会员 (16)
18819377827	董江华	优先出款会员 (16)
1178832706	阮林行	优先出款会员 (16)
jianli390	李界武	优先出款会员 (16)
abc7878888	张辰刚	优先出款会员 (16)
201407297	刘晓波	优先出款会员 (16)
ln668	罗宁	优先出款会员 (16)
zhangxixuan	张伟伟	优先出款会员 (16)
lw88995	刘伟	优先出款会员 (16)
s18888032595	勇宇飞	优先出款会员 (16)
t090722	滕飞丽	优先出款会员 (16)
13187972924	闫世锋	优先出款会员 (16)
zyc920730	郑有财	优先出款会员 (16)
1173946252	王新元	优先出款会员 (16)
gdst1350	陈嗣	优先出款会员 (16)
a1776868	李军	优先出款会员 (16)
daguogan	龚兵光	优先出款会员 (16)
wq709474448	汪琪	优先出款会员 (16)
alonco	黄凡	优先出款会员 (16)
15999653207	林丽	优先出款会员 (16)
shl135542	孙海利	优先出款会员 (16)
qingtian083	杨胜楠	优先出款会员 (16)
13917165608m	张丽莉	优先出款会员 (16)
lijin888	李金朋	优先出款会员 (16)
pf1234	张静	优先出款会员 (16)
18288961078	陈家森	优先出款会员 (16)
wj123168	董月飞	优先出款会员 (16)
henry1988112	饶建	优先出款会员 (16)
zxcbnm	刘红林	优先出款会员 (16)
yonggen999	宋永根	优先出款会员 (16)
z123321	张少阳	优先出款会员 (16)
liuquan	刘泉	优先出款会员 (16)
mm1224	毛雪	优先出款会员 (16)
xlqliao21492	向丽琼	优先出款会员 (16)
yzy510	杨自远	优先出款会员 (16)
ck5200	黄少梁	优先出款会员 (16)
617289731	冯丽莹	优先出款会员 (16)
412607000	何增波	优先出款会员 (16)
wxbsingo	王晓斌	优先出款会员 (16)
secre3806	卢雪连	优先出款会员 (16)
xtx1122	韩涛	优先出款会员 (16)
hxg123456	胡星港	优先出款会员 (16)
ok888	王建位	优先出款会员 (16)
jinyou87419	王金有	优先出款会员 (16)
5481302	陶强胜	优先出款会员 (16)
1053836	李冬娜	优先出款会员 (16)
taotao5688	纪莹莹	优先出款会员 (16)
dt20190222	邓荣仟	优先出款会员 (16)
xian996688fu	丘贤福	优先出款会员 (16)
byby666888	孙科	优先出款会员 (16)
lxj411330	梁飞虎	优先出款会员 (16)
huhuihai1195	胡慧海	优先出款会员 (16)
aih99203	黄兰英	优先出款会员 (16)
beixuan520	陈贝贝	优先出款会员 (16)
jy062972	刘秀英	优先出款会员 (16)
1140741421	胡镀华	优先出款会员 (16)
19910622m	李敏儿	优先出款会员 (16)
jaybot	王俊权	优先出款会员 (16)
s394339840	靳荣生	优先出款会员 (16)
ataman1040	阿塔伍拉·图尔荪	优先出款会员 (16)
mgzbs	张磊	优先出款会员 (16)
csl1158	陈腾飞	优先出款会员 (16)
ldj693966	黎冬娇	优先出款会员 (16)
53105388	胡艾平	优先出款会员 (16)
dayu521	孙义广	优先出款会员 (16)
ljy197788	李建永	优先出款会员 (16)
lmx811217	李敏侠	优先出款会员 (16)
13286849050	江必海	优先出款会员 (16)
www4402	陈晶	优先出款会员 (16)
ab225	陈小青	优先出款会员 (16)
huifuqiang	惠福强	优先出款会员 (16)
zzdler	路恩仁	优先出款会员 (16)
huan124	徐欢	优先出款会员 (16)
zx19930603	朱文君	优先出款会员 (16)
657635847	施东茶	优先出款会员 (16)
zai666	翟武杰	优先出款会员 (16)
285354807	杨钦杰	优先出款会员 (16)
15185889992	田景芝	优先出款会员 (16)
13149900366	代超	优先出款会员 (16)
bai870601	摆京国	优先出款会员 (16)
306151386	林昌成	优先出款会员 (16)
18752294659	王卫	优先出款会员 (16)
qqqq123456	宋贤良	优先出款会员 (16)
xgllgx	乐国兴	优先出款会员 (16)
lz112233	焦英峻	优先出款会员 (16)
gao1586308	高阳	优先出款会员 (16)
wq123456wq	李志平	优先出款会员 (16)
jg78610	周金刚	优先出款会员 (16)
lixinxin1234	李紫衔	优先出款会员 (16)
zf5858518	周锋	优先出款会员 (16)
qin5201314	覃明高	优先出款会员 (16)
563088488	陈国锐	优先出款会员 (16)
lx78912	林秀芬	优先出款会员 (16)
d910710	段翔	优先出款会员 (16)
wyh1024	吴玉怀	优先出款会员 (16)
li3779	李乾	优先出款会员 (16)
snq333	陈璇铃	优先出款会员 (16)
yonyuang	蒋永晖	优先出款会员 (16)
qq158869852	王方	优先出款会员 (16)
cqp678	陈清鹏	优先出款会员 (16)
3253533924	刘勇	优先出款会员 (16)
lili520	李力	优先出款会员 (16)
xixihaha8888	杜新华	优先出款会员 (16)
190010ccc	曹江荣	优先出款会员 (16)
465476477	周育武	优先出款会员 (16)
683588	韦有庚	优先出款会员 (16)
liu7084	刘金艳	优先出款会员 (16)
12508	徐磊	优先出款会员 (16)
745520	吴猛	优先出款会员 (16)
zx1528724376	吴建威	优先出款会员 (16)
shs740310	史鸿生	优先出款会员 (16)
18235325866	陈俊青	优先出款会员 (16)
qiuchen12	邱辰	优先出款会员 (16)
xie1234	谢爱凤	优先出款会员 (16)
zc88889999	唐清萍	优先出款会员 (16)
2414679355	田震	优先出款会员 (16)
kk8890	黄建荣	优先出款会员 (16)
tao818384	赵红	优先出款会员 (16)
heliang123	何文亮	优先出款会员 (16)
zhen8888	张珍珍	优先出款会员 (16)
gzh8818462	龚志豪	优先出款会员 (16)
416921126	王伟	优先出款会员 (16)
zjqzjq	钟久强	优先出款会员 (16)
q17718066234	蒋倩	优先出款会员 (16)
eva1355	黄英	优先出款会员 (16)
yu987654	王封宇	优先出款会员 (16)
19891011	夏万伟	优先出款会员 (16)
zc821982910	周纯	优先出款会员 (16)
heyan488	何岩	优先出款会员 (16)
kaiqiang118	杨开强	优先出款会员 (16)
xcjy123456	李宝珠	优先出款会员 (16)
197311	程小燕	优先出款会员 (16)
aa883834	韦利钊	优先出款会员 (16)
z4109	张胜委	优先出款会员 (16)
sky2008	张贞艺	优先出款会员 (16)
d158	黄单	优先出款会员 (16)
8881588	邹长星	优先出款会员 (16)
wx12345	王翔	优先出款会员 (16)
qqq4404	陈钦	优先出款会员 (16)
l41863597	朱小辉	优先出款会员 (16)
ty1165716082	陶缘	优先出款会员 (16)
www223366	薛泽军	优先出款会员 (16)
huhuxo	夏博	优先出款会员 (16)
a752322042	罗洪	优先出款会员 (16)
zhanghan0506	张翰	优先出款会员 (16)
wwh155150	刘增现	优先出款会员 (16)
rlh6820	阮良衡	优先出款会员 (16)
yd131415	姚丹	优先出款会员 (16)
l115116	陈伟煌	优先出款会员 (16)
307678199	陈玉金	优先出款会员 (16)
gbf321	郭保锋	优先出款会员 (16)
1124chen	陈露	优先出款会员 (16)
tzj8623	汤知军	优先出款会员 (16)
zzl1980	周章乐	优先出款会员 (16)
qq870628	陈辰	优先出款会员 (16)
748963890	归振雷	优先出款会员 (16)
chen159	陈仁星	优先出款会员 (16)
152966618	都杨帆	优先出款会员 (16)
luge123	王柏树	优先出款会员 (16)
fy960110234	冯艳	优先出款会员 (16)
zxc13579	胡志杏	优先出款会员 (16)
yk6423205	杨科	优先出款会员 (16)
8889ssa	黄兰芬	优先出款会员 (16)
zcgcp168	朱灿高	优先出款会员 (16)
zcp888	周楚平	优先出款会员 (16)
duzuitianya	揭飞龙	优先出款会员 (16)
abcd12345678	白日图	优先出款会员 (16)
nxp1978	倪小萍	优先出款会员 (16)
w19931016	翁俊杰	优先出款会员 (16)
gw555	高伟	优先出款会员 (16)
13535313165	陈景培	优先出款会员 (16)
a10566214	刘梦宇	优先出款会员 (16)
chen9599	陈亚东	优先出款会员 (16)
min777	董敏	优先出款会员 (16)
961425964	雷勋逵	优先出款会员 (16)
wenying0808	张素林	优先出款会员 (16)
a17113596211	李周	优先出款会员 (16)
jj980814	王俊杰	优先出款会员 (16)
a1800456	宋世璇	优先出款会员 (16)
cjx1991	陈佳心	优先出款会员 (16)
xieguiqiang	谢贵强	优先出款会员 (16)
yjf666	叶建风	优先出款会员 (16)
zhan981213	詹欣欣	优先出款会员 (16)
whh8899	王慧慧	优先出款会员 (16)
fadong6688	陈俊杰	优先出款会员 (16)
zhou9999	姜海洲	优先出款会员 (16)
zbb7101	张贝贝	优先出款会员 (16)
won0526	鲜于元	优先出款会员 (16)
1083146380	任方锁	优先出款会员 (16)
xf2438370	徐峰	优先出款会员 (16)
l17628065	刘旭	优先出款会员 (16)
luhecai123	代明玉	优先出款会员 (16)
1179380160	张东彪	优先出款会员 (16)
all504452282	屈仁海	优先出款会员 (16)
1094208766	李孟华	优先出款会员 (16)
huang717128	黄献将	优先出款会员 (16)
q785539981	朱福斌	优先出款会员 (16)
gailencc	张津铭	优先出款会员 (16)
lsy8888	刘思雨	优先出款会员 (16)
aitt19920303	伍彩霞	优先出款会员 (16)
1507	高永生	优先出款会员 (16)
huang0117	黄逐浪	优先出款会员 (16)
lh541998	梁华	优先出款会员 (16)
hong158	杨树宏	优先出款会员 (16)
h380952020	杨浩	优先出款会员 (16)
aaa12345	罗成军	优先出款会员 (16)
zbh123456	周晓红	优先出款会员 (16)
3072945266	胡昆	优先出款会员 (16)
chb332550	陈海标	优先出款会员 (16)
qw97531	王国兴	优先出款会员 (16)
15181147063	刘浩	优先出款会员 (16)
asdqwe1818	徐可新	优先出款会员 (16)
litao888	李涛	优先出款会员 (16)
29219808	李锦兵	优先出款会员 (16)
ming50000	王梦隆	优先出款会员 (16)
apple888	刘承韬	优先出款会员 (16)
ca1108	陈爱	优先出款会员 (16)
2366046879	刘玉珍	优先出款会员 (16)
zhaoxin13	赵欣	优先出款会员 (16)
2019fxl	方小玲	优先出款会员 (16)
pk102018	翁彬	优先出款会员 (16)
stgg	石敦文	优先出款会员 (16)
qin55ke	秦振海	优先出款会员 (16)
zaq123110	赵德青	优先出款会员 (16)
29305180	郑少龙	优先出款会员 (16)
wanwanwan	沈创然	优先出款会员 (16)
yan812812	颜昌龙	优先出款会员 (16)
wn1987	卫娜	优先出款会员 (16)
gohygo	杨辉华	优先出款会员 (16)
xz9394	梁其星	优先出款会员 (16)
13686956012	梁海森	优先出款会员 (16)
shi10086123	施云飞	优先出款会员 (16)
ming1666	黎中明	优先出款会员 (16)
mo7818	韦贵宁	优先出款会员 (16)
love6688	伍彩霞	优先出款会员 (16)
hehe123	何兆花	优先出款会员 (16)
xx2359	林建军	优先出款会员 (16)
xiangmijun12	向密军	优先出款会员 (16)
caoyu518	曹雨婷	优先出款会员 (16)
djdmy	农荣坚	优先出款会员 (16)
18214616211	肖国方	优先出款会员 (16)
q3505414144	钟连考	优先出款会员 (16)
ljcyp	李进存	优先出款会员 (16)
cs1051097218	陈术	优先出款会员 (16)
tang94	唐亮华	优先出款会员 (16)
papapapapa	春喜	优先出款会员 (16)
cmb15112	陈明波	优先出款会员 (16)
159692	杨明楠	优先出款会员 (16)
huang12312	黄振	优先出款会员 (16)
anian1010	赵垭坤	优先出款会员 (16)
wanglian8888	王炼	优先出款会员 (16)
wo191127	董明烊	优先出款会员 (16)
zqh501498	周琴辉	优先出款会员 (16)
wuoouw513513	白友连	优先出款会员 (16)
sdewax123	韦振勇	优先出款会员 (16)
hwl921130	和文丽	优先出款会员 (16)
a41215839	刘喆	优先出款会员 (16)
hua68	华军武	优先出款会员 (16)
1072915414	李广成	优先出款会员 (16)
17626653115	薛莉莉	优先出款会员 (16)
14326	郑群英	优先出款会员 (16)
snjjage	杨昌莆	优先出款会员 (16)
1862083918	王遥	优先出款会员 (16)
long0603	叶龙	优先出款会员 (16)
yanzi712	付春燕	优先出款会员 (16)
yq8673	杨前进	优先出款会员 (16)
fu32429285	傅宝文	优先出款会员 (16)
lovezgp	钟国鹏	优先出款会员 (16)
hyan512	张炜娟	优先出款会员 (16)
15856611990	梅勇	优先出款会员 (16)
lf516888	梁锋	优先出款会员 (16)
z508002536	周骏飞	优先出款会员 (16)
myy888	马秀玲	优先出款会员 (16)
y1778	刘俊云	优先出款会员 (16)
hui511	彭阳会	优先出款会员 (16)
1193719147	雷爱英	优先出款会员 (16)
xf963	李顺辉	优先出款会员 (16)
only9	潘奕能	优先出款会员 (16)
lwy661558	李万岳	优先出款会员 (16)
xiao56898	肖玉红	优先出款会员 (16)
83505135	黄鹏骏	优先出款会员 (16)
bb8383	李柏奇	优先出款会员 (16)
wsx1314	潘震	优先出款会员 (16)
q343731911	黄福保	优先出款会员 (16)
8623053	杨云鹏	优先出款会员 (16)
kk8798	王坤	优先出款会员 (16)
www156156	董亚	优先出款会员 (16)
wmy969	温敏仪	优先出款会员 (16)
aa8811	郝亮	优先出款会员 (16)
jun2011912	张俊斌	优先出款会员 (16)
zapiii008	周开秀	优先出款会员 (16)
86868686	张小琴	优先出款会员 (16)
940809	李则运	优先出款会员 (16)
m666888	马荣俊	优先出款会员 (16)
mnsmxj	马晓军	优先出款会员 (16)
715229	华志忠	优先出款会员 (16)
wyx2002	文艳霞	优先出款会员 (16)
ljh1727	吕敬辉	优先出款会员 (16)
tj0512	谭加	优先出款会员 (16)
wnk631029	韦耀荣	优先出款会员 (16)
zhouliuwei	周六伟	优先出款会员 (16)
990515	陈旭梅	优先出款会员 (16)
gd123456	郭旦	优先出款会员 (16)
19620707	周健梅	优先出款会员 (16)
hebo888	何波	优先出款会员 (16)
yy8446yy	杨志	优先出款会员 (16)
liunan555	刘楠	优先出款会员 (16)
he443827690	贺兴涛	优先出款会员 (16)
ucidt	冯涛	优先出款会员 (16)
ysc003	易书超	优先出款会员 (16)
asd119	黄添喜	优先出款会员 (16)
yxj0908	于新江	优先出款会员 (16)
all199253153	周李平	优先出款会员 (16)
740761979	林志超	优先出款会员 (16)
yilongking	柴鑫	优先出款会员 (16)
wangqiang66	王强	优先出款会员 (16)
mtt9447	孟田田	优先出款会员 (16)
15900481480	饶庆良	优先出款会员 (16)
zhou1881911	周连林	优先出款会员 (16)
aom268	何元家	优先出款会员 (16)
45668	吴贵明	优先出款会员 (16)
wangfengling	王凤玲	优先出款会员 (16)
yw971026	杨韦	优先出款会员 (16)
cmm198866	陈民明	优先出款会员 (16)
lgq20010	廖刚强	优先出款会员 (16)
www001	张丽明	优先出款会员 (16)
dong123123	任东东	优先出款会员 (16)
qwe9497	梁汝新	优先出款会员 (16)
18694040068	张欢	优先出款会员 (16)
xiaobei01	巩文强	优先出款会员 (16)
zwj123456789	朱伟坚	优先出款会员 (16)
wl1949	周文莉	优先出款会员 (16)
sukifung1992	冯玥曦	优先出款会员 (16)
xl156777	许丽	优先出款会员 (16)
yuantun	袁爱玲	优先出款会员 (16)
dcc6789	段承辰	优先出款会员 (16)
fale168168	刘海军	优先出款会员 (16)
xzf123	徐志峰	优先出款会员 (16)
jhjs2020	钱炎栋	优先出款会员 (16)
ylg125800	杨利娟	优先出款会员 (16)
76569	陈昌铭	优先出款会员 (16)
qq9454zz	张雁	优先出款会员 (16)
315696994	赵高生	优先出款会员 (16)
y303514241	杨健清	优先出款会员 (16)
why1why	王洪雨	优先出款会员 (16)
zzc120	曾丽娟	优先出款会员 (16)
fn820	方娜	优先出款会员 (16)
nalong	黄安健	优先出款会员 (16)
asd196815	张元飚	优先出款会员 (16)
yx131419	杨霞	优先出款会员 (16)
15896604528	游红丽	优先出款会员 (16)
ztt7919	张婷婷	优先出款会员 (16)
yang19960726	杨奉武	优先出款会员 (16)
q594337272	曾立奇	优先出款会员 (16)
zb446533	张贝	优先出款会员 (16)
agyhg131	任伟	优先出款会员 (16)
sund	孙丽	优先出款会员 (16)
clx1122	陈良侠	优先出款会员 (16)
yy7161	李小玉	优先出款会员 (16)
lmy0903	李卫祥	优先出款会员 (16)
duladulazzz	王全坤	优先出款会员 (16)
suanpan	闫凯	优先出款会员 (16)
hshpxl	何星億	优先出款会员 (16)
hk224422	化凯	优先出款会员 (16)
qq595175300	屈耀博	优先出款会员 (16)
1193558929	裴赛勇	优先出款会员 (16)
ldj698312	吕德建	优先出款会员 (16)
guomuhua	郭木华	优先出款会员 (16)
lili310	李丽	优先出款会员 (16)
test998	李石文	优先出款会员 (16)
170150464	蒋西勇	优先出款会员 (16)
chen000000	陈自立	优先出款会员 (16)
we132633	杨振	优先出款会员 (16)
lbw4748	刘邦威	优先出款会员 (16)
fwj6684	冯伟健	优先出款会员 (16)
gaoxiang888	袁国峰	优先出款会员 (16)
zs0161	朱松	优先出款会员 (16)
zhaowei888	赵伟	优先出款会员 (16)
wswzml168	金鹏	优先出款会员 (16)
xmr000185	夏美荣	优先出款会员 (16)
zhaomin77	徐晓兰	优先出款会员 (16)
kai777	许凯	优先出款会员 (16)
y9877	尹兆雷	优先出款会员 (16)
cuina5588	崔娜	优先出款会员 (16)
wcd1730	王存得	优先出款会员 (16)
xslee02	李新胜	优先出款会员 (16)
fyl158135490	方雁林	优先出款会员 (16)
l900509	沈璐璐	优先出款会员 (16)
a364195292	钱浩达	优先出款会员 (16)
1587578238	张明雷	优先出款会员 (16)
122616743	许小丽	优先出款会员 (16)
bai2255	白月飞	优先出款会员 (16)
lwb860803	刘文斌	优先出款会员 (16)
ab456	邵雪燕	优先出款会员 (16)
xiaolong3007	陈晓龙	优先出款会员 (16)
qwe123411	韦信	优先出款会员 (16)
2335454168	张小军	优先出款会员 (16)
172839456	刘凤庆	优先出款会员 (16)
fw3355	付薇	优先出款会员 (16)
13337329777	罗国军	优先出款会员 (16)
cui8008	崔文娟	优先出款会员 (16)
mc3434	马超	优先出款会员 (16)
ajie1234	赵红杰	优先出款会员 (16)
xxx000	马凡	优先出款会员 (16)
lgh821017	吕光辉	优先出款会员 (16)
chenjie520	陈杰	优先出款会员 (16)
414201920	罗水勇	优先出款会员 (16)
lmj12345	鲁梦杰	优先出款会员 (16)
huang1999	黄云芝	优先出款会员 (16)
yy234567	蔡桂琼	优先出款会员 (16)
cp2635	罗其龙	优先出款会员 (16)
v11882288	蒙保文	优先出款会员 (16)
a424114	李青洲	优先出款会员 (16)
317162484	陈晓杰	优先出款会员 (16)
szm123456	李宁宁	优先出款会员 (16)
wende1998	文德	优先出款会员 (16)
chuxia	张俊梅	优先出款会员 (16)
hellen	余海静	优先出款会员 (16)
630428	杨建民	优先出款会员 (16)
1789	俞兆圣	优先出款会员 (16)
shiyi0628	梁诗意	优先出款会员 (16)
135790xy	吴萍	优先出款会员 (16)
wxl52088	郑逵东	优先出款会员 (16)
zhaodan123	赵丹	优先出款会员 (16)
dy778899	孙大永	优先出款会员 (16)
zwl521211	朱文莉	优先出款会员 (16)
lyf4230	刘艳芳	优先出款会员 (16)
fa1988	汪纯龙	优先出款会员 (16)
haohao123	张冠豪	优先出款会员 (16)
xtr7588	熊庭溶	优先出款会员 (16)
yy2019	叶艺	优先出款会员 (16)
ss520	林泽滨	优先出款会员 (16)
liu4208	刘青	优先出款会员 (16)
zhuzigege510	张柱	优先出款会员 (16)
ping924908	卢治平	优先出款会员 (16)
wms10010	吴茂松	优先出款会员 (16)
yunyuai	李志	优先出款会员 (16)
fei1376770	朱斐	优先出款会员 (16)
ydq9877	杨代琼	优先出款会员 (16)
xiaoming66	徐晓明	优先出款会员 (16)
akp388	夏青春	优先出款会员 (16)
gqy0977	郭巧玉	优先出款会员 (16)
quc123456	屈玉聪	优先出款会员 (16)
shiminyouo	谭锋模	优先出款会员 (16)
935166077	徐辑章	优先出款会员 (16)
t8563257	李嘉良	优先出款会员 (16)
jy2183950	沈婷婷	优先出款会员 (16)
mazt1	马占庭	优先出款会员 (16)
93169059	李玮	优先出款会员 (16)
qq555888	李洋	优先出款会员 (16)
1883288	王振飞	优先出款会员 (16)
asdfgh617093	卢育聪	优先出款会员 (16)
pkq7744	彭康琦	优先出款会员 (16)
520tpyxu	彭晓琼	优先出款会员 (16)
ol2236	吴志雄	优先出款会员 (16)
cd1949	陈娣	优先出款会员 (16)
ming123456	肖明	优先出款会员 (16)
dabiti1111	黄程亮	优先出款会员 (16)
chensheng8	陈胜广	优先出款会员 (16)
cyl123	卢海朋	优先出款会员 (16)
zhaixiang	翟祥	优先出款会员 (16)
chen916	高淑莉	优先出款会员 (16)
q670059248	朱兴源	优先出款会员 (16)
hhyhawaii02	何华迎	优先出款会员 (16)
ljh4044	黎健华	优先出款会员 (16)
careman	潘莹	优先出款会员 (16)
a5902680	陈泺旭	优先出款会员 (16)
xiaoyahehe	高华	优先出款会员 (16)
gao222222	高长才	优先出款会员 (16)
labixiaoxin	邓月霞	优先出款会员 (16)
zengyun666	曾喜孙	优先出款会员 (16)
lishao96	李绍	优先出款会员 (16)
wangsileda	王鹏	优先出款会员 (16)
dd168	邓思宇	优先出款会员 (16)
qq5651	温智孟	优先出款会员 (16)
q14097152	李广祥	优先出款会员 (16)
397572413	梁永杰	优先出款会员 (16)
wry2019	李良秀	优先出款会员 (16)
liu012222	刘东成	优先出款会员 (16)
yang168chun	杨惠春	优先出款会员 (16)
1173505448	谈学明	优先出款会员 (16)
zb1675	纵标	优先出款会员 (16)
yzy666	杨振宇	优先出款会员 (16)
py970825	彭榆	优先出款会员 (16)
xx1538	成韬	优先出款会员 (16)
zly8520	朱利英	优先出款会员 (16)
13886847608	李勇	优先出款会员 (16)
xl758	罗应	优先出款会员 (16)
jing8888	陈敢兵	优先出款会员 (16)
13640365413	李庆林	优先出款会员 (16)
lovebey123	张丽军	优先出款会员 (16)
971754372	国峰	优先出款会员 (16)
s0322	孙永忠	优先出款会员 (16)
16600248381	龚志豪	优先出款会员 (16)
daqing001	周淼	优先出款会员 (16)
windows10	朱俊宇	优先出款会员 (16)
6721666	滕洲	优先出款会员 (16)
t199308	谭森保	优先出款会员 (16)
wufengkuang	匡武峰	优先出款会员 (16)
chriskwok	郭俊杰	优先出款会员 (16)
whb777	王海波	优先出款会员 (16)
edc1314	邓学香	优先出款会员 (16)
songbeibei	宋贝贝	优先出款会员 (16)
zyw427527	曾勇维	优先出款会员 (16)
13825740242	黄燕军	优先出款会员 (16)
17647301852	刘云	优先出款会员 (16)
linj8200	林坚	优先出款会员 (16)
asd601348909	朱文博	优先出款会员 (16)
yanzhonglin	严忠林	优先出款会员 (16)
dym5067	代月梅	优先出款会员 (16)
wangsimin66	王思敏	优先出款会员 (16)
panwenlin	潘文林	优先出款会员 (16)
bin19851218	王协彬	优先出款会员 (16)
jq2222	姜倩	优先出款会员 (16)
cc1231	张聪	优先出款会员 (16)
cyf130526	陈云飞	优先出款会员 (16)
guan199144	刘勇	优先出款会员 (16)
yanguagua	严冬梅	优先出款会员 (16)
a37888	李奉生	优先出款会员 (16)
sj168168	沈娇	优先出款会员 (16)
wu15661	吴敏	优先出款会员 (16)
lm6565	季树岑	优先出款会员 (16)
a13414786207	廖仲钊	优先出款会员 (16)
wbw168899	王宝武	优先出款会员 (16)
j18856153332	蒋连仲	优先出款会员 (16)
289601911	余清瑜	优先出款会员 (16)
1442304198	徐长在	优先出款会员 (16)
120513yy	宋玉梅	优先出款会员 (16)
527422100	赵军	优先出款会员 (16)
qw982394566	何强	优先出款会员 (16)
1129014135	杨佩吾	优先出款会员 (16)
zzs3323	郑中山	优先出款会员 (16)
18767546758	李浦	优先出款会员 (16)
wqx0628	吴其校	优先出款会员 (16)
wml000	吴茂禄	优先出款会员 (16)
jeffsn	牛继红	优先出款会员 (16)
yj136942	李永杰	优先出款会员 (16)
qq233599	齐守钦	优先出款会员 (16)
hxl888	侯晓丽	优先出款会员 (16)
allen06	蔡炳锋	优先出款会员 (16)
c19930524	黄海斌	优先出款会员 (16)
nss2670	牛珊珊	优先出款会员 (16)
xiaodouya00	雷琴	优先出款会员 (16)
hh5678	孙荣号	优先出款会员 (16)
caojian	曹建	优先出款会员 (16)
wei235689	韦平	优先出款会员 (16)
hrh1971	贺如华	优先出款会员 (16)
qq521563	苏海杨	优先出款会员 (16)
88888888a	覃芬妹	优先出款会员 (16)
xie1302542	谢江涛	优先出款会员 (16)
176001958790	郭建刚	优先出款会员 (16)
lisahao666	燕宪贺	优先出款会员 (16)
we8591848	吕洋	优先出款会员 (16)
x25251	谢文艳	优先出款会员 (16)
shenxiao1234	沈敏敏	优先出款会员 (16)
czl149	陈志乐	优先出款会员 (16)
chenxiaoyi93	陈如意	优先出款会员 (16)
jiadaye	贾凯	优先出款会员 (16)
x7800	谢秀官	优先出款会员 (16)
ml1314520	董岩	优先出款会员 (16)
19928	姚政淇	优先出款会员 (16)
jinzufan	金祖凡	优先出款会员 (16)
csr17817	蔡树荣	优先出款会员 (16)
chen558877	陈立红	优先出款会员 (16)
qq7897	黄晓阳	优先出款会员 (16)
yiyang1993	依扬	优先出款会员 (16)
13169503996	罗礼航	优先出款会员 (16)
2019wwwzhang	梁道湛	优先出款会员 (16)
yangchaoqin	杨朝勤	优先出款会员 (16)
cqw1129	陈桥稳	优先出款会员 (16)
winbuke757	徐涛	优先出款会员 (16)
adu1111	杜先胜	优先出款会员 (16)
liu103	刘俊杰	优先出款会员 (16)
zhaigaoshi	翟高氏	优先出款会员 (16)
qiuzixiang	邱俊魁	优先出款会员 (16)
xb333306	肖斌	优先出款会员 (16)
zll5071	张灵利	优先出款会员 (16)
yaya2233	杜斌	优先出款会员 (16)
243777336	吴世龙	优先出款会员 (16)
15950674394	袁惠平	优先出款会员 (16)
ll13582	周莉玲	优先出款会员 (16)
jing013	罗忠勇	优先出款会员 (16)
hesen83	贺森	优先出款会员 (16)
liang16669	梁兰分	优先出款会员 (16)
wangwei123	王高伟	优先出款会员 (16)
aa6868	杜淼泉	优先出款会员 (16)
csjj88888	陈学思	优先出款会员 (16)
718126	李思教	优先出款会员 (16)
sjmhq888	李从发	优先出款会员 (16)
631892942	王二宝	优先出款会员 (16)
chn666	陈浩男	优先出款会员 (16)
zhangjinjin	张晶晶	优先出款会员 (16)
cfyj500	陈林	优先出款会员 (16)
yjj12345	杨军杰	优先出款会员 (16)
jjbb	蒋荣广	优先出款会员 (16)
xuchurong	徐初荣	优先出款会员 (16)
csl988027	陈胜利	优先出款会员 (16)
yjz147258	尹见周	优先出款会员 (16)
ljq333	刘杰权	优先出款会员 (16)
wj0267	王健	优先出款会员 (16)
liu5888	刘成章	优先出款会员 (16)
tangqin	谭勤	优先出款会员 (16)
18731670704	徐召辉	优先出款会员 (16)
dsx4032	杜颂侠	优先出款会员 (16)
shy080527	段子豪	优先出款会员 (16)
a666	陈铖	优先出款会员 (16)
qq567888	冯圣军	优先出款会员 (16)
xzfxzfxzf	毕炳欣	优先出款会员 (16)
ran0808	李振汪	优先出款会员 (16)
cc9957	陈聪	优先出款会员 (16)
wangruijie	王瑞杰	优先出款会员 (16)
l1559	李泽年	优先出款会员 (16)
qjl5057	秦建龙	优先出款会员 (16)
771681866	王俊凯	优先出款会员 (16)
15824563905	廖焕炎	优先出款会员 (16)
xz990702	徐众	优先出款会员 (16)
y1986	颜克喜	优先出款会员 (16)
jiayou	会丹	优先出款会员 (16)
mt4823015	彭明明	优先出款会员 (16)
j19950	朱雪健	优先出款会员 (16)
uchihaseal	刘春晖	优先出款会员 (16)
huang1992	黄老虎	优先出款会员 (16)
jianglixian	蒋丽贤	优先出款会员 (16)
cqp847210	陈其平	优先出款会员 (16)
lj1234567	李竟	优先出款会员 (16)
zp112200	张冼平	优先出款会员 (16)
wj1234	王娟	优先出款会员 (16)
xu414628299	许瑞峰	优先出款会员 (16)
wy44	王晓艳	优先出款会员 (16)
l115134	张淋淋	优先出款会员 (16)
z664156238	郑瑜君	优先出款会员 (16)
stl664279	孙童立	优先出款会员 (16)
kjy149	柯军宇	优先出款会员 (16)
lei834245374	常磊	优先出款会员 (16)
ati8888	刘再体	优先出款会员 (16)
gg1234567890	郑祖群	优先出款会员 (16)
shanrui520	林善锐	优先出款会员 (16)
15919978965	郑校泽	优先出款会员 (16)
qwerasdf789	李林平	优先出款会员 (16)
tony5955697	梁府	优先出款会员 (16)
lkj7789	丁影托	优先出款会员 (16)
liyanni	赵嫚	优先出款会员 (16)
li24096	李桂龙	优先出款会员 (16)
jiao1004	丁姣	优先出款会员 (16)
fx12312	李芳香	优先出款会员 (16)
lyl88888	陆艳林	优先出款会员 (16)
pan669849	湛豆豆	优先出款会员 (16)
gang147258	陈立刚	优先出款会员 (16)
xiongwei2019	熊伟	优先出款会员 (16)
honglou0708	陈洪楼	优先出款会员 (16)
aq1126	昂强	优先出款会员 (16)
rongmei	荣梅	优先出款会员 (16)
516260576	徐友亮	优先出款会员 (16)
zrs4563	宗瑞松	优先出款会员 (16)
ruanju12	阮菊	优先出款会员 (16)
nhy53033	宁海燕	优先出款会员 (16)
mcl6688	孟春玲	优先出款会员 (16)
18866445542	高增超	优先出款会员 (16)
a18826296113	周冠壹	优先出款会员 (16)
shuaishuai	张帅帅	优先出款会员 (16)
a577597172	丁仪	优先出款会员 (16)
19710118	牟化语	优先出款会员 (16)
zzy321	张正阳	优先出款会员 (16)
myq1997	马艳青	优先出款会员 (16)
myp1991	明银平	优先出款会员 (16)
spp8429	孙盼盼	优先出款会员 (16)
liyueming8899	李锐铭	优先出款会员 (16)
yuan9099	袁志军	优先出款会员 (16)
zk1781	赵康	优先出款会员 (16)
1234567888	汤辉	优先出款会员 (16)
frank119	陈文涛	优先出款会员 (16)
lh19801209	刘虎	优先出款会员 (16)
guofeng123	郭峰	优先出款会员 (16)
captain007	周小强	优先出款会员 (16)
mx9982	芈秀秀	优先出款会员 (16)
swl147666	宋伟磊	优先出款会员 (16)
niuniu3413	梁胜娜	优先出款会员 (16)
limeilan7566	李梅兰	优先出款会员 (16)
zhenlj519	甄立君	优先出款会员 (16)
bati001	韦焯丹	优先出款会员 (16)
20100604te	许兰兰	优先出款会员 (16)
qian0315	李哲	优先出款会员 (16)
suliang8890	梁庆枝	优先出款会员 (16)
jjp1234	贾建萍	优先出款会员 (16)
zheng1688	郑勇华	优先出款会员 (16)
huazi667788	张花子	优先出款会员 (16)
y910221	尤昌华	优先出款会员 (16)
sss1307821	唐大余	优先出款会员 (16)
hxl456789	侯晓丽	优先出款会员 (16)
13145558	刘连松	优先出款会员 (16)
dd8888	李耀	优先出款会员 (16)
ycq8045	闫超庆	优先出款会员 (16)
a703502401	毛培存	优先出款会员 (16)
54927680	刘天文	优先出款会员 (16)
a1301561828	覃忠愿	优先出款会员 (16)
kesi521	吴毓鸿	优先出款会员 (16)
lkj2715	李科建	优先出款会员 (16)
941009	廖志海	优先出款会员 (16)
gaowei888	高建伟	优先出款会员 (16)
110010	李细妹	优先出款会员 (16)
lyjfdc	李明相	优先出款会员 (16)
763852959	李正林	优先出款会员 (16)
long1994	马成龙	优先出款会员 (16)
csj6228	王志权	优先出款会员 (16)
llt25637	李兰桃	优先出款会员 (16)
w200884	聂艳旗	优先出款会员 (16)
ss5555	秦司斯	优先出款会员 (16)
qq871267665	杨亮	优先出款会员 (16)
xiao0117	肖昊	优先出款会员 (16)
zcp0211	张彩萍	优先出款会员 (16)
laoyao	汉兰萍	优先出款会员 (16)
wjx369555	吴计侠	优先出款会员 (16)
sj999666	勇宇飞	优先出款会员 (16)
ws13134	高炜	优先出款会员 (16)
117211aa	刘志明	优先出款会员 (16)
zyj518	陈建辉	优先出款会员 (16)
yan617976	颜春生	优先出款会员 (16)
gdsy89860528	杨秀昆	优先出款会员 (16)
adsf3698	焦成祥	优先出款会员 (16)
amoamo000	莫远常	优先出款会员 (16)
p181818	裴卫均	优先出款会员 (16)
scl321	石长乐	优先出款会员 (16)
jq0779	蒋群	优先出款会员 (16)
cr6466	陈蓉	优先出款会员 (16)
lwh7933	李伟豪	优先出款会员 (16)
li8765432	李小春	优先出款会员 (16)
en86869	黄枚花	优先出款会员 (16)
baidangdang	白荡	优先出款会员 (16)
my313625	何涛盛	优先出款会员 (16)
yesxgh	肖运乐	优先出款会员 (16)
zhang12580	张权	优先出款会员 (16)
ypmyd88	魏冬霞	优先出款会员 (16)
1475548722	胡瑞琴	优先出款会员 (16)
yyqf100	唐仕晗	优先出款会员 (16)
gxp0000	高雪平	优先出款会员 (16)
17758903220	周成清	优先出款会员 (16)
ly198	刘勇	优先出款会员 (16)
lfx1984	林凤翔	优先出款会员 (16)
liang12312	梁龙	优先出款会员 (16)
2711210	郑少龙	优先出款会员 (16)
she123e	陈勇彪	优先出款会员 (16)
zs82516	武高	优先出款会员 (16)
3172676121	郑良富	优先出款会员 (16)
751300kk	马立虎	优先出款会员 (16)
an1800	章阿南	优先出款会员 (16)
cx1190	林楚雄	优先出款会员 (16)
huahuaii	陈扬华	优先出款会员 (16)
tyuhytr	陈晶	优先出款会员 (16)
wwc8888	李庆雪	优先出款会员 (16)
xiejun520	谢军	优先出款会员 (16)
fq123456	冯强	优先出款会员 (16)
wan558877	王淑花	优先出款会员 (16)
2259268885	张辉明	优先出款会员 (16)
hhyz8014	黄淮	优先出款会员 (16)
sq66666	梁慧锋	优先出款会员 (16)
ganzhimei	甘枝梅	优先出款会员 (16)
szx1161	石子祥	优先出款会员 (16)
xfl1994	熊飞龙	优先出款会员 (16)
www789987	杨健泰	优先出款会员 (16)
zengrong1	曾戎	优先出款会员 (16)
ma19850918	马新亮	优先出款会员 (16)
wh3739	王浩	优先出款会员 (16)
a333333	胡双	优先出款会员 (16)
a195423	宋海水	优先出款会员 (16)
yyy38869	梁永英	优先出款会员 (16)
zjy666	张佳音	优先出款会员 (16)
wt7192	王涛	优先出款会员 (16)
mshy116	毛仕元	优先出款会员 (16)
chen7708	陈俊李	优先出款会员 (16)
wujie6789	吴杰	优先出款会员 (16)
584751235	周耿鑫	优先出款会员 (16)
gf0908	韦小春	优先出款会员 (16)
almx	罗秒鑫	优先出款会员 (16)
calvin1120	韩吉权	优先出款会员 (16)
cyc115599	曹裕城	优先出款会员 (16)
1212aabb	刘圣海	优先出款会员 (16)
moran	郑建新	优先出款会员 (16)
528467878	张朝一	优先出款会员 (16)
a3884	吕永辉	优先出款会员 (16)
wt199204	汪腾	优先出款会员 (16)
ssw123	孙思维	优先出款会员 (16)
yqw8715	杨清文	优先出款会员 (16)
a198732	宋广成	优先出款会员 (16)
zcy500235	周春艳	优先出款会员 (16)
wangyan0681	王艳	优先出款会员 (16)
aa56789	肖鑫涌	优先出款会员 (16)
guoshao1	郭少杰	优先出款会员 (16)
cj4740	陈静	优先出款会员 (16)
18156770606	王小威	优先出款会员 (16)
yw9710	杨韦	优先出款会员 (16)
meinv	黄丽端	优先出款会员 (16)
huzhe999	胡哲	优先出款会员 (16)
1974102033	李树桥	优先出款会员 (16)
wangyuanmei	陈春富	优先出款会员 (16)
xx592077	胡信	优先出款会员 (16)
sunxiutian	王宁臣	优先出款会员 (16)
l20060605	骆海娟	优先出款会员 (16)
853781139	董小创	优先出款会员 (16)
wl052701	王玲	优先出款会员 (16)
zhang1111	张营	优先出款会员 (16)
zgj1206	张国举	优先出款会员 (16)
gyegye168168	刘淑平	优先出款会员 (16)
fmy147686	方民英	优先出款会员 (16)
qq901119	郑惠杰	优先出款会员 (16)
lu010203	卢珂	优先出款会员 (16)
ming1994	马龙明	优先出款会员 (16)
faqian168	王宏	优先出款会员 (16)
xu244133370	许紫焱	优先出款会员 (16)
3041016	许伟练	优先出款会员 (16)
hgq4931	黄冠棋	优先出款会员 (16)
lcy98765	李传影	优先出款会员 (16)
ch901	成炳辉	优先出款会员 (16)
jy1314520	曹春静	优先出款会员 (16)
san1122	牛月兰	优先出款会员 (16)
yzd820	杨正东	优先出款会员 (16)
aass5201314	何金峰	优先出款会员 (16)
w525222	王平浩	优先出款会员 (16)
13813473700	刘欠欠	优先出款会员 (16)
18876987296	吴嘉嘉	优先出款会员 (16)
18906001539	刘远清	优先出款会员 (16)
jkl857412	赖帅通	优先出款会员 (16)
jili888666	李淑芬	优先出款会员 (16)
604068727	王竞超	优先出款会员 (16)
aaaaa188	徐思华	优先出款会员 (16)
why12345678	王浩宇	优先出款会员 (16)
gtwl9888	李海涛	优先出款会员 (16)
zsk888	钟少康	优先出款会员 (16)
17790015489	高达	优先出款会员 (16)
w88488	张冲	优先出款会员 (16)
wnb147258	万宁波	优先出款会员 (16)
zyl7332259	郑英雷	优先出款会员 (16)
qin19999	秦细弟	优先出款会员 (16)
q19940918	麦宇豪	优先出款会员 (16)
qting123	李思婷	优先出款会员 (16)
yan17334	赵海彦	优先出款会员 (16)
yhl7001	杨华丽	优先出款会员 (16)
qianqian354	闵倩倩	优先出款会员 (16)
wlh2619	卫丽红	优先出款会员 (16)
yan8344	李艳呢	优先出款会员 (16)
784053269	许淋博	优先出款会员 (16)
liuzheng	刘正	优先出款会员 (16)
ztt888	韦逸云	优先出款会员 (16)
llh123456	吕隶红	优先出款会员 (16)
zz992211	杨子	优先出款会员 (16)
136244ab	黄胜光	优先出款会员 (16)
songling88	宋琳琅	优先出款会员 (16)
zjf888	张建峰	优先出款会员 (16)
acd1996	王影	优先出款会员 (16)
lhl2246	卢红玲	优先出款会员 (16)
987650	张木水	优先出款会员 (16)
13579968171	陈宏图	优先出款会员 (16)
ai626	郑玉爱	优先出款会员 (16)
ss0877	王小帅	优先出款会员 (16)
li777	高艳丽	优先出款会员 (16)
zzxcvbnm	张娟	优先出款会员 (16)
gjh000521	高甲辉	优先出款会员 (16)
qq821747579	范志杰	优先出款会员 (16)
jss60200	蒋慎宽	优先出款会员 (16)
lhs123456	刘浩森	优先出款会员 (16)
guobb88	郭建辉	优先出款会员 (16)
13512767818	覃宗恒	优先出款会员 (16)
zwy340621	张文友	优先出款会员 (16)
393490022	张定义	优先出款会员 (16)
zhang510681	张黎	优先出款会员 (16)
aa669849	潘俊博	优先出款会员 (16)
tk2201	黄伟辉	优先出款会员 (16)
gpp7596	高盼盼	优先出款会员 (16)
asd6789	林广城	优先出款会员 (16)
cyl888999	陈业莲	优先出款会员 (16)
xsq812	谢坤莹	优先出款会员 (16)
rxl0318	任笑林	优先出款会员 (16)
zlz123	张丽珍	优先出款会员 (16)
wp789100	王萍	优先出款会员 (16)
13703574144	王午峰	优先出款会员 (16)
wss1991	王珊珊	优先出款会员 (16)
cheng522	卢程程	优先出款会员 (16)
yx0827	杨晨晓	优先出款会员 (16)
zengbinglin	曾炳林	优先出款会员 (16)
xs6688	张伟红	优先出款会员 (16)
xql6054	徐乾隆	优先出款会员 (16)
zzzz8888	黄洛强	优先出款会员 (16)
yang432524	杨松长	优先出款会员 (16)
aa2475	郑表勇	优先出款会员 (16)
zz3344179	靳翠珍	优先出款会员 (16)
pfdj00	丁静	优先出款会员 (16)
mb5577	孟彬	优先出款会员 (16)
wsq21580	魏守棋	优先出款会员 (16)
hxy4301	黄翔宇	优先出款会员 (16)
zyt9009	郑玉天	优先出款会员 (16)
qq1322	林振海	优先出款会员 (16)
a1872433024	韦将斌	优先出款会员 (16)
13937246701	王文解	优先出款会员 (16)
zhao1979	赵丽华	优先出款会员 (16)
ymm6054	叶蒙蒙	优先出款会员 (16)
xyc1	蔡婧	优先出款会员 (16)
cytgs0	陈雨廷	优先出款会员 (16)
stm6054	邵天民	优先出款会员 (16)
zhaohua	方云贵	优先出款会员 (16)
lx2709	刘仙	优先出款会员 (16)
15982826463	刘丽	优先出款会员 (16)
wdd5178	王冬冬	优先出款会员 (16)
lin2652725	林聪	优先出款会员 (16)
304063590	文瑜	优先出款会员 (16)
18728761475	张大成	优先出款会员 (16)
xqz1314	许琴珍	优先出款会员 (16)
xuxz23	许贤昭	优先出款会员 (16)
yuchangwei	余昌伟	优先出款会员 (16)
060101	毕秀	优先出款会员 (16)
kkg789	王明强	优先出款会员 (16)
lp1038641531	刘攀	优先出款会员 (16)
wjm1688	吴家敏	优先出款会员 (16)
lvchen123	吕陈斌	优先出款会员 (16)
g727319	葛伯华	优先出款会员 (16)
dds11053963	韦凤	优先出款会员 (16)
th1500	唐昊	优先出款会员 (16)
cj069375	陈静	优先出款会员 (16)
588688788z	张海东	优先出款会员 (16)
17696548606	王欢欢	优先出款会员 (16)
swl1234	孙文亮	优先出款会员 (16)
jue6279	莫爵营	优先出款会员 (16)
ljj7097	李俊杰	优先出款会员 (16)
wwe448581502	李长溪	优先出款会员 (16)
c253156	程翔	优先出款会员 (16)
zhenhua526	李振华	优先出款会员 (16)
b719886699	陈文武	优先出款会员 (16)
acabc	陈楷龙	优先出款会员 (16)
fxmd520	王兆祥	优先出款会员 (16)
qq2107198275	冯冠日	优先出款会员 (16)
dsfzg918	杜尚风	优先出款会员 (16)
q1322678	梁志鹏	优先出款会员 (16)
1803120821	何婉霞	优先出款会员 (16)
qzw445566	钱志惠	优先出款会员 (16)
hx12345	黄侠	优先出款会员 (16)
925887019	李自勇	优先出款会员 (16)
yuest808077	王小欢	优先出款会员 (16)
ajun118	毛军	优先出款会员 (16)
gengchuang	耿闯	优先出款会员 (16)
qq6565888	马荣涛	优先出款会员 (16)
kqj914	柯琼俊	优先出款会员 (16)
fhs123456	范红生	优先出款会员 (16)
13525764773	彭进伟	优先出款会员 (16)
qq30110300	黄俊杰	优先出款会员 (16)
hf0745	黄峰	优先出款会员 (16)
erwanzhang	张彬	优先出款会员 (16)
591671408	庞军	优先出款会员 (16)
yang1314run	杨润	优先出款会员 (16)
zxc369180	张华荣	优先出款会员 (16)
zc170712	张冲	优先出款会员 (16)
xue1122	芈雪	优先出款会员 (16)
15920097876	沈铭柱	优先出款会员 (16)
jbliang	姜大柱	优先出款会员 (16)
uu147258369	刘世超	优先出款会员 (16)
cy172428	彭小连	优先出款会员 (16)
lyh065729	卢养宏	优先出款会员 (16)
jxy1092	蒋秀英	优先出款会员 (16)
gu19871100	古明伟	优先出款会员 (16)
s888	邵勇坤	优先出款会员 (16)
z3363728	张水林	优先出款会员 (16)
qr520	沈亚鑫	优先出款会员 (16)
q07775	梁河富	优先出款会员 (16)
18819303597	汤华兵	优先出款会员 (16)
yy998899	蓝艺玲	优先出款会员 (16)
wjj0317	武晶晶	优先出款会员 (16)
hzj1314	黄宗菊	优先出款会员 (16)
cc0012	王雷	优先出款会员 (16)
33339999	罗金泉	优先出款会员 (16)
17353868366	张坤	优先出款会员 (16)
tongjiang1	刘雷	优先出款会员 (16)
hui64531491	王辉	优先出款会员 (16)
swb350624	杨幼梅	优先出款会员 (16)
hysxhj2544	谢汉剑	优先出款会员 (16)
o2031888	王宁宁	优先出款会员 (16)
d1430648281	董学文	优先出款会员 (16)
guo201218	郭明香	优先出款会员 (16)
bsgy666	曹国志	优先出款会员 (16)
gaijiankun	盖鲁海	优先出款会员 (16)
ye0108	纪晔	优先出款会员 (16)
falo168168	刘海军	优先出款会员 (16)
zhong138148	钟飞谊	优先出款会员 (16)
1625424878	王富兵	优先出款会员 (16)
wang190328	王帅	优先出款会员 (16)
h13696270887	赖江	优先出款会员 (16)
a88889990	陈清发	优先出款会员 (16)
ou2233	欧学连	优先出款会员 (16)
lei2301	黎磊	优先出款会员 (16)
zzg23991917	张振国	优先出款会员 (16)
a654830	林曦	优先出款会员 (16)
h2019	韩玉勇	优先出款会员 (16)
z657107	张伟男	优先出款会员 (16)
jn0519	章江南	优先出款会员 (16)
ii333333	廖学宏	优先出款会员 (16)
a215508181	黄建还	优先出款会员 (16)
yan3758	林春艳	优先出款会员 (16)
zyf191224	张云芳	优先出款会员 (16)
wzyyxd512	杨旭东	优先出款会员 (16)
luo961022	罗志鑫	优先出款会员 (16)
sg888	官峰	优先出款会员 (16)
zlqfdc88	张连其	优先出款会员 (16)
583650008	孔德鹏	优先出款会员 (16)
lyf0689	马鑫明	优先出款会员 (16)
hiao1989	梁艳冰	优先出款会员 (16)
dl1949	何道林	优先出款会员 (16)
zbm609148870	郑炳茂	优先出款会员 (16)
abcd123123	黄华生	优先出款会员 (16)
0856tyz	田亚洲	优先出款会员 (16)
ly5555	何浩	优先出款会员 (16)
13349232154	杨涛	优先出款会员 (16)
asd8859848	黄国玲	优先出款会员 (16)
ssj16020	宋世杰	优先出款会员 (16)
wei8417	杨伟	优先出款会员 (16)
he0605	何其骏	优先出款会员 (16)
zml1122	张明磊	优先出款会员 (16)
a15177724328	邓表月	优先出款会员 (16)
zxcv1217	颜海兵	优先出款会员 (16)
why1980	温红英	优先出款会员 (16)
zxjyj0	张晓静	优先出款会员 (16)
lxg1122	刘西光	优先出款会员 (16)
m1526542	陈嘉鑫	优先出款会员 (16)
06806	薛宇	优先出款会员 (16)
3425941183	丁选涛	优先出款会员 (16)
hu529529	仇阿芬	优先出款会员 (16)
hxh061320	黄心卉	优先出款会员 (16)
lkj5566	刘秋东	优先出款会员 (16)
18969453738	叶娟香	优先出款会员 (16)
xdb2200	谢东波	优先出款会员 (16)
ygg970422	杨光	优先出款会员 (16)
qifei1234567	齐飞	优先出款会员 (16)
junjun888	王艳君	优先出款会员 (16)
wuhao320	吴好	优先出款会员 (16)
yuanjiangfan	袁江凡	优先出款会员 (16)
ll0729	吕浪	优先出款会员 (16)
mx0789	闵忠勇	优先出款会员 (16)
a158183	杨朋	优先出款会员 (16)
a684665	黄检平	优先出款会员 (16)
a12791602	向修艺	优先出款会员 (16)
sl12345	陈晓怡	优先出款会员 (16)
wz1992	王政	优先出款会员 (16)
chs123	陈华沙	优先出款会员 (16)
jx818268	邓桔香	优先出款会员 (16)
17605758583	周成	优先出款会员 (16)
cf597458013	黎朝锋	优先出款会员 (16)
wmm1071	王蒙蒙	优先出款会员 (16)
gmp136	耿曼	优先出款会员 (16)
sww0702	孙维维	优先出款会员 (16)
yyyy	严政	优先出款会员 (16)
hgy0123	黄广裕	优先出款会员 (16)
zyy3172	赵洋洋	优先出款会员 (16)
xt147258	薛涛	优先出款会员 (16)
yslxy1	杨思利	优先出款会员 (16)
gc2012	郭城	优先出款会员 (16)
yqm1234	杨启美	优先出款会员 (16)
apache	罗方鼎	优先出款会员 (16)
13358357888	林传云	优先出款会员 (16)
w453184620	冯爵为	优先出款会员 (16)
qq772539295	林政杰	优先出款会员 (16)
mqq5813	满晴晴	优先出款会员 (16)
lyp7758	李尹平	优先出款会员 (16)
y6261	习文明	优先出款会员 (16)
1280009428	李平	优先出款会员 (16)
hao2802	李昊	优先出款会员 (16)
jp1314	张金平	优先出款会员 (16)
acy7718	昂朝友	优先出款会员 (16)
qiangniubi0	杜志强	优先出款会员 (16)
xh46864	徐浩	优先出款会员 (16)
dgs558	杜尚风	优先出款会员 (16)
huya1234	胡亚	优先出款会员 (16)
wyj5974	王雅君	优先出款会员 (16)
vivalive	莫博豪	优先出款会员 (16)
lmb964941675	李茂丙	优先出款会员 (16)
q13697984741	王富强	优先出款会员 (16)
15107078207	黄智超	优先出款会员 (16)
ssj9620	孙世杰	优先出款会员 (16)
2652726	焦晨涛	优先出款会员 (16)
yage123	何金花	优先出款会员 (16)
aa1323	张汉泽	优先出款会员 (16)
yzg19871221	杨志钢	优先出款会员 (16)
lzj258852	李智君	优先出款会员 (16)
a13420266102	覃清勤	优先出款会员 (16)
18067142839	李华	优先出款会员 (16)
lsp1982	连素萍	优先出款会员 (16)
lj1820816791	罗吉	优先出款会员 (16)
hy99	叶德胜	优先出款会员 (16)
c15870887977	陈小强	优先出款会员 (16)
zxcq88	王兴华	优先出款会员 (16)
xxh0505	肖雄海	优先出款会员 (16)
18084210749	张廷科	优先出款会员 (16)
tao1243	陈涛	优先出款会员 (16)
532590122	侯磊	优先出款会员 (16)
1138233245	邓小远	优先出款会员 (16)
aa177128	陈辉	优先出款会员 (16)
aski4393	阿卜杜赛麦提·艾米尔江	优先出款会员 (16)
zx9204	张夏	优先出款会员 (16)
xb139	吉小斌	优先出款会员 (16)
whl2750	王海连	优先出款会员 (16)
w943521	王哲	优先出款会员 (16)
nyytf1	杨廷法	优先出款会员 (16)
hjj123456	胡进进	优先出款会员 (16)
qw411411	肖芙蓉	优先出款会员 (16)
lm93000	刘蒙	优先出款会员 (16)
mr82673	梁其文	优先出款会员 (16)
995257097	侯付强	优先出款会员 (16)
xbj1968	谢秉兼	优先出款会员 (16)
gy1058031559	郭发英	优先出款会员 (16)
wzj823374	王祝京	优先出款会员 (16)
phx123456789	彭洪想	优先出款会员 (16)
825148	吴永林	优先出款会员 (16)
kimko126	李晓薇	优先出款会员 (16)
yy960323	吴东阳	优先出款会员 (16)
911888	吴刚	优先出款会员 (16)
15918985993	官伟有	优先出款会员 (16)
hh0654	黄淮	优先出款会员 (16)
hl1949	田红磊	优先出款会员 (16)
lyf183	李杨凡	优先出款会员 (16)
hezuobin	贺佐斌	优先出款会员 (16)
411105292yy	杨志远	优先出款会员 (16)
shenyuxiang8	杨林	优先出款会员 (16)
snn818	孙南南	优先出款会员 (16)
dl383838	丁乐乐	优先出款会员 (16)
fxfx7xc	周吉良	优先出款会员 (16)
hp521	韩平	优先出款会员 (16)
abc2325117	汝吉和	优先出款会员 (16)
lt13827	刘团旭	优先出款会员 (16)
xsx1234567	饶善贤	优先出款会员 (16)
hqy3467	贺全言	优先出款会员 (16)
liuchenglong	刘成龙	优先出款会员 (16)
sy523539814	高勇	优先出款会员 (16)
13962249366	徐光伟	优先出款会员 (16)
zxjyhws	霍文帅	优先出款会员 (16)
jingchang	钟晶昌	优先出款会员 (16)
yubiao1	余标	优先出款会员 (16)
lxc2177	李雪辰	优先出款会员 (16)
spilos	艾乃斯·阿迪力	优先出款会员 (16)
kuang12312	况敬军	优先出款会员 (16)
q2872843	何伟龙	优先出款会员 (16)
leidada6	张镭	优先出款会员 (16)
z9553333	张笑天	优先出款会员 (16)
lyt7769	刘雨停	优先出款会员 (16)
xiaohai4232	海明慧	优先出款会员 (16)
amyggg	关鑫	优先出款会员 (16)
w522477	王剑涛	优先出款会员 (16)
qpcwjz	秦普昌	优先出款会员 (16)
13346370868	翟文生	优先出款会员 (16)
lgl6189	刘光亮	优先出款会员 (16)
wj19941214	吴江	优先出款会员 (16)
tj19801215	谢小军	优先出款会员 (16)
xq7479	钟秀钦	优先出款会员 (16)
18028986868	蒋堂忠	优先出款会员 (16)
dw9773	丁伟	优先出款会员 (16)
nz524074	杨进武	优先出款会员 (16)
xzy1055	肖宗誉	优先出款会员 (16)
jk6900	毛江坤	优先出款会员 (16)
328228318369	王亚飞	优先出款会员 (16)
jiuping666	肖九平	优先出款会员 (16)
99872zhy	苏松莞	优先出款会员 (16)
ww8798	吴晓晓	优先出款会员 (16)
zw64280	周伟	优先出款会员 (16)
cp6688	陈萍	优先出款会员 (16)
sl1998102	于东	优先出款会员 (16)
gkimqmq	赖钢	优先出款会员 (16)
qhuang88	黄达	优先出款会员 (16)
18132989989	谢会军	优先出款会员 (16)
130625	农彩蚕	优先出款会员 (16)
18357580958	刘春涛	优先出款会员 (16)
lp831510	孙丽平	优先出款会员 (16)
mjs592	毛仁杰	优先出款会员 (16)
wq5976	武倩	优先出款会员 (16)
dubo666	蓝杰	优先出款会员 (16)
354924334	韦茂顺	优先出款会员 (16)
zyg123456	郑永刚	优先出款会员 (16)
zhu170501	朱柯馨	优先出款会员 (16)
maokang3333	毛永青	优先出款会员 (16)
13607537677	林建辉	优先出款会员 (16)
hx0922	胡醒	优先出款会员 (16)
fei6167790	陈晶	优先出款会员 (16)
445575992	张文锋	优先出款会员 (16)
liubiliuhua	朱军	优先出款会员 (16)
zy065324	张雅	优先出款会员 (16)
ldani0226	周伟	优先出款会员 (16)
jsl2439	蒋守龙	优先出款会员 (16)
kz12345	张珂	优先出款会员 (16)
wy7883	王合义	优先出款会员 (16)
maolin	陈茂林	优先出款会员 (16)
lj19950726	罗健	优先出款会员 (16)
50019	张金伟	优先出款会员 (16)
xcl258369	许成龙	优先出款会员 (16)
s18355343343	宋洋	优先出款会员 (16)
qq4404	陈钦	优先出款会员 (16)
jz98188	贾壮壮	优先出款会员 (16)
1774014611	罗顺仁	优先出款会员 (16)
yu4341	何德玉	优先出款会员 (16)
mtf1023	马腾飞	优先出款会员 (16)
fc9662	冯超	优先出款会员 (16)
xixi88698824	高华	优先出款会员 (16)
shuainanxu	张旭	优先出款会员 (16)
15107059874	陈家宇	优先出款会员 (16)
gao940121	高宇航	优先出款会员 (16)
lkx1234	李凯旋	优先出款会员 (16)
chen3085	陈丁南	优先出款会员 (16)
wm2044	王免	优先出款会员 (16)
cyh753158	蔡玉华	优先出款会员 (16)
826313	黄丰全	优先出款会员 (16)
xzh72332	徐镇华	优先出款会员 (16)
zy7208	张艳	优先出款会员 (16)
lky0153	赖开云	优先出款会员 (16)
kpndxjj	许志敏	优先出款会员 (16)
feng010ok	刘锋	优先出款会员 (16)
q1522841134	余淏	优先出款会员 (16)
l18320244823	刘勇辉	优先出款会员 (16)
a666666a	杨磊	优先出款会员 (16)
myrang1988	冯宗明	优先出款会员 (16)
zwd6464	张伟东	优先出款会员 (16)
yhf7831217	叶和芳	优先出款会员 (16)
18782825690	黄忠	优先出款会员 (16)
lyh1999	李艺昊	优先出款会员 (16)
lgy546520	吕广云	优先出款会员 (16)
hq910110	韩奇	优先出款会员 (16)
a07485	潘柳任	优先出款会员 (16)
hz2042	石洪滔	优先出款会员 (16)
zy218218	章艳	优先出款会员 (16)
h6228481135	何淑英	优先出款会员 (16)
fgq4072	房国庆	优先出款会员 (16)
18376457299	黄腾辉	优先出款会员 (16)
lyf4936	陈海燕	优先出款会员 (16)
13304359965	庞志远	优先出款会员 (16)
1506174663	李弯弯	优先出款会员 (16)
huguagua9	戈佳佳	优先出款会员 (16)
c10103	苑红涛	优先出款会员 (16)
jin721123	林金平	优先出款会员 (16)
aafegaa8888	朱全利	优先出款会员 (16)
sl4215	苏乐	优先出款会员 (16)
qwer334456	郑辉煌	优先出款会员 (16)
ncm998	朱望杰	优先出款会员 (16)
qq462361318	王方	优先出款会员 (16)
a1954731767	杜冬唐	优先出款会员 (16)
dgh19895	丁光辉	优先出款会员 (16)
meiqi63	王梅琪	优先出款会员 (16)
w871607918	王力	优先出款会员 (16)
250581114	唐欢	优先出款会员 (16)
15925302878	林聪	优先出款会员 (16)
18267912662	张五松	优先出款会员 (16)
zcb1618	张春兵	优先出款会员 (16)
llll587587	林华毅	优先出款会员 (16)
ww867849	王智辉	优先出款会员 (16)
wcb7632	王春保	优先出款会员 (16)
1305679431	赵建林	优先出款会员 (16)
lyh0259	廉永恒	优先出款会员 (16)
f5656258369	冯大吉	优先出款会员 (16)
13425558302	陈开德	优先出款会员 (16)
ly1225	刘影	优先出款会员 (16)
aa1258868	陈文哲	优先出款会员 (16)
wq2578	韦芹	优先出款会员 (16)
zz3536	王惠强	优先出款会员 (16)
ly8665	李跃	优先出款会员 (16)
my6654	孟转运	优先出款会员 (16)
yy998362	杨文金	优先出款会员 (16)
ganzhenli	甘振利	优先出款会员 (16)
bg1314520	肖守兵	优先出款会员 (16)
wwxx666	袁野	优先出款会员 (16)
jiao122712	焦闯	优先出款会员 (16)
hyy0913	韩营营	优先出款会员 (16)
ali888888	余文杰	优先出款会员 (16)
longyalan99	龙增福	优先出款会员 (16)
cqi4085	洪彩连	优先出款会员 (16)
yqw123	余倩文	优先出款会员 (16)
3213972363lm	周骏飞	优先出款会员 (16)
1014209503	赵恒	优先出款会员 (16)
wy19960519803	王新新	优先出款会员 (16)
pb5337	彭波	优先出款会员 (16)
mianxiu198	陈绵秀	优先出款会员 (16)
888lwh	林文焕	优先出款会员 (16)
sdt7715	石德天	优先出款会员 (16)
xx1942	方杰	优先出款会员 (16)
zll1106	张家林	优先出款会员 (16)
zht0627	赵红涛	优先出款会员 (16)
q586	王智盛	优先出款会员 (16)
qq4133216163	黄伟杰	优先出款会员 (16)
wusmwj	吴术美	优先出款会员 (16)
szs6054	邵子申	优先出款会员 (16)
z125900	颜叶	优先出款会员 (16)
sf6500	宋飞	优先出款会员 (16)
cynthiawmz	巫美珍	优先出款会员 (16)
zcl97031	朱成林	优先出款会员 (16)
hjj5188	黄佳霁	优先出款会员 (16)
terrific	李文	优先出款会员 (16)
xky811	陈意萍	优先出款会员 (16)
zll0713	张龙龙	优先出款会员 (16)
1301340	孔繁超	优先出款会员 (16)
5188zxy	张红梅	优先出款会员 (16)
lishan123	李善彬	优先出款会员 (16)
yp2777	曾玉棚	优先出款会员 (16)
cwd1101	陈武德	优先出款会员 (16)
2551705481	陈开	优先出款会员 (16)
qw9506	赖泽亮	优先出款会员 (16)
liu3986	林豪云	优先出款会员 (16)
1084321937	汪鹏	优先出款会员 (16)
lvpin2017	吕品	优先出款会员 (16)
whx156777	王海侠	优先出款会员 (16)
chen123500	陈海锋	优先出款会员 (16)
dgw666	邓光文	优先出款会员 (16)
tohtimamat34	托合提麦麦提·努尔麦麦提	优先出款会员 (16)
hsb1995	黄尚辉	优先出款会员 (16)
zs0928	张松	优先出款会员 (16)
18749388037	张顺军	优先出款会员 (16)
huhai123	胡海林	优先出款会员 (16)
q223578	张文有	优先出款会员 (16)
xlf521408	向利芬	优先出款会员 (16)
alexdxl	丁小龙	优先出款会员 (16)
abc111888	刘春生	优先出款会员 (16)
258012	郭祥英	优先出款会员 (16)
tmz303128659	涂民哲	优先出款会员 (16)
170717ab	周东霞	优先出款会员 (16)
zh9102	周华	优先出款会员 (16)
zhuzhuxia666	任永亮	优先出款会员 (16)
xinchang	陈善举	优先出款会员 (16)
z1234z	郑祝凤	优先出款会员 (16)
chch449908	张春花	优先出款会员 (16)
mm360221	戴怀民	优先出款会员 (16)
zy5500	纵亚	优先出款会员 (16)
changhu1	林昌湖	优先出款会员 (16)
cxl6666	陈谢林	优先出款会员 (16)
hp9271	黄鹏	优先出款会员 (16)
ap54321	袁爱萍	优先出款会员 (16)
liucang123	刘藏	优先出款会员 (16)
13642888727	李玲	优先出款会员 (16)
myf136139	孟玉凤	优先出款会员 (16)
lxt9667	刘鑫涛	优先出款会员 (16)
yyl1003	杨艳玲	优先出款会员 (16)
6098606666	曹雪松	优先出款会员 (16)
lkai	刘开	优先出款会员 (16)
19934319394	徐丽	优先出款会员 (16)
wzlzx1	吴增来	优先出款会员 (16)
shuaibei666	王奇峰	优先出款会员 (16)
jiada0917	司徒嘉达	优先出款会员 (16)
cw452536	陈威	优先出款会员 (16)
b987654321	钱石保	优先出款会员 (16)
lan870212	兰勃	优先出款会员 (16)
w13903118132	朱英慧	优先出款会员 (16)
xzhguo	肖兆国	优先出款会员 (16)
a402312384	蔡振元	优先出款会员 (16)
li12312	李朋	优先出款会员 (16)
zkh1994	赵宽红	优先出款会员 (16)
wxx0206	王孝学	优先出款会员 (16)
lyc6570	李永财	优先出款会员 (16)
qq770766	梁志坤	优先出款会员 (16)
chl0411	陈华玲	优先出款会员 (16)
liufeng00	柳峰	优先出款会员 (16)
cyy1101	陈圆圆	优先出款会员 (16)
yu88888	余游	优先出款会员 (16)
gy7573	耿岩靖	优先出款会员 (16)
caijianzhong	蔡健忠	优先出款会员 (16)
13720822480	郑雨婷	优先出款会员 (16)
xiaowen1314	齐绍文	优先出款会员 (16)
csy1894	陈思雨	优先出款会员 (16)
fxj204297	冯晓甲	优先出款会员 (16)
poi098	颜欢	优先出款会员 (16)
8686668bwx	王小波	优先出款会员 (16)
13486	罗泽忠	优先出款会员 (16)
wl12121	万龙	优先出款会员 (16)
198413	田文海	优先出款会员 (16)
fxiaoyou6699	符德宽	优先出款会员 (16)
804645236	杨通成	优先出款会员 (16)
747765005	李茜茜	优先出款会员 (16)
lq3727	刘艺强	优先出款会员 (16)
zoudaiyi	邹代银	优先出款会员 (16)
fqr666888	符其仁	优先出款会员 (16)
18521082353	孙元发	优先出款会员 (16)
tev470458	徐凤	优先出款会员 (16)
yyyiwow	纪振华	优先出款会员 (16)
zz951123	张俊笙	优先出款会员 (16)
aa880213	陈两太	优先出款会员 (16)
h247694	何宏亮	优先出款会员 (16)
lyf4831	苏晓伦	优先出款会员 (16)
sunyuhu	孙玉虎	优先出款会员 (16)
hs8387	陈华沙	优先出款会员 (16)
wzl456	王子龙	优先出款会员 (16)
wb4002	王犇	优先出款会员 (16)
13634188626	刘元国	优先出款会员 (16)
pjh0603	彭建豪	优先出款会员 (16)
qm011464	唐秋妹	优先出款会员 (16)
koiy1111	林思远	优先出款会员 (16)
lingxiao123	侯亚芹	优先出款会员 (16)
qqww6672	符常武	优先出款会员 (16)
zyqxy0	张玉倩	优先出款会员 (16)
921973254	钟意	优先出款会员 (16)
aa22255	谢向安	优先出款会员 (16)
lcq8073	李楚翘	优先出款会员 (16)
sw100200	孙武	优先出款会员 (16)
zlg9944	周丽国	优先出款会员 (16)
8989	赵鑫	优先出款会员 (16)
gaolei11	高磊	优先出款会员 (16)
13715687975	何威军	优先出款会员 (16)
18392101244	卢杨	优先出款会员 (16)
wl7392	王蕾	优先出款会员 (16)
lzp19940239	李兆平	优先出款会员 (16)
yourankele	刘华平	优先出款会员 (16)
x58567842	高文雄	优先出款会员 (16)
yang199095	杨为	优先出款会员 (16)
a182489509	王文超	优先出款会员 (16)
liguichun	李贵春	优先出款会员 (16)
wzh6161	武中欢	优先出款会员 (16)
pwl6778	彭伟林	优先出款会员 (16)
h12345666	胡艳波	优先出款会员 (16)
scq1994	石传琦	优先出款会员 (16)
sn201609	张秀华	优先出款会员 (16)
yu189	邓承芳	优先出款会员 (16)
a92342888	张剑雄	优先出款会员 (16)
124780658	游海英	优先出款会员 (16)
yy357	廖渊明	优先出款会员 (16)
qq344924	周伟	优先出款会员 (16)
18300043996	罗礼航	优先出款会员 (16)
hj5566778899	原华杰	优先出款会员 (16)
wenzi136	文俊	优先出款会员 (16)
963852741	邓敬伟	优先出款会员 (16)
lsj4791	鲁士杰	优先出款会员 (16)
b61660	宋雪	优先出款会员 (16)
zou9401	邹智斌	优先出款会员 (16)
jzbigsea	兰平	优先出款会员 (16)
13463004830	董健辉	优先出款会员 (16)
alian0	钱丹	优先出款会员 (16)
wcg2002	王晨光	优先出款会员 (16)
yb2020	王达帅	优先出款会员 (16)
swy258369	宋伟影	优先出款会员 (16)
wangzhe333	何洪允	优先出款会员 (16)
nds5131	牛道硕	优先出款会员 (16)
long0080	秦建龙	优先出款会员 (16)
lmm1212	刘贻美	优先出款会员 (16)
wxf555888	温贤峰	优先出款会员 (16)
zhengqingli	郑清利	优先出款会员 (16)
xiaoxilu321	肖希绿	优先出款会员 (16)
dss1222	邓思思	优先出款会员 (16)
mc11022	哈士奇	优先出款会员 (16)
lzh1211	李振华	优先出款会员 (16)
tong1110	林桐任	优先出款会员 (16)
fc74521fc	黄季民	优先出款会员 (16)
xiangr	张传想	优先出款会员 (16)
smq888	孙梦晴	优先出款会员 (16)
zqz666	张乾州	优先出款会员 (16)
a8binga	郑焕斌	优先出款会员 (16)
13688	郑灿豪	优先出款会员 (16)
yushuang1100	喻爽	优先出款会员 (16)
zhul5210	祝琳	优先出款会员 (16)
mam123	宋雷雷	优先出款会员 (16)
yan65267345	闫青松	优先出款会员 (16)
sff820320	李志标	优先出款会员 (16)
pxgj168598	王照翔	优先出款会员 (16)
bb940523	张传兵	优先出款会员 (16)
a88083313	周章乐	优先出款会员 (16)
aa987697	张德明	优先出款会员 (16)
mlh1913	孟令行	优先出款会员 (16)
651127271	刘波	优先出款会员 (16)
17715280664	沈梁	优先出款会员 (16)
huyong2018	胡勇	优先出款会员 (16)
zb7788	周斌	优先出款会员 (16)
574034822	黄小群	优先出款会员 (16)
taiyang	毛春娥	优先出款会员 (16)
aixue1314	赵宇飞	优先出款会员 (16)
13393717974	程魏高	优先出款会员 (16)
xiao520159	肖国其	优先出款会员 (16)
lw123321	李伟	优先出款会员 (16)
cl991118	陈利	优先出款会员 (16)
yjb3344	杨建平	优先出款会员 (16)
guizhong818	罗桂忠	优先出款会员 (16)
504726695a	董涛	优先出款会员 (16)
lr0000	李蓉	优先出款会员 (16)
xuehuijin	薛慧金	优先出款会员 (16)
lsyjs251	李淑影	优先出款会员 (16)
liy19824	李莉	优先出款会员 (16)
17711465657	孟令泽	优先出款会员 (16)
852487527	陆耀奇	优先出款会员 (16)
liu12345678	刘鹏鹏	优先出款会员 (16)
zhangjinfa98	章近法	优先出款会员 (16)
zhoujingzhe	周靖哲	优先出款会员 (16)
2996739887	陈杨	优先出款会员 (16)
sunyijia	孙建伟	优先出款会员 (16)
g13793631014	宫思德	优先出款会员 (16)
sky0kk	黄东成	优先出款会员 (16)
yuanqiang	袁强	优先出款会员 (16)
lhj0456	赖华劲	优先出款会员 (16)
cwq118	曹婉秋	优先出款会员 (16)
zm6353	朱毛毛	优先出款会员 (16)
lei773472	雷雨田	优先出款会员 (16)
yy275440166	杨胜	优先出款会员 (16)
fwh0972	冯文辉	优先出款会员 (16)
chenzhilei	陈志磊	优先出款会员 (16)
li740296122	李中瑞	优先出款会员 (16)
zxy6789	张兴怡	优先出款会员 (16)
15103039762	洪绵欢	优先出款会员 (16)
zwt5909	周婉婷	优先出款会员 (16)
hai18755777	孙海棠	优先出款会员 (16)
xo997jian	黄国建	优先出款会员 (16)
li4981	李嘉莹	优先出款会员 (16)
cyy6570	陈媛媛	优先出款会员 (16)
lxcjt1	刘轩成	优先出款会员 (16)
ggg9879	黄小琴	优先出款会员 (16)
hyh041088	黄永华	优先出款会员 (16)
a123456zxc	徐明龙	优先出款会员 (16)
lin24680	林伟杰	优先出款会员 (16)
2338717504	张晶	优先出款会员 (16)
23834	王望	优先出款会员 (16)
lin3857	陈华沙	优先出款会员 (16)
mama123	余美霞	优先出款会员 (16)
ln0508	刘娜	优先出款会员 (16)
chenwenf123	陈文飞	优先出款会员 (16)
13450707189	廖洪超	优先出款会员 (16)
qgg888888	曹琪	优先出款会员 (16)
wy3334	魏银	优先出款会员 (16)
lx86668	柳明星	优先出款会员 (16)
1373753874a	李水全	优先出款会员 (16)
lc8313	梁超	优先出款会员 (16)
linyi1984	林毅	优先出款会员 (16)
wangwei1314	王伟	优先出款会员 (16)
wsc1879	温朔臣	优先出款会员 (16)
mcx521	孟翠侠	优先出款会员 (16)
ls2876	李思	优先出款会员 (16)
wsb19870320	伍少波	优先出款会员 (16)
mika0011	曹奇文	优先出款会员 (16)
dingge456	牛真定	优先出款会员 (16)
ly966857	李谣	优先出款会员 (16)
rjd100200	任京地	优先出款会员 (16)
wyj4774	王雅君	优先出款会员 (16)
kepengwei	柯鹏伟	优先出款会员 (16)
sgq777777	孙光勤	优先出款会员 (16)
zhuhui001	朱可辉	优先出款会员 (16)
hui9548	夏会会	优先出款会员 (16)
qaz478	姚聪明	优先出款会员 (16)
a719205	刘喜兵	优先出款会员 (16)
qbm12345	覃宝明	优先出款会员 (16)
zhaohaihuaa	赵海花	优先出款会员 (16)
sc4347	宋陈	优先出款会员 (16)
asd663466	黄杏廷	优先出款会员 (16)
yp159753	苏艳苹	优先出款会员 (16)
y1364275762	严尚才	优先出款会员 (16)
zt44213113	张涛	优先出款会员 (16)
lpb0909	李鹏彬	优先出款会员 (16)
wx132718	方雯	优先出款会员 (16)
min3000	曾海	优先出款会员 (16)
ctct666888	程太	优先出款会员 (16)
zzc112233	周泽城	优先出款会员 (16)
zys888	张永胜	优先出款会员 (16)
rd587	刘幸新	优先出款会员 (16)
wht9371	魏浩天	优先出款会员 (16)
15898997576	丁明英	优先出款会员 (16)
276769438	李延平	优先出款会员 (16)
wqq456	王晴晴	优先出款会员 (16)
wy63380	王尧	优先出款会员 (16)
dan321	宋惠芳	优先出款会员 (16)
sr1452	符文浩	优先出款会员 (16)
zsl9870	朱士林	优先出款会员 (16)
hu556677	胡小俊	优先出款会员 (16)
zxb17829580	章小彬	优先出款会员 (16)
cy2253	陈艳	优先出款会员 (16)
pp8800425	王智勇	优先出款会员 (16)
183401067	沈梦凡	优先出款会员 (16)
gy4678	高雅	优先出款会员 (16)
lsf456654	刘淑芬	优先出款会员 (16)
xmy199204	徐梦影	优先出款会员 (16)
wgq8971	吴光青	优先出款会员 (16)
fan0001	陈楚帆	优先出款会员 (16)
sue198210311	杨伟	优先出款会员 (16)
md7226	刘楠	优先出款会员 (16)
15858227245	谢地长	优先出款会员 (16)
uio159	崔冬冬	优先出款会员 (16)
xia2125	谢彩侠	优先出款会员 (16)
18682553151	袁振欣	优先出款会员 (16)
baba123	郑合理	优先出款会员 (16)
w353873	谭强	优先出款会员 (16)
wy990329	汪月	优先出款会员 (16)
a18900898592	陈立安	优先出款会员 (16)
msq010306	梅刚	优先出款会员 (16)
wang861213	方孔亮	优先出款会员 (16)
qaz88888888	黄妍	优先出款会员 (16)
1770595610	冉鸿杰	优先出款会员 (16)
526287808	李慧	优先出款会员 (16)
xx1605502	谢旬	优先出款会员 (16)
17665254343	肖惠旺	优先出款会员 (16)
123qwertyui	张创志	优先出款会员 (16)
a1048955300	何进波	优先出款会员 (16)
wj2329	王杰	优先出款会员 (16)
wu6237	吴碧婷	优先出款会员 (16)
dgj1323	杜广娟	优先出款会员 (16)
linfengshou1	林凤寿	优先出款会员 (16)
pan118	潘秀律	优先出款会员 (16)
wx54321	王翔	优先出款会员 (16)
hzw0017	胡忠文	优先出款会员 (16)
a1770595610	冉鸿杰	优先出款会员 (16)
yao2019	要志强	优先出款会员 (16)
lh6541	刘贺	优先出款会员 (16)
lxw9995	刘西吾	优先出款会员 (16)
dzx626947	董正鑫	优先出款会员 (16)
wei5171	柯伟	优先出款会员 (16)
pl2377	潘玲	优先出款会员 (16)
feng9851	秦镇峰	优先出款会员 (16)
pwh19786	庞卫华	优先出款会员 (16)
cbkhngu	邓忠平	优先出款会员 (16)
wxz123	王振	优先出款会员 (16)
18274480613	肖智	优先出款会员 (16)
juan3045	何丽娟	优先出款会员 (16)
ldh168	刘德海	优先出款会员 (16)
zwqs1234567	赵文桥	优先出款会员 (16)
a1371919	李侨乐	优先出款会员 (16)
123hso	詹田全	优先出款会员 (16)
zhbc0631	辛承亮	优先出款会员 (16)
1650951860	陈文文	优先出款会员 (16)
black	唐子惠	优先出款会员 (16)
qq183164	龙惠兰	优先出款会员 (16)
990083	王海燕	优先出款会员 (16)
13579	向毅梅	优先出款会员 (16)
zch1100	张存贺	优先出款会员 (16)
wjl6076	王继林	优先出款会员 (16)
990829	徐伟繁	优先出款会员 (16)
pw950528	彭伟	优先出款会员 (16)
weiaihua	邓向威	优先出款会员 (16)
zhou123456	周坤	优先出款会员 (16)
zzh123	朱振华	优先出款会员 (16)
15946856985	程裕毫	优先出款会员 (16)
cai9870	陈展财	优先出款会员 (16)
wdp3334	吴丹萍	优先出款会员 (16)
kun5211	李坤	优先出款会员 (16)
wl9999	武娄	优先出款会员 (16)
fan0399	黄伟凡	优先出款会员 (16)
gjj188	高景景	优先出款会员 (16)
12278429178	彭磊	优先出款会员 (16)
gd89399	黄光栋	优先出款会员 (16)
lrz7588	李俊辰	优先出款会员 (16)
zg686159	胡惠昌	优先出款会员 (16)
angela0606	黄金凤	优先出款会员 (16)
kke43373	陈乔梅	优先出款会员 (16)
lgy5148	廖光炎	优先出款会员 (16)
1375lys	赖远生	优先出款会员 (16)
chen1365944	陈鹏	优先出款会员 (16)
15820331541	邵镇忠	优先出款会员 (16)
lzw126	李泽威	优先出款会员 (16)
zhongcai957	王景仟	优先出款会员 (16)
13414954004	蔡宗廷	优先出款会员 (16)
36338	张辉凤	优先出款会员 (16)
863235347	殷俊	优先出款会员 (16)
lr012	罗春雨	优先出款会员 (16)
wchang91	王长	优先出款会员 (16)
2017191617	裴清华	优先出款会员 (16)
lyh628888	李锁柱	优先出款会员 (16)
xumingquan	徐明泉	优先出款会员 (16)
syzg1649	孙永啸	优先出款会员 (16)
qq422051498	谭宜志	优先出款会员 (16)
bo1688	李金波	优先出款会员 (16)
zc1260081532	周纯	优先出款会员 (16)
zmy9600	郑梦云	优先出款会员 (16)
wcy7070	王超俞	优先出款会员 (16)
xx1881	陈永朗	优先出款会员 (16)
zxx888	张新想	优先出款会员 (16)
yjus198488	刘新栾	优先出款会员 (16)
hj54321	黄海军	优先出款会员 (16)
baoyin0525	宝音都楞	优先出款会员 (16)
bb5559	沈宝宝	优先出款会员 (16)
ys1009	梁树生	优先出款会员 (16)
xj886	解江江	优先出款会员 (16)
960767012a	吴日东	优先出款会员 (16)
13808411938	易国华	优先出款会员 (16)
17603035383	辜伟涛	优先出款会员 (16)
663651	秦小恩	优先出款会员 (16)
chy728913	陈文宏	优先出款会员 (16)
yryx81125	蔡年生	优先出款会员 (16)
19932057870	彭鸿志	优先出款会员 (16)
why123456789	王浩宇	优先出款会员 (16)
zhw159	赵宏威	优先出款会员 (16)
ly4672	刘义	优先出款会员 (16)
xiaowei168	张小伟	优先出款会员 (16)
chyao5188	姚昌虎	优先出款会员 (16)
qq404458893	杨建华	优先出款会员 (16)
a766708	赵坤	优先出款会员 (16)
cfl1314	陈芳玲	优先出款会员 (16)
cxl931115	陈显琅	优先出款会员 (16)
665547	唐巧梅	优先出款会员 (16)
zd1790	张冬	优先出款会员 (16)
ya335	阎文超	优先出款会员 (16)
ttt1122	唐甜甜	优先出款会员 (16)
hengda888	董慧	优先出款会员 (16)
lian8172	郑金连	优先出款会员 (16)
du111222	杜圣贤	优先出款会员 (16)
45673ygv	杨召秦	优先出款会员 (16)
cjye8888	袁吉成	优先出款会员 (16)
mxl6020	孟祥亮	优先出款会员 (16)
ccy3071	蔡朝应	优先出款会员 (16)
da52050	戴敏达	优先出款会员 (16)
zzw123416	朱志伟	优先出款会员 (16)
fjhuliang	胡亮亮	优先出款会员 (16)
zhaozilu8277	赵子禄	优先出款会员 (16)
li102633	李珊珊	优先出款会员 (16)
l347294	梁玉洁	优先出款会员 (16)
zhj9095	周豪杰	优先出款会员 (16)
lnn8416	刘年年	优先出款会员 (16)
oxj8888	欧贤局	优先出款会员 (16)
bmw20190328	梁杏卓	优先出款会员 (16)
reabercay	陈伟海	优先出款会员 (16)
hj125	郑洪锦	优先出款会员 (16)
gcy6052	郭成云	优先出款会员 (16)
dql2018	杜巧玲	优先出款会员 (16)
qq042216	李强龙	优先出款会员 (16)
asd6841701	肖华建	优先出款会员 (16)
lss332255	刘珊珊	优先出款会员 (16)
zwh88988	朱伟豪	优先出款会员 (16)
xhj123654	徐浩杰	优先出款会员 (16)
w5188	韩生锦	优先出款会员 (16)
aa188aa	彭军	优先出款会员 (16)
gyl54321	高玉兰	优先出款会员 (16)
cz123456	崔振	优先出款会员 (16)
17885642761	蒋星月	优先出款会员 (16)
lly1023	李丽苑	优先出款会员 (16)
yuiopa	杨言清	优先出款会员 (16)
lxx123456	刘修修	优先出款会员 (16)
zsx3691102	张顺鑫	优先出款会员 (16)
zx2930	张侠	优先出款会员 (16)
gz199661	高赞	优先出款会员 (16)
jing2888	陈婧	优先出款会员 (16)
lushuang	卢金霜	优先出款会员 (16)
hylong1314	呼云龙	优先出款会员 (16)
a529078	韦旭佳	优先出款会员 (16)
qq31502222	钟勇	优先出款会员 (16)
w547053089	魏朝	优先出款会员 (16)
nanhong123	南鸿媛	优先出款会员 (16)
ly6371	刘影	优先出款会员 (16)
yz130129	颜己卓	优先出款会员 (16)
zuli3433	祖丽胡玛尔·塔日江	优先出款会员 (16)
wrd7400	王瑞东	优先出款会员 (16)
lly0070	卢梁英	优先出款会员 (16)
qw1122330	谭太刚	优先出款会员 (16)
q1015726569	陈守前	优先出款会员 (16)
zhou1688	周达剑	优先出款会员 (16)
zyc1101	朱羽川	优先出款会员 (16)
13622814285	吴金	优先出款会员 (16)
682229	黄丽娇	优先出款会员 (16)
wl131211	孟莞璐	优先出款会员 (16)
11008611	喻飞	优先出款会员 (16)
yzg12345	殷召雨	优先出款会员 (16)
bo669	詹镇波	优先出款会员 (16)
qq848305466	康义涛	优先出款会员 (16)
ljyy8414	刘晋源	优先出款会员 (16)
872008214	杜攀峰	优先出款会员 (16)
ss2135428	陈恕恕	优先出款会员 (16)
cft2691	程飞腾	优先出款会员 (16)
w1w2	苏飞科	优先出款会员 (16)
lf6998	陆帆	优先出款会员 (16)
txj2019	朱聪	优先出款会员 (16)
jxh1998	蒋秀华	优先出款会员 (16)
sp54321	孙朋	优先出款会员 (16)
zhang1026443	张政	优先出款会员 (16)
tao0809	钞庆涛	优先出款会员 (16)
lm8888	雷敏	优先出款会员 (16)
z1403589218	姜灿	优先出款会员 (16)
zyq927	张彦卿	优先出款会员 (16)
sf1030	孙峰	优先出款会员 (16)
228822ayy	陈永帖	优先出款会员 (16)
285265049	董海雷	优先出款会员 (16)
asd6317778	王瑞	优先出款会员 (16)
yuni	余倪	优先出款会员 (16)
a1183283304	吕秀伟	优先出款会员 (16)
zlsjingjie6	谢晶	优先出款会员 (16)
zzz090720	周振文	优先出款会员 (16)
clw0572	陈令伟	优先出款会员 (16)
18666896215	汪国莲	优先出款会员 (16)
lele12345678	韩雪莉	优先出款会员 (16)
cheii6698	吴秋生	优先出款会员 (16)
dxn123456	邓小女	优先出款会员 (16)
a15070189511	傅旺荣	优先出款会员 (16)
aal9526	姚军波	优先出款会员 (16)
wubin666888	吴兵	优先出款会员 (16)
anan3344	安芳娟	优先出款会员 (16)
zhang199906	张泽	优先出款会员 (16)
xdxd888	许向东	优先出款会员 (16)
w2023205543	邱媛媛	优先出款会员 (16)
qq5969096655	蒋钦涛	优先出款会员 (16)
w010907	韦尚成	优先出款会员 (16)
17771145789	龚广军	优先出款会员 (16)
yjd888888	颜景东	优先出款会员 (16)
xiao66666	肖俊朋	优先出款会员 (16)
ldy820926	李鼎英	优先出款会员 (16)
848610	骆弟儒	优先出款会员 (16)
zhou5563	周长生	优先出款会员 (16)
mb17543	王梦茹	优先出款会员 (16)
ls851110	连盛	优先出款会员 (16)
mxf0268	马旭峰	优先出款会员 (16)
xucuicui	徐翠翠	优先出款会员 (16)
13266360382	陆家俊	优先出款会员 (16)
dingna	丁明雪	优先出款会员 (16)
wuyongning1	武永宁	优先出款会员 (16)
c18789503023	陈月姣	优先出款会员 (16)
zuozhijie	王彬	优先出款会员 (16)
xiang9576	李祥	优先出款会员 (16)
lwr9998	蓝娃尧	优先出款会员 (16)
gxw0913	葛小娃	优先出款会员 (16)
huang4897	黄伟	优先出款会员 (16)
zyz445566	宗叶忠	优先出款会员 (16)
juy166	石桂兰	优先出款会员 (16)
yxl4455	姚小兰	优先出款会员 (16)
18035663012	岳玉挺	优先出款会员 (16)
z18129911893	赵敏	优先出款会员 (16)
lhr1996	刘浩然	优先出款会员 (16)
daxiang	赵学祥	优先出款会员 (16)
cx24	陈啸	优先出款会员 (16)
meicuo	方习玲	优先出款会员 (16)
zhangli927	章莉	优先出款会员 (16)
wzj69217	王志军	优先出款会员 (16)
yan6868	严海林	优先出款会员 (16)
zxc5566	蒋学森	优先出款会员 (16)
a7766477	林善海	优先出款会员 (16)
15296327340	梁海滨	优先出款会员 (16)
xh741250	徐浩	优先出款会员 (16)
hs19870928	侯双	优先出款会员 (16)
364166602	成端荣	优先出款会员 (16)
868686wang	王石贵	优先出款会员 (16)
719610793	卢炳辉	优先出款会员 (16)
zkk1995	朱可可	优先出款会员 (16)
990972710	彭家乐	优先出款会员 (16)
ii888888	陈也	优先出款会员 (16)
sx0730	邵希	优先出款会员 (16)
tjh333	唐建辉	优先出款会员 (16)
fangys181	房宜颂	优先出款会员 (16)
zjs951123	张俊笙	优先出款会员 (16)
zx1239	罗柳红	优先出款会员 (16)
liupeng	刘明	优先出款会员 (16)
mvp369	石佳伟	优先出款会员 (16)
rdc9909	任东臣	优先出款会员 (16)
he2727	何作玲	优先出款会员 (16)
liyifeng0504	梁玉亭	优先出款会员 (16)
302892968	李流峰	优先出款会员 (16)
cyk1122	褚元奎	优先出款会员 (16)
yuan860224	应晓远	优先出款会员 (16)
can9905	林灿	优先出款会员 (16)
cmh1346	程明浩	优先出款会员 (16)
li147258	陈立磊	优先出款会员 (16)
wnv5	黄文念	优先出款会员 (16)
mlp9632111	黄文新	优先出款会员 (16)
dhr1988	邓海荣	优先出款会员 (16)
15752516589	林光	优先出款会员 (16)
su595308	苏英	优先出款会员 (16)
yang181818	杨万鹏	优先出款会员 (16)
100417a	周东霞	优先出款会员 (16)
xing120229	张海玲	优先出款会员 (16)
18810742641	周迎杰	优先出款会员 (16)
sha0595	陈华沙	优先出款会员 (16)
xp6689	谢攀	优先出款会员 (16)
wls3702	吴林生	优先出款会员 (16)
w681110	魏强强	优先出款会员 (16)
ding122130	丁志腾	优先出款会员 (16)
zqj1234567	祝清江	优先出款会员 (16)
kino1234	林茂清	优先出款会员 (16)
asd920824	杨志力	优先出款会员 (16)
zen6168	陈锦珍	优先出款会员 (16)
13103887936	张耀心	优先出款会员 (16)
877137963	王宇	优先出款会员 (16)
wei3052	何伟伟	优先出款会员 (16)
ym0319	国守君	优先出款会员 (16)
zhan258758	张欢	优先出款会员 (16)
ting912067	陈莉婷	优先出款会员 (16)
10086aaaaa	李世富	优先出款会员 (16)
zjy1009	周杰	优先出款会员 (16)
qw5735014	杨兴亮	优先出款会员 (16)
15239215207	户文亮	优先出款会员 (16)
mf1479	任明放	优先出款会员 (16)
yzhu993	岳羽凡	优先出款会员 (16)
woaini3421	刘珊	优先出款会员 (16)
wms1118	王美帅	优先出款会员 (16)
lhs1234567	刘浩森	优先出款会员 (16)
pinktt	张立达	优先出款会员 (16)
lb258054	李兵	优先出款会员 (16)
q37215983	白杨	优先出款会员 (16)
k258699	阚国田	优先出款会员 (16)
286279030	刘树成	优先出款会员 (16)
1114933210	胡惊涛	优先出款会员 (16)
lj2993	刘洁	优先出款会员 (16)
lxd8899	刘学东	优先出款会员 (16)
wsxfff	王世侠	优先出款会员 (16)
q362323	杨小明	优先出款会员 (16)
cc2863	黄清	优先出款会员 (16)
ao3723	葛成奥	优先出款会员 (16)
zjc1234	周井春	优先出款会员 (16)
wx199212345	王雪	优先出款会员 (16)
263823	李赛刁	优先出款会员 (16)
j984622929	吴家俊	优先出款会员 (16)
981414139	张伟东	优先出款会员 (16)
p199199	潘飞	优先出款会员 (16)
bc166059	吴应鹏	优先出款会员 (16)
a757309437	丁茂志	优先出款会员 (16)
a574527777	张淇铭	优先出款会员 (16)
wjq199722	吴佳琪	优先出款会员 (16)
jeffhard	黄伟帆	优先出款会员 (16)
lyq7248	刘艳钦	优先出款会员 (16)
5618	钟友邦	优先出款会员 (16)
ttlj360726	唐来金	优先出款会员 (16)
zhihao888	王志豪	优先出款会员 (16)
66kk	朱小平	优先出款会员 (16)
0964stone	石多天	优先出款会员 (16)
hj12365789	胡杰	优先出款会员 (16)
wanwu1989	易祝金	优先出款会员 (16)
whh1313520	邬恒湖	优先出款会员 (16)
laladui	杨丹	优先出款会员 (16)
hua362431	林华东	优先出款会员 (16)
xrb73	谢容彬	优先出款会员 (16)
pengyang	彭阳	优先出款会员 (16)
qwertyui1	杨团仪	优先出款会员 (16)
liuzong	刘仁	优先出款会员 (16)
cf1348506396	黄东东	优先出款会员 (16)
1152600703	吴成云	优先出款会员 (16)
fxg5139	冯锡贵	优先出款会员 (16)
yd1532	叶秀群	优先出款会员 (16)
gangzai	刘香港	优先出款会员 (16)
luohua	冯果	优先出款会员 (16)
lcq3698	李才群	优先出款会员 (16)
15114284676	郑洪月	优先出款会员 (16)
qq5201314	陈小元	优先出款会员 (16)
wm2017	王克民	优先出款会员 (16)
ty880525	唐宇	优先出款会员 (16)
zzw172216	赵志伟	优先出款会员 (16)
huang5340	黄作勤	优先出款会员 (16)
yeyeyeye	叶聪	优先出款会员 (16)
854824	龙雾	优先出款会员 (16)
ss654789	张玉莲	优先出款会员 (16)
swh111	单文辉	优先出款会员 (16)
1394843017	谢连榜	优先出款会员 (16)
pei808	曾佩瑜	优先出款会员 (16)
100322	卢海滨	优先出款会员 (16)
lw8289	李威	优先出款会员 (16)
lylyz33	李淑影	优先出款会员 (16)
15965572749	刘振	优先出款会员 (16)
ttfc688688	田尚祥	优先出款会员 (16)
mmny55	杜雨	优先出款会员 (16)
lucky123	鹿建文	优先出款会员 (16)
zhangcs	张长寿	优先出款会员 (16)
gaomiaobo	高淼波	优先出款会员 (16)
wangli66	王丽	优先出款会员 (16)
lxx0614	李喜喜	优先出款会员 (16)
1681681688	杨威	优先出款会员 (16)
lxp6639	李雪萍	优先出款会员 (16)
ly0528	雷莹	优先出款会员 (16)
wulihua001	吴丽华	优先出款会员 (16)
hudi888	胡狄	优先出款会员 (16)
jj960627	张娇娇	优先出款会员 (16)
hrx2124	郝儒祥	优先出款会员 (16)
lij678	连启禄	优先出款会员 (16)
fuf294097	陈兴健	优先出款会员 (16)
cz3749	武翠芝	优先出款会员 (16)
jjjfff2	贾飞	优先出款会员 (16)
yangguang20	司友栋	优先出款会员 (16)
17699714999	向阳	优先出款会员 (16)
t050301	邹平	优先出款会员 (16)
5666888	林文斌	优先出款会员 (16)
kell1993	黄恒可	优先出款会员 (16)
whj1389053	林朝金	优先出款会员 (16)
xiong4567684	熊元昌	优先出款会员 (16)
339012485	沈梦凡	优先出款会员 (16)
131460lj	刘建	优先出款会员 (16)
hwd3923	黄文达	优先出款会员 (16)
xiaoli6688	崔晓丽	优先出款会员 (16)
pan0309	卢严松	优先出款会员 (16)
lxy8989	李向阳	优先出款会员 (16)
gaohongxin	高弘鑫	优先出款会员 (16)
xh9356	陈小海	优先出款会员 (16)
kai963	梁凯玉	优先出款会员 (16)
ww97031	王伟	优先出款会员 (16)
lkz1121	刘坤祖	优先出款会员 (16)
taoxiaoming1	陶小明	优先出款会员 (16)
lichunchun	李春	优先出款会员 (16)
lll9188	龙乐乐	优先出款会员 (16)
zcc3052	周翠翠	优先出款会员 (16)
dxm4313	丁小萌	优先出款会员 (16)
bwme6682	蔡金程	优先出款会员 (16)
lpf140212	李鹏飞	优先出款会员 (16)
m18658362026	岑大刚	优先出款会员 (16)
shaolin6688	邵林	优先出款会员 (16)
fh1994	付涵	优先出款会员 (16)
chenchun88	陈幕省	优先出款会员 (16)
dxf123456	邓晓峰	优先出款会员 (16)
cmx147258369	陈明显	优先出款会员 (16)
zy721819	宋宜润	优先出款会员 (16)
jwn4563	蒋皖南	优先出款会员 (16)
pyy1111	潘雪萍	优先出款会员 (16)
cm001	张朝明	优先出款会员 (16)
xiaoda	吴晓达	优先出款会员 (16)
q11223311	谭家玉	优先出款会员 (16)
mm7777	罗映成	优先出款会员 (16)
wl4486	王玲	优先出款会员 (16)
wnn332	王娜娜	优先出款会员 (16)
lhb222	李洪彬	优先出款会员 (16)
xu22052206	徐学程	优先出款会员 (16)
px6275	莫培晓	优先出款会员 (16)
zg1171	张广	优先出款会员 (16)
qqasd685	姚戈	优先出款会员 (16)
lxh2173	刘星华	优先出款会员 (16)
ljj201314	李建军	优先出款会员 (16)
470190138	唐宇航	优先出款会员 (16)
xj5451	徐净	优先出款会员 (16)
wangjingch	王景潮	优先出款会员 (16)
liuzhihua	刘志华	优先出款会员 (16)
1905479406	陈旭洲	优先出款会员 (16)
zyc891225	周云城	优先出款会员 (16)
abc748963890	归振雷	优先出款会员 (16)
tsttst	唐世太	优先出款会员 (16)
jmn1996	靳晴晴	优先出款会员 (16)
xxjj7430	冼晓嘉	优先出款会员 (16)
ax22ax	洪翠言	优先出款会员 (16)
qq4276	刘青能	优先出款会员 (16)
swk72367	朱格利	优先出款会员 (16)
fy967170	付振格	优先出款会员 (16)
2221921c	梁霞	优先出款会员 (16)
zxl9876	张秀兰	优先出款会员 (16)
xb555888	徐桂波	优先出款会员 (16)
deng459	邓翔	优先出款会员 (16)
gg919820	庞源	优先出款会员 (16)
wy136806	彭萍	优先出款会员 (16)
664597588	赵建敏	优先出款会员 (16)
aa356555886	姚东强	优先出款会员 (16)
a131537	韩俊茹	优先出款会员 (16)
zhu28652	朱华	优先出款会员 (16)
zhang891217	张银芳	优先出款会员 (16)
1298596762	蓝浩源	优先出款会员 (16)
13432227721	周健斌	优先出款会员 (16)
980883682	任晓平	优先出款会员 (16)
136997570261	周春兰	优先出款会员 (16)
bbn9988	伊艳香	优先出款会员 (16)
qh28738	钱欢	优先出款会员 (16)
wei999988	张伟生	优先出款会员 (16)
zyzy512618	张银	优先出款会员 (16)
s236057624	沈梦凡	优先出款会员 (16)
rafael910	胡大江	优先出款会员 (16)
lw96174	刘伟伟	优先出款会员 (16)
dbj182509627	杨萍	优先出款会员 (16)
dou1993	王刚	优先出款会员 (16)
wy4101	魏运	优先出款会员 (16)
hcc12345	胡长城	优先出款会员 (16)
zkd6078	郑逵东	优先出款会员 (16)
18026219310	唐建斌	优先出款会员 (16)
asq7047	曹伍生	优先出款会员 (16)
aoe1234567	张武涯	优先出款会员 (16)
706080	王革新	优先出款会员 (16)
xiaokai1201	杜兆宝	优先出款会员 (16)
txj1931	唐小坚	优先出款会员 (16)
1342328004	姚迪欣	优先出款会员 (16)
13730884233	冉益昌	优先出款会员 (16)
zhangz111	张朕	优先出款会员 (16)
maz3752	闵阿振	优先出款会员 (16)
aitutu	苗永旺	优先出款会员 (16)
qwer9675	符星福	优先出款会员 (16)
zkwzds	郑康炜	优先出款会员 (16)
mly258852	马丽媛	优先出款会员 (16)
ljw125800	李家旺	优先出款会员 (16)
mk1995	孟凯	优先出款会员 (16)
zhibao9827	卢治平	优先出款会员 (16)
1402270117	张笑	优先出款会员 (16)
ldd663	刘丹丹	优先出款会员 (16)
hh0812	梁金宝	优先出款会员 (16)
ls7936	刘烁	优先出款会员 (16)
tiantian520	高传侠	优先出款会员 (16)
he8220	何谨希	优先出款会员 (16)
yanxiaohz	颜昌友	优先出款会员 (16)
wangbin	王彬	优先出款会员 (16)
a5598a	刘国华	优先出款会员 (16)
116995jm	孟金梦	优先出款会员 (16)
wowan	覃常秦	优先出款会员 (16)
cy285732	赵全罗	优先出款会员 (16)
15899904718	孙云	优先出款会员 (16)
ba159753	陈永金	优先出款会员 (16)
jie6064	黄美玲	优先出款会员 (16)
cgq123456789	曹国庆	优先出款会员 (16)
lkx147258	梁凯旋	优先出款会员 (16)
1024362946	刘玉文	优先出款会员 (16)
lx3871	吴义莉	优先出款会员 (16)
lh0836	刘慧	优先出款会员 (16)
6377723	李雨	优先出款会员 (16)
a915068804	杨建坡	优先出款会员 (16)
xin1890	何玉新	优先出款会员 (16)
18840511456	林长春	优先出款会员 (16)
ty8686	程志强	优先出款会员 (16)
ll2528	张霖霖	优先出款会员 (16)
zhaoa123	张钊	优先出款会员 (16)
gzhaoy0921	高照洋	优先出款会员 (16)
mmds8848	范锋允	优先出款会员 (16)
yilian	钟易联	优先出款会员 (16)
lx4473	马旭	优先出款会员 (16)
wjy7270	吴居由	优先出款会员 (16)
lz321	李晓钊	优先出款会员 (16)
dw456	代伟	优先出款会员 (16)
zn147686	张娜	优先出款会员 (16)
ranxian	冉现	优先出款会员 (16)
zhong458	钟金玉	优先出款会员 (16)
zf1995	张飞	优先出款会员 (16)
yb1987led	袁兵	优先出款会员 (16)
369369369147	鲍玉清	优先出款会员 (16)
ccy4131	蔡秋养	优先出款会员 (16)
1399800210	徐洪彬	优先出款会员 (16)
zhrjs892	张慧茹	优先出款会员 (16)
tian1355622	李天红	优先出款会员 (16)
994499	李启胜	优先出款会员 (16)
qw6200123	黄志辉	优先出款会员 (16)
bizhong168	王宏	优先出款会员 (16)
abc135	林广生	优先出款会员 (16)
caiyang	蔡阳	优先出款会员 (16)
15272532603	夏景光	优先出款会员 (16)
nan1994	高倩男	优先出款会员 (16)
xl3277	徐士龙	优先出款会员 (16)
yang1998	杨洋	优先出款会员 (16)
sj1364	沙进	优先出款会员 (16)
gdgd00	神停震	优先出款会员 (16)
wzw0187	吴志文	优先出款会员 (16)
wdy7851	王道余	优先出款会员 (16)
13973683567	刘力	优先出款会员 (16)
ting7278	谭小婷	优先出款会员 (16)
w685617	张自成	优先出款会员 (16)
xzq6174	冼祖庆	优先出款会员 (16)
pigzhu	詹汉中	优先出款会员 (16)
csl7111	陈书林	优先出款会员 (16)
wzy7770	王振宇	优先出款会员 (16)
wyx5577	朱康康	优先出款会员 (16)
cgt1314	陈冠廷	优先出款会员 (16)
mengxiao88	蒙兆强	优先出款会员 (16)
a18775970755	梁天扬	优先出款会员 (16)
huanghuang	黄燕裕	优先出款会员 (16)
wx6822	王鑫	优先出款会员 (16)
fyh8678	方玉好	优先出款会员 (16)
dzf4697	邓智峰	优先出款会员 (16)
hjf7278	黄金凤	优先出款会员 (16)
sss818	崔德强	优先出款会员 (16)
feng96112	郭峰	优先出款会员 (16)
cgq8771	陈国庆	优先出款会员 (16)
hch1983	黄昌好	优先出款会员 (16)
qwe587	张硕	优先出款会员 (16)
zhu12312	朱克荣	优先出款会员 (16)
sha616176	韦丁菊	优先出款会员 (16)
tsy12345	唐世艳	优先出款会员 (16)
ly19990921	黎洋	优先出款会员 (16)
qq678910	黄玉经	优先出款会员 (16)
18260422872	李立尚	优先出款会员 (16)
vn258741	詹东凤	优先出款会员 (16)
wsh001	王嵩鸿	优先出款会员 (16)
cjz456789	陈俊宗	优先出款会员 (16)
845989764	李星杰	优先出款会员 (16)
ljy2000	冷吉源	优先出款会员 (16)
yl1026	袁莉	优先出款会员 (16)
hxf120	侯雪芬	优先出款会员 (16)
abm6688	符隆业	优先出款会员 (16)
zjd888	张金栋	优先出款会员 (16)
xxj1998	邢先久	优先出款会员 (16)
luo6666	罗丹丹	优先出款会员 (16)
cy1660	陈勇	优先出款会员 (16)
dt4930	丁涛	优先出款会员 (16)
dzq0016	代志启	优先出款会员 (16)
jin3113	王金	优先出款会员 (16)
mm2222	陈丕宗	优先出款会员 (16)
yf7772	翁燕飞	优先出款会员 (16)
wsnh	冉广新	优先出款会员 (16)
lsl1990	梁世龙	优先出款会员 (16)
yeye8595	叶金凤	优先出款会员 (16)
mingqiang1	张明强	优先出款会员 (16)
a15908541458	郭方喜	优先出款会员 (16)
hjx8860	黄金许	优先出款会员 (16)
wxd2472	吴小朵	优先出款会员 (16)
enquan668	陈恩权	优先出款会员 (16)
ge7811	沙丙营	优先出款会员 (16)
teng1219	陈腾	优先出款会员 (16)
renxiaonan1	任晓楠	优先出款会员 (16)
wo1249813514	温海涛	优先出款会员 (16)
15126312194	周榕	优先出款会员 (16)
lkjhgfdsa123	李永才	优先出款会员 (16)
liuliweiyan	刘岩	优先出款会员 (16)
18649572560	赵云峰	优先出款会员 (16)
zhao1985	赵世星	优先出款会员 (16)
hyu1968	胡一芳	优先出款会员 (16)
guizhong	罗桂忠	优先出款会员 (16)
sun555555	孙艳丽	优先出款会员 (16)
gy1314520	刘贵燕	优先出款会员 (16)
1276939465	颜勤	优先出款会员 (16)
yue4170	蔡为越	优先出款会员 (16)
1029054293	范洪章	优先出款会员 (16)
ruibi1018	陈瑞碧	优先出款会员 (16)
ffy6166	符凤英	优先出款会员 (16)
cai23chao	蔡定超	优先出款会员 (16)
w689308	张彦宁	优先出款会员 (16)
manman789	董秋云	优先出款会员 (16)
zcc123	张参参	优先出款会员 (16)
huanghui	黄辉群	优先出款会员 (16)
hu135078	胡寻明	优先出款会员 (16)
772xcs	徐从山	优先出款会员 (16)
plj1122334	彭罗俊	优先出款会员 (16)
qxm2270	秦晓明	优先出款会员 (16)
15717973005	刘章纲	优先出款会员 (16)
lmj13421	梁妙建	优先出款会员 (16)
lisiwei002	李似伟	优先出款会员 (16)
yxy8848	袁习勇	优先出款会员 (16)
mareyimu017	马热依木·居来提	优先出款会员 (16)
wcydmm02	张晓东	优先出款会员 (16)
peng1994	高坤鹏	优先出款会员 (16)
aa07277	吴金花	优先出款会员 (16)
zhang6888	张延彭	优先出款会员 (16)
tcy1314	童长有	优先出款会员 (16)
z8888	张建峰	优先出款会员 (16)
kz1234	张珂	优先出款会员 (16)
cxnjt1	曹新楠	优先出款会员 (16)
zyx4113	张宇娴	优先出款会员 (16)
273831819	钟华德	优先出款会员 (16)
cjd999	陈建东	优先出款会员 (16)
xiaoshun86	林晓珊	优先出款会员 (16)
1593574628	王超	优先出款会员 (16)
cuilei0508	崔磊	优先出款会员 (16)
pzy7776	彭子杨	优先出款会员 (16)
tj88888	唐杰	优先出款会员 (16)
xcy021725	许晨阳	优先出款会员 (16)
wj6688	王晶	优先出款会员 (16)
tcr2979	唐春锐	优先出款会员 (16)
hui8888	杨慧	优先出款会员 (16)
wjh201314	王金慧	优先出款会员 (16)
1511377659	王祥	优先出款会员 (16)
199812	朱家雨	优先出款会员 (16)
czw1103	陈志伟	优先出款会员 (16)
ye2962	叶施家	优先出款会员 (16)
lyh731277	林月辉	优先出款会员 (16)
cm7312	陈敏	优先出款会员 (16)
hy9194	胡彦	优先出款会员 (16)
a1248364493	鲁谊欢	优先出款会员 (16)
swg258369	宋伟高	优先出款会员 (16)
w681101	魏莉莉	优先出款会员 (16)
nn9876	黄涛	优先出款会员 (16)
ming5768	何黎明	优先出款会员 (16)
1689547275	焦林	优先出款会员 (16)
wangli123	王礼	优先出款会员 (16)
zhouwenqiang	周文强	优先出款会员 (16)
zh1792	周孩	优先出款会员 (16)
hr2773	黄荣	优先出款会员 (16)
hong5588	吕隶红	优先出款会员 (16)
ysmzg1	杨苏梅	优先出款会员 (16)
2623206923	杨天雄	优先出款会员 (16)
a232356	魏明雷	优先出款会员 (16)
ww6688159	曾世琼	优先出款会员 (16)
ynz7070	李文连	优先出款会员 (16)
zheng6688	陈俊娟	优先出款会员 (16)
wdz4275	王道卓	优先出款会员 (16)
dan9863	游宛丹	优先出款会员 (16)
szx12345	徐志华	优先出款会员 (16)
9978fc	苏志灵	优先出款会员 (16)
aa173127	马文影	优先出款会员 (16)
peng8899	孙庆鹏	优先出款会员 (16)
g11111	高亮亮	优先出款会员 (16)
shukai118	舒彩鹏	优先出款会员 (16)
fxr186651	冯晓然	优先出款会员 (16)
fb5374	刘付宝	优先出款会员 (16)
rj08260	梁荣健	优先出款会员 (16)
hui1122	张惠	优先出款会员 (16)
aj1995	黄志雄	优先出款会员 (16)
laoyin8888	孙刚	优先出款会员 (16)
82681329	叶鲜艳	优先出款会员 (16)
lzh369963	李昭慧	优先出款会员 (16)
wa1818	胡河	优先出款会员 (16)
aj0769	黄剑源	优先出款会员 (16)
z17674104084	钟慧明	优先出款会员 (16)
zxzx45678	李清	优先出款会员 (16)
zyz397	郑秋娟	优先出款会员 (16)
wu971214	吴星凯	优先出款会员 (16)
996660914	陈奥运	优先出款会员 (16)
pj888888	郑培杰	优先出款会员 (16)
chenchun63	陈春红	优先出款会员 (16)
a501840894	李海辉	优先出款会员 (16)
yczx2212	杨祖春	优先出款会员 (16)
yy1774060751	易扬	优先出款会员 (16)
zzh1234567	张志豪	优先出款会员 (16)
lj7212	李洁	优先出款会员 (16)
sqy7070	孙启宇	优先出款会员 (16)
zt0334	赵婷	优先出款会员 (16)
18758885043	占华	优先出款会员 (16)
ununun	樊明鑫	优先出款会员 (16)
wcx8888	吴彩侠	优先出款会员 (16)
mgs663	毛仁杰	优先出款会员 (16)
wlm821104	吴连木	优先出款会员 (16)
wxl7929	万贤利	优先出款会员 (16)
dongdechun	董德春	优先出款会员 (16)
a19951259975	王铭伟	优先出款会员 (16)
komop11	蒋海梅	优先出款会员 (16)
qq000111	苗淑杰	优先出款会员 (16)
lgh0398	刘光辉	优先出款会员 (16)
yaoshiyu2004	姚宇翔	优先出款会员 (16)
hua123123	钟华	优先出款会员 (16)
st66666	林敬皓	优先出款会员 (16)
cai5969	蔡收明	优先出款会员 (16)
huangf33544	黄烽	优先出款会员 (16)
igx0375	林光文	优先出款会员 (16)
123456zag	张爱国	优先出款会员 (16)
hnp123	胡宁坡	优先出款会员 (16)
jwx6844	姜卫星	优先出款会员 (16)
d6688	代景鑫	优先出款会员 (16)
wjs682	吴信敏	优先出款会员 (16)
lzh7359	刘子豪	优先出款会员 (16)
cll9230	程柳柳	优先出款会员 (16)
czmhsh	李昌勇	优先出款会员 (16)
l980724	李佳健	优先出款会员 (16)
wj263	王英杰	优先出款会员 (16)
yangyumei	杨玉梅	优先出款会员 (16)
zxcvb15986	廖国深	优先出款会员 (16)
niu1122	牛贵玲	优先出款会员 (16)
cns6177	蔡南顺	优先出款会员 (16)
fa788368	林彰杰	优先出款会员 (16)
zhi8178	陈俊志	优先出款会员 (16)
qing0801	邓水清	优先出款会员 (16)
lry6215	刘如意	优先出款会员 (16)
zbxb123	周贝	优先出款会员 (16)
asd003	廖全议	优先出款会员 (16)
zhhjs258	朱贺贺	优先出款会员 (16)
sww1234	孙维维	优先出款会员 (16)
hyj408418	何玉洁	优先出款会员 (16)
ren6625561	刘欢	优先出款会员 (16)
kin821	黄培绍	优先出款会员 (16)
xjc656132	鲜继春	优先出款会员 (16)
sxb888	孙兴宝	优先出款会员 (16)
fykdream	符运科	优先出款会员 (16)
gw8888	葛伟	优先出款会员 (16)
zwm998877	杨玫	优先出款会员 (16)
zz618687	朱盛洁	优先出款会员 (16)
xing5873	陈柳杏	优先出款会员 (16)
1258295246	黄东城	优先出款会员 (16)
13536920318	黄鸿涛	优先出款会员 (16)
zch1234	周春红	优先出款会员 (16)
zjp1993	曾建平	优先出款会员 (16)
lll513721	赵映钊	优先出款会员 (16)
agodboy	周少杰	优先出款会员 (16)
fanr123	雷胜	优先出款会员 (16)
20180703	胡尔曼古力·卡吉尼	优先出款会员 (16)
lz321123	庞立雷	优先出款会员 (16)
w1234561	王胜平	优先出款会员 (16)
fyj8387	陈华沙	优先出款会员 (16)
zk2019	宗奎	优先出款会员 (16)
ctf8888	陈腾飞	优先出款会员 (16)
zhan0123	张漫	优先出款会员 (16)
ny1120	郝亚娟	优先出款会员 (16)
gyx521470	孙玉潇	优先出款会员 (16)
xyn5188	徐艳宁	优先出款会员 (16)
chenguang1	陈光	优先出款会员 (16)
wux2308956	吴雄	优先出款会员 (16)
liutao	刘涛	优先出款会员 (16)
www456	龙凤芳	优先出款会员 (16)
hb123456	洪鸿彬	优先出款会员 (16)
lang0535	郎云	优先出款会员 (16)
a273265467	马俊	优先出款会员 (16)
hjy1969	黄金友	优先出款会员 (16)
lcs920	梁成师	优先出款会员 (16)
ym888	姚鑫杰	优先出款会员 (16)
498090330	兰政挪	优先出款会员 (16)
lanfeng3310	兰孝峰	优先出款会员 (16)
chen091	陈妃三	优先出款会员 (16)
ok2019zg	朱刚	优先出款会员 (16)
a2479602758	朱富乐	优先出款会员 (16)
q36400090	李丽萍	优先出款会员 (16)
ben2993	黄奔	优先出款会员 (16)
qwe612328	杨飞	优先出款会员 (16)
lian578	胡秀连	优先出款会员 (16)
zd4765	李振东	优先出款会员 (16)
hdb775800	黄定斌	优先出款会员 (16)
hh1688	陆华	优先出款会员 (16)
tbh123321	唐炳煌	优先出款会员 (16)
phm9498	庞红梅	优先出款会员 (16)
2482987474	田鑫	优先出款会员 (16)
saq6070	苏爱清	优先出款会员 (16)
6567225	林伟海	优先出款会员 (16)
ks108	孙文辉	优先出款会员 (16)
mao544	黄茂帆	优先出款会员 (16)
tm0504	滕梦	优先出款会员 (16)
057985132293	张敏	优先出款会员 (16)
lkk156556	李坤坤	优先出款会员 (16)
hfm8974	黄妃梅	优先出款会员 (16)
a2388693865	杨小波	优先出款会员 (16)
ab6649	吴海	优先出款会员 (16)
460902122	周彭涛	优先出款会员 (16)
sl891027	舒亮	优先出款会员 (16)
xiaoge56	葛子皓	优先出款会员 (16)
jw1004	江建伟	优先出款会员 (16)
zbq0568	朱保全	优先出款会员 (16)
gs7777	郭珊	优先出款会员 (16)
chenquan05	陈小权	优先出款会员 (16)
zz042216	于曼	优先出款会员 (16)
lwl090909	李万里	优先出款会员 (16)
song8089	孙祥松	优先出款会员 (16)
yx173671	黄体妹	优先出款会员 (16)
zjq9150	郑秋娟	优先出款会员 (16)
wenwu9978	黄文武	优先出款会员 (16)
feng6868	曾琪烽	优先出款会员 (16)
wl56789	吴伶	优先出款会员 (16)
lihe1122	李贺	优先出款会员 (16)
s15527227095	沈梦凡	优先出款会员 (16)
lei8201	何云雷	优先出款会员 (16)
laomi124	莫振富	优先出款会员 (16)
aa282807708	王智慧	优先出款会员 (16)
18314141978	易扬	优先出款会员 (16)
lv520159	吕松华	优先出款会员 (16)
lkw890906	蔺凯雯	优先出款会员 (16)
freegood3	冯磊	优先出款会员 (16)
jjj4270	蒋甲甲	优先出款会员 (16)
xia8886	莫晓霞	优先出款会员 (16)
zz1995	张哲	优先出款会员 (16)
x940523	许童	优先出款会员 (16)
sh8888	孙衡	优先出款会员 (16)
chenxw889	陈学文	优先出款会员 (16)
chy1234567	陈华跃	优先出款会员 (16)
winglory	王增光	优先出款会员 (16)
oyhh1989	欧阳海华	优先出款会员 (16)
rang999	王同让	优先出款会员 (16)
zgq7788	张国庆	优先出款会员 (16)
xx5434	辛鑫	优先出款会员 (16)
ly434200	林毅	优先出款会员 (16)
aj584520	李兰芳	优先出款会员 (16)
847640235	马晓明	优先出款会员 (16)
dou988588	朱战斗	优先出款会员 (16)
jiajia528	邱楚娟	优先出款会员 (16)
kk4041751	王化乾	优先出款会员 (16)
a13257005700	徐康	优先出款会员 (16)
b86882565	黄文彬	优先出款会员 (16)
lzw78045	梁紫薇	优先出款会员 (16)
cyy8017	陈玉英	优先出款会员 (16)
cxf7573	陈小芳	优先出款会员 (16)
w940112	王梦杰	优先出款会员 (16)
asd8973	陈伍	优先出款会员 (16)
l5599	刘殷	优先出款会员 (16)
153www	王治强	优先出款会员 (16)
cc0679	程世焕	优先出款会员 (16)
ww451122	洪和翔	优先出款会员 (16)
r18335821232	任清泉	优先出款会员 (16)
cyy1989	陈扬扬	优先出款会员 (16)
linina188	李妮娜	优先出款会员 (16)
guo4593	葛建国	优先出款会员 (16)
zz5789	朱志伟	优先出款会员 (16)
vb20081	张旭	优先出款会员 (16)
zjr9686	张景润	优先出款会员 (16)
h18188010881	鲁容	优先出款会员 (16)
dty123	杜天游	优先出款会员 (16)
yu1277568705	虞崇甫	优先出款会员 (16)
lou19981122	娄建丽	优先出款会员 (16)
xiong3466	林财雄	优先出款会员 (16)
lsj4923	林少娟	优先出款会员 (16)
15111412071	苏鑫明	优先出款会员 (16)
cqj9171	曹秋杰	优先出款会员 (16)
a878888	刘建新	优先出款会员 (16)
x2929	宣红标	优先出款会员 (16)
lx13579	刘向	优先出款会员 (16)
14097152	李广祥	优先出款会员 (16)
13702827017	冯兆昌	优先出款会员 (16)
lzx2019	黎志祥	优先出款会员 (16)
zhou3889	张志周	优先出款会员 (16)
jinisi1g	周海龙	优先出款会员 (16)
lty1234567	刘田宇	优先出款会员 (16)
lyp1234566	李银屏	优先出款会员 (16)
xie08111	谢圣连	优先出款会员 (16)
sp1364	耿曼	优先出款会员 (16)
yuyin123	雷雨茵	优先出款会员 (16)
rr4589	吴荣丽	优先出款会员 (16)
zky2448	周康雨	优先出款会员 (16)
zl147854	张磊	优先出款会员 (16)
lgl271090	廖光林	优先出款会员 (16)
13433540893	毛阔屏	优先出款会员 (16)
lgt1230	赖贵天	优先出款会员 (16)
hn521	侯娜	优先出款会员 (16)
kun5592	杨昆	优先出款会员 (16)
2789817101	李俊江	优先出款会员 (16)
446805160	杨纯伟	优先出款会员 (16)
lq5555	李强	优先出款会员 (16)
lihuanxin	李焕新	优先出款会员 (16)
ljh0925	李金环	优先出款会员 (16)
haoyun666	杨鹏	优先出款会员 (16)
gkg7475	莫祝荣	优先出款会员 (16)
kangliying	康丽英	优先出款会员 (16)
lw2915	林威	优先出款会员 (16)
ldj8547	梁德机	优先出款会员 (16)
lx199501	吕喜	优先出款会员 (16)
tian7788	米甜甜	优先出款会员 (16)
lj156777	刘军	优先出款会员 (16)
lzr0207	梁芝榕	优先出款会员 (16)
lhs9664	赖华思	优先出款会员 (16)
ck8855	李妃	优先出款会员 (16)
xs199114	王昌顺	优先出款会员 (16)
asd3536	王佳伟	优先出款会员 (16)
liwenhua11	李文华	优先出款会员 (16)
yjy17603439234	于建英	优先出款会员 (16)
wang369	王绍云	优先出款会员 (16)
kk133133	刘冬盟	优先出款会员 (16)
conghua	刘从华	优先出款会员 (16)
y6688	唐世艳	优先出款会员 (16)
xiao428	林萧	优先出款会员 (16)
968676ab	刘栋华	优先出款会员 (16)
wjj6117	王俊杰	优先出款会员 (16)
st99950	孙婷	优先出款会员 (16)
yu6699	冯青	优先出款会员 (16)
nana2019	黄子怡	优先出款会员 (16)
wzy0830	王梓杨	优先出款会员 (16)
yd1124	杨丹丹	优先出款会员 (16)
lpq0872	李培奇	优先出款会员 (16)
ds2559	邓爽	优先出款会员 (16)
llj8888	李丽娟	优先出款会员 (16)
wcx7668	王彩侠	优先出款会员 (16)
1136716525	张佳炜	优先出款会员 (16)
w456789	甘灿辉	优先出款会员 (16)
aaaaa8	熊锦燕	优先出款会员 (16)
wss522	王帅帅	优先出款会员 (16)
a30942	刘静	优先出款会员 (16)
yu123111	林师宇	优先出款会员 (16)
zsw741	朱世伟	优先出款会员 (16)
yue928	张秋月	优先出款会员 (16)
bxiaoxiong8	黄小雄	优先出款会员 (16)
zmf8840	张明凤	优先出款会员 (16)
ren12312	任永军	优先出款会员 (16)
jing1254	鲁雨静	优先出款会员 (16)
2508882538	刘子帅	优先出款会员 (16)
tq2571	唐倩	优先出款会员 (16)
dw100200	丁威	优先出款会员 (16)
liang161218	罗心菊	优先出款会员 (16)
xjf1118	许进凤	优先出款会员 (16)
919316yy	宋朝蕾	优先出款会员 (16)
kuxiaohai12	黄鹏程	优先出款会员 (16)
wa147	王运涛	优先出款会员 (16)
ycl147563	尉成龙	优先出款会员 (16)
zd666888	周丹	优先出款会员 (16)
xjunping	解俊萍	优先出款会员 (16)
huzhihang	胡志行	优先出款会员 (16)
csjz5042	刘建	优先出款会员 (16)
201131yu	于长明	优先出款会员 (16)
hdd1314	何永平	优先出款会员 (16)
176471228aa	周廷章	优先出款会员 (16)
lht2325	李华陶	优先出款会员 (16)
ywt1812	杨文韬	优先出款会员 (16)
wqn4561	吴倩南	优先出款会员 (16)
bin0509	张权清	优先出款会员 (16)
lg5044	李光	优先出款会员 (16)
ccss446479	鄢长帅	优先出款会员 (16)
zs55666	纵森	优先出款会员 (16)
zzzzxz688	黄诚辉	优先出款会员 (16)
wsx123123	曾春燕	优先出款会员 (16)
lm9600	李蒙	优先出款会员 (16)
qchun19	杨春俭	优先出款会员 (16)
km168	慕斌荣	优先出款会员 (16)
maoxin	毛鑫鑫	优先出款会员 (16)
ws158329	王硕	优先出款会员 (16)
18678467551	孙超	优先出款会员 (16)
yw6233	杨尉	优先出款会员 (16)
zhaojun123	赵骏	优先出款会员 (16)
cdj95158	陈德举	优先出款会员 (16)
hua15458	庄秀华	优先出款会员 (16)
thj9731	唐浩杰	优先出款会员 (16)
ddg521	刘晓凌	优先出款会员 (16)
whb8887	吴海波	优先出款会员 (16)
sy6047	王书云	优先出款会员 (16)
ai9986	江志源	优先出款会员 (16)
liuyue20	马诗宇	优先出款会员 (16)
hui0506	王慧	优先出款会员 (16)
ling321	潘金玲	优先出款会员 (16)
wf1994	王方	优先出款会员 (16)
wm6390	王梅	优先出款会员 (16)
aming2018	温全婵	优先出款会员 (16)
ckck12	陈海泉	优先出款会员 (16)
223344aa	祝美玲	优先出款会员 (16)
zhangguijie	张桂杰	优先出款会员 (16)
17778932238	王凯	优先出款会员 (16)
dnr128128	王涵	优先出款会员 (16)
fwj147258	范文君	优先出款会员 (16)
shl0420	刘水连	优先出款会员 (16)
isbn978	薛卫珍	优先出款会员 (16)
wwj9095	魏文杰	优先出款会员 (16)
12345haha	杨广辉	优先出款会员 (16)
ymx159248	杨明霞	优先出款会员 (16)
ly48739	李亚	优先出款会员 (16)
yp224422	杨鹏	优先出款会员 (16)
ping4420	魏丽萍	优先出款会员 (16)
wanmei665	贺菊华	优先出款会员 (16)
gtgt999	管庭	优先出款会员 (16)
t2895259436	谭圣文	优先出款会员 (16)
ksk484	许小秋	优先出款会员 (16)
a1314	李灿	优先出款会员 (16)
zhanghu12345	张维江	优先出款会员 (16)
yyan764890	颜银龙	优先出款会员 (16)
gb1618	陈国彬	优先出款会员 (16)
jcc84	陈秋雁	优先出款会员 (16)
1263251133	郑育平	优先出款会员 (16)
szj666698	宋子健	优先出款会员 (16)
yy6688	施红琼	优先出款会员 (16)
haha123456	曾伟	优先出款会员 (16)
kxg7768	寇晓光	优先出款会员 (16)
dongwei0550	董伟	优先出款会员 (16)
fengyan123	杨凤艳	优先出款会员 (16)
888762	李方勇	优先出款会员 (16)
zrzmbzx1	郭彦峰	优先出款会员 (16)
justin6909	廖振宇	优先出款会员 (16)
pan666	潘俊儒	优先出款会员 (16)
tang588	唐大海	优先出款会员 (16)
xjw168	禤杰威	优先出款会员 (16)
c1125019317	曹伍伍	优先出款会员 (16)
mlqylj	杨林华	优先出款会员 (16)
a202020	李亚平	优先出款会员 (16)
ww123321	陈妃望	优先出款会员 (16)
caiqing168	李彩青	优先出款会员 (16)
zhu182	朱大梅	优先出款会员 (16)
twy16625	陶文友	优先出款会员 (16)
aaa930910	唐昌柏	优先出款会员 (16)
yun666666	龚荣华	优先出款会员 (16)
lijanhua	黎建华	优先出款会员 (16)
wm9491	揭海华	优先出款会员 (16)
6211955	叶旭裕	优先出款会员 (16)
gst123456	高淑婷	优先出款会员 (16)
nntc123	成果	优先出款会员 (16)
xiao888888	肖建平	优先出款会员 (16)
a15218740075	邓集军	优先出款会员 (16)
xsndhy123	薛世辉	优先出款会员 (16)
125395433	张丹	优先出款会员 (16)
zyg201709xx	张亚贞	优先出款会员 (16)
13070477704	艾科热木·艾合买江	优先出款会员 (16)
qq790546213	陈铸	优先出款会员 (16)
hlykklai	洪连英	优先出款会员 (16)
l18312950697	罗来清	优先出款会员 (16)
linjpe8	林景鹏	优先出款会员 (16)
ww1426516595	李金月	优先出款会员 (16)
wqf2020	吴千红	优先出款会员 (16)
hsl2017	刘瑞华	优先出款会员 (16)
panenh0219	潘盛智	优先出款会员 (16)
wozhong88	吴军才	优先出款会员 (16)
a553667811	李玲慧	优先出款会员 (16)
qazwsx689	张勇	优先出款会员 (16)
laodeng369	黄邓辉	优先出款会员 (16)
qwe018018	郝洪臣	优先出款会员 (16)
2051075104	吴泓杰	优先出款会员 (16)
1524587629	李午阳	优先出款会员 (16)
q198519	秦志兰	优先出款会员 (16)
yang1825	杨盛明	优先出款会员 (16)
asd33456	张小春	优先出款会员 (16)
wf1845	王芳	优先出款会员 (16)
bao2828	白涛	优先出款会员 (16)
yym1234	尹勇明	优先出款会员 (16)
l66899	梁红初	优先出款会员 (16)
339900	蒋清	优先出款会员 (16)
p02468	唐昌伦	优先出款会员 (16)
yd12345678	杨丹	优先出款会员 (16)
ttqq001124	汤琦	优先出款会员 (16)
xs1985	宣帅	优先出款会员 (16)
85086081	莫子武	优先出款会员 (16)
258693778	叶继云	优先出款会员 (16)
nm1999888	张英杰	优先出款会员 (16)
guwwk1985	谷明志	优先出款会员 (16)
qq3063014303	朱剑峰	优先出款会员 (16)
wss1160	吴双双	优先出款会员 (16)
h330422	陈舒婷	优先出款会员 (16)
zw2470078615	周维	优先出款会员 (16)
kez666888	孔恩泽	优先出款会员 (16)
15668193807	丁善善	优先出款会员 (16)
351855717	陈旭鹏	优先出款会员 (16)
yang12312	杨宏伟	优先出款会员 (16)
a455154899	陈舒恩	优先出款会员 (16)
www19880113	王永强	优先出款会员 (16)
aaa388938	张颜鹏	优先出款会员 (16)
mm6157	陈淑梅	优先出款会员 (16)
wuziqi	韩殿波	优先出款会员 (16)
cy1cyz	陈鸿莉	优先出款会员 (16)
13297335085	余敏	优先出款会员 (16)
3312272102	徐鹏举	优先出款会员 (16)
jcx66888	蒋趁心	优先出款会员 (16)
a16605855578	宁文燕	优先出款会员 (16)
736392821	肖慎强	优先出款会员 (16)
mei1982	卢小勤	优先出款会员 (16)
hbxy19	彭华彬	优先出款会员 (16)
yu19940420	喻荣	优先出款会员 (16)
wuj7017	吴杰锋	优先出款会员 (16)
qx438253340	卿鑫	优先出款会员 (16)
wsfy666	黄涛	优先出款会员 (16)
312156537	刘清辉	优先出款会员 (16)
442467049	管运胜	优先出款会员 (16)
t54813022	陶强胜	优先出款会员 (16)
liulinpu888	刘临蒲	优先出款会员 (16)
gczb221211	郭长中	优先出款会员 (16)
luhuayou	陆桥军	优先出款会员 (16)
313428903	方汉城	优先出款会员 (16)
njw520	牛继伟	优先出款会员 (16)
900966558	翁有伟	优先出款会员 (16)
x202425	黄舜丰	优先出款会员 (16)
fyl8351	冯玉龙	优先出款会员 (16)
yexuyu	叶旭裕	优先出款会员 (16)
wdy3325	韦冬玉	优先出款会员 (16)
l520520	雷林姣	优先出款会员 (16)
hy98	叶德胜	优先出款会员 (16)
888yx	王永胜	优先出款会员 (16)
w850527	魏喜青	优先出款会员 (16)
269373093	刘东海	优先出款会员 (16)
ya281219	陈世保	优先出款会员 (16)
wy66666	骆海波	优先出款会员 (16)
1669709675	陈秀文	优先出款会员 (16)
18910580179	龙朝明	优先出款会员 (16)
wxj666	吴小健	优先出款会员 (16)
13459809046	冯小琴	优先出款会员 (16)
qwer1234qwer	李延玲	优先出款会员 (16)
v667788v	黄量	优先出款会员 (16)
j2019fm96	李志军	优先出款会员 (16)
jianglimao	尹礼林	优先出款会员 (16)
luxinan	刘立宗	优先出款会员 (16)
444333	陈金伟	优先出款会员 (16)
fengping	冯平	优先出款会员 (16)
liverpool	王少龙	优先出款会员 (16)
888asd	贺博	优先出款会员 (16)
dasai666	唐赛乐	优先出款会员 (16)
fzp8328	冯子鹏	优先出款会员 (16)
hy97	叶德胜	优先出款会员 (16)
ljxlpf	柳鹏飞	优先出款会员 (16)
qq7822637	苏德荣	优先出款会员 (16)
gzh810102	郭珍华	优先出款会员 (16)
a80802900	罗善孝	优先出款会员 (16)
jun123456	杨军	优先出款会员 (16)
ss232323	黄才良	优先出款会员 (16)
87566510	孙博	优先出款会员 (16)
wj891205	王捷	优先出款会员 (16)
lt0334	李涛	优先出款会员 (16)
huangshuping	王可欣	优先出款会员 (16)
k50550	王锦德	优先出款会员 (16)
zzz1212	张兴达	优先出款会员 (16)
sunyingzi4	孙丽	优先出款会员 (16)
lws888	李文胜	优先出款会员 (16)
adgjmptw321	朱方斌	优先出款会员 (16)
lws520	李文胜	优先出款会员 (16)
huangzd	黄中东	优先出款会员 (16)
85977886	崔亚超	优先出款会员 (16)
fq333	王奋强	优先出款会员 (16)
1386813	王春鹏	优先出款会员 (16)
nwq168	农卫球	优先出款会员 (16)
kk0011	周胜龙	优先出款会员 (16)
mengn231007	孟雪飞	优先出款会员 (16)
woyaofacai888	林鑫	优先出款会员 (16)
axr112233	安欣荣	优先出款会员 (16)
hh1386913869	黄张平	优先出款会员 (16)
gce797	郭飞	优先出款会员 (16)
lj0884	林军	优先出款会员 (16)
15899948164	何发文	优先出款会员 (16)
zjhhhhhh	张明澈	优先出款会员 (16)
g789789	郭恩杰	优先出款会员 (16)
lzh2724	刘智恒	优先出款会员 (16)
406890	邱万宏	优先出款会员 (16)
645287499	陈敦晖	优先出款会员 (16)
zhoulidi	周丽帝	优先出款会员 (16)
tutu147258	宋振	优先出款会员 (16)
fushaoye1	付成亮	优先出款会员 (16)
910802li	李丽华	优先出款会员 (16)
q511070669	孔俊鑫	优先出款会员 (16)
m123	门占钊	优先出款会员 (16)
c987654v	黄海峰	优先出款会员 (16)
16646917451	马俊才	优先出款会员 (16)
cjj5658	陈金得	优先出款会员 (16)
nmnmnm11	陈永胜	优先出款会员 (16)
zhangyang19	张杨	优先出款会员 (16)
zxcvbnm88	余超勇	优先出款会员 (16)
xiaoxueaa	罗冬雪	优先出款会员 (16)
c1514567	靳灿烂	优先出款会员 (16)
jie1314	尹杰	优先出款会员 (16)
a172946	黄兴元	优先出款会员 (16)
183371369888	张利君	优先出款会员 (16)
syp5858	苏言鹏	优先出款会员 (16)
13512164228	崔旭峰	优先出款会员 (16)
xingshao1	王国兴	优先出款会员 (16)
haohao1209	张萌萌	优先出款会员 (16)
yasuo	何如鹏	优先出款会员 (16)
okaa110709	陈儒密	优先出款会员 (16)
520131466	李日深	优先出款会员 (16)
liuhao	刘浩	优先出款会员 (16)
a117211	刘志明	优先出款会员 (16)
221234	杨营奎	优先出款会员 (16)
linxin2017	丁磊	优先出款会员 (16)
ljr521	熊孝鑫	优先出款会员 (16)
1990026738	伍海彬	优先出款会员 (16)
yxq888888888	杨小清	优先出款会员 (16)
674876567	邓春荣	优先出款会员 (16)
qq13411	郑旭葵	优先出款会员 (16)
asd412	赵林	优先出款会员 (16)
2208064567	沈梦凡	优先出款会员 (16)
18081888098	王志军	优先出款会员 (16)
lm6688	李敏侠	优先出款会员 (16)
778899dj	杜健	优先出款会员 (16)
555888com	李善壮	优先出款会员 (16)
zl910131	张磊	优先出款会员 (16)
gao8888	高海洋	优先出款会员 (16)
aa105740	陈显琅	优先出款会员 (16)
mn630086	邓东昌	优先出款会员 (16)
q939537269	林子程	优先出款会员 (16)
cheng	陈培远	优先出款会员 (16)
j12345678	王婧	优先出款会员 (16)
17679984725	周鹿平	优先出款会员 (16)
15873310011	孙阳阳	优先出款会员 (16)
yaojie	姚诗敏	优先出款会员 (16)
a1141073571	唐大升	优先出款会员 (16)
zeng666	曾新勤	优先出款会员 (16)
a18039050380	张平峰	优先出款会员 (16)
liwanjin	李万进	优先出款会员 (16)
xy408454399	肖勇	优先出款会员 (16)
panda388	黄展新	优先出款会员 (16)
y112233	杨家家	优先出款会员 (16)
zxc518598	马猛飞	优先出款会员 (16)
hao661218	张浩	优先出款会员 (16)
a15119098158	林文杰	优先出款会员 (16)
chen1013	张萌萌	优先出款会员 (16)
woaini511	伍林	优先出款会员 (16)
211211	邱钊敏	优先出款会员 (16)
pcjpxy	潘承济	优先出款会员 (16)
1109025474	闫冠超	优先出款会员 (16)
guan8888	关明伟	优先出款会员 (16)
yyh66	杨玉红	优先出款会员 (16)
nhz123	聂洪祝	优先出款会员 (16)
xjxj2	肖俊	优先出款会员 (16)
md3698	曾钊力	优先出款会员 (16)
baoguoli	鲍国利	优先出款会员 (16)
qw8009	廖剑辉	优先出款会员 (16)
pw2580	黄仁焕	优先出款会员 (16)
cl5566	杨志斌	优先出款会员 (16)
qq0412	赵琦	优先出款会员 (16)
erhu860924	孙二虎	优先出款会员 (16)
a00000	程前	优先出款会员 (16)
13929242160	黄毅荣	优先出款会员 (16)
cjj7629	陈俊娟	优先出款会员 (16)
ghgh5544	张超超	优先出款会员 (16)
836793544	蔡品超	优先出款会员 (16)
tzy754267932	陶智磊	优先出款会员 (16)
ldt888	罗大通	优先出款会员 (16)
baby88888	谢洪福	优先出款会员 (16)
zzaaqq123	曾凡秀	优先出款会员 (16)
bing111	王炳新	优先出款会员 (16)
zdj123456	任根辉	优先出款会员 (16)
k880214	杨凯凯	优先出款会员 (16)
rushen	贾连峰	优先出款会员 (16)
q343590198	曾耿封	优先出款会员 (16)
xck189	徐柴坤	优先出款会员 (16)
xiaogou	肖大为	优先出款会员 (16)
yayax8	梁亚雄	优先出款会员 (16)
a516796189	苏志坚	优先出款会员 (16)
qyp2691	祁彦鹏	优先出款会员 (16)
sfdl2018	张军委	优先出款会员 (16)
a562019761	黄东东	优先出款会员 (16)
15803744166	周红卫	优先出款会员 (16)
abc998877	万胜龙	优先出款会员 (16)
h836336939	何明辉	优先出款会员 (16)
lm199603	鲁明	优先出款会员 (16)
hlj555	潘晓羲	优先出款会员 (16)
xxfk	谭运算	优先出款会员 (16)
123147	王彦东	优先出款会员 (16)
mm3200	毛元迪	优先出款会员 (16)
liangyanhua	梁燕花	优先出款会员 (16)
smile	许丽萍	优先出款会员 (16)
lx3311875	薛凯丽	优先出款会员 (16)
lqm0547	兰清梅	优先出款会员 (16)
1511808	邓福亮	优先出款会员 (16)
wudi28	薛永	优先出款会员 (16)
hq147258	韩强强	优先出款会员 (16)
hzl105	和祖亮	优先出款会员 (16)
lcd348690880	吕成东	优先出款会员 (16)
dd528805	何丹	优先出款会员 (16)
lay666	李爱艳	优先出款会员 (16)
w1818198	李艳琼	优先出款会员 (16)
clh2020	王立辉	优先出款会员 (16)
13978654458	陈聪	优先出款会员 (16)
862275513	聂欣家	优先出款会员 (16)
zh456789	覃慧琴	优先出款会员 (16)
ljn0712	刘峻男	优先出款会员 (16)
caizd	蔡泽栋	优先出款会员 (16)
wo2580	薛有财	优先出款会员 (16)
641347136	周小龙	优先出款会员 (16)
811211513	陈理锋	优先出款会员 (16)
hy145291	陈童荣	优先出款会员 (16)
136548026	丁振华	优先出款会员 (16)
13956554522	罗牙龙	优先出款会员 (16)
liao0912	廖金涛	优先出款会员 (16)
juqingtai	梁尹虹	优先出款会员 (16)
lqg195610	李啟高	优先出款会员 (16)
a137035577	陈博丰	优先出款会员 (16)
527527	吴迪	优先出款会员 (16)
asunxiaoxiao	孙立新	优先出款会员 (16)
zzq3158	陈红兰	优先出款会员 (16)
18257518370	周代武	优先出款会员 (16)
jxgfhrk1986	黄荣坤	优先出款会员 (16)
18858590228	周健健	优先出款会员 (16)
365157511	梁航铮	优先出款会员 (16)
cmh0329	陈敏华	优先出款会员 (16)
a77010	李鹏江	优先出款会员 (16)
13645756727	周杰	优先出款会员 (16)
ma159696	马帅	优先出款会员 (16)
tase4255	黄展文	优先出款会员 (16)
wff1999092	吴风风	优先出款会员 (16)
lm5656	季树岑	优先出款会员 (16)
lds855	李德爽	优先出款会员 (16)
13579wps	丁其华	优先出款会员 (16)
fanliang123	范亮	优先出款会员 (16)
zhangchi	刘奥迪	优先出款会员 (16)
wjy66688899	王健英	优先出款会员 (16)
q43817086	葛增超	优先出款会员 (16)
wsk1226	王烁琨	优先出款会员 (16)
631020346	张俊勇	优先出款会员 (16)
810722	李绍柳	优先出款会员 (16)
wyr6688	王彦如	优先出款会员 (16)
yang1003	杨远州	优先出款会员 (16)
qbh2671	祁宝红	优先出款会员 (16)
hh06200533	张浩	优先出款会员 (16)
dong123456	董振元	优先出款会员 (16)
cuiyingxian	崔英宪	优先出款会员 (16)
18368533023	周瑞	优先出款会员 (16)
kuku0823	杜朝辉	优先出款会员 (16)
935388795	盛廷丽	优先出款会员 (16)
heihei000	张兴可	优先出款会员 (16)
y880214	张小慧	优先出款会员 (16)
a10240130	韩宏凯	优先出款会员 (16)
w56789	陈明辉	优先出款会员 (16)
li80134	李晓晨	优先出款会员 (16)
14142044	杜雪飞	优先出款会员 (16)
caishenye	麦尔旦江·图尔荪	优先出款会员 (16)
liu4475	刘忠林	优先出款会员 (16)
shaojuan6300	施永菊	优先出款会员 (16)
lsmlsm666	梁世民	优先出款会员 (16)
88888888t	黄跃	优先出款会员 (16)
2256413348	尹源	优先出款会员 (16)
liuaodi	刘奥迪	优先出款会员 (16)
iop134	谢洪福	优先出款会员 (16)
250842930	马德超	优先出款会员 (16)
fu327413546	龙先富	优先出款会员 (16)
zba88888	张良库	优先出款会员 (16)
cc962464	钟超	优先出款会员 (16)
qq154663840	陆青林	优先出款会员 (16)
a745264221	陈展鸿	优先出款会员 (16)
lzy850227	刘志勇	优先出款会员 (16)
ddweixiaojing	卫晓静	优先出款会员 (16)
zcg123456	张超	优先出款会员 (16)
youou888	吴耐鸾	优先出款会员 (16)
13789345771	彭华群	优先出款会员 (16)
dahai	裴忠海	优先出款会员 (16)
pa147258	刘映辉	优先出款会员 (16)
520qepwq	宋家进	优先出款会员 (16)
qq3012	喻良军	优先出款会员 (16)
rqh813	任钦鸿	优先出款会员 (16)
zxq559232	曾小琴	优先出款会员 (16)
chen950717	陈世清	优先出款会员 (16)
han505797164	韩聪聪	优先出款会员 (16)
laipi1205	尹鲜明	优先出款会员 (16)
yy369258	严富	优先出款会员 (16)
18677644330	黄小榕	优先出款会员 (16)
15966988694	董坤坤	优先出款会员 (16)
a171824	严世平	优先出款会员 (16)
zhaofei	赵腾飞	优先出款会员 (16)
lu84815	卢秋华	优先出款会员 (16)
zrpfyd888	周瑞平	优先出款会员 (16)
wang59103910	王映山	优先出款会员 (16)
gd8899	陈伟清	优先出款会员 (16)
zyp8778076	周阳平	优先出款会员 (16)
18595507120	熊文杰	优先出款会员 (16)
vwwv66	陈煜锋	优先出款会员 (16)
13559919523	高春铃	优先出款会员 (16)
mdc683483	孟灯才	优先出款会员 (16)
aaa778899	李妃湾	优先出款会员 (16)
18208474175	吴佳鸿	优先出款会员 (16)
limingyu	王威	优先出款会员 (16)
a006688	郑炳胜	优先出款会员 (16)
z693263	王绍庆	优先出款会员 (16)
a668822	郑炳均	优先出款会员 (16)
aa0596	郭瑞羡	优先出款会员 (16)
dyh521	张冬岩	优先出款会员 (16)
chenwen	陈泽文	优先出款会员 (16)
lienze	李忠奇	优先出款会员 (16)
ch008080	邱国康	优先出款会员 (16)
albb277	王琦鹏	优先出款会员 (16)
556677	董艳	优先出款会员 (16)
15764701199	王婷	优先出款会员 (16)
pam888	潘安民	优先出款会员 (16)
w66823309	伍锦民	优先出款会员 (16)
li6416755	李刚	优先出款会员 (16)
az8888	吴晗	优先出款会员 (16)
xjs88888	薛家胜	优先出款会员 (16)
15268563777	李响	优先出款会员 (16)
waif2016	祝长兵	优先出款会员 (16)
asy123456	安士元	优先出款会员 (16)
cgu52369	高志甲	优先出款会员 (16)
azccdd	邓冰	优先出款会员 (16)
baidanghui	白党辉	优先出款会员 (16)
a266809472	陈小菲	优先出款会员 (16)
lxt66888	郑表活	优先出款会员 (16)
cc668	陈江彬	优先出款会员 (16)
zhang1787668	包秋月	优先出款会员 (16)
suwy827568	苏雯燕	优先出款会员 (16)
a6636265	邱佳龙	优先出款会员 (16)
13358941320	李欣雨	优先出款会员 (16)
135854ab	彭黛娣	优先出款会员 (16)
6683731qq	李志伟	优先出款会员 (16)
suhp1314	苏海平	优先出款会员 (16)
w5200759	苏雯熙	优先出款会员 (16)
qiaolina66	乔丽娜	优先出款会员 (16)
ygw258369	杨国五	优先出款会员 (16)
z748596	杨官科	优先出款会员 (16)
ysj5199	李丽娟	优先出款会员 (16)
a170129	李海珠	优先出款会员 (16)
xiaozheng666	郑豪	优先出款会员 (16)
sj42430793	孙洁	优先出款会员 (16)
chenyunlong	陈允龙	优先出款会员 (16)
meirenaidesg	郎耀斌	优先出款会员 (16)
a890516	李海姑	优先出款会员 (16)
lisahaohao	杨飞	优先出款会员 (16)
75404	邓华斌	优先出款会员 (16)
a114477	陈玉琼	优先出款会员 (16)
ch55839481	陈建勇	优先出款会员 (16)
ztf183211	张天福	优先出款会员 (16)
13590129025	黄志勇	优先出款会员 (16)
quanxueyong	刘奥迪	优先出款会员 (16)
qudiqudi	曲迪	优先出款会员 (16)
qing727415	谭青青	优先出款会员 (16)
lanxinyu	冯培育	优先出款会员 (16)
t15074084435	唐故香	优先出款会员 (16)
zq67735f	周巧凤	优先出款会员 (16)
520882a	兰洪志	优先出款会员 (16)
mq147258	马强	优先出款会员 (16)
a13342578318	刘帅邦	优先出款会员 (16)
1023778621	陈利杰	优先出款会员 (16)
1269063312	朱陆盟	优先出款会员 (16)
h850924	胡开敏	优先出款会员 (16)
liyun8888	李云飞	优先出款会员 (16)
283961674	杨小辉	优先出款会员 (16)
qaz8344002	赵凯	优先出款会员 (16)
a85706693	邓梓良	优先出款会员 (16)
1356232	钟日厚	优先出款会员 (16)
qun111	张群潮	优先出款会员 (16)
dsdmh	邓明晖	优先出款会员 (16)
52921	蒋静	优先出款会员 (16)
lin19940301	林起涌	优先出款会员 (16)
dengdai666	卢翠霞	优先出款会员 (16)
z543196121	范毅康	优先出款会员 (16)
12345678x	彭兰林	优先出款会员 (16)
anpei123	唐永培	优先出款会员 (16)
1509561abc	宋永生	优先出款会员 (16)
zjh3353	祝景慧	优先出款会员 (16)
13402095823	王磊	优先出款会员 (16)
mx001	孟祥辰	优先出款会员 (16)
w5585836	李小刚	优先出款会员 (16)
123456fj	冯婧	优先出款会员 (16)
wang30000	王梦隆	优先出款会员 (16)
tianlong	李昌华	优先出款会员 (16)
8804083	王莎莎	优先出款会员 (16)
daylight123	黎明	优先出款会员 (16)
18916924707	刘伟	优先出款会员 (16)
17865556615	王绍坤	优先出款会员 (16)
727663833	黄映彦	优先出款会员 (16)
868890	陈介兵	优先出款会员 (16)
l18717152256	刘雷雷	优先出款会员 (16)
yyt754869	杨涛	优先出款会员 (16)
zxc7410	李振华	优先出款会员 (16)
yuyu77778888	胡建华	优先出款会员 (16)
zx627711	王春辉	优先出款会员 (16)
a13115922090	黄芳	优先出款会员 (16)
hexiujia11	何秀佳	优先出款会员 (16)
snow1314888	段彦超	优先出款会员 (16)
cdk918	张桂芳	优先出款会员 (16)
l920806	李蕾	优先出款会员 (16)
slc7233	孙连成	优先出款会员 (16)
1635150559	马昕禹	优先出款会员 (16)
yueyue	王姣华	优先出款会员 (16)
18919245080	刘武平	优先出款会员 (16)
236057624	沈梦凡	优先出款会员 (16)
z183890699	张诚俊	优先出款会员 (16)
wjl111	王金龙	优先出款会员 (16)
gu774900	谷建杰	优先出款会员 (16)
917459310	张志存	优先出款会员 (16)
l79510	刘彬彬	优先出款会员 (16)
13927226091a	李永恒	优先出款会员 (16)
xbxyhhh1	兰朔	优先出款会员 (16)
a8117204	栾佳颖	优先出款会员 (16)
lmz666666	李承洲	优先出款会员 (16)
350990	郑伟雄	优先出款会员 (16)
tz198966	谭振	优先出款会员 (16)
l123456789zg	刘争光	优先出款会员 (16)
cailuqijia88	吴晓	优先出款会员 (16)
18253648838	李世东	优先出款会员 (16)
804864723	周浩	优先出款会员 (16)
hz001	侯子行	优先出款会员 (16)
wz16888	王振	优先出款会员 (16)
znl6688	张南来	优先出款会员 (16)
zixinmei2018	黎祖银	优先出款会员 (16)
a27663375	邓成龙	优先出款会员 (16)
tgb321456	邹昆	优先出款会员 (16)
chy201988	曹火云	优先出款会员 (16)
zdw543721	郑登伟	优先出款会员 (16)
xxl123456	肖锡龙	优先出款会员 (16)
bin5201314	夏海龙	优先出款会员 (16)
heheng991	何振恒	优先出款会员 (16)
cui085400	崔建彪	优先出款会员 (16)
qq546465137	卢祥	优先出款会员 (16)
xql789789	龙玉玲	优先出款会员 (16)
a13276990573	邱新俤	优先出款会员 (16)
a18695782996	邱善尧	优先出款会员 (16)
yy131	严化权	优先出款会员 (16)
a13067324138	王爱仙	优先出款会员 (16)
a18650389030	邱宝镇	优先出款会员 (16)
15234586026	刘晶晶	优先出款会员 (16)
wy1258	周玲	优先出款会员 (16)
programmerzz	张曌	优先出款会员 (16)
a13110513937	邱雄俤	优先出款会员 (16)
a18695610736	朱玲林	优先出款会员 (16)
lsx520	梁守学	优先出款会员 (16)
492090	黄立能	优先出款会员 (16)
molongyi	莫龙亿	优先出款会员 (16)
zyyy520520	张永游	优先出款会员 (16)
15888168638	高峰	优先出款会员 (16)
1111111hdj	郝冬洁	优先出款会员 (16)
13481442080	罗振东	优先出款会员 (16)
c12345c	蔡素锋	优先出款会员 (16)
hao168138	郭宝	优先出款会员 (16)
ljlljl1974	李金来	优先出款会员 (16)
xianmei	朱仙梅	优先出款会员 (16)
lxl95299	刘先亮	优先出款会员 (16)
jie22	刘木坚	优先出款会员 (16)
15163568880	吴保平	优先出款会员 (16)
y15065200453	于亦东	优先出款会员 (16)
xy086	高丹	优先出款会员 (16)
wuxinqwe	吴鑫	优先出款会员 (16)
11234	郭一凡	优先出款会员 (16)
a147963000	于汉超	优先出款会员 (16)
hlq0918	黄龙泉	优先出款会员 (16)
htz0330	李胜兵	优先出款会员 (16)
mou1234	韦海谋	优先出款会员 (16)
zhangqiang1	张强强	优先出款会员 (16)
fff111	葛小刚	优先出款会员 (16)
jan0316	王淼	优先出款会员 (16)
xyz001	徐永志	优先出款会员 (16)
lby130806	魏欣	优先出款会员 (16)
13764716117	肖自立	优先出款会员 (16)
bobotou	周丽娜	优先出款会员 (16)
wildlife321	梁东元	优先出款会员 (16)
1458505070	王冰冰	优先出款会员 (16)
fhd2534	郭永强	优先出款会员 (16)
235236	刘庆	优先出款会员 (16)
caibaiheng	蔡佰亨	优先出款会员 (16)
tianjinfei1	田进飞	优先出款会员 (16)
wtq350529	王铁奇	优先出款会员 (16)
bf787492882	郭不凡	优先出款会员 (16)
ah00001	朱中良	优先出款会员 (16)
q13413120938	黄国定	优先出款会员 (16)
h2322690	洪占阳	优先出款会员 (16)
lth123456	陆通花	优先出款会员 (16)
19941473683	赵友明	优先出款会员 (16)
slei1017	孙雷雷	优先出款会员 (16)
mvp1314520	林木森	优先出款会员 (16)
ru6715	茹雪丽	优先出款会员 (16)
15036337766	姬晓明	优先出款会员 (16)
hh15353	吴子成	优先出款会员 (16)
sen0628	陈洪森	优先出款会员 (16)
wo8114640	裴志超	优先出款会员 (16)
longlongago	柴鑫	优先出款会员 (16)
jiangxiaozhu	姜小柱	优先出款会员 (16)
fgjh45855	郭合胜	优先出款会员 (16)
13763801502	郑群英	优先出款会员 (16)
chuantuon	周传桶	优先出款会员 (16)
lj429107	刘娟	优先出款会员 (16)
a821119182	宫利海	优先出款会员 (16)
ztf123456	卓天福	优先出款会员 (16)
438631480	夏乙元	优先出款会员 (16)
qigou	杜子真	优先出款会员 (16)
18737876194	蔡洪银	优先出款会员 (16)
ljh777	卢金华	优先出款会员 (16)
661818	曾国法	优先出款会员 (16)
zfh3503539	张枫豪	优先出款会员 (16)
13209458985	孙其祥	优先出款会员 (16)
pjy1234567	彭军有	优先出款会员 (16)
syp123	沈亚平	优先出款会员 (16)
xinxin0908	栾娥	优先出款会员 (16)
tanhuiyi	谭慧仪	优先出款会员 (16)
118202	张合宗	优先出款会员 (16)
zry91222	文宇清	优先出款会员 (16)
1046679612	李敏	优先出款会员 (16)
hzq1979	何智强	优先出款会员 (16)
2573805443	江锦辉	优先出款会员 (16)
aa14756355	龚春南	优先出款会员 (16)
aa8654492	林志豪	优先出款会员 (16)
18199852363	谷宇鹏	优先出款会员 (16)
jiang1564	符和江	优先出款会员 (16)
xinbao	王丹	优先出款会员 (16)
wm1122	汪萌	优先出款会员 (16)
sx123456sx	宋袖	优先出款会员 (16)
xieyoupeng	谢友蓬	优先出款会员 (16)
aa1246	吴从生	优先出款会员 (16)
13735254063	求月军	优先出款会员 (16)
197606020415	郑卫国	优先出款会员 (16)
xiaojing888	周晶	优先出款会员 (16)
mcc3232	马春成	优先出款会员 (16)
zpf294874847	张鹏飞	优先出款会员 (16)
wx199924	王雄	优先出款会员 (16)
cc5232	何小霞	优先出款会员 (16)
dongzi2019	李永东	优先出款会员 (16)
81509922	罗崇库	优先出款会员 (16)
waa008	陈伟贤	优先出款会员 (16)
peng123	杨进澎	优先出款会员 (16)
luxiaozhang1	鲁世红	优先出款会员 (16)
wjr666	吴嘉如	优先出款会员 (16)
yaomaohui	姚茂辉	优先出款会员 (16)
shangdi6699	邓明洁	优先出款会员 (16)
yyy614	杨亚运	优先出款会员 (16)
wh64531491	王辉	优先出款会员 (16)
ldf2201845	刘殿飞	优先出款会员 (16)
356492620	张冰冰	优先出款会员 (16)
13292449111	郑晓兵	优先出款会员 (16)
fszr111	庄岩松	优先出款会员 (16)
bb7890	刘德华	优先出款会员 (16)
gw858	黄立武	优先出款会员 (16)
guo005200	陈华荣	优先出款会员 (16)
120716100	王飞	优先出款会员 (16)
liugs1	刘广森	优先出款会员 (16)
201131zhang	张桂荣	优先出款会员 (16)
ab2019315	宋琴	优先出款会员 (16)
aaa18899140	庄建龙	优先出款会员 (16)
bin678	余波	优先出款会员 (16)
19952361996	姚江	优先出款会员 (16)
yzp666666	余证平	优先出款会员 (16)
lh6666	郑学良	优先出款会员 (16)
131711113	贺超	优先出款会员 (16)
liuxing888	张军委	优先出款会员 (16)
aa12888	刘志杰	优先出款会员 (16)
1532966	汪满	优先出款会员 (16)
hs890630	胡帅	优先出款会员 (16)
dj07808	何立贵	优先出款会员 (16)
zhufl	祝凤玲	优先出款会员 (16)
t0054081	唐城	优先出款会员 (16)
qwe686014	张明涛	优先出款会员 (16)
dn1987	蒋水仙	优先出款会员 (16)
hai1226	薛桃弟	优先出款会员 (16)
qq1159930981	何炳荣	优先出款会员 (16)
yx050131419	杨霞	优先出款会员 (16)
sgy544284319	单国岳	优先出款会员 (16)
liang6802	梁家源	优先出款会员 (16)
leitian321	雷田	优先出款会员 (16)
putao123	尹定秀	优先出款会员 (16)
168699699	杨星	优先出款会员 (16)
aa750605	黄志和	优先出款会员 (16)
h02510	黄杰侠	优先出款会员 (16)
1187180762	朱柳奕	优先出款会员 (16)
2250807005	冯志敬	优先出款会员 (16)
xixihaha5678	杜新华	优先出款会员 (16)
pp0822	李涛	优先出款会员 (16)
df88688	龙剑宏	优先出款会员 (16)
2929152349	王明航	优先出款会员 (16)
13813405060	王闲青	优先出款会员 (16)
hz8585733	侯子行	优先出款会员 (16)
wst545612	吴大芳	优先出款会员 (16)
xc324776	余云儒	优先出款会员 (16)
zrx458	张荣幸	优先出款会员 (16)
w115155144	张冲	优先出款会员 (16)
yinlianlian	尹小亮	优先出款会员 (16)
zcbcp111	冯旭飞	优先出款会员 (16)
aabb123	吴志辉	优先出款会员 (16)
13713984764	张文旭	优先出款会员 (16)
qipa889900	刘楠楠	优先出款会员 (16)
gpx123456	高培鑫	优先出款会员 (16)
168168aaaa	王铭泽	优先出款会员 (16)
yu5510898	於国君	优先出款会员 (16)
zk790629	左可荣	优先出款会员 (16)
sjnl1992	詹楚良	优先出款会员 (16)
15037998848	游红丽	优先出款会员 (16)
417592956	谭政元	优先出款会员 (16)
15237922885	游红丽	优先出款会员 (16)
747305224	牟兴强	优先出款会员 (16)
186751	邓良保	优先出款会员 (16)
159148	邓威	优先出款会员 (16)
147711	陈宝明	优先出款会员 (16)
158921022	黄廉如	优先出款会员 (16)
whsk7368	吴科成	优先出款会员 (16)
1157332422	曾文浩	优先出款会员 (16)
miao1994	苗柏龙	优先出款会员 (16)
zhengyue520	王晓玉	优先出款会员 (16)
wankoz89	农进华	优先出款会员 (16)
yayiyayi222	陈锦倩	优先出款会员 (16)
zhenghui520	谢学诗	优先出款会员 (16)
mayonglun123	马永伦	优先出款会员 (16)
che1312052	程国民	优先出款会员 (16)
pszyf829	周永发	优先出款会员 (16)
ab861124	吴文喜	优先出款会员 (16)
hsq1996	黄仕奇	优先出款会员 (16)
ycn4713	杨成能	优先出款会员 (16)
18251195712	张宏伟	优先出款会员 (16)
18825125319	王安祥	优先出款会员 (16)
zch123	张昌华	优先出款会员 (16)
43234431	谢晶	优先出款会员 (16)
15184349489	康凤	优先出款会员 (16)
dy123456	杜浩	优先出款会员 (16)
82552100	闫禹良	优先出款会员 (16)
zc790820	吕息付	优先出款会员 (16)
5305811	谢清新	优先出款会员 (16)
kxy1116	孔建元	优先出款会员 (16)
aa963	吴仕毫	优先出款会员 (16)
aaa9072	曾国桂	优先出款会员 (16)
petrel	吕海燕	优先出款会员 (16)
pixiuzhiwang	陈景春	优先出款会员 (16)
maorh520	毛荣华	优先出款会员 (16)
as66666688	李显胜	优先出款会员 (16)
wei0711	魏颖涛	优先出款会员 (16)
hs123456	何松	优先出款会员 (16)
djw1234	邓嘉威	优先出款会员 (16)
10500605	皮美华	优先出款会员 (16)
li561818	李四成	优先出款会员 (16)
ktcx2019	陈文忠	优先出款会员 (16)
123456www	吴厚俊	优先出款会员 (16)
1549393030	石银山	优先出款会员 (16)
wxg168	王松	优先出款会员 (16)
zqy385288	张秋燕	优先出款会员 (16)
15763932601	赵向芹	优先出款会员 (16)
caibi894010	钟彩碧	优先出款会员 (16)
ww6682743	李文杰	优先出款会员 (16)
wlugf2019	周超	优先出款会员 (16)
417505211	刘月	优先出款会员 (16)
luodatong250	罗大通	优先出款会员 (16)
1126489842	钟惠蝉	优先出款会员 (16)
a6666	陈庭	优先出款会员 (16)
lcz88888888	李承洲	优先出款会员 (16)
w64725593	杨晓飞	优先出款会员 (16)
597809293	黄建圭	优先出款会员 (16)
13381985003	李春	优先出款会员 (16)
w998877	魏喜青	优先出款会员 (16)
1234567889	张彬彬	优先出款会员 (16)
f52386119	滕明鹏	优先出款会员 (16)
131421	雍应红	优先出款会员 (16)
yuan588690	袁健	优先出款会员 (16)
123456zx	赵鑫	优先出款会员 (16)
01020304	李延玲	优先出款会员 (16)
xx123	樊连霞	优先出款会员 (16)
viking868811	董啸尘	优先出款会员 (16)
orb20008	欧仁波	优先出款会员 (16)
fei888	张小彬	优先出款会员 (16)
a1515607969	张艺之	优先出款会员 (16)
rong3123299	卜彦保	优先出款会员 (16)
18655923382	洪海彬	优先出款会员 (16)
wx0123	魏熙熙	优先出款会员 (16)
cgq1986	陈改琴	优先出款会员 (16)
187133	陈建建	优先出款会员 (16)
631552219	姜友	优先出款会员 (16)
rf41551	黄宏察	优先出款会员 (16)
gs0302	谷松	优先出款会员 (16)
13244982573	李定	优先出款会员 (16)
sd854865	吴迪	优先出款会员 (16)
w394941405	王浩如	优先出款会员 (16)
13885649232	姚本华	优先出款会员 (16)
ret41544	吴海明	优先出款会员 (16)
jyhwyf68	靳云河	优先出款会员 (16)
caohao	曹浩	优先出款会员 (16)
2037442329	许文强	优先出款会员 (16)
xiaojin520	余金花	优先出款会员 (16)
smile1311	张罗	优先出款会员 (16)
ting0518	李作林	优先出款会员 (16)
jg13898	贾刚	优先出款会员 (16)
2103579164	段文吕	优先出款会员 (16)
hn36208	冯学斌	优先出款会员 (16)
pjw123	彭家伟	优先出款会员 (16)
12345aa	陈伟良	优先出款会员 (16)
568843710	王肖	优先出款会员 (16)
zhangying123	翠英	优先出款会员 (16)
17608092754	周坤	优先出款会员 (16)
lcf123456	刘传芳	优先出款会员 (16)
123zxcvbnm	周怡	优先出款会员 (16)
lsk1862548	李帅珂	优先出款会员 (16)
king1021	吴伟劲	优先出款会员 (16)
18948318772	周雄	优先出款会员 (16)
zc12345678	郑策	优先出款会员 (16)
24170173396	王远	优先出款会员 (16)
sh19721028	杨庆英	优先出款会员 (16)
jiangmei1972	蒋梅	优先出款会员 (16)
q415716003	陈稳	优先出款会员 (16)
gg101	白伟锋	优先出款会员 (16)
lhl678678	李华兰	优先出款会员 (16)
chengfa12345	罗成发	优先出款会员 (16)
nan6060	代志勇	优先出款会员 (16)
lzy258	李自勇	优先出款会员 (16)
leiking	雷微	优先出款会员 (16)
qijianlei	齐建磊	优先出款会员 (16)
jiren56	武文永	优先出款会员 (16)
1198143331	秦义	优先出款会员 (16)
bb1612890955	石冠喜	优先出款会员 (16)
zhj123	朱和江	优先出款会员 (16)
13687647071	赵向芹	优先出款会员 (16)
plok963	杨虎	优先出款会员 (16)
w2030	蒋庭峰	优先出款会员 (16)
weixin521	谢维克	优先出款会员 (16)
jinyun111	虞勇杰	优先出款会员 (16)
18316255108	李伟健	优先出款会员 (16)
liulaifu123	刘来福	优先出款会员 (16)
xsw999	熊四文	优先出款会员 (16)
yi1993	易强	优先出款会员 (16)
w123	王友兵	优先出款会员 (16)
gn80031988	黄卓礼	优先出款会员 (16)
wvnjp	王玲晶	优先出款会员 (16)
503681873	王亚飞	优先出款会员 (16)
17695943	王少康	优先出款会员 (16)
hxy9988	黄旋毅	优先出款会员 (16)
li888888	李刚	优先出款会员 (16)
summer1213	陈琳	优先出款会员 (16)
qingcheng88	李浩	优先出款会员 (16)
guoguo	国成	优先出款会员 (16)
qianqian0315	李哲	优先出款会员 (16)
ccddzz826151	蔡东子	优先出款会员 (16)
as363884385	王虎	优先出款会员 (16)
asdf123321	黄友迪	优先出款会员 (16)
liyuchen	李晨	优先出款会员 (16)
6554544	张戈	优先出款会员 (16)
1369335077	乔小宁	优先出款会员 (16)
fjwz13xs	费明均	优先出款会员 (16)
d3333	周映红	优先出款会员 (16)
19830925	李振汪	优先出款会员 (16)
a085511	张进文	优先出款会员 (16)
a155961	于莹松	优先出款会员 (16)
jmdaz12	李颖	优先出款会员 (16)
yinhege	何靓	优先出款会员 (16)
a422676668	金岩乐	优先出款会员 (16)
zzzaaa6789	张立新	优先出款会员 (16)
a12345a	樊四有	优先出款会员 (16)
1524145639qq	刘志敏	优先出款会员 (16)
521521	张国强	优先出款会员 (16)
abc196251	杨胜友	优先出款会员 (16)
l325323	罗胜豪	优先出款会员 (16)
lhnqb	李华宁	优先出款会员 (16)
ywt1111	袁文涛	优先出款会员 (16)
zxyoia	邹晓阳	优先出款会员 (16)
ls2019ok	梁深	优先出款会员 (16)
baby092627	朱德茂	优先出款会员 (16)
bin19920529	王锦彬	优先出款会员 (16)
louis	刘艺	优先出款会员 (16)
6868zhu	朱钦禄	优先出款会员 (16)
1875366	王宗芹	优先出款会员 (16)
nba8	梁月容	优先出款会员 (16)
liangzhang	张彩虹	优先出款会员 (16)
xbb850428	肖艳军	优先出款会员 (16)
369147	于良文	优先出款会员 (16)
921212zt	张亚贞	优先出款会员 (16)
aa452731	梁江涛	优先出款会员 (16)
yanli666	唐斌	优先出款会员 (16)
ld52888	郭兵强	优先出款会员 (16)
xie199666	谢秋豪	优先出款会员 (16)
83606266	刘鑫	优先出款会员 (16)
w1354611835	魏金金	优先出款会员 (16)
asdfgas	甘恒扶	优先出款会员 (16)
yrbz123	沈亚鑫	优先出款会员 (16)
b2005	王金	优先出款会员 (16)
1905848053	冯权佳	优先出款会员 (16)
2700082822	罗君尧	优先出款会员 (16)
mi535392762	梁兴广	优先出款会员 (16)
nulishangan	陈引	优先出款会员 (16)
828fafa	施培好	优先出款会员 (16)
dd3278g	杨明东	优先出款会员 (16)
xuxiaoliang	徐亮	优先出款会员 (16)
hbz19950102	胡丙章	优先出款会员 (16)
juaner123	刘亚琼	优先出款会员 (16)
a824779880	刘恒	优先出款会员 (16)
aa198968	黄瀛植	优先出款会员 (16)
longtianyu	龙明卫	优先出款会员 (16)
18306188473	顾振同	优先出款会员 (16)
000000aq	杨国林	优先出款会员 (16)
yefei888999	叶金福	优先出款会员 (16)
3327276017	倪浩宾	优先出款会员 (16)
mxh1338364	马小会	优先出款会员 (16)
manbuyu	黄兴良	优先出款会员 (16)
erping888	郝岩红	优先出款会员 (16)
h4055874	田玉亭	优先出款会员 (16)
492438732	蔡保华	优先出款会员 (16)
silence	李鑫	优先出款会员 (16)
yuzhou88	韩宇宙	优先出款会员 (16)
liyuniu	董风泽	优先出款会员 (16)
cjj3160072	陈杰	优先出款会员 (16)
ruichenbao	方丹	优先出款会员 (16)
qvbidt	邹金涛	优先出款会员 (16)
xx2019	李增琼	优先出款会员 (16)
qqqqqqqq	梁显超	优先出款会员 (16)
13076402683	徐锦适	优先出款会员 (16)
hentaiqin	陈浩伟	优先出款会员 (16)
hb6220664	蒋海波	优先出款会员 (16)
15270233833	孔凡广	优先出款会员 (16)
yqyq888	谢仕达	优先出款会员 (16)
lovegem	陆绰姮	优先出款会员 (16)
y6677	刘海燕	优先出款会员 (16)
277062aa	于洪运	优先出款会员 (16)
131427	林俊海	优先出款会员 (16)
a243334321	国全禹	优先出款会员 (16)
107244057	欧阳重香	优先出款会员 (16)
dy191439440	段彦超	优先出款会员 (16)
lin8383	林双	优先出款会员 (16)
ccqlf333	刁方俐	优先出款会员 (16)
c5050	张睿	优先出款会员 (16)
ytt190309	于彤彤	优先出款会员 (16)
cao5066378	曹雪平	优先出款会员 (16)
15768286749	曾涌	优先出款会员 (16)
lsf56789	林碎凤	优先出款会员 (16)
wx110	巫行鸿	优先出款会员 (16)
xiao123456	肖鹏	优先出款会员 (16)
pengme	彭美	优先出款会员 (16)
hk4415089	韩坤	优先出款会员 (16)
hope666	柯懿	优先出款会员 (16)
77885210	赵元新	优先出款会员 (16)
qaz2001030	骆琦轩	优先出款会员 (16)
hqj8869	胡琴娟	优先出款会员 (16)
gt1212	郭铁	优先出款会员 (16)
xx970112	谢欣	优先出款会员 (16)
zpstc	张澎	优先出款会员 (16)
catcat123	胡亚菲	优先出款会员 (16)
ftt816	袁菊诗	优先出款会员 (16)
jianglei	姜磊	优先出款会员 (16)
ccc598	张其兴	优先出款会员 (16)
zzy2018	曾昭玉	优先出款会员 (16)
long91qq	施日相	优先出款会员 (16)
tczjm	郑建民	优先出款会员 (16)
161211	陈思静	优先出款会员 (16)
ww251314	胡建林	优先出款会员 (16)
z50462654	郑成	优先出款会员 (16)
nbalgx	乐国兴	优先出款会员 (16)
aaweijinwen	韦金文	优先出款会员 (16)
tb670806948	滕波	优先出款会员 (16)
xxtrh	任喜喜	优先出款会员 (16)
a444360437	李许	优先出款会员 (16)
130518	陈超	优先出款会员 (16)
c198909	谢东贤	优先出款会员 (16)
wuyue11	吴锃	优先出款会员 (16)
110110	王奎光	优先出款会员 (16)
qweas1688	高秋生	优先出款会员 (16)
18475652836	卢文灿	优先出款会员 (16)
w0624998	韦克林	优先出款会员 (16)
tn2299	田宁	优先出款会员 (16)
tmx777	谭孟夏	优先出款会员 (16)
315pk618	叶广平	优先出款会员 (16)
whp526	王会萍	优先出款会员 (16)
tianhua123	田华	优先出款会员 (16)
wo201388	罗双群	优先出款会员 (16)
w123456	汪华林	优先出款会员 (16)
qq2846917017	吴凇	优先出款会员 (16)
ax1132	张细妹	优先出款会员 (16)
a137521	马荣华	优先出款会员 (16)
lf19930828	李夫	优先出款会员 (16)
cao590619	曹少龙	优先出款会员 (16)
gzsz77351	杨云友	优先出款会员 (16)
07386061	熊明超	优先出款会员 (16)
886968	马晓东	优先出款会员 (16)
yi999	易淼鑫	优先出款会员 (16)
hqhd123	江洪强	优先出款会员 (16)
qqw888	韦运华	优先出款会员 (16)
xc131419	张志海	优先出款会员 (16)
dang205	侯志康	优先出款会员 (16)
a19945258111	张英杰	优先出款会员 (16)
18269611591	冯建民	优先出款会员 (16)
35793579	肖淑红	优先出款会员 (16)
13729284867	冯恩寿	优先出款会员 (16)
gwbpjj	高文博	优先出款会员 (16)
rl888	任磊	优先出款会员 (16)
acom123456	刘培雄	优先出款会员 (16)
taoyan698	陶艳	优先出款会员 (16)
jxb888	贾雪彪	优先出款会员 (16)
ygx1963	杨国祥	优先出款会员 (16)
lin626	翟梓维	优先出款会员 (16)
youcheng17	王维	优先出款会员 (16)
122333	黄敦瑜	优先出款会员 (16)
452203405	谢流昆	优先出款会员 (16)
yy1026	袁友	优先出款会员 (16)
rxy0610	容学燕	优先出款会员 (16)
lqq6666	黎琪琪	优先出款会员 (16)
wanglu416	王璐	优先出款会员 (16)
shangguan	管恩凤	优先出款会员 (16)
wyj486yx	王永江	优先出款会员 (16)
mq2854154	毛强	优先出款会员 (16)
chaoge52	雷超	优先出款会员 (16)
a369123	谢彩霞	优先出款会员 (16)
lyjcow7821	牛友军	优先出款会员 (16)
a26926	王睿智	优先出款会员 (16)
xks69xks	徐开仕	优先出款会员 (16)
ghcv12345	冯海	优先出款会员 (16)
fuhaifeng	傅海峰	优先出款会员 (16)
hejian916515	贺建	优先出款会员 (16)
13625676396	李明	优先出款会员 (16)
bzl0320	鲍志林	优先出款会员 (16)
skw9095	石科伟	优先出款会员 (16)
1597608	腾俊	优先出款会员 (16)
wfcalxh	关掌钜	优先出款会员 (16)
pen963852	黄志朋	优先出款会员 (16)
wzy999	王文树	优先出款会员 (16)
1634677409	程裕毫	优先出款会员 (16)
scxiaochong	肖冲	优先出款会员 (16)
liuchcai	刘成材	优先出款会员 (16)
xulei520	徐磊	优先出款会员 (16)
1750649401	李麒	优先出款会员 (16)
724231429	章杜耿	优先出款会员 (16)
ys12345	李奕雄	优先出款会员 (16)
yaolan11	黎力盛	优先出款会员 (16)
12345lwl	刘文丽	优先出款会员 (16)
qin666338	秦楚宜	优先出款会员 (16)
aaaq1588	李业建	优先出款会员 (16)
zij269568	吉广金	优先出款会员 (16)
xiyue2580	王泽康	优先出款会员 (16)
13265332486	江必海	优先出款会员 (16)
yintian	殷天	优先出款会员 (16)
qintian	秦天	优先出款会员 (16)
aashk	陈厚康	优先出款会员 (16)
daohui521	张道辉	优先出款会员 (16)
wjs715909	吴俊仕	优先出款会员 (16)
277782297	刘建明	优先出款会员 (16)
h56880	何嘉敏	优先出款会员 (16)
ayfc001	何溪	优先出款会员 (16)
494362816	连灿材	优先出款会员 (16)
huangchang	黄景冲	优先出款会员 (16)
lychun88	罗迎春	优先出款会员 (16)
xue047	薛德协	优先出款会员 (16)
zfm888	钟发美	优先出款会员 (16)
mlc7595	马利超	优先出款会员 (16)
cdm1991	陈东明	优先出款会员 (16)
daizh1234	代中华	优先出款会员 (16)
az258054	李兵	优先出款会员 (16)
hhy258	颜树虹	优先出款会员 (16)
qq921313006	张金铭	优先出款会员 (16)
yss520	朱晋金	优先出款会员 (16)
a916116	朱胜利	优先出款会员 (16)
liu8888	刘作明	优先出款会员 (16)
qq342623286	邓忠明	优先出款会员 (16)
huangzhaokun	黄照坤	优先出款会员 (16)
w411839250	钟建佳	优先出款会员 (16)
dwj15711	董文骏	优先出款会员 (16)
b1353278	柏偈	优先出款会员 (16)
dawei88888	李自伟	优先出款会员 (16)
luo123321	罗珊	优先出款会员 (16)
cyj0011	陈宇佳	优先出款会员 (16)
b675458	向斌华	优先出款会员 (16)
a184428331	刘高辉	优先出款会员 (16)
litao123	余海洋	优先出款会员 (16)
xuedeqi	薛德祈	优先出款会员 (16)
ytg223	叶龙存	优先出款会员 (16)
moon201234	王静	优先出款会员 (16)
lxy7480	刘善音	优先出款会员 (16)
812270	向健波	优先出款会员 (16)
qqq247890	林奇龙	优先出款会员 (16)
kajibubu	周卫	优先出款会员 (16)
l124181200	刘洪良	优先出款会员 (16)
xzh2468	徐志华	优先出款会员 (16)
qiqimao699	陈思琪	优先出款会员 (16)
zxwaiwyh	张晓伟	优先出款会员 (16)
ayao88	黄国娟	优先出款会员 (16)
feifang016	徐水芳	优先出款会员 (16)
zhongbi89401	钟彩碧	优先出款会员 (16)
zhong021	钟火庆	优先出款会员 (16)
127127	钟银锋	优先出款会员 (16)
zhu199	朱伯斌	优先出款会员 (16)
kb135790	阚波	优先出款会员 (16)
wlin888	林兴岳	优先出款会员 (16)
494646064	王颖惠	优先出款会员 (16)
sheng666	刘金生	优先出款会员 (16)
kkaa5566	莫冬	优先出款会员 (16)
as958	吕华山	优先出款会员 (16)
761111aa	尹文忠	优先出款会员 (16)
xx6958	谢庆哪	优先出款会员 (16)
yzg123	杨志刚	优先出款会员 (16)
299668357	宋豪华	优先出款会员 (16)
sx8866	韦威鹅	优先出款会员 (16)
pk2019	周志荣	优先出款会员 (16)
wxw666	王伟	优先出款会员 (16)
qq520520	陈建山	优先出款会员 (16)
f0820199	舒克鑫	优先出款会员 (16)
sszz666	黎碧江	优先出款会员 (16)
sky137	吴少翠	优先出款会员 (16)
w901216	尤昌华	优先出款会员 (16)
xmb888888	王怡彬	优先出款会员 (16)
hao7788	蒙国貌	优先出款会员 (16)
fjly518	杨文祥	优先出款会员 (16)
123456lhy	刘洪溢	优先出款会员 (16)
luo666666	罗仁杰	优先出款会员 (16)
780620	胡华顺	优先出款会员 (16)
abcd12345	喻连德	优先出款会员 (16)
gyh320150559	龚广文	优先出款会员 (16)
ab992538990	黄义杭	优先出款会员 (16)
fen121	孟小芬	优先出款会员 (16)
w649582975	王鹏	优先出款会员 (16)
a289083527	蒋文龙	优先出款会员 (16)
saiche	员波	优先出款会员 (16)
1877645102	崔超	优先出款会员 (16)
jinyu0429	李鑫	优先出款会员 (16)
h381835344	何奇	优先出款会员 (16)
yy459	颜齐君	优先出款会员 (16)
fu493927820	符宗彬	优先出款会员 (16)
wz557203h	吴涛	优先出款会员 (16)
ys4370	方永胜	优先出款会员 (16)
mmjing2201	何静	优先出款会员 (16)
qq397038688	丁付民	优先出款会员 (16)
flzt88888	肖武贵	优先出款会员 (16)
huan123	魏焕	优先出款会员 (16)
886123mm	罗红星	优先出款会员 (16)
18370328311	戴苏珍	优先出款会员 (16)
18172625744	李华定	优先出款会员 (16)
wzh78569064	温辉	优先出款会员 (16)
a013010	付秋花	优先出款会员 (16)
aaabbb1981	潘华彬	优先出款会员 (16)
w1060557287	吴志悬	优先出款会员 (16)
jiuaxi99	吴超会	优先出款会员 (16)
13902286p	黄正茂	优先出款会员 (16)
ydywn123	徐雅娟	优先出款会员 (16)
guangming	杨晓亮	优先出款会员 (16)
fjhorseman	张峰	优先出款会员 (16)
19873607562	杨一明	优先出款会员 (16)
a18376916859	周贵阐	优先出款会员 (16)
k136541036	匡小华	优先出款会员 (16)
bydpp	陈仕昌	优先出款会员 (16)
q469025965	郑建福	优先出款会员 (16)
1019028008	谭福灵	优先出款会员 (16)
lmysby	李命阳	优先出款会员 (16)
18770750872	肖地长	优先出款会员 (16)
gjp8181	郭建平	优先出款会员 (16)
a13225998870	翁富强	优先出款会员 (16)
13022785244	李云腾	优先出款会员 (16)
666666ss	马晓龙	优先出款会员 (16)
83327082	卢肯	优先出款会员 (16)
zh201919196	胡敏锋	优先出款会员 (16)
puti75477	杨永升	优先出款会员 (16)
yangping1989	杨平	优先出款会员 (16)
12345666	胡艳波	优先出款会员 (16)
jscd123	董健辉	优先出款会员 (16)
ayy881223	黄水斌	优先出款会员 (16)
guo1114	郭政	优先出款会员 (16)
jyan	蒋燕	优先出款会员 (16)
a13971585091	黄朝源	优先出款会员 (16)
18926703138	许胜有	优先出款会员 (16)
520kyh	梁洪源	优先出款会员 (16)
xx1126	陈起翔	优先出款会员 (16)
35562999	沈志钦	优先出款会员 (16)
yfj888	颜复江	优先出款会员 (16)
l23451007	陈成良	优先出款会员 (16)
0816ll	孙静	优先出款会员 (16)
13995541210	江程	优先出款会员 (16)
q601826145	曾福清	优先出款会员 (16)
secusecu98	吴振强	优先出款会员 (16)
pp4455	李展伟	优先出款会员 (16)
guo999999	张过	优先出款会员 (16)
zly6652033	张连营	优先出款会员 (16)
hzm666888	黄樟木	优先出款会员 (16)
wyc88888	魏英超	优先出款会员 (16)
2417362212	曾兆锋	优先出款会员 (16)
wateroubar	王义涛	优先出款会员 (16)
16015105	赵安安	优先出款会员 (16)
chen1992	陈友康	优先出款会员 (16)
my1992	陈佳幸	优先出款会员 (16)
zhg9586	张洪国	优先出款会员 (16)
a492518264	孟滨	优先出款会员 (16)
yu1005941260	余国锦	优先出款会员 (16)
whhnxm	叶春成	优先出款会员 (16)
q1559066	王桂芬	优先出款会员 (16)
zhang1992	张国琴	优先出款会员 (16)
bb578	黄才武	优先出款会员 (16)
as25301319	赵志	优先出款会员 (16)
wen19881103	黄喜文	优先出款会员 (16)
air6688	李冲	优先出款会员 (16)
a768	郭妙香	优先出款会员 (16)
1019	陈有福	优先出款会员 (16)
ajian1125	廖程建	优先出款会员 (16)
226001zch	张荣	优先出款会员 (16)
meitian888	陈健	优先出款会员 (16)
a2363275460	罗丁珲	优先出款会员 (16)
li193521794	李定昌	优先出款会员 (16)
891126	陈喜坤	优先出款会员 (16)
xianc1230	肖咸程	优先出款会员 (16)
zlm022	钟流民	优先出款会员 (16)
sd574378520	廖坤维	优先出款会员 (16)
sunz147	孙志敏	优先出款会员 (16)
xiaodie520	唐丽金	优先出款会员 (16)
ppo7757	张建清	优先出款会员 (16)
huangh8899	黄欢	优先出款会员 (16)
chy116907	陈红雨	优先出款会员 (16)
kongqing1	孔庆朝	优先出款会员 (16)
xiu8888	吴春秀	优先出款会员 (16)
870708yang	杨利	优先出款会员 (16)
li1111	李文	优先出款会员 (16)
1255742357	王俊豪	优先出款会员 (16)
a19911002	梁招才	优先出款会员 (16)
8889aa	洪爱国	优先出款会员 (16)
a836700	平海芹	优先出款会员 (16)
zhang123456	夏万伟	优先出款会员 (16)
lin8299	林丁路	优先出款会员 (16)
reyreu	陈志利	优先出款会员 (16)
a1803868168	杨正华	优先出款会员 (16)
x12345678	肖立伟	优先出款会员 (16)
871115han	韩智勇	优先出款会员 (16)
aaa3800	闫敬明	优先出款会员 (16)
qwertyui	刘朝宝	优先出款会员 (16)
qwe05052008	方培枝	优先出款会员 (16)
13693723543	刘建国	优先出款会员 (16)
cyb332211	陈炎宾	优先出款会员 (16)
kvcn76	陈来全	优先出款会员 (16)
az397597	陈泽兴	优先出款会员 (16)
987654321	黄绍国	优先出款会员 (16)
ssq123987	司少钱	优先出款会员 (16)
00235t	陈毅华	优先出款会员 (16)
zeng123	曾庆刚	优先出款会员 (16)
chq1377450	陈华庆	优先出款会员 (16)
txz999	涂晓珍	优先出款会员 (16)
zxyoia2	邹晓阳	优先出款会员 (16)
q19700627	覃海彪	优先出款会员 (16)
bbbb89	卢丽美	优先出款会员 (16)
q195613058	陈朝晖	优先出款会员 (16)
nf360208	张保华	优先出款会员 (16)
chentwon	陈国兴	优先出款会员 (16)
123xiaosuda	苏泳	优先出款会员 (16)
cmq8800		优先出款会员 (16)
