app0895	吴博	VIP3 (4)
happy6688	郭步荣	VIP3 (4)
ljpps691210	和霞	VIP3 (4)
shawn	谢顺平	VIP3 (4)
asdfzxcv	高和跃	VIP3 (4)
387983392	王宁臣	VIP3 (4)
xujunming112	许俊铭	VIP3 (4)
lisheng88	李胜	VIP3 (4)
sc806488635	孙闯	VIP3 (4)
zheng1996	郑聪哑	VIP3 (4)
zxp715715	张平	VIP3 (4)
325881944	谭武能	VIP3 (4)
541482141	陆超权	VIP3 (4)
l595120821	黄洲	VIP3 (4)
luoluo1973	罗理俊	VIP3 (4)
aa99061	李乃山	VIP3 (4)
hua520520	黄华	VIP3 (4)
xiao68888	肖明	VIP3 (4)
ljr57	林锦如	VIP3 (4)
18633665656	李檀	VIP3 (4)
wm182736	袁可伦	VIP3 (4)
zxs888	赵帅帅	VIP3 (4)
ptk2019	赵柳斌	VIP3 (4)
dashen1478	刘新泉	VIP3 (4)
id54188	赵胜涛	VIP3 (4)
qq2235501802	梁绍涛	VIP3 (4)
cdn215488	蔡丹娜	VIP3 (4)
wxh123456	吴兴辉	VIP3 (4)
127127897	刘香	VIP3 (4)
huangke	黄科	VIP3 (4)
lb1688	赖彬	VIP3 (4)
a199139	张旺旺	VIP3 (4)
18293722812	李建峰	VIP3 (4)
18890669995	张玲莉	VIP3 (4)
cishicike	杨光明	VIP3 (4)
yfb888888	杨峰波	VIP3 (4)
13279057	艾孜提艾比	VIP3 (4)
c2690048477	陈锦	VIP3 (4)
15102846415	李彪	VIP3 (4)
ping595914	吴永颖	VIP3 (4)
xj158150	徐江	VIP3 (4)
199531cl	陈磊	VIP3 (4)
dltfgaojian	高健	VIP3 (4)
ladle520	阿卜都热扎克·塔希	VIP3 (4)
87812215	陈建锋	VIP3 (4)
dzw88888	杜正伟	VIP3 (4)
zhy123456	张毅	VIP3 (4)
19951216	李响	VIP3 (4)
xiaolai1997	赖吉祥	VIP3 (4)
zl5858	张泽亮	VIP3 (4)
www111111	汪赛丰	VIP3 (4)
xya1992611	李烨灵	VIP3 (4)
nanren185	刘自云	VIP3 (4)
troro	游建鹏	VIP3 (4)
1766525liang	梁峰	VIP3 (4)
131488888888	杨玉凤	VIP3 (4)
kapok520	张广城	VIP3 (4)
hrk666	黄日宽	VIP3 (4)
hsp5678	何松品	VIP3 (4)
xu199381	许家须	VIP3 (4)
zzh002	郑志煌	VIP3 (4)
17794068163	贺军华	VIP3 (4)
669273	谢宪良	VIP3 (4)
17665215579	陈东福	VIP3 (4)
faz1234	冯傲值	VIP3 (4)
15182273235	蔡婷	VIP3 (4)
wang8737	王成	VIP3 (4)
linyu1997	林宇	VIP3 (4)
15077792356	陆显生	VIP3 (4)
yaoyuxuan	姚清益	VIP3 (4)
jack0915	熊文杰	VIP3 (4)
hq168168	何权辉	VIP3 (4)
81991766	石冰	VIP3 (4)
x326570	孙姗姗	VIP3 (4)
asxlb09	徐玲斌	VIP3 (4)
jin99	张新宁	VIP3 (4)
13777512827	梁易	VIP3 (4)
qq1737208823	谭水源	VIP3 (4)
545923468	左送	VIP3 (4)
z3201756941	钟明宏	VIP3 (4)
a2410422665	张蒙蒙	VIP3 (4)
a6060988	刘华勇	VIP3 (4)
liyu198798	龙丽宇	VIP3 (4)
w90559055	王彬	VIP3 (4)
zz238	詹柏伟	VIP3 (4)
linshuang131	林双	VIP3 (4)
815625039	张明波	VIP3 (4)
2071146758	杨春永	VIP3 (4)
ranqi123	黄贵美	VIP3 (4)
2586492705	李海鹏	VIP3 (4)
zzz88080808	张再秋	VIP3 (4)
15815166556	蔡泽文	VIP3 (4)
15772441232	石本伟	VIP3 (4)
648033108	刘俊菊	VIP3 (4)
16671473055	柯瑞	VIP3 (4)
yijiu1369	张凤君	VIP3 (4)
2069514207	张勋接	VIP3 (4)
d546	杨洪	VIP3 (4)
18475999265	何妃国	VIP3 (4)
yan998811	严奕谋	VIP3 (4)
xlxq8168	谢元坤	VIP3 (4)
baiyun	白云升	VIP3 (4)
1428009925	张辉朝	VIP3 (4)
318713618	韩鹏	VIP3 (4)
zzm123456789	张志民	VIP3 (4)
15929623156	刘鹏	VIP3 (4)
1065843714m	艾合麦提尼亚孜·巴图尔	VIP3 (4)
wenday99	万承花	VIP3 (4)
go1988	曹梅丽	VIP3 (4)
6308820	李绍越	VIP3 (4)
bp385396	白鹏	VIP3 (4)
fan567890	樊荣儒	VIP3 (4)
www156275586	李亮锋	VIP3 (4)
hy2100546	胡亚群	VIP3 (4)
yakup14	亚库甫·阿不力克木	VIP3 (4)
13794945259	宁庆能	VIP3 (4)
lishitao123	李司涛	VIP3 (4)
seaui	李艳梅	VIP3 (4)
devins1	张文哲	VIP3 (4)
jnliang	吴旭亮	VIP3 (4)
lyh7576	李耀华	VIP3 (4)
22675592	梁敏威	VIP3 (4)
bu9898	黎海龙	VIP3 (4)
zsr977	张诗茹	VIP3 (4)
17620348633	卢秀英	VIP3 (4)
jcyi	江乐意	VIP3 (4)
liu121236	刘忠连	VIP3 (4)
chen3583142	陈滨勇	VIP3 (4)
xhy8881	徐宏宇	VIP3 (4)
585168168	艾梦华	VIP3 (4)
zxx1758	张晓雪	VIP3 (4)
zxczxc1	周小仓	VIP3 (4)
080013	王晋鹏	VIP3 (4)
wu520520	吴明如	VIP3 (4)
xiaomei	黄鲜英	VIP3 (4)
b1536007666	毕茜	VIP3 (4)
18864964202	李芳	VIP3 (4)
cai258	陈小德	VIP3 (4)
1523927	户文亮	VIP3 (4)
313112925	冯广	VIP3 (4)
x1831688	冼瑞珍	VIP3 (4)
123wzg	王志乖	VIP3 (4)
he32718	何勇江	VIP3 (4)
wong1994	王军	VIP3 (4)
18547028632	姜延文	VIP3 (4)
wgzd933143	邬文广	VIP3 (4)
jacksome2019	姚洪亮	VIP3 (4)
qw15762699	谢树名	VIP3 (4)
q206658199	潘飞	VIP3 (4)
19931205	李文国	VIP3 (4)
q6567729	徐龙	VIP3 (4)
wen87650	王燕文	VIP3 (4)
w168123	张伟棉	VIP3 (4)
1824149730	覃春园	VIP3 (4)
abcd198411	王青华	VIP3 (4)
lisheng99	李胜	VIP3 (4)
13738710838	任文浩	VIP3 (4)
a554246100	李兴勇	VIP3 (4)
a899899a	赖小龙	VIP3 (4)
yf0287	陈元如	VIP3 (4)
13338599835	柳福阳	VIP3 (4)
123321444a	贾立会	VIP3 (4)
ask123	刘勤	VIP3 (4)
a1649951537	梁煜朗	VIP3 (4)
2582861462	王志航	VIP3 (4)
sen520	李森	VIP3 (4)
fyq520	符永前	VIP3 (4)
2425278952	樊正亮	VIP3 (4)
tan199511	杨强	VIP3 (4)
lsj199292	刘洋	VIP3 (4)
1412484250	王胜楠	VIP3 (4)
myf10086	牟一飞	VIP3 (4)
l2125	凌雪珍	VIP3 (4)
15065461367	郑安勇	VIP3 (4)
zan95	王赞	VIP3 (4)
ww552200	杨义马	VIP3 (4)
937421245	应优雅	VIP3 (4)
lhx6020q	林宏兴	VIP3 (4)
zry666	庄荣源	VIP3 (4)
liu1991	刘伟星	VIP3 (4)
13193796197	时秋项	VIP3 (4)
dswqdswq	邓爽	VIP3 (4)
yan820897	阎博瑀	VIP3 (4)
d123322	杜启凡	VIP3 (4)
j112233	蒋超群	VIP3 (4)
88593626zhm	张红梅	VIP3 (4)
234342834	许冬乐	VIP3 (4)
15967619844	吴卫民	VIP3 (4)
syq3344521	孙玉倩	VIP3 (4)
yzh120220	杨鹏	VIP3 (4)
159937	谢科伟	VIP3 (4)
lzb2975lzb	劳中炳	VIP3 (4)
2746336832	袁东旭	VIP3 (4)
txhy6	唐小花	VIP3 (4)
yang790401	杨仁杰	VIP3 (4)
lg131617	李广	VIP3 (4)
123569	张杨	VIP3 (4)
areyou	杨振	VIP3 (4)
q3098345631	冯福成	VIP3 (4)
poiuytrewq	刘立华	VIP3 (4)
846338123	李忠亮	VIP3 (4)
2154129331	徐顺阳	VIP3 (4)
qwe571044489	周璇	VIP3 (4)
2458645237	赵震琦	VIP3 (4)
19990960450	吐鲁汗江·阿西木	VIP3 (4)
cjm001	陈金梅	VIP3 (4)
hs868089	胡松	VIP3 (4)
yy5678	杨开	VIP3 (4)
ij61n55661	蒋炳艳	VIP3 (4)
18095080427	李帅	VIP3 (4)
wa136918	潘广娟	VIP3 (4)
n2313530126	农大豪	VIP3 (4)
w19841116	王小丽	VIP3 (4)
a116056	马强	VIP3 (4)
wm96	王明	VIP3 (4)
1614083505	刘爱	VIP3 (4)
an7398	符岸煌	VIP3 (4)
ktkt159	黄亮	VIP3 (4)
7878	哈纳提·哈力要拉	VIP3 (4)
350623cxy	陈侠义	VIP3 (4)
ww353873	谭强	VIP3 (4)
cccc1234	陈志敏	VIP3 (4)
1510988125	杜金林	VIP3 (4)
yy12	杨阳	VIP3 (4)
wmj0301	韦茗舰	VIP3 (4)
abc1877696	杨德辉	VIP3 (4)
17512066256	俞安然	VIP3 (4)
17736168720	王全生	VIP3 (4)
669988	许闯当	VIP3 (4)
1274187076	章峰	VIP3 (4)
yrd973	杨荣达	VIP3 (4)
yy244838	姚银	VIP3 (4)
g910102	高成	VIP3 (4)
asdf1987	王红	VIP3 (4)
qq674302	徐家康	VIP3 (4)
gw66358	郭子玉	VIP3 (4)
ywx971582187	杨伟祥	VIP3 (4)
zfp110	赵福鹏	VIP3 (4)
z65952202	詹小红	VIP3 (4)
yang0704	杨继宏	VIP3 (4)
qing666888	熊庆云	VIP3 (4)
319024502	千军锋	VIP3 (4)
zgq110120	张国强	VIP3 (4)
tuzki	杜亚辉	VIP3 (4)
118118hwz	黄炜智	VIP3 (4)
zcy999555	郑晨雅	VIP3 (4)
xy188096	覃春晓	VIP3 (4)
492755400	黄东宇	VIP3 (4)
15361751462	黄平辉	VIP3 (4)
dyxzlf	杜艳新	VIP3 (4)
qwer365	徐娟	VIP3 (4)
1766247663	林秀珍	VIP3 (4)
17673268026	罗新龙	VIP3 (4)
13531147707	符康玉	VIP3 (4)
ddd1314	邓鸿昌	VIP3 (4)
258036	胡庆	VIP3 (4)
m372	缪思维	VIP3 (4)
3205606810	黄伯温	VIP3 (4)
3212533723	蔡家鹏	VIP3 (4)
qwe333	宋亚杰	VIP3 (4)
1170167425	陈显清	VIP3 (4)
yaxiao	甘盛龙	VIP3 (4)
17818039746	刘非	VIP3 (4)
hyx333	黄宇新	VIP3 (4)
x1683818448	徐双强	VIP3 (4)
zhzhmao	张正茂	VIP3 (4)
q837988101	覃彭	VIP3 (4)
1753881934	梁永龙	VIP3 (4)
986640408	黄磊	VIP3 (4)
ke123123	柯有良	VIP3 (4)
3386356500	肖迪	VIP3 (4)
jjhjjh554	蒋嘉辉	VIP3 (4)
mr3591	麦尔旦·麦麦提图尔荪	VIP3 (4)
y111888	杨凯伦	VIP3 (4)
3353693154	张国政	VIP3 (4)
liujiale123	陈静	VIP3 (4)
huang9870214	黄帮德	VIP3 (4)
546805	韩乾新	VIP3 (4)
731551612	李贤	VIP3 (4)
j6400882	庄威俊	VIP3 (4)
yue520	陈杨跃	VIP3 (4)
lzq32777	赖志钦	VIP3 (4)
zev778	黄钏弟	VIP3 (4)
hby450012	黄柏有	VIP3 (4)
build	钟嘉豪	VIP3 (4)
ff6789	毛迪飞	VIP3 (4)
18579074691	王官平	VIP3 (4)
daodao	奴尔艾力·巴吐尔	VIP3 (4)
zxf442969216	张晓飞	VIP3 (4)
zailong	项载龙	VIP3 (4)
xzd998	寻智德	VIP3 (4)
aa66688	张东京	VIP3 (4)
zz139185	詹爱琼	VIP3 (4)
123666a	李龙胜	VIP3 (4)
2345665432y	袁长法	VIP3 (4)
cjcj54088	曹江	VIP3 (4)
018527	熊虹霞	VIP3 (4)
zcj9674	张城俊	VIP3 (4)
xxl66666	付德强	VIP3 (4)
mj6020	孟军	VIP3 (4)
robortcq2	李彬	VIP3 (4)
z132797	赵红波	VIP3 (4)
fan1770677397	樊述明	VIP3 (4)
lc1021571814	刘畅	VIP3 (4)
jieke521521	孙康	VIP3 (4)
fuxing	刘树彦	VIP3 (4)
qqq666	张纪成	VIP3 (4)
991621654	肖若金	VIP3 (4)
wts1995	吴泰山	VIP3 (4)
xjw52033	吴菊芳	VIP3 (4)
jyxj	荆玉鑫	VIP3 (4)
zh424	周海	VIP3 (4)
lm398687390	谭罗妹	VIP3 (4)
18921521793	许广明	VIP3 (4)
lichunliang	李春良	VIP3 (4)
18270854592	熊豪	VIP3 (4)
qwer9637	黄鲜艳	VIP3 (4)
xue888888	薛泽钿	VIP3 (4)
hu197211	胡雄飞	VIP3 (4)
fujing26	付丁玲	VIP3 (4)
1932059581	吴志文	VIP3 (4)
tjs6262	唐佳胜	VIP3 (4)
ff196868	汤可林	VIP3 (4)
sky8899	李健	VIP3 (4)
yt123456	殷果青	VIP3 (4)
x6688	李响	VIP3 (4)
18850069772	陈剑雄	VIP3 (4)
deng1118	邓晓熙	VIP3 (4)
295575003	李梦峣	VIP3 (4)
200228g	郭乐	VIP3 (4)
lsw123	李思维	VIP3 (4)
hjb87515	何江波	VIP3 (4)
kk417547366	李小大	VIP3 (4)
mg668	林明贵	VIP3 (4)
lilei5588	戚小飞	VIP3 (4)
lxx1994x123	钟宇成	VIP3 (4)
ty1177	董利斌	VIP3 (4)
a979469187	朱志豪	VIP3 (4)
y541641967	杨才聪	VIP3 (4)
gireijw02	汪煦和	VIP3 (4)
yangyu520	袁则东	VIP3 (4)
w13516	张式堡	VIP3 (4)
1147	吴占民	VIP3 (4)
lhg13579	林浩刚	VIP3 (4)
lichenfei111	李晨飞	VIP3 (4)
abc9816	黄帅	VIP3 (4)
lindada	林泉	VIP3 (4)
qiping	朱啟平	VIP3 (4)
aashanaa8888	朱全利	VIP3 (4)
t125	唐金山	VIP3 (4)
jackson1020	吴聪	VIP3 (4)
asd006	詹俊通	VIP3 (4)
qq7786771	陈国敬	VIP3 (4)
aw77761	罗祖斌	VIP3 (4)
l384986560	方艳丽	VIP3 (4)
8014	李祖菱	VIP3 (4)
zhiqi890412	张智奇	VIP3 (4)
88kk	朱小平	VIP3 (4)
aa323516	张世敏	VIP3 (4)
wen8671	蔡雪文	VIP3 (4)
liang6666	梁业昌	VIP3 (4)
guocai666	张国志	VIP3 (4)
2352046471	樊兴蕊	VIP3 (4)
liming6	李永明	VIP3 (4)
25566603	侯锦宁	VIP3 (4)
mzy19840623	满振宇	VIP3 (4)
wfhwfh4773	吴佛恒	VIP3 (4)
134156luo	罗晶亮	VIP3 (4)
a4151b0678	于兴岩	VIP3 (4)
hcy584991	洪春燕	VIP3 (4)
hong	赵福鸿	VIP3 (4)
s8828516	陈学林	VIP3 (4)
cai7788	蔡永男	VIP3 (4)
x22700	向小松	VIP3 (4)
cmt19930920	陈梦婷	VIP3 (4)
mucaiwang	李照兰	VIP3 (4)
1234567897	谭成发	VIP3 (4)
xiwang56789	巩贺	VIP3 (4)
wyb776200	王永邦	VIP3 (4)
18551199870	杨贵祥	VIP3 (4)
wangzhihui	王智辉	VIP3 (4)
feng123456	林小凤	VIP3 (4)
hhxue1	薛瀚	VIP3 (4)
130175qq	皇甫龙龙	VIP3 (4)
gua26	苏光念	VIP3 (4)
j2375321939	林铭坚	VIP3 (4)
laolao	何文剑	VIP3 (4)
367498x	向祖金	VIP3 (4)
lss1126	卢尚升	VIP3 (4)
wyq5076	贺宇青	VIP3 (4)
520hxc	黄新创	VIP3 (4)
cdjcdj123	陈德剑	VIP3 (4)
z623058	詹杭州	VIP3 (4)
pink8888	高超湘	VIP3 (4)
168168guo	林国才	VIP3 (4)
qin931943	莫春琴	VIP3 (4)
q739073239	袁锋波	VIP3 (4)
zy9527	邹煜	VIP3 (4)
cc1954	陈尘	VIP3 (4)
qq2972402585	韦景任	VIP3 (4)
18712827135	高培程	VIP3 (4)
li771125	李双彦	VIP3 (4)
aa1689	陈敏君	VIP3 (4)
251314	田家慧	VIP3 (4)
pp789	吴世慧	VIP3 (4)
chen1209	陈俊杋	VIP3 (4)
z861227	张英新	VIP3 (4)
wzcwlw51	吴振超	VIP3 (4)
ds12345	杨镖	VIP3 (4)
aa895631999	孙远龙	VIP3 (4)
yj12179	杨君	VIP3 (4)
123456aiya	韩兵	VIP3 (4)
793846387	归发岸	VIP3 (4)
mm1028	吴明敏	VIP3 (4)
test77520	王小欢	VIP3 (4)
hua3876	林彩花	VIP3 (4)
13878322266	李社英	VIP3 (4)
17742676918	李立峰	VIP3 (4)
aa11122	张小燕	VIP3 (4)
hql6688	郝庆鲁	VIP3 (4)
piudaowei	邱道委	VIP3 (4)
sheng3810	符秋胜	VIP3 (4)
aa22211	张文周	VIP3 (4)
hollowman	罗航	VIP3 (4)
sa4572310	周娟	VIP3 (4)
qq279691316	余拉拉	VIP3 (4)
55555566	伍倖源	VIP3 (4)
liuxin666	刘鑫	VIP3 (4)
fuduo123	付锋	VIP3 (4)
wujin520	吴进	VIP3 (4)
jerry	潘江文	VIP3 (4)
15073654668	李红霞	VIP3 (4)
1528756389	谭智轩	VIP3 (4)
bwasayur	徐昱辰	VIP3 (4)
zkon1588	梁少婷	VIP3 (4)
liang5967	刘贵良	VIP3 (4)
xueer1413	赵欣	VIP3 (4)
lyc6688	吕彦超	VIP3 (4)
dong3526	陈卫东	VIP3 (4)
guoguo147369	郭强	VIP3 (4)
zhangxx86	张兴香	VIP3 (4)
750850	张传宏	VIP3 (4)
zhizhu	张素琴	VIP3 (4)
tbb354598	来梦宇	VIP3 (4)
jennypie1988	孙娱	VIP3 (4)
yi0033	李玛埸	VIP3 (4)
lu9800	卢仲光	VIP3 (4)
mei8875	陈妃妹	VIP3 (4)
xiaoma	马孟强	VIP3 (4)
lmz4045	李玛转	VIP3 (4)
cheng800	黄香城	VIP3 (4)
xuha22	尹绪华	VIP3 (4)
yu1986318	余平	VIP3 (4)
gcgrgy2	郭春光	VIP3 (4)
zhenge668	兰震	VIP3 (4)
xx321321	詹学习	VIP3 (4)
yzc9278abc	游展超	VIP3 (4)
lsz3021	卢尚注	VIP3 (4)
15180634387	李志雄	VIP3 (4)
15021189495	滕开杰	VIP3 (4)
317616300	李亚兰	VIP3 (4)
cqc569711	陈群聪	VIP3 (4)
l133456	李殿双	VIP3 (4)
llh34772281	赖林浩	VIP3 (4)
djt147258	邓津坛	VIP3 (4)
14787338478	蔡学权	VIP3 (4)
lifefe	林峰	VIP3 (4)
fpl1872	符丕略	VIP3 (4)
lsm4455	卢尚民	VIP3 (4)
cqy8479	蔡秋燕	VIP3 (4)
xiang0806	张香	VIP3 (4)
yy789	张盈	VIP3 (4)
cc135246	陈进经	VIP3 (4)
liu667502	刘欢良	VIP3 (4)
yin7473	游宛银	VIP3 (4)
lmq2179	李美琴	VIP3 (4)
zyx0216	唐绍伟	VIP3 (4)
a614671535	李洪俊	VIP3 (4)
wei996	刘俊伟	VIP3 (4)
zhanzhike	詹志科	VIP3 (4)
n28456	刘南显	VIP3 (4)
x13963633956	辛建志	VIP3 (4)
130253hm	刘红梅	VIP3 (4)
18317552265	孟正祥	VIP3 (4)
073974	舒斯发	VIP3 (4)
shi7576	刘仕安	VIP3 (4)
ywc199112	张南南	VIP3 (4)
110810	陈旭天	VIP3 (4)
aa22233	张尤鱼	VIP3 (4)
397338231	徐加城	VIP3 (4)
708090	符真锦	VIP3 (4)
cycy12	蔡悦	VIP3 (4)
zah123	张金榜	VIP3 (4)
longxiao45	龙小惠	VIP3 (4)
627934462	何水成	VIP3 (4)
feng23	何龙	VIP3 (4)
qq71522	罗克全	VIP3 (4)
qq635241	张雪花	VIP3 (4)
xiaozhang4	周剑虎	VIP3 (4)
xx1127	肖田	VIP3 (4)
dgx1118	邓光熙	VIP3 (4)
long7177	邓存隆	VIP3 (4)
18690818775	范思红	VIP3 (4)
ljw123456789	刘俊文	VIP3 (4)
l181759764	刘德华	VIP3 (4)
hhl5566	郝焕玲	VIP3 (4)
ad888555	张铁军	VIP3 (4)
158zhida	邓智达	VIP3 (4)
w588168	王军	VIP3 (4)
531234013	韦贵龙	VIP3 (4)
qqz666	曹志华	VIP3 (4)
liuyanzi	刘燕莲	VIP3 (4)
gyh4433	高育红	VIP3 (4)
love308415	陈开国	VIP3 (4)
kaix123	刘维民	VIP3 (4)
zhiqiang99	梁智强	VIP3 (4)
4444huang	黄显斌	VIP3 (4)
nm1049	陈金良	VIP3 (4)
hkn852	马丽宁	VIP3 (4)
guocongba	郭聪	VIP3 (4)
kai2629	田健英	VIP3 (4)
kon888	孔凡伟	VIP3 (4)
huang821008	黄小燕	VIP3 (4)
2112567364	周玉梅	VIP3 (4)
adil0925	阿地力江·吾斯曼	VIP3 (4)
2907326795	王鑫	VIP3 (4)
jxw1995	蒋晓伟	VIP3 (4)
tingting	刘杨	VIP3 (4)
ch03100	刘俊杰	VIP3 (4)
v3ak1943	池育轩	VIP3 (4)
a691387	黄志鸿	VIP3 (4)
szk13230	苏镇康	VIP3 (4)
ioiop	宋万友	VIP3 (4)
wjhwjh11	梁明栏	VIP3 (4)
ll758740	王能凯	VIP3 (4)
xxttyy	熊成文	VIP3 (4)
shu2248	舒象田	VIP3 (4)
655581	张乃梅	VIP3 (4)
chaoshushu	杜明超	VIP3 (4)
jzg100200	贾志国	VIP3 (4)
082625	王兴	VIP3 (4)
xhs520	徐海森	VIP3 (4)
ys19951126	余胜	VIP3 (4)
xy6658	陈显瑜	VIP3 (4)
ww373023	胡双珍	VIP3 (4)
16608293584	陈彪	VIP3 (4)
w135266	王冠文	VIP3 (4)
1554166798	陆挺	VIP3 (4)
15013609109	李彦斌	VIP3 (4)
fengzhiyi	刘煜	VIP3 (4)
aaa2000	赵会香	VIP3 (4)
tuyinbo	涂印波	VIP3 (4)
qu958958	渠爱素	VIP3 (4)
15367618082	谭周枝	VIP3 (4)
ljy56888	王海明	VIP3 (4)
zw168	赵巍巍	VIP3 (4)
w13531702521	吴有财	VIP3 (4)
zc9970	黄志聪	VIP3 (4)
610719	谭健海	VIP3 (4)
wmw518518	黄长银	VIP3 (4)
libai2006	刘小洪	VIP3 (4)
zhaoshiming	赵仕明	VIP3 (4)
lch9577	李春辉	VIP3 (4)
838516352	杨玉成	VIP3 (4)
liu850	刘晓芳	VIP3 (4)
a231359560	杨东亮	VIP3 (4)
as2219	张私贵	VIP3 (4)
ming9628	袁跃明	VIP3 (4)
chenzihao	廖方杰	VIP3 (4)
w2507458692	吴兆柏	VIP3 (4)
zwxchen	陈涛	VIP3 (4)
win84	姚文波	VIP3 (4)
a1153486061q	郭小亮	VIP3 (4)
fa520520	周珊汕	VIP3 (4)
ping998	江水平	VIP3 (4)
168168lin	林国才	VIP3 (4)
841375909	徐鹏举	VIP3 (4)
a545109	韦我	VIP3 (4)
rains	刘晓玲	VIP3 (4)
hai1688	刘海燕	VIP3 (4)
jk12	朱明辉	VIP3 (4)
pao1008	林良跑	VIP3 (4)
sunsun9527	孙谋	VIP3 (4)
wgh0559	伍广辉	VIP3 (4)
1818	黄开茹	VIP3 (4)
y13800	杨主麻	VIP3 (4)
13169179633	许钊	VIP3 (4)
shenye	沈传鑫	VIP3 (4)
mzy868890	蒙子俨	VIP3 (4)
a13003300	左静	VIP3 (4)
1425	邱德皇	VIP3 (4)
gaojie	田高杰	VIP3 (4)
ld3556	冯欣明	VIP3 (4)
19901214	闫丽丹	VIP3 (4)
1697901253	马龙	VIP3 (4)
18999453798	陈合丰	VIP3 (4)
aa147258	吴环宇	VIP3 (4)
a136	陈建志	VIP3 (4)
wawdj	田俊华	VIP3 (4)
928241	刘连英	VIP3 (4)
nuo111	许木彬	VIP3 (4)
wb19870828	王红	VIP3 (4)
15092640779	孙照成	VIP3 (4)
yiyi111	高艳丽	VIP3 (4)
hb184772357	黄波	VIP3 (4)
aa112277	唐刘英	VIP3 (4)
gongxifacai	史如奎	VIP3 (4)
223334455	杨现朋	VIP3 (4)
ii1999888	张英杰	VIP3 (4)
kxt1984	孔秀廷	VIP3 (4)
t9908	田玉龙	VIP3 (4)
49396632	谢新明	VIP3 (4)
mhw007	蒙海文	VIP3 (4)
1677374308nb	赵成旺	VIP3 (4)
15626243844	成文辉	VIP3 (4)
qq167669123	李玉龙	VIP3 (4)
lwm1688	蓝娃明	VIP3 (4)
anluo	范贺年	VIP3 (4)
100325	张庆军	VIP3 (4)
shengkh	盛勋	VIP3 (4)
wxg58099	王小改	VIP3 (4)
run12345	周祖润	VIP3 (4)
qwe826499	韦小慧	VIP3 (4)
chen121004	陈婷	VIP3 (4)
qq1379017689	梁红荣	VIP3 (4)
q420565551	朱津凯	VIP3 (4)
qq0476	陈可家	VIP3 (4)
lingge39	易建秋	VIP3 (4)
shengxun	盛勋	VIP3 (4)
qq878441	郑少先	VIP3 (4)
hxj521	胡欣剑	VIP3 (4)
haa9892	侯清爱	VIP3 (4)
forhao	刘殿皓	VIP3 (4)
614826776	苏国聪	VIP3 (4)
joejiang1990	蒋祖源	VIP3 (4)
q709207035	林炜锋	VIP3 (4)
170786186	翁俊杰	VIP3 (4)
abc198408	周伍广	VIP3 (4)
txx321	陶希熙	VIP3 (4)
lyf987654	李永峰	VIP3 (4)
zmm2186	张毛毛	VIP3 (4)
yumi969123	魏冬玉	VIP3 (4)
2479097804	刘维华	VIP3 (4)
qq30722	梁永均	VIP3 (4)
zjp584520zjp	张继朋	VIP3 (4)
ymy5589	杨满艳	VIP3 (4)
lemon168	陈江	VIP3 (4)
anhui246300	郭程虎	VIP3 (4)
ab456789	朱苟千	VIP3 (4)
2404593833	赵操	VIP3 (4)
hua951108	唐昌华	VIP3 (4)
yeliangqi	叶良齐	VIP3 (4)
m1806895785	马聪	VIP3 (4)
ling800900	凌启光	VIP3 (4)
lcg2	鲁承岗	VIP3 (4)
qq262326056	杨浩凡	VIP3 (4)
zheng	郑炜基	VIP3 (4)
zlf410	钟立芬	VIP3 (4)
mk1269	揭英奎	VIP3 (4)
hy18576	贺晚丽	VIP3 (4)
che6688	陈启弟	VIP3 (4)
yuan12345	袁祖彬	VIP3 (4)
1850059108	刘明洁	VIP3 (4)
cxy1019	陈雪英	VIP3 (4)
ashao99	廖相少	VIP3 (4)
liao123	王龙飞	VIP3 (4)
lishulei123	李书磊	VIP3 (4)
cc886140	王德平	VIP3 (4)
ytc355945zyx	周敏	VIP3 (4)
yehuolong	叶火龙	VIP3 (4)
yakup1314	亚库甫·阿不力克木	VIP3 (4)
ddmm123456	杜开连	VIP3 (4)
tzh159	田正海	VIP3 (4)
asd168168	吴文盛	VIP3 (4)
hv5888	李七红	VIP3 (4)
wzx375021456	王春	VIP3 (4)
kwz8855348	康正	VIP3 (4)
yong1234	张勇平	VIP3 (4)
yjh147258	杨佳浩	VIP3 (4)
cx281818	王志强	VIP3 (4)
yinhe8888	尹和	VIP3 (4)
1448517831	周涛	VIP3 (4)
miu463745789	秦汉淼	VIP3 (4)
w274448	张慧	VIP3 (4)
lehaili5	李海丽	VIP3 (4)
mm0709	王艺萌	VIP3 (4)
a336688	符木林	VIP3 (4)
bbai666	彭保保	VIP3 (4)
hj1019	何健	VIP3 (4)
wgx520lsp	韦贵祥	VIP3 (4)
aa223344	陈朝明	VIP3 (4)
cxg19911019	曹晓刚	VIP3 (4)
z101218	张建方	VIP3 (4)
dyj10	代亚军	VIP3 (4)
cqh1996	陈秋欢	VIP3 (4)
ly11	刘娅	VIP3 (4)
jqs123	敬强圣	VIP3 (4)
qaz905	高瑞君	VIP3 (4)
yangwu95	杨武	VIP3 (4)
zhao4211167	赵文武	VIP3 (4)
clh6688	陈来红	VIP3 (4)
l666	罗甲龄	VIP3 (4)
cyl864254	陈杨礼	VIP3 (4)
lzd123456	李增洞	VIP3 (4)
lj888888	林静	VIP3 (4)
13906142	高通	VIP3 (4)
90989107ttt	陈益涵	VIP3 (4)
zky1033	赵锴旸	VIP3 (4)
gouge123456	李刚	VIP3 (4)
wangsiyu666	王思雨	VIP3 (4)
lin12593	林辉杰	VIP3 (4)
18182906593	任庆德	VIP3 (4)
clx5566	陈良鑫	VIP3 (4)
ff1234	尹小飞	VIP3 (4)
sdq666	孙大庆	VIP3 (4)
ww1999888	张英杰	VIP3 (4)
he1425	何录凯	VIP3 (4)
qi55734090	卢妃七	VIP3 (4)
mp369258	段尚敏	VIP3 (4)
a668800	陈梦雅	VIP3 (4)
ljb441622	李剑波	VIP3 (4)
zhe333888	田金达	VIP3 (4)
a12300	张骁	VIP3 (4)
bage66	廖福建	VIP3 (4)
wxq123456	魏晓强	VIP3 (4)
xiaomi999	高晶晶	VIP3 (4)
16651128680	陆广	VIP3 (4)
haiqin	黄海芹	VIP3 (4)
as1079561832	佘柯宏	VIP3 (4)
a686822	陈廷树	VIP3 (4)
p147258369	薛少平	VIP3 (4)
a115599	郑妃弟	VIP3 (4)
wmy5200	吴美英	VIP3 (4)
2357512219	陆金豪	VIP3 (4)
xiaoliu	刘超	VIP3 (4)
18506983710	陈火良	VIP3 (4)
feng3262223	吴晓锋	VIP3 (4)
syg0922	袁晓琳	VIP3 (4)
14718110957	郑智斌	VIP3 (4)
17388496625	孟红梅	VIP3 (4)
13509295821	文泳坚	VIP3 (4)
m52013	刘卓明	VIP3 (4)
13068506962	郑海天	VIP3 (4)
zzzwww123456	赵伟伟	VIP3 (4)
yy1234567788	汤金牛	VIP3 (4)
mxf540310	穆晓芳	VIP3 (4)
hong103233	黄健洪	VIP3 (4)
e314114478	李厚君	VIP3 (4)
cl6688	杨新明	VIP3 (4)
yp666888	杨鹏	VIP3 (4)
wagtog	王童	VIP3 (4)
xingxing	金丽	VIP3 (4)
daihaizizou	王玮	VIP3 (4)
lym850717	廖雄军	VIP3 (4)
q39482255	李建栋	VIP3 (4)
zwj325	赵杰	VIP3 (4)
herenyuan	何任源	VIP3 (4)
z18784889921	周明欢	VIP3 (4)
f2255	方明明	VIP3 (4)
xyf12345	熊延飞	VIP3 (4)
520zwr	郑婉容	VIP3 (4)
a159456	李海东	VIP3 (4)
y17052650370	牛会莹	VIP3 (4)
mnn150	刘美娜	VIP3 (4)
a121212	潘黎源	VIP3 (4)
fei2570	林雪飞	VIP3 (4)
789789789	郭晓圆	VIP3 (4)
hjj273	刘宏杰	VIP3 (4)
zdd726	刘之雕	VIP3 (4)
liao7631456	廖家洪	VIP3 (4)
xie4447	陈明航	VIP3 (4)
491733178	严欢	VIP3 (4)
chq541088	陈海强	VIP3 (4)
weiq3200	陈扬善	VIP3 (4)
aa200213	韦入华	VIP3 (4)
wei2902	韦贵春	VIP3 (4)
gsx88888	甘思翔	VIP3 (4)
3931167	黄位扬	VIP3 (4)
17308204	刘平	VIP3 (4)
lisong666	李松	VIP3 (4)
rr3566	洪炜	VIP3 (4)
chenyh1314	陈莹安	VIP3 (4)
zhen19	苏光念	VIP3 (4)
tjd123456789	谭继东	VIP3 (4)
zy028869	赵红雨	VIP3 (4)
gqs666	高秋生	VIP3 (4)
a112255	郑清	VIP3 (4)
wang1234	王宇腾	VIP3 (4)
s34563	苏红冶	VIP3 (4)
948978480	欧春林	VIP3 (4)
15078440330	黄华全	VIP3 (4)
dzz6134	董壮壮	VIP3 (4)
how123do	姜进	VIP3 (4)
88xiuye	修泉坤	VIP3 (4)
hdjxjxj18	张爱明	VIP3 (4)
zxcc	杨锦彪	VIP3 (4)
7775689	熊宗义	VIP3 (4)
18869265256	唐周云	VIP3 (4)
lv88889999	吴春林	VIP3 (4)
zcb222	文娜	VIP3 (4)
17687640602	何涛	VIP3 (4)
463643232	龚晓婵	VIP3 (4)
18351602724	蔺松花	VIP3 (4)
17388496623	王琼	VIP3 (4)
18705404182	周广爽	VIP3 (4)
zq888	张琼	VIP3 (4)
huage5201	简华	VIP3 (4)
hx445665	黄鑫	VIP3 (4)
xy1993	夏国太	VIP3 (4)
347935948	杨玉成	VIP3 (4)
lm2019	梁满	VIP3 (4)
xian987	任富先	VIP3 (4)
fyl123	汤琦	VIP3 (4)
zcb999999	车雄成	VIP3 (4)
13560236951	钟秀全	VIP3 (4)
jie571672086	石能杰	VIP3 (4)
djl441823	邓家乐	VIP3 (4)
yang123321	杨美花	VIP3 (4)
yu0216	余樱	VIP3 (4)
ffmffm	冯富铭	VIP3 (4)
wrp161529	王兆东	VIP3 (4)
945569877	叶圣泉	VIP3 (4)
9527lu	杨健宁	VIP3 (4)
yt1995	王艳锋	VIP3 (4)
a919497299	朱福斌	VIP3 (4)
ggg111	杜国明	VIP3 (4)
xx520x	邓秋容	VIP3 (4)
zh314324	张辉	VIP3 (4)
cy5000	陈宇	VIP3 (4)
xw2020	谢委	VIP3 (4)
y900505	杨凯凯	VIP3 (4)
yimi6688	康伴伴	VIP3 (4)
20201818	周魏魏	VIP3 (4)
1119295348	黄信	VIP3 (4)
8447g	宫振宁	VIP3 (4)
wang1221	王成	VIP3 (4)
abc242753	徐斌锋	VIP3 (4)
chj2580	陈豪杰	VIP3 (4)
15986387890	薛世华	VIP3 (4)
303303	李保密	VIP3 (4)
intr22	杨锦彪	VIP3 (4)
tv6868	杨秀锋	VIP3 (4)
qwert098765	徐廷东	VIP3 (4)
2405259769	李德辉	VIP3 (4)
frh335533	范荣华	VIP3 (4)
lay666666	李爱英	VIP3 (4)
ye5211314	张兴华	VIP3 (4)
qwer158258	贺赞	VIP3 (4)
xzpq121	邓国萍	VIP3 (4)
wxm1484642122	张英杰	VIP3 (4)
f5166888	栾晓峰	VIP3 (4)
ycj9559	杨灿家	VIP3 (4)
770301l	林红琴	VIP3 (4)
17312456196	叶荣	VIP3 (4)
957wjp	吴佳鹏	VIP3 (4)
deity	李盈丰	VIP3 (4)
yz132633	杨振	VIP3 (4)
lx9559	李欣	VIP3 (4)
nanhu422	陈南湖	VIP3 (4)
511070004	叶水淇	VIP3 (4)
hechu00	何楚荣	VIP3 (4)
zwb981207	钟文波	VIP3 (4)
13104966951	彭梓泉	VIP3 (4)
810202049	付德生	VIP3 (4)
a1305586	刘胜鉴	VIP3 (4)
wajqm123	柳敏	VIP3 (4)
dawei888888	李自伟	VIP3 (4)
qyc0509	邱玉成	VIP3 (4)
fjzzlw2	黄森根	VIP3 (4)
qishuyi	齐书逸	VIP3 (4)
17639508308	武金洋	VIP3 (4)
xx6688	唐香梅	VIP3 (4)
17608956331	梁雄保	VIP3 (4)
1500771888l	陆日云	VIP3 (4)
mmawd	王信	VIP3 (4)
963962	吴俊伟	VIP3 (4)
a530532833	龚晓波	VIP3 (4)
xian1999	彭颖贤	VIP3 (4)
15058501036	吴进国	VIP3 (4)
feiziwan3c	陈响威	VIP3 (4)
wyfc888	许志强	VIP3 (4)
ss5232	林婉洁	VIP3 (4)
xl026	徐光业	VIP3 (4)
www999123	石玉辉	VIP3 (4)
yy65892	潘晓娜	VIP3 (4)
vv5232	黄兆庆	VIP3 (4)
2655457065	李露明	VIP3 (4)
xx5232	莫爵燕	VIP3 (4)
h1492017327	胡锦福	VIP3 (4)
aa5232	陈光碧	VIP3 (4)
zz5232	郭惠萍	VIP3 (4)
376716055	杨元坤	VIP3 (4)
992242739	于邵群	VIP3 (4)
m1469525062	闵亨赋	VIP3 (4)
abdg8666	陈月珠	VIP3 (4)
liu778866	刘杰	VIP3 (4)
deng121875	吴文晗	VIP3 (4)
ywj9950	杨炜基	VIP3 (4)
15717546805	邵家龙	VIP3 (4)
huajia	曾华途	VIP3 (4)
zxzwqy12	张学志	VIP3 (4)
liu64782651	刘济胜	VIP3 (4)
1873974q	李鹏	VIP3 (4)
3214104782	邹赞	VIP3 (4)
plmplm1234	黄嘉能	VIP3 (4)
wen1234	刘思文	VIP3 (4)
aa6830125	黄业辉	VIP3 (4)
ww5232	何妃伍	VIP3 (4)
zhang102900	张明鑫	VIP3 (4)
alex313724	王小军	VIP3 (4)
uu5232	黄茂成	VIP3 (4)
linxin0125	王雨薇	VIP3 (4)
hhtt4200	邓雀娇	VIP3 (4)
xiaoerhua	李二华	VIP3 (4)
15060550298	林碧华	VIP3 (4)
li0613	李广福	VIP3 (4)
jx0000	陈居信	VIP3 (4)
ay168168	卢剑	VIP3 (4)
ouyang197600	欧阳建武	VIP3 (4)
a195288	周言秀	VIP3 (4)
cxd151237	陈晓东	VIP3 (4)
wcvj0911	陈思局	VIP3 (4)
1161249967	卢冬	VIP3 (4)
l8735412	廖核佳	VIP3 (4)
8888zjq	张佑宁	VIP3 (4)
sapphire	欧阳巧凤	VIP3 (4)
qq5232	林惠玲	VIP3 (4)
fk1231847	刘剑	VIP3 (4)
lily	林丽丽	VIP3 (4)
zxy1258521	张兴华	VIP3 (4)
xiangzhiping	香志平	VIP3 (4)
aaa0369	张兴达	VIP3 (4)
shenlan888	杨红	VIP3 (4)
13211667575	杨小平	VIP3 (4)
wan198402	岑忆浓	VIP3 (4)
mm10000050	梁柏华	VIP3 (4)
a690010234	戴坤生	VIP3 (4)
17640041273	满振宇	VIP3 (4)
aaaqqq1997	陈朝经	VIP3 (4)
lxj821102	刘湘建	VIP3 (4)
w694795262	韦吉	VIP3 (4)
zjhk7828	杨占群	VIP3 (4)
2926157798	杨平	VIP3 (4)
xinying	樊汪洋	VIP3 (4)
liqiang520	李志强	VIP3 (4)
qq332189765	何若文	VIP3 (4)
15260487605	曹水平	VIP3 (4)
f369369	宋喜风	VIP3 (4)
yan987	杜春燕	VIP3 (4)
13321731572	练祥云	VIP3 (4)
helijuan	何丽媚	VIP3 (4)
25850	钟传代	VIP3 (4)
zz158333	陈佳鑫	VIP3 (4)
188266377	李晓军	VIP3 (4)
wx20198	唐朝焕	VIP3 (4)
wlh147	王禄怀	VIP3 (4)
qq1314	李天翔	VIP3 (4)
ddgg	梁经格	VIP3 (4)
qq289577	张明荣	VIP3 (4)
linhui218628	林梓	VIP3 (4)
qqqq2222	郑英华	VIP3 (4)
ye281970615	叶世恒	VIP3 (4)
1098487674	林德标	VIP3 (4)
a13075668	肖建斌	VIP3 (4)
wz000126	王载	VIP3 (4)
lzh1199333	刘朝辉	VIP3 (4)
lyc998877	李艳臣	VIP3 (4)
muq789	孙桂茸	VIP3 (4)
125081695	杨超	VIP3 (4)
chengxd	陈婵端	VIP3 (4)
ren123	任登豪	VIP3 (4)
cws379610593	陈文松	VIP3 (4)
qxar6	汪忆岚	VIP3 (4)
lyc983108098	吕永昌	VIP3 (4)
zx14725	苏日贵	VIP3 (4)
wangkun	徐继华	VIP3 (4)
zxc0919	赵米雪	VIP3 (4)
ni090206	张海成	VIP3 (4)
zy20193076	袁林春	VIP3 (4)
mengkh	蒙开华	VIP3 (4)
1234p	毛朋	VIP3 (4)
linqinghua	林清华	VIP3 (4)
szcz168520	陈梽	VIP3 (4)
yu1991	余李星	VIP3 (4)
w17879536619	王周	VIP3 (4)
tanbixi	谭碧茜	VIP3 (4)
wen131424	温天才	VIP3 (4)
zhaominv587	赵敏建	VIP3 (4)
jj999	曹洪生	VIP3 (4)
15186519794	王定飞	VIP3 (4)
896511	林金喜	VIP3 (4)
yongqiang	宋永强	VIP3 (4)
zlbbf168	张淋波	VIP3 (4)
ww661958	戴天然	VIP3 (4)
1044706995	陶永祥	VIP3 (4)
123789	梁智盛	VIP3 (4)
hd81562	黄光建	VIP3 (4)
jingqian1	吴敬醒	VIP3 (4)
a1619541619	廖至克	VIP3 (4)
ping521	张智霖	VIP3 (4)
qq6911	戚淑珍	VIP3 (4)
082194	何平平	VIP3 (4)
shy123	孙红英	VIP3 (4)
wr634907017	王容	VIP3 (4)
17638140506	朱锦源	VIP3 (4)
nian72	苏光念	VIP3 (4)
tan0930	谭少辉	VIP3 (4)
yun868shui	钱少均	VIP3 (4)
haosen111	谭浩森	VIP3 (4)
55555a	杨永峰	VIP3 (4)
linhq	林汉强	VIP3 (4)
tf1212	唐恒飞	VIP3 (4)
pna0608	覃新艳	VIP3 (4)
fanfan	李小慧	VIP3 (4)
mybaby520	吾斯曼·艾则孜	VIP3 (4)
1484642122	张英杰	VIP3 (4)
245662898	樊增伟	VIP3 (4)
qijie1990	齐杰	VIP3 (4)
xadxad	陈晓勇	VIP3 (4)
an20190909	张林飞	VIP3 (4)
xin258	巨新辉	VIP3 (4)
wang1997	王丽霄	VIP3 (4)
aa123123	张丽芳	VIP3 (4)
zz1111	黄兴鑫	VIP3 (4)
baihua	白桦	VIP3 (4)
ysym	郑清江	VIP3 (4)
huchao123	胡超	VIP3 (4)
2869630870	简清凡	VIP3 (4)
511846582aa	何权临	VIP3 (4)
hwl858	黄武凌	VIP3 (4)
w19810414	王海峰	VIP3 (4)
mxs1988	孟香锁	VIP3 (4)
13427470964	吴宝刚	VIP3 (4)
123456qq	黄玉平	VIP3 (4)
jx8228379	罗里	VIP3 (4)
yoy52090	朱春霞	VIP3 (4)
1374115283a	丁珠美	VIP3 (4)
weiwei9	韦志赔	VIP3 (4)
limingwu999	吴德滨	VIP3 (4)
sh139043599	吴磊	VIP3 (4)
panpan00	李嘉佳	VIP3 (4)
cjn147	程加男	VIP3 (4)
aa091519	何文鼎	VIP3 (4)
1648958687	周云廷	VIP3 (4)
cc1199	陈永强	VIP3 (4)
wanwan25775	宋凌燕	VIP3 (4)
13328314969	林桂琼	VIP3 (4)
as3019	赵连静	VIP3 (4)
li1234567890	柳鹏飞	VIP3 (4)
xd1234	肖迪	VIP3 (4)
bsln2019	杨前	VIP3 (4)
y15250104239	余兴	VIP3 (4)
paojiao123	包冬冬	VIP3 (4)
nieyanfei	岑梓华	VIP3 (4)
spao1	谢云峰	VIP3 (4)
942099	王功元	VIP3 (4)
480375919	刘泰山	VIP3 (4)
shjwei8	申建伟	VIP3 (4)
cheng1234567	曾拥军	VIP3 (4)
aaaqqq	陈元智	VIP3 (4)
13979926266	彭硕炎	VIP3 (4)
18076647818	黄尔贤	VIP3 (4)
myh888	梁伟明	VIP3 (4)
8831520a	阿克朱力·阿尔生	VIP3 (4)
av5138	张泉彬	VIP3 (4)
xscljjjz188	农少棠	VIP3 (4)
liuqi	刘奇	VIP3 (4)
zouping	邹春平	VIP3 (4)
2020888yes	马特雄	VIP3 (4)
u258258	申龙福	VIP3 (4)
g12345678	郭涛	VIP3 (4)
18959019778	陈荣菊	VIP3 (4)
nrt12345	倪瑞彤	VIP3 (4)
3352358363a	何文鹏	VIP3 (4)
ptb77777	邓文彪	VIP3 (4)
we12	李少敏	VIP3 (4)
loly888	羊文妹	VIP3 (4)
li1590128	李广丰	VIP3 (4)
q18275864	莫扬凤	VIP3 (4)
tz1989	谭振	VIP3 (4)
dd88dd	周朋飞	VIP3 (4)
mmachine	赵玲	VIP3 (4)
178934670	徐艺军	VIP3 (4)
aa7777777	李冰	VIP3 (4)
as147258	张科	VIP3 (4)
2861009495	陈圆胜	VIP3 (4)
qazplm135566	刘福林	VIP3 (4)
qwe779	陈志聪	VIP3 (4)
g1363343161	赵光	VIP3 (4)
ljf2019	刘进飞	VIP3 (4)
hhy123	袁丽	VIP3 (4)
lhyaiwm	林洪依	VIP3 (4)
wxz321456	王雄震	VIP3 (4)
yaofei1234	姚飞	VIP3 (4)
2595	牛振	VIP3 (4)
mc1102	张福林	VIP3 (4)
2607690124	王丛泽	VIP3 (4)
hxm1234	郝信明	VIP3 (4)
yuan9688	原祥瑞	VIP3 (4)
18868553934	徐红芳	VIP3 (4)
qy5300	严胜娟	VIP3 (4)
www334455	王建东	VIP3 (4)
zxh2000	周小荷	VIP3 (4)
weiwei1688	蒲微	VIP3 (4)
www147147	吕东南	VIP3 (4)
fjw12345	符家伟	VIP3 (4)
aaa5287	覃正宏	VIP3 (4)
a00853	刘孝坚	VIP3 (4)
da88888	林达	VIP3 (4)
a152152	宋广成	VIP3 (4)
jbguoyong201	陈国泳	VIP3 (4)
sff820210	孙飞凤	VIP3 (4)
lyy006673	陆永云	VIP3 (4)
f188188	罗俊	VIP3 (4)
23366	袁桥芳	VIP3 (4)
18354055051	程等波	VIP3 (4)
6552316	程晓玲	VIP3 (4)
li123	李世友	VIP3 (4)
y195936	杨军	VIP3 (4)
kjjk45	崔应持	VIP3 (4)
117698	牟本琼	VIP3 (4)
y664438	晏声超	VIP3 (4)
plm157359	张智星	VIP3 (4)
344790727	张志鑫	VIP3 (4)
qq19900914	董斌	VIP3 (4)
824589021	梁荣雄	VIP3 (4)
long1425	龙君	VIP3 (4)
lichenghui	李成辉	VIP3 (4)
liang02	梁焕明	VIP3 (4)
y131421	雍应红	VIP3 (4)
xq888	许茜	VIP3 (4)
xd1694	向丹	VIP3 (4)
superyy8888	丛阳	VIP3 (4)
nn201988	陈斌南	VIP3 (4)
18772442341	徐科	VIP3 (4)
cjjmy123	容敏瑜	VIP3 (4)
xyz2634	谢永忠	VIP3 (4)
ws19981113	王胜	VIP3 (4)
gfh51169	崔应授	VIP3 (4)
tt1978	谭祖俊	VIP3 (4)
13006809163	彭永良	VIP3 (4)
tjh335103704	田锦合	VIP3 (4)
wgr0921	吴广仁	VIP3 (4)
yj520zxy	袁建新	VIP3 (4)
as13145	冯国培	VIP3 (4)
13959758108	向昌宏	VIP3 (4)
hh4861	黄鸿	VIP3 (4)
mojian	莫建	VIP3 (4)
ly137654	刘文臻	VIP3 (4)
452323	孟宝	VIP3 (4)
woniu	陈润阳	VIP3 (4)
17774025845	程裕毫	VIP3 (4)
18307837284	黄家乐	VIP3 (4)
zcc071	吴远坤	VIP3 (4)
lbq221991	刘宝琴	VIP3 (4)
zyd123321	周迎冬	VIP3 (4)
2271606052	雷寿辉	VIP3 (4)
wdzcb888	方海龙	VIP3 (4)
li123taohua	李桃花	VIP3 (4)
99998888	谭锐	VIP3 (4)
251489685	张伟	VIP3 (4)
facai	马翠霞	VIP3 (4)
1093617802	唐瑜杰	VIP3 (4)
a15917689327	黄莹	VIP3 (4)
qq88866	刘惠聪	VIP3 (4)
t18388147863	滕茂富	VIP3 (4)
huanyou820	张立洪	VIP3 (4)
1092590	李广杰	VIP3 (4)
zgz2019	曾广众	VIP3 (4)
zpj8214	郭鹏娟	VIP3 (4)
impp	何大伟	VIP3 (4)
lai59545	赖昆	VIP3 (4)
haw479	黄世望	VIP3 (4)
hong666	孟金红	VIP3 (4)
fjlylc333	黄海民	VIP3 (4)
e277467396	申文正	VIP3 (4)
chen523083	岳林飞	VIP3 (4)
bs0175	黄柏顺	VIP3 (4)
c854035807	胡天亮	VIP3 (4)
mzs1988	莫沼水	VIP3 (4)
960407	林铭权	VIP3 (4)
flbcz001	黄鑫杰	VIP3 (4)
wsjr88	徐双元	VIP3 (4)
qiuchen123	邱晨	VIP3 (4)
llq001	林丽清	VIP3 (4)
li1984111	李新云	VIP3 (4)
xu871314002	徐拥军	VIP3 (4)
lin124536	林铁英	VIP3 (4)
peng888	彭龙	VIP3 (4)
0102yf	余飞	VIP3 (4)
740379165	吴承广	VIP3 (4)
v345999	卫学英	VIP3 (4)
zhoutou520	周雪锋	VIP3 (4)
kp1388	姚盛闲	VIP3 (4)
q3261502	舒磊	VIP3 (4)
qq3499	刘增筵	VIP3 (4)
xiyouji	李息金	VIP3 (4)
ww015968	黄国骏	VIP3 (4)
vip333	谭加本	VIP3 (4)
hai888	刘春海	VIP3 (4)
253636	胡晓辉	VIP3 (4)
fzby888	杨啟芬	VIP3 (4)
zsx136	张守想	VIP3 (4)
dt1368	杨启平	VIP3 (4)
13528404932	曾欣	VIP3 (4)
cc199606	宋广成	VIP3 (4)
zwx1687	张维星	VIP3 (4)
ww11223344	吴锐校	VIP3 (4)
zengyi9641	曾艺	VIP3 (4)
zhouyi123358	周毅	VIP3 (4)
ly925	李荫国	VIP3 (4)
cai1211	于辉	VIP3 (4)
a24224	覃爱玉	VIP3 (4)
ozh888	欧造杭	VIP3 (4)
1820018200	李泰诚	VIP3 (4)
18126394051	胡信辉	VIP3 (4)
wfc1998	韦付纯	VIP3 (4)
yc5566	杨虹	VIP3 (4)
a17623	龙富成	VIP3 (4)
as1888999	黄增强	VIP3 (4)
dashen	刘新泉	VIP3 (4)
sz8888	刘育香	VIP3 (4)
wuwx	吴群	VIP3 (4)
q155910	郑文城	VIP3 (4)
fff123	陈秀娟	VIP3 (4)
wanni9000	麻鹏飞	VIP3 (4)
yaozhichao	姚志超	VIP3 (4)
18824300568	韩前三	VIP3 (4)
yuyueyang123	余越洋	VIP3 (4)
qwe8989	邱春琪	VIP3 (4)
bn21888	曾颖	VIP3 (4)
ufo01	李银海	VIP3 (4)
fz5253	刘文盛	VIP3 (4)
smx2018	卫连梅	VIP3 (4)
xy542502	张光有	VIP3 (4)
a666689c	黄礼年	VIP3 (4)
fhssmilasu	沈少斌	VIP3 (4)
nbtm444	文龙	VIP3 (4)
lpj888	李培基	VIP3 (4)
wsh123456	吴建华	VIP3 (4)
heecghf689	杨昌坤	VIP3 (4)
18699867736	麦麦提江·吾舒尔	VIP3 (4)
a159357hk	雷磊	VIP3 (4)
19949472771	文伟	VIP3 (4)
aa260534148	邱泽凯	VIP3 (4)
cech2008	周俊铭	VIP3 (4)
1826740256	孙会峡	VIP3 (4)
zhang831002	张芳	VIP3 (4)
ytz010101	李幸娟	VIP3 (4)
q429003558	陈施增	VIP3 (4)
hzq2015	钱杨芬	VIP3 (4)
hyc662011	黄远昌	VIP3 (4)
lc195858	梁超	VIP3 (4)
3929aa3828	张仲龙	VIP3 (4)
gasdf141	梁太春	VIP3 (4)
xiaowang123	余贵	VIP3 (4)
shina	石娜	VIP3 (4)
wangzeding	王泽鼎	VIP3 (4)
lijiagui	李加贵	VIP3 (4)
chen555	陈明理	VIP3 (4)
625583974	郑泽斌	VIP3 (4)
dxt054486	贺彪	VIP3 (4)
a1138691158	何志凯	VIP3 (4)
client2026	赖焕材	VIP3 (4)
z3219849836	赵佳强	VIP3 (4)
w190128	邓唇安	VIP3 (4)
15977796711	杨家忠	VIP3 (4)
1229970982	黄廷荣	VIP3 (4)
446888921	张立东	VIP3 (4)
15200169812	徐天民	VIP3 (4)
yhss588	周耀宏	VIP3 (4)
yifenjiandan	曹江江	VIP3 (4)
qrl7278	覃仁林	VIP3 (4)
x520168	郭月新	VIP3 (4)
zz045326	张翠芳	VIP3 (4)
qqqqsb	李锦辉	VIP3 (4)
x168168	肖立红	VIP3 (4)
18680332482	金明亮	VIP3 (4)
hu789789	黄阳雄	VIP3 (4)
tobby7227	练伟豪	VIP3 (4)
