kle5588	柯燕成	不返水-无优惠 (11)
cxm6688	马长鑫	不返水-无优惠 (11)
ss456789	梁维安	不返水-无优惠 (11)
bimei888	罗碧梅	不返水-无优惠 (11)
wqb7706	韦清博	不返水-无优惠 (11)
fuchouzhe111	李晓雯	不返水-无优惠 (11)
syy2	石莹荧	不返水-无优惠 (11)
gcw6738	葛长伟	不返水-无优惠 (11)
lym0909	林艳梅	不返水-无优惠 (11)
vaaahvjh88	林海强	不返水-无优惠 (11)
wangfeit	王鹏飞	不返水-无优惠 (11)
ta7936953	许小康	不返水-无优惠 (11)
beng2876	陈泉新	不返水-无优惠 (11)
shu64739	杨德华	不返水-无优惠 (11)
zse123	张运喜	不返水-无优惠 (11)
chen30	陈艳	不返水-无优惠 (11)
cyz1233441	陈月珠	不返水-无优惠 (11)
yan719821	闫锦	不返水-无优惠 (11)
lcb667711	李朝宝	不返水-无优惠 (11)
jing520c	陈柳静	不返水-无优惠 (11)
cw751822643	翁程威	不返水-无优惠 (11)
zh6789	练翠婷	不返水-无优惠 (11)
wyj986489	王钰俊	不返水-无优惠 (11)
shj25698	孙海杰	不返水-无优惠 (11)
zongyuqiu1	宗雨秋	不返水-无优惠 (11)
liang1122	梁秋霞	不返水-无优惠 (11)
aa110826	吴杨鸿	不返水-无优惠 (11)
ke369369	柯鑫武	不返水-无优惠 (11)
ke3864	陈志林	不返水-无优惠 (11)
aaa8572	莫柳婷	不返水-无优惠 (11)
wl0961	吴磊	不返水-无优惠 (11)
mnc656958	莫乃厂	不返水-无优惠 (11)
jamloo	陆湛	不返水-无优惠 (11)
ccs18171	陈朝顺	不返水-无优惠 (11)
wei138098	韦文翁	不返水-无优惠 (11)
rong1772	刘家荣	不返水-无优惠 (11)
lcyqq2017	刘彩燕	不返水-无优惠 (11)
ke1378	柯弟	不返水-无优惠 (11)
zpg1978	陈雪娇	不返水-无优惠 (11)
chen9076	陈勇超	不返水-无优惠 (11)
xdg369555	谢大干	不返水-无优惠 (11)
ab321654	卢海宁	不返水-无优惠 (11)
zzy231829	张瑞	不返水-无优惠 (11)
biaoji1988	李彪	不返水-无优惠 (11)
jenny1687	李杰	不返水-无优惠 (11)
luowei899	罗伟	不返水-无优惠 (11)
kaa666888	杨太林	不返水-无优惠 (11)
uu1212	林培	不返水-无优惠 (11)
hln0626	黄丽娜	不返水-无优惠 (11)
zxx1792	冯雅微	不返水-无优惠 (11)
cm1882	陈猛	不返水-无优惠 (11)
wj1995	文静	不返水-无优惠 (11)
ou1236	欧运珍	不返水-无优惠 (11)
bobobobo	易艳波	不返水-无优惠 (11)
jr5674	李俊锐	不返水-无优惠 (11)
wj991227	王捷	不返水-无优惠 (11)
huo888888	霍大鹏	不返水-无优惠 (11)
cxl8554	陈雪连	不返水-无优惠 (11)
jian19930801	谭建军	不返水-无优惠 (11)
weibei0803	魏蓓	不返水-无优惠 (11)
tt9mm	陈荣锋	不返水-无优惠 (11)
junjie500	陈销兵	不返水-无优惠 (11)
jubang998	林举邦	不返水-无优惠 (11)
tan199308	谭雯慧	不返水-无优惠 (11)
chou8515	伍绍绸	不返水-无优惠 (11)
53353353333	平永茂	不返水-无优惠 (11)
gwl15695	管万林	不返水-无优惠 (11)
zwg9662	张文冠	不返水-无优惠 (11)
ypyp3388	邓国劲	不返水-无优惠 (11)
xq6677	陈笑琼	不返水-无优惠 (11)
tyh22	列锡潮	不返水-无优惠 (11)
hjd55	温宝强	不返水-无优惠 (11)
yzq147686	杨志强	不返水-无优惠 (11)
tzy8872	唐正艺	不返水-无优惠 (11)
w745660074	王宁	不返水-无优惠 (11)
yuxia3194	俞霞	不返水-无优惠 (11)
ckl6688	陈坤兰	不返水-无优惠 (11)
yy8h	余紫阳	不返水-无优惠 (11)
zzf520	朱重福	不返水-无优惠 (11)
yangyang11	杨诗钰	不返水-无优惠 (11)
rg5795	陈行	不返水-无优惠 (11)
yxl8	余幸龙	不返水-无优惠 (11)
liao513113	廖伟聪	不返水-无优惠 (11)
xf369555	徐芳	不返水-无优惠 (11)
lly1144	刘路炎	不返水-无优惠 (11)
ming4275	罗阳明	不返水-无优惠 (11)
zxx1234	张秀雪	不返水-无优惠 (11)
zmn0515	朱毛妮	不返水-无优惠 (11)
huang5211	黄敏	不返水-无优惠 (11)
zwx0570	朱文喜	不返水-无优惠 (11)
xiuhua3553	王秀华	不返水-无优惠 (11)
zetian	罗文清	不返水-无优惠 (11)
hr699540	田冲	不返水-无优惠 (11)
tzw132132132	田召武	不返水-无优惠 (11)
chao6660	黄潮谦	不返水-无优惠 (11)
lili0801	黄丽	不返水-无优惠 (11)
sjl7689	孙际连	不返水-无优惠 (11)
1976gh	卢贵华	不返水-无优惠 (11)
wsx956	王守祥	不返水-无优惠 (11)
zzh0929	曾力	不返水-无优惠 (11)
ybh6688	杨伟花	不返水-无优惠 (11)
8099ly	刘云	不返水-无优惠 (11)
kyc8808	柯燕成	不返水-无优惠 (11)
kfq5288	柯荣元	不返水-无优惠 (11)
zky588	张柯岩	不返水-无优惠 (11)
zxy55688	张晓莹	不返水-无优惠 (11)
xk5568	徐奎	不返水-无优惠 (11)
mxx5986	马长鑫	不返水-无优惠 (11)
9988zxb	邹享兵	不返水-无优惠 (11)
ljh5988	卢金花	不返水-无优惠 (11)
kqq6658	柯清泉	不返水-无优惠 (11)
djh56898	戴嘉花	不返水-无优惠 (11)
lwh5689	林文华	不返水-无优惠 (11)
lxq5688	卢秀钦	不返水-无优惠 (11)
qxb8888	钱学彬	不返水-无优惠 (11)
zz668168	詹文杰	不返水-无优惠 (11)
llc9988	卢柳财	不返水-无优惠 (11)
wgf6688	王国凤	不返水-无优惠 (11)
790546213q	陈铸	不返水-无优惠 (11)
dd461680138	吴璇璇	不返水-无优惠 (11)
zk9731	赵康	不返水-无优惠 (11)
ly268	李叶	不返水-无优惠 (11)
miao14	陆晓妙	不返水-无优惠 (11)
zek9751	张二凯	不返水-无优惠 (11)
chenmin1	陈敏	不返水-无优惠 (11)
sxg9600	孙兴国	不返水-无优惠 (11)
tyy9875321	田元元	不返水-无优惠 (11)
wcl147563	尉成龙	不返水-无优惠 (11)
lzl0088	梁亚科	不返水-无优惠 (11)
xjq4858	肖广其	不返水-无优惠 (11)
mm1472580	莫海珍	不返水-无优惠 (11)
lch434200	林成辉	不返水-无优惠 (11)
scxny1	沙朝侠	不返水-无优惠 (11)
wyh5343	王永辉	不返水-无优惠 (11)
lxc5110	劳学才	不返水-无优惠 (11)
lrb9606	劳如冰	不返水-无优惠 (11)
lxs7214	劳学书	不返水-无优惠 (11)
cc0216	崔嘉茵	不返水-无优惠 (11)
bcc41113	刘思湛	不返水-无优惠 (11)
a199182234	刘雅再	不返水-无优惠 (11)
lyc4617	李永翠	不返水-无优惠 (11)
nm5208	陆崇愉	不返水-无优惠 (11)
zss201417	周赛赛	不返水-无优惠 (11)
ccbgd6217	黄国汉	不返水-无优惠 (11)
crt0992	陈润田	不返水-无优惠 (11)
zyl1688	张永良	不返水-无优惠 (11)
wxp7483	韦小娟	不返水-无优惠 (11)
qq2316	李仁昆	不返水-无优惠 (11)
a631612	李志炯	不返水-无优惠 (11)
ltc5770	李太超	不返水-无优惠 (11)
lj524790	赖家俊	不返水-无优惠 (11)
ay4568	王永涛	不返水-无优惠 (11)
lp465375	李盼	不返水-无优惠 (11)
h228ft	符应杰	不返水-无优惠 (11)
hong2880	洪彩燕	不返水-无优惠 (11)
ljl950505	吕嘉莉	不返水-无优惠 (11)
guo0319	赵汝强	不返水-无优惠 (11)
sdaahh	莫爵登	不返水-无优惠 (11)
yhlny1	叶慧丽	不返水-无优惠 (11)
mulan8899	陈木兰	不返水-无优惠 (11)
azx123	陈思高	不返水-无优惠 (11)
hqq3940	何启倩	不返水-无优惠 (11)
abq63r	莫文滔	不返水-无优惠 (11)
hanfan89	陈汉帆	不返水-无优惠 (11)
aiyy0805	章中亚	不返水-无优惠 (11)
ydt1548	颜定团	不返水-无优惠 (11)
hyc9954	黄焱聪	不返水-无优惠 (11)
lb2890	雷碧	不返水-无优惠 (11)
waq0507	王安琦	不返水-无优惠 (11)
zzz708090	朱卫龙	不返水-无优惠 (11)
cy33578	陈赢	不返水-无优惠 (11)
jfy9668	蒋妃右	不返水-无优惠 (11)
cc920305	陈超	不返水-无优惠 (11)
hzw9249	黄曾武	不返水-无优惠 (11)
zhanghuifang	章惠芳	不返水-无优惠 (11)
zhou183	周玉玺	不返水-无优惠 (11)
liuhe1	刘河纬	不返水-无优惠 (11)
zxw9230	张晓微	不返水-无优惠 (11)
chen701227	陈东松	不返水-无优惠 (11)
ke9815	柯周彤	不返水-无优惠 (11)
lcx2019	刘长新	不返水-无优惠 (11)
jia8169	徐佳佳	不返水-无优惠 (11)
huzhimin	胡志敏	不返水-无优惠 (11)
li3871	何莉莉	不返水-无优惠 (11)
niu12312	牛函	不返水-无优惠 (11)
yijibizhon9	黄佳	不返水-无优惠 (11)
jian11	张俭	不返水-无优惠 (11)
qmiao17	陈扬媚	不返水-无优惠 (11)
yi0029	曾毅	不返水-无优惠 (11)
sp3259	孙鹏	不返水-无优惠 (11)
jilin123	李继林	不返水-无优惠 (11)
zyh25013	张月汉	不返水-无优惠 (11)
ma19900608	马振锦	不返水-无优惠 (11)
zhangzeiwen	顾通通	不返水-无优惠 (11)
ts866168	陶双成	不返水-无优惠 (11)
lrr123	李荣荣	不返水-无优惠 (11)
qqq5307	刘景林	不返水-无优惠 (11)
cbp1380	陈宝平	不返水-无优惠 (11)
wuwu568	吴凤球	不返水-无优惠 (11)
wsf156777	王思风	不返水-无优惠 (11)
liuwc1	刘文创	不返水-无优惠 (11)
lcq1991	李传奇	不返水-无优惠 (11)
xl6576	肖玲	不返水-无优惠 (11)
a2570241958	陆怡波	不返水-无优惠 (11)
glg136	耿亮	不返水-无优惠 (11)
cjs66477	蔡进盛	不返水-无优惠 (11)
shenhua123	沈华	不返水-无优惠 (11)
lpy5674	李培毅	不返水-无优惠 (11)
szh1231	苏子浩	不返水-无优惠 (11)
lm5737	李媚	不返水-无优惠 (11)
qcai13	张永才	不返水-无优惠 (11)
ylm369555	杨陆梦	不返水-无优惠 (11)
wmy147686	王满	不返水-无优惠 (11)
mnb258	沙丙军	不返水-无优惠 (11)
mql1000	毛青林	不返水-无优惠 (11)
lzd201314	刘展端	不返水-无优惠 (11)
fangming083	方明	不返水-无优惠 (11)
25841482568	王金融	不返水-无优惠 (11)
mwz6224	马威州	不返水-无优惠 (11)
cpp1996	陈炳鸿	不返水-无优惠 (11)
djs122	杜尚风	不返水-无优惠 (11)
kunzi889	刘铭坤	不返水-无优惠 (11)
hxx4961	化雪雪	不返水-无优惠 (11)
liu7061	刘水凤	不返水-无优惠 (11)
odqa2356	欧大秋	不返水-无优惠 (11)
lium0124	刘峰妙	不返水-无优惠 (11)
fc1005	梁宝清	不返水-无优惠 (11)
ddsg8574	邓恩奇	不返水-无优惠 (11)
ddeg4520	邓恩广	不返水-无优惠 (11)
ws111112	罗繁	不返水-无优惠 (11)
wq9376	张文倩	不返水-无优惠 (11)
dpx0808	丁配旋	不返水-无优惠 (11)
llf1020	李龙飞	不返水-无优惠 (11)
qyz123456789	钱宇洲	不返水-无优惠 (11)
wyx123123	王宇星	不返水-无优惠 (11)
zyf258758	朱燕飞	不返水-无优惠 (11)
mengwei	孟恒炜	不返水-无优惠 (11)
lqy9675	林沁仪	不返水-无优惠 (11)
wd112233	王栋	不返水-无优惠 (11)
qaz334455	单国明	不返水-无优惠 (11)
yhljt1	叶慧丽	不返水-无优惠 (11)
gl136	耿亮	不返水-无优惠 (11)
p13645	耿曼	不返水-无优惠 (11)
wz6515	王均	不返水-无优惠 (11)
cwb17520	陈伟博	不返水-无优惠 (11)
nyzxm0	张喜梅	不返水-无优惠 (11)
lh1122	李慧	不返水-无优惠 (11)
jsz4494	姜素芝	不返水-无优惠 (11)
zz2976	林结珍	不返水-无优惠 (11)
zhu3295	朱远宝	不返水-无优惠 (11)
lws1074	刘文盛	不返水-无优惠 (11)
fuyuliang	符玉莲	不返水-无优惠 (11)
jmd1994	贾梦丹	不返水-无优惠 (11)
wyc9542	王永昌	不返水-无优惠 (11)
zxl1470	卓秀莲	不返水-无优惠 (11)
lx4455	李霄	不返水-无优惠 (11)
yql8915	严倩琳	不返水-无优惠 (11)
lzgzwe88599	刘志光	不返水-无优惠 (11)
alqp456	张琴霞	不返水-无优惠 (11)
ysr5151	袁圣仁	不返水-无优惠 (11)
lmx201888	梁明雄	不返水-无优惠 (11)
shui668888	莫爵振	不返水-无优惠 (11)
fanqunhon	范群鸿	不返水-无优惠 (11)
yjf6277	严金凤	不返水-无优惠 (11)
cxq3073	陈小强	不返水-无优惠 (11)
wy6190	翁颖	不返水-无优惠 (11)
ya3549	陈雅清	不返水-无优惠 (11)
ysi258h	黄永四	不返水-无优惠 (11)
lgq547222	赖贵泉	不返水-无优惠 (11)
wll3978	王丽丽	不返水-无优惠 (11)
chenrui92	陈瑞	不返水-无优惠 (11)
lzc138	李志成	不返水-无优惠 (11)
san74112	陈叁	不返水-无优惠 (11)
peng197706	彭树江	不返水-无优惠 (11)
lsl168168	容琨生	不返水-无优惠 (11)
zhuzl88a	朱泽亮	不返水-无优惠 (11)
xskdjs	马超	不返水-无优惠 (11)
caimuying1	蔡木英	不返水-无优惠 (11)
wytlzs	杜永坤	不返水-无优惠 (11)
dhl0374	邓宏连	不返水-无优惠 (11)
nmnm5863	黄家友	不返水-无优惠 (11)
caijingb1	蔡景材	不返水-无优惠 (11)
fafa11	侯键	不返水-无优惠 (11)
liang8800	王有良	不返水-无优惠 (11)
heffl8866	何妃芬	不返水-无优惠 (11)
yali1574	王亚李	不返水-无优惠 (11)
juan4884	何彩娟	不返水-无优惠 (11)
lyq187	李优情	不返水-无优惠 (11)
xhx147	薛含笑	不返水-无优惠 (11)
wsc4730	温水春	不返水-无优惠 (11)
binse123	薛炳森	不返水-无优惠 (11)
zm7788	周明	不返水-无优惠 (11)
lzy4821	刘展毓	不返水-无优惠 (11)
zzz1980	邹佩玲	不返水-无优惠 (11)
shs8520	何时坤	不返水-无优惠 (11)
cgw5201	岑国威	不返水-无优惠 (11)
132yux69	刘羽翔	不返水-无优惠 (11)
sss9018	单帅帅	不返水-无优惠 (11)
zwl458456	张婉丽	不返水-无优惠 (11)
lmq7236	娄梦秋	不返水-无优惠 (11)
xhx0425	萧鸿欣	不返水-无优惠 (11)
ycb1538	杨朝宾	不返水-无优惠 (11)
m616187	余庆珍	不返水-无优惠 (11)
ldl8765	刘德良	不返水-无优惠 (11)
cxl4053	陈秀连	不返水-无优惠 (11)
zhaizihao	翟子豪	不返水-无优惠 (11)
wzh369555	王子航	不返水-无优惠 (11)
chq0552	庞华晓	不返水-无优惠 (11)
hyq7766	何玉奇	不返水-无优惠 (11)
guow1052	岑国武	不返水-无优惠 (11)
q3577	陈俊宏	不返水-无优惠 (11)
xj1949	沈小杰	不返水-无优惠 (11)
xjp2000	薛金鹏	不返水-无优惠 (11)
as1440828	林达湛	不返水-无优惠 (11)
as1997	范致成	不返水-无优惠 (11)
aa1442	李玉义	不返水-无优惠 (11)
abc0711	蔡秀娜	不返水-无优惠 (11)
ff6689	陈飞	不返水-无优惠 (11)
aa333777	林忠涛	不返水-无优惠 (11)
gf13140	陈思鹊	不返水-无优惠 (11)
y2261	陈典勇	不返水-无优惠 (11)
zyx214	张钰欣	不返水-无优惠 (11)
ll666666	廖彬	不返水-无优惠 (11)
bzz0488	白志展	不返水-无优惠 (11)
rjy356249	潘朝珊	不返水-无优惠 (11)
didi123456	邸迪	不返水-无优惠 (11)
lm369555	陆梅	不返水-无优惠 (11)
gh6179	管浩	不返水-无优惠 (11)
jun258jian	曾建君	不返水-无优惠 (11)
zhou1992	周挺	不返水-无优惠 (11)
poiu987456	蔡泰梁	不返水-无优惠 (11)
nin7586	李德耀	不返水-无优惠 (11)
weiying1	卫莹	不返水-无优惠 (11)
g63078282	管国栋	不返水-无优惠 (11)
wapin219	罗智恩	不返水-无优惠 (11)
pzj001	潘政军	不返水-无优惠 (11)
7790973	张磊	不返水-无优惠 (11)
1678207970	颜歆	不返水-无优惠 (11)
dsl123456	邸思连	不返水-无优惠 (11)
hh8798	邵令号	不返水-无优惠 (11)
liu325	刘宏侠	不返水-无优惠 (11)
xp6570	徐平	不返水-无优惠 (11)
xiaoyan521	曹金艳	不返水-无优惠 (11)
ag0416	石小君	不返水-无优惠 (11)
wpj2345	王培杰	不返水-无优惠 (11)
bl7207	毕磊	不返水-无优惠 (11)
cl6958	陈龙	不返水-无优惠 (11)
woshiyike	徐森俊	不返水-无优惠 (11)
yqp0780	尹庆鹏	不返水-无优惠 (11)
jrr2294	姜忍忍	不返水-无优惠 (11)
cazidn12	陈俊澄	不返水-无优惠 (11)
ww4352	王威	不返水-无优惠 (11)
xg1944	王祥光	不返水-无优惠 (11)
zjb1991	钟建彬	不返水-无优惠 (11)
cui399	何如翠	不返水-无优惠 (11)
ddh090101	邓大胡	不返水-无优惠 (11)
qqwer444555	林培鸿	不返水-无优惠 (11)
licf23	刘春凤	不返水-无优惠 (11)
yjh3319	余嘉旋	不返水-无优惠 (11)
fang0011	赵莉芳	不返水-无优惠 (11)
lhs12345678	刘浩森	不返水-无优惠 (11)
guiguiniuniu	牛玉金	不返水-无优惠 (11)
jie256li	李伟杰	不返水-无优惠 (11)
shui137103	杨巨水	不返水-无优惠 (11)
xchhj8	王小磊	不返水-无优惠 (11)
jxlsx	贾秀林	不返水-无优惠 (11)
lww7014	刘威威	不返水-无优惠 (11)
wmm1122	吴珊珊	不返水-无优惠 (11)
lyx1004	李月侠	不返水-无优惠 (11)
rcm123456	任春梅	不返水-无优惠 (11)
fjh9987	冯剑花	不返水-无优惠 (11)
cy147666	陈洋	不返水-无优惠 (11)
mxx1991	孟新新	不返水-无优惠 (11)
zzl7108	张子龙	不返水-无优惠 (11)
xx8558	徐凤玲	不返水-无优惠 (11)
zhuzec12	朱泽成	不返水-无优惠 (11)
yu1102	芈玉	不返水-无优惠 (11)
swl156777	宋伟磊	不返水-无优惠 (11)
zhuzec234	谢廷辉	不返水-无优惠 (11)
ss71754	娄超	不返水-无优惠 (11)
zzxx2978	邓振坚	不返水-无优惠 (11)
cjbin123	蔡景彬	不返水-无优惠 (11)
wj123	武俊	不返水-无优惠 (11)
srr156777	孙然然	不返水-无优惠 (11)
ytl2010	杨太龙	不返水-无优惠 (11)
dao564bin	蔡道斌	不返水-无优惠 (11)
a7737685	鲁基源	不返水-无优惠 (11)
ljh123321	邓莉莎	不返水-无优惠 (11)
ajianxiong	阿剑雄	不返水-无优惠 (11)
lyk1188	梁亚科	不返水-无优惠 (11)
qiang8008	严强	不返水-无优惠 (11)
xcc001	徐翠翠	不返水-无优惠 (11)
xiaoyu1616	余瑜琦	不返水-无优惠 (11)
wqc123456wc	蔚青材	不返水-无优惠 (11)
mf1994	马菲	不返水-无优惠 (11)
liuxinke	刘信科	不返水-无优惠 (11)
lj0808000	李静	不返水-无优惠 (11)
qq6787	潘武龙	不返水-无优惠 (11)
lqz0522	黎秋珍	不返水-无优惠 (11)
ft6668	徐斌	不返水-无优惠 (11)
peng2019	张鹏	不返水-无优惠 (11)
zqg53887	朱庆国	不返水-无优惠 (11)
hl6492	黄乐	不返水-无优惠 (11)
zcy7071	赵才迎	不返水-无优惠 (11)
zxf5987	张晓芙	不返水-无优惠 (11)
13247312260	谢世波	不返水-无优惠 (11)
vip666888999	陈玲	不返水-无优惠 (11)
qq1896	张前东	不返水-无优惠 (11)
gvf7178	黄秋生	不返水-无优惠 (11)
lia2073	梁辉	不返水-无优惠 (11)
a124710142	徐丹妮	不返水-无优惠 (11)
zyy1998	张雨阳	不返水-无优惠 (11)
xiao0019	刘光校	不返水-无优惠 (11)
a7744802	阮至铖	不返水-无优惠 (11)
ma199522	马小燕	不返水-无优惠 (11)
xyw0739	薛亚微	不返水-无优惠 (11)
fz888	郭勇	不返水-无优惠 (11)
bo0423	叶辉波	不返水-无优惠 (11)
zwc66885	张文超	不返水-无优惠 (11)
hcn2211	黄春宁	不返水-无优惠 (11)
a19870816	李亚平	不返水-无优惠 (11)
yl6993	武玉芳	不返水-无优惠 (11)
you6773	尤彩丽	不返水-无优惠 (11)
zhanghaowen01	张浩文	不返水-无优惠 (11)
zxcvbnm147	洪培杰	不返水-无优惠 (11)
hcm6715	黄翠美	不返水-无优惠 (11)
yawen777	张雅雯	不返水-无优惠 (11)
lxl8898	梁小龙	不返水-无优惠 (11)
fwc8898	冯伟才	不返水-无优惠 (11)
hgj2572	何桂坚	不返水-无优惠 (11)
xcy258369	许成燕	不返水-无优惠 (11)
cbd7277	黄和巨	不返水-无优惠 (11)
xwt8078	谢韦婷	不返水-无优惠 (11)
lhq198763	吕华全	不返水-无优惠 (11)
xyp413	辛运萍	不返水-无优惠 (11)
aa2079	李楚婷	不返水-无优惠 (11)
15070364012	徐振东	不返水-无优惠 (11)
aa3575	周群皓	不返水-无优惠 (11)
qwqwqw1234	苗志强	不返水-无优惠 (11)
zxc12580	李竹根	不返水-无优惠 (11)
ly148107	李勇	不返水-无优惠 (11)
62623031	孙婷	不返水-无优惠 (11)
qun524	李周群	不返水-无优惠 (11)
aa5378	冯李梅	不返水-无优惠 (11)
11235811	李强	不返水-无优惠 (11)
sg0175	莫胜国	不返水-无优惠 (11)
aa5873	周江明	不返水-无优惠 (11)
juan8670	吴小娟	不返水-无优惠 (11)
wxw9875	吴小伟	不返水-无优惠 (11)
lqp8898	梁启培	不返水-无优惠 (11)
aac3322	张晶	不返水-无优惠 (11)
qq649910690	赵龙昊	不返水-无优惠 (11)
zhang2019	张世娟	不返水-无优惠 (11)
cr3980	姚元威	不返水-无优惠 (11)
532079018	朱涛涛	不返水-无优惠 (11)
q82239676	黄润	不返水-无优惠 (11)
cwj5760	蔡惠劲	不返水-无优惠 (11)
zdk2204	张德凯	不返水-无优惠 (11)
slx1118	苏亚娣	不返水-无优惠 (11)
b7732477	林举才	不返水-无优惠 (11)
15062836984	刘子帅	不返水-无优惠 (11)
feng122	肖金凤	不返水-无优惠 (11)
xmh426	许名华	不返水-无优惠 (11)
dcm6378	邓春漫	不返水-无优惠 (11)
zjc7785	张积才	不返水-无优惠 (11)
cwx8276	蔡文信	不返水-无优惠 (11)
kec24600	莫娣	不返水-无优惠 (11)
zyj8809	张亚静	不返水-无优惠 (11)
kkll123	张彦学	不返水-无优惠 (11)
kocug3550	柯春光	不返水-无优惠 (11)
cst2978	蔡世统	不返水-无优惠 (11)
tiuz8899	张立华	不返水-无优惠 (11)
hym7660	黄渝明	不返水-无优惠 (11)
a133153	李凤英	不返水-无优惠 (11)
logo1305	吴翠华	不返水-无优惠 (11)
www789789	杨健泰	不返水-无优惠 (11)
dlw2276	丁丽微	不返水-无优惠 (11)
xyl6576	薛玉林	不返水-无优惠 (11)
hfm7979	黄妃妹	不返水-无优惠 (11)
wjf1376	王金凤	不返水-无优惠 (11)
qwe995951508	符多作	不返水-无优惠 (11)
uu4073	吕文杰	不返水-无优惠 (11)
zx1122	胡蝶	不返水-无优惠 (11)
cfy4414	陈丰裕	不返水-无优惠 (11)
xiandao138	钟锡先	不返水-无优惠 (11)
zxcv8881	彭伟建	不返水-无优惠 (11)
cgb7974	蔡国彬	不返水-无优惠 (11)
lhl3071	梁何利	不返水-无优惠 (11)
tangke6	唐乾轲	不返水-无优惠 (11)
lmg8477	李明贵	不返水-无优惠 (11)
ctd5571	曹天道	不返水-无优惠 (11)
cyq6872	曹艳其	不返水-无优惠 (11)
lsj1982	路世捷	不返水-无优惠 (11)
cfm2777	蔡凤梅	不返水-无优惠 (11)
mh9070	莫恒	不返水-无优惠 (11)
55462155	单胜来	不返水-无优惠 (11)
wqaqpy	杨梦菲	不返水-无优惠 (11)
sd199105	王志龙	不返水-无优惠 (11)
jzp198	姜广和	不返水-无优惠 (11)
yuzhen418112	于震	不返水-无优惠 (11)
xf12345	陈雪	不返水-无优惠 (11)
wanglan	王岚	不返水-无优惠 (11)
ximan4431	王克熙	不返水-无优惠 (11)
a587945	孟庆玲	不返水-无优惠 (11)
cy911009	陈艳	不返水-无优惠 (11)
ye12345	叶宏强	不返水-无优惠 (11)
rongyao8	罗舒书	不返水-无优惠 (11)
sy8093026	史屹	不返水-无优惠 (11)
zmy519	张梦云	不返水-无优惠 (11)
majunchi	刘淑红	不返水-无优惠 (11)
yz555777	杨健泰	不返水-无优惠 (11)
zl10010	赵磊	不返水-无优惠 (11)
86232082zxc	杜舟	不返水-无优惠 (11)
hmm12345	赫明慧	不返水-无优惠 (11)
lulu16	马玉露	不返水-无优惠 (11)
hrhr052143	张惠如	不返水-无优惠 (11)
bmbm168168	张庆丰	不返水-无优惠 (11)
wxqhj	王晓琴	不返水-无优惠 (11)
shell	陆婷	不返水-无优惠 (11)
c873245057	孔德考	不返水-无优惠 (11)
80228491	何志海	不返水-无优惠 (11)
zkx6020	郑开芯	不返水-无优惠 (11)
zcb529933	李冬霞	不返水-无优惠 (11)
13737363866	李社英	不返水-无优惠 (11)
why6020	王浩宇	不返水-无优惠 (11)
yxf001	于晓芳	不返水-无优惠 (11)
m31880	陈善遐	不返水-无优惠 (11)
huqiang111	胡强	不返水-无优惠 (11)
a3131541	穆作敏	不返水-无优惠 (11)
mmyxyyj520	杨小燕	不返水-无优惠 (11)
zb147258	张彬	不返水-无优惠 (11)
1390hong	赵秋平	不返水-无优惠 (11)
dazhong	周贤林	不返水-无优惠 (11)
kg123	罗嘉豪	不返水-无优惠 (11)
xfy888	徐发英	不返水-无优惠 (11)
huang909	黄李安	不返水-无优惠 (11)
cc112230	丛双剑	不返水-无优惠 (11)
zwcbz120	郑筷	不返水-无优惠 (11)
297121	罗林	不返水-无优惠 (11)
wangwei523	王玮	不返水-无优惠 (11)
694076492	杨彩虹	不返水-无优惠 (11)
hui226	陈辉雄	不返水-无优惠 (11)
1932187089	黄泽峰	不返水-无优惠 (11)
bnm123456789	陈利川	不返水-无优惠 (11)
2859519347	庄文倩	不返水-无优惠 (11)
dx179	李冬雪	不返水-无优惠 (11)
dq0503	程传芹	不返水-无优惠 (11)
huangbin	黄斌	不返水-无优惠 (11)
sss2019	马宝旺	不返水-无优惠 (11)
sisi0530	任思	不返水-无优惠 (11)
qianjin	闫前进	不返水-无优惠 (11)
hy168	洪燕	不返水-无优惠 (11)
jing498696	张静	不返水-无优惠 (11)
lzr0088	梁泽汝	不返水-无优惠 (11)
ding152	丁秀芬	不返水-无优惠 (11)
zhoudan11	周丹	不返水-无优惠 (11)
zhi852123	陈文智	不返水-无优惠 (11)
dingyufeng	丁玉峰	不返水-无优惠 (11)
2565933346	邓天乐	不返水-无优惠 (11)
z252525	裴子明	不返水-无优惠 (11)
yanhai291	闫海	不返水-无优惠 (11)
3319	张金林	不返水-无优惠 (11)
qq11260555	曾耀辉	不返水-无优惠 (11)
shu1959	成正树	不返水-无优惠 (11)
7897890	郑少龙	不返水-无优惠 (11)
ma1620	李玛云	不返水-无优惠 (11)
glw3757	关连文	不返水-无优惠 (11)
15089329772	曾继成	不返水-无优惠 (11)
0739uiop	肖丹军	不返水-无优惠 (11)
xb418300	向冰	不返水-无优惠 (11)
cjd6667	蔡景栋	不返水-无优惠 (11)
tang334	唐金忠	不返水-无优惠 (11)
aa5280317	梁有银	不返水-无优惠 (11)
wn729630366	韦蔚妮	不返水-无优惠 (11)
592112	张伟伟	不返水-无优惠 (11)
fpt2025	符潘庭	不返水-无优惠 (11)
gh6565680	籍冰剑	不返水-无优惠 (11)
a8137105	李烽庆	不返水-无优惠 (11)
2781414	张云	不返水-无优惠 (11)
mki741852	吴加彬	不返水-无优惠 (11)
15976577	吴茂禄	不返水-无优惠 (11)
f258111	赵建平	不返水-无优惠 (11)
xin1996	李欣歌	不返水-无优惠 (11)
aa425750538	余志宽	不返水-无优惠 (11)
13724747960	叶立信	不返水-无优惠 (11)
hy807228	黄云	不返水-无优惠 (11)
bbr520520	白宝瑞	不返水-无优惠 (11)
clh123123	曹丽华	不返水-无优惠 (11)
zwm696969	曾维茂	不返水-无优惠 (11)
ls886655	李莎	不返水-无优惠 (11)
zdy6020	郑德云	不返水-无优惠 (11)
hong5809	郑金红	不返水-无优惠 (11)
apple8888	吴小玲	不返水-无优惠 (11)
hwt2019	何文涛	不返水-无优惠 (11)
ailan5205	王学思	不返水-无优惠 (11)
z12141027	赵光	不返水-无优惠 (11)
cz520	陈卓	不返水-无优惠 (11)
coco86ro	张瓯	不返水-无优惠 (11)
qiuqiucc	宋晓秋	不返水-无优惠 (11)
wuji123	石磊	不返水-无优惠 (11)
wangjing	王晶晶	不返水-无优惠 (11)
zz05814191	钟桂娣	不返水-无优惠 (11)
duan0224	段晓针	不返水-无优惠 (11)
az14725813	黄丽娜	不返水-无优惠 (11)
1539009137	成国龙	不返水-无优惠 (11)
wp123000	王鹏	不返水-无优惠 (11)
ydg5676	杨冬桂	不返水-无优惠 (11)
a19831105	宋广成	不返水-无优惠 (11)
lj0559	刘静	不返水-无优惠 (11)
zq6460	张权	不返水-无优惠 (11)
b199606	宋海水	不返水-无优惠 (11)
880815	李年庚	不返水-无优惠 (11)
szh13230	苏振华	不返水-无优惠 (11)
ll438	吴莉莉	不返水-无优惠 (11)
ldd258369	李丁丁	不返水-无优惠 (11)
zh04182952	张鸿	不返水-无优惠 (11)
ac75236	孟庆伍	不返水-无优惠 (11)
aa7782	羊方大	不返水-无优惠 (11)
ad5840	李彦辉	不返水-无优惠 (11)
fangming11	方铭	不返水-无优惠 (11)
csx1314	陈少娴	不返水-无优惠 (11)
260034065	李安家	不返水-无优惠 (11)
xss19980110	谢少松	不返水-无优惠 (11)
wj123456	王晶	不返水-无优惠 (11)
zsanshao	章源宏	不返水-无优惠 (11)
xx8080	熊锌	不返水-无优惠 (11)
zy911279	常淑霞	不返水-无优惠 (11)
lr7160	刘丽荣	不返水-无优惠 (11)
a827529969	潘至迎	不返水-无优惠 (11)
bmj0z	白铭君	不返水-无优惠 (11)
ljg7327	李吉光	不返水-无优惠 (11)
lxw8328	李振平	不返水-无优惠 (11)
asd5665	丛国义	不返水-无优惠 (11)
2833057236	刘海旭	不返水-无优惠 (11)
95141	关波	不返水-无优惠 (11)
chenjun32	陈小君	不返水-无优惠 (11)
dengdada	邓超	不返水-无优惠 (11)
lizhong5209	刘立忠	不返水-无优惠 (11)
klj99966677	康丽君	不返水-无优惠 (11)
zhang976	张凯	不返水-无优惠 (11)
gxd0036	高旭东	不返水-无优惠 (11)
lpstjk	陈振兴	不返水-无优惠 (11)
a18124216112	甘巨泽	不返水-无优惠 (11)
lyb22110	李彦冰	不返水-无优惠 (11)
madashuai	马钦	不返水-无优惠 (11)
clp1366	崔丽苹	不返水-无优惠 (11)
hx9466	胡鑫	不返水-无优惠 (11)
yb1252	杨彬	不返水-无优惠 (11)
xjy13230	肖嘉仪	不返水-无优惠 (11)
qw12344321	王小峰	不返水-无优惠 (11)
wujl123	吴建良	不返水-无优惠 (11)
qwe123456zyj	邹叶经	不返水-无优惠 (11)
awbd3531	唐成强	不返水-无优惠 (11)
yinuo66	林琳	不返水-无优惠 (11)
huzheng333	胡政	不返水-无优惠 (11)
lfq66994	李方庆	不返水-无优惠 (11)
wdj8655	伍大江	不返水-无优惠 (11)
tangfa888	唐发	不返水-无优惠 (11)
sgcwxy99	石郭昌	不返水-无优惠 (11)
gbgb123	关波	不返水-无优惠 (11)
qq416259940	康文静	不返水-无优惠 (11)
qq1324653	唐昌华	不返水-无优惠 (11)
zhang321	张成林	不返水-无优惠 (11)
coffee1205	高斐	不返水-无优惠 (11)
banshe	王冬梅	不返水-无优惠 (11)
kwj333	王军军	不返水-无优惠 (11)
sunpi123	孙辟	不返水-无优惠 (11)
chen1369	陈锦壮	不返水-无优惠 (11)
damiaobao	陈树艳	不返水-无优惠 (11)
awp123456	安文平	不返水-无优惠 (11)
tw456	陶旺	不返水-无优惠 (11)
mengqi123	程孟奇	不返水-无优惠 (11)
xwq1986	肖文权	不返水-无优惠 (11)
qq460621206	沈振辉	不返水-无优惠 (11)
huyuye	胡玉叶	不返水-无优惠 (11)
litie0380	李铁	不返水-无优惠 (11)
bird1200	程海峰	不返水-无优惠 (11)
984783838	刘利	不返水-无优惠 (11)
sm888	许素梅	不返水-无优惠 (11)
889asd	程奇	不返水-无优惠 (11)
sh6135	孙浩	不返水-无优惠 (11)
c1869276	曹捷	不返水-无优惠 (11)
longweiliang	龙卫良	不返水-无优惠 (11)
st5454	冯小浩	不返水-无优惠 (11)
zzz162152	张焯铸	不返水-无优惠 (11)
sw509	李天燕	不返水-无优惠 (11)
zy198711	张志强	不返水-无优惠 (11)
cuncun9	孙树春	不返水-无优惠 (11)
tingting189	栾晓婷	不返水-无优惠 (11)
xiuyun7	张秀云	不返水-无优惠 (11)
zhanzhan6	战凤祥	不返水-无优惠 (11)
zhongben	韩召	不返水-无优惠 (11)
a19950907	陈顺	不返水-无优惠 (11)
15379723578	陈有贞	不返水-无优惠 (11)
xiaojie123	罗亚杰	不返水-无优惠 (11)
huahua2	王清华	不返水-无优惠 (11)
k17878054699	严珍	不返水-无优惠 (11)
guangshao1	张广	不返水-无优惠 (11)
lj128333	李江	不返水-无优惠 (11)
l1888	柳淦	不返水-无优惠 (11)
isunshine13	陈伟滨	不返水-无优惠 (11)
892963795	郑少龙	不返水-无优惠 (11)
hao05013890	李浩	不返水-无优惠 (11)
juda987	尤伟萍	不返水-无优惠 (11)
ygj88	杨官径	不返水-无优惠 (11)
15034195530	张誉	不返水-无优惠 (11)
yp5588	张松枝	不返水-无优惠 (11)
zq37	张琦	不返水-无优惠 (11)
zp666	张朋	不返水-无优惠 (11)
yp19820909	易鹏	不返水-无优惠 (11)
xdb888	谢东宝	不返水-无优惠 (11)
hanyongbing	韩勇兵	不返水-无优惠 (11)
9188huan	宦亚栋	不返水-无优惠 (11)
ngansik1	颜伦适	不返水-无优惠 (11)
li1234	李素军	不返水-无优惠 (11)
wj782344518	王景诚	不返水-无优惠 (11)
yg555666999	王金明	不返水-无优惠 (11)
lwx78774170	李文显	不返水-无优惠 (11)
chenzhenxin	陈振鑫	不返水-无优惠 (11)
ye334488	叶品友	不返水-无优惠 (11)
zhao1997813	赵玉梅	不返水-无优惠 (11)
1093803771	程文强	不返水-无优惠 (11)
wangwang467	霍长新	不返水-无优惠 (11)
tcw666	陈伟伟	不返水-无优惠 (11)
ljm123	李建明	不返水-无优惠 (11)
songli2588	唐玉英	不返水-无优惠 (11)
he920917	何录真	不返水-无优惠 (11)
e639528	魏巧玲	不返水-无优惠 (11)
y442663353	杨智源	不返水-无优惠 (11)
w888888	王海清	不返水-无优惠 (11)
13546288097	张亚军	不返水-无优惠 (11)
qhy13579	秦红艳	不返水-无优惠 (11)
a375641773	王琪	不返水-无优惠 (11)
dongshao520	刘亚东	不返水-无优惠 (11)
a253545	陈应宽	不返水-无优惠 (11)
wjh954	王家宏	不返水-无优惠 (11)
13927511516	郑桃芳	不返水-无优惠 (11)
liuxuan88	刘璇	不返水-无优惠 (11)
xueaixia88	薛爱霞	不返水-无优惠 (11)
xiuyan3822	刘秀岩	不返水-无优惠 (11)
1739206302	索梦宇	不返水-无优惠 (11)
163586061	黄炫植	不返水-无优惠 (11)
w19950511	杨永富	不返水-无优惠 (11)
app268	刘美君	不返水-无优惠 (11)
yh974771729	吴杨松	不返水-无优惠 (11)
fon110	李志勇	不返水-无优惠 (11)
hh6683	吕敏珍	不返水-无优惠 (11)
pp9576	吴伯图	不返水-无优惠 (11)
fly123	林飞翔	不返水-无优惠 (11)
kk9633	吕少珍	不返水-无优惠 (11)
tt8865	陈小群	不返水-无优惠 (11)
zjm663190	胡建华	不返水-无优惠 (11)
a12144	刘金	不返水-无优惠 (11)
lg227	张志辉	不返水-无优惠 (11)
cyq666	曹荣俊	不返水-无优惠 (11)
wmh12345	王茂华	不返水-无优惠 (11)
jinku4758	刘金库	不返水-无优惠 (11)
18846958659	齐桂孝	不返水-无优惠 (11)
fu8399	石泽绵	不返水-无优惠 (11)
sxj3387	宋宪君	不返水-无优惠 (11)
qq709394	庞大强	不返水-无优惠 (11)
ll1480	陆校辉	不返水-无优惠 (11)
15184666208	孙双雄	不返水-无优惠 (11)
zdp000	郑帝平	不返水-无优惠 (11)
826062279	丁雪姣	不返水-无优惠 (11)
729571503	郑伟光	不返水-无优惠 (11)
zjf12345	张继飞	不返水-无优惠 (11)
2522037619	王中凯	不返水-无优惠 (11)
mmnn1122	李京芮	不返水-无优惠 (11)
mashuai19961	马上园	不返水-无优惠 (11)
syb123	邵玉宝	不返水-无优惠 (11)
z115564926	张赐永	不返水-无优惠 (11)
lky518518	李堪赟	不返水-无优惠 (11)
chj951112	崔玉香	不返水-无优惠 (11)
yy8384	何几	不返水-无优惠 (11)
wf666	周伟锋	不返水-无优惠 (11)
dahai5524	李春海	不返水-无优惠 (11)
chen1234567	陈伟滨	不返水-无优惠 (11)
13126013907	邵伟铭	不返水-无优惠 (11)
lwb666888	刘文兵	不返水-无优惠 (11)
chen0902	陈居枝	不返水-无优惠 (11)
mm87901316	缪来俊	不返水-无优惠 (11)
a657821744	孙振东	不返水-无优惠 (11)
sck5566	孙长阔	不返水-无优惠 (11)
qq183077	尹忠	不返水-无优惠 (11)
yeluyuan17	叶路远	不返水-无优惠 (11)
xgx168	徐光享	不返水-无优惠 (11)
yqqrb	赵帮豪	不返水-无优惠 (11)
godfa	张雷	不返水-无优惠 (11)
liyu520	朱李玉	不返水-无优惠 (11)
q123568	赵强强	不返水-无优惠 (11)
qwelzh520	凌征海	不返水-无优惠 (11)
cwacwaa	陈文蔼	不返水-无优惠 (11)
2918061997	付达伟	不返水-无优惠 (11)
zxling	周小玲	不返水-无优惠 (11)
1769239652	林凯	不返水-无优惠 (11)
dongkaixuan	董凯旋	不返水-无优惠 (11)
qaz666888	翟永强	不返水-无优惠 (11)
cxyq09	陈鑫	不返水-无优惠 (11)
feng107117	许峰	不返水-无优惠 (11)
hongchun123	李玲	不返水-无优惠 (11)
kijkff	施金练	不返水-无优惠 (11)
zy0825	张洋	不返水-无优惠 (11)
huaishao	赵洪钦	不返水-无优惠 (11)
w202716	罗敬谦	不返水-无优惠 (11)
shiran888	张德鹏	不返水-无优惠 (11)
nuanyang0811	李鑫	不返水-无优惠 (11)
a203313	冯志强	不返水-无优惠 (11)
w131605180	苏智豪	不返水-无优惠 (11)
xqxq666	陈秀琴	不返水-无优惠 (11)
lb033088	杨航	不返水-无优惠 (11)
qii5050	冯家伟	不返水-无优惠 (11)
jiahao1314	刘嘉豪	不返水-无优惠 (11)
xhuigang	徐绘刚	不返水-无优惠 (11)
xc121025	何聪	不返水-无优惠 (11)
liu9911	刘子龙	不返水-无优惠 (11)
lin88888888	叶进星	不返水-无优惠 (11)
hy119226	何羊	不返水-无优惠 (11)
18739203427	丁雪龙	不返水-无优惠 (11)
kaixin123	聂竹平	不返水-无优惠 (11)
m137279	林滨胜	不返水-无优惠 (11)
1905568647	金亨禹	不返水-无优惠 (11)
1856003	魏曼	不返水-无优惠 (11)
13267628188	邓雄文	不返水-无优惠 (11)
2807789583	王奇	不返水-无优惠 (11)
5203344	林江湖	不返水-无优惠 (11)
e1114	刘尚娥	不返水-无优惠 (11)
bobo88	张博	不返水-无优惠 (11)
lxd856	刘旭东	不返水-无优惠 (11)
hqh113	黄齐涵	不返水-无优惠 (11)
xz88888	陆吉星	不返水-无优惠 (11)
xjb812270	向志忠	不返水-无优惠 (11)
hth1033381562	胡天华	不返水-无优惠 (11)
qiye123	吴毓鸿	不返水-无优惠 (11)
qiu111222	邱广辉	不返水-无优惠 (11)
310870588	姚志星	不返水-无优惠 (11)
w1175922848	陈建青	不返水-无优惠 (11)
135135aa	谢贵江	不返水-无优惠 (11)
qingke88	李田	不返水-无优惠 (11)
a757522311	刘高发	不返水-无优惠 (11)
zxl841010	张兴磊	不返水-无优惠 (11)
