sm1992	苏艳妮	前台新用户充值 (15)
555555a	张向华	前台新用户充值 (15)
yu518518	于涛	前台新用户充值 (15)
zba1314	张良库	前台新用户充值 (15)
7758520	范洪浩	前台新用户充值 (15)
a1577	黄育琴	前台新用户充值 (15)
lvpeng	吕鹏	前台新用户充值 (15)
qyy131456	覃艺燕	前台新用户充值 (15)
373804330	刘姣姣	前台新用户充值 (15)
qiwen777	钟启文	前台新用户充值 (15)
shuang527	刘宝宪	前台新用户充值 (15)
zengfuyao123	曾富耀	前台新用户充值 (15)
dz1771662198	张灵玉	前台新用户充值 (15)
xu1245	徐意	前台新用户充值 (15)
mcxiaocao	谭振枢	前台新用户充值 (15)
mg971456	郭敏华	前台新用户充值 (15)
xiaoxue666	刘群	前台新用户充值 (15)
jwwjww	江伟文	前台新用户充值 (15)
ycl686868	叶聪利	前台新用户充值 (15)
pr888	卢子容	前台新用户充值 (15)
zhangzidie	张付宝	前台新用户充值 (15)
xingzhe000	曹国平	前台新用户充值 (15)
hao1980	何立明	前台新用户充值 (15)
alkam0413	艾力凯木·麦提玉苏普	前台新用户充值 (15)
zp112628	张鹏	前台新用户充值 (15)
jyh97547481	姜永红	前台新用户充值 (15)
f1724011028	杨景林	前台新用户充值 (15)
woaitana	刘爽	前台新用户充值 (15)
zw520803	邹武	前台新用户充值 (15)
shen147258	沈欣	前台新用户充值 (15)
1990121229q	张莲富	前台新用户充值 (15)
wuyu735	吴雨烙阳	前台新用户充值 (15)
lyb2000	吕一滨	前台新用户充值 (15)
zgp652264	翟郭平	前台新用户充值 (15)
hqy39678	胡巧云	前台新用户充值 (15)
123456m	骆荒荣	前台新用户充值 (15)
07126370	刘磊丰	前台新用户充值 (15)
ping1233	李金平	前台新用户充值 (15)
17611587139	李瑞卓	前台新用户充值 (15)
aabbcc690	郑俊河	前台新用户充值 (15)
zhu5503696	朱文锐	前台新用户充值 (15)
h20192019	张志锋	前台新用户充值 (15)
g02002028	郭永飞	前台新用户充值 (15)
z12200036	翟锦博	前台新用户充值 (15)
keke5678	李晓珂	前台新用户充值 (15)
wb197106	王波	前台新用户充值 (15)
2465847534	许金木	前台新用户充值 (15)
cyy168168	程英云	前台新用户充值 (15)
15880954000	刘高平	前台新用户充值 (15)
1050799974	裴清华	前台新用户充值 (15)
yjq413413	杨洁清	前台新用户充值 (15)
ww222333	蔡永健	前台新用户充值 (15)
liuqi123456	刘长奇	前台新用户充值 (15)
zxd8808	朱想东	前台新用户充值 (15)
erp2031	刘荣秀	前台新用户充值 (15)
xx2010	欧阳战华	前台新用户充值 (15)
wangchendian	王秋臣	前台新用户充值 (15)
zxcv530	农建华	前台新用户充值 (15)
7605123917	王德生	前台新用户充值 (15)
llx317	刘濛雪	前台新用户充值 (15)
309030540	文灵辉	前台新用户充值 (15)
opklm136249	邱模水	前台新用户充值 (15)
s13798269275	史洪耀	前台新用户充值 (15)
op5401	王德金	前台新用户充值 (15)
wm888	王猛	前台新用户充值 (15)
a1782386546	姜宁	前台新用户充值 (15)
luobaba	罗海文	前台新用户充值 (15)
zn980819	王翊豪	前台新用户充值 (15)
l52020	刘奎	前台新用户充值 (15)
s565079757	孙常静	前台新用户充值 (15)
kafei135	康亚飞	前台新用户充值 (15)
kievn1987	严卫海	前台新用户充值 (15)
qq56789	薄延顺	前台新用户充值 (15)
wsz987	吴石柱	前台新用户充值 (15)
yj80200501	易军	前台新用户充值 (15)
liu147	李英	前台新用户充值 (15)
yi11111	易设成	前台新用户充值 (15)
lihuan123	李欢	前台新用户充值 (15)
m159357m	马须龙	前台新用户充值 (15)
zjty1573	王国良	前台新用户充值 (15)
15148209414	刘同	前台新用户充值 (15)
1828946526	曹琛	前台新用户充值 (15)
1784545660	薛孝亲	前台新用户充值 (15)
liangchaowei	何强	前台新用户充值 (15)
wx88	丁超	前台新用户充值 (15)
cbj133	程宝金	前台新用户充值 (15)
008797a	艾力·伊卜拉伊木	前台新用户充值 (15)
qweas3344	陈书法	前台新用户充值 (15)
17532033644	李俊	前台新用户充值 (15)
tx1169	江月新	前台新用户充值 (15)
138209zad	郑爱东	前台新用户充值 (15)
qq20170825	宋石生	前台新用户充值 (15)
xy2023	史学艳	前台新用户充值 (15)
18865756228	李辉成	前台新用户充值 (15)
18670492018	谭婷婷	前台新用户充值 (15)
wsm123456	王绍梅	前台新用户充值 (15)
1981222	高秀丽	前台新用户充值 (15)
rjj123	任建军	前台新用户充值 (15)
qwe0789	张先明	前台新用户充值 (15)
zld8520	赵良栋	前台新用户充值 (15)
736300	张志强	前台新用户充值 (15)
ctzl000	李彦森	前台新用户充值 (15)
15515101712	单科淘	前台新用户充值 (15)
xingfu18	吕海燕	前台新用户充值 (15)
