dong443	谭伟东	注册彩金 (13)
a1334384414	侯意	注册彩金 (13)
jinxin930	沈印权	注册彩金 (13)
cao827403	曹俊伟	注册彩金 (13)
wmm321	武毛毛	注册彩金 (13)
17808410006	刘鉥	注册彩金 (13)
ldg6688	罗东刚	注册彩金 (13)
susu222	江美英	注册彩金 (13)
henhao666	杨千红	注册彩金 (13)
3130636	王恒军	注册彩金 (13)
quwo8888	屈仁洪	注册彩金 (13)
fc2019	李秀玲	注册彩金 (13)
liu8073	陈进生	注册彩金 (13)
luebao5188	马月武	注册彩金 (13)
weilu9874	魏路	注册彩金 (13)
lh761262218	罗浩	注册彩金 (13)
77574124	朱凯强	注册彩金 (13)
xinyu123	郭江超	注册彩金 (13)
15819111301	李腾锋	注册彩金 (13)
asdf5656	陈剑忠	注册彩金 (13)
w801216	廖光华	注册彩金 (13)
abcd54321	焦加英	注册彩金 (13)
1260969669	李宏辉	注册彩金 (13)
shi404328998	陈世铨	注册彩金 (13)
abc675785678	刘永强	注册彩金 (13)
lyq54321	冯路远	注册彩金 (13)
zhang5959	张浩文	注册彩金 (13)
swindle123	何雨	注册彩金 (13)
yanxiao3	王文娟	注册彩金 (13)
dx0417	董雄	注册彩金 (13)
zmcc888	祁翠丽	注册彩金 (13)
xunna513	李玲玉	注册彩金 (13)
tianran06	舒先志	注册彩金 (13)
wqh123456	吴铨海	注册彩金 (13)
jian19	忙彪	注册彩金 (13)
qq373706	徐钢芯	注册彩金 (13)
qs168	董青山	注册彩金 (13)
jxw8855	尤东基	注册彩金 (13)
dj3876	邓敬	注册彩金 (13)
cy1933	吴钢	注册彩金 (13)
lss621483	李思思	注册彩金 (13)
5201314789	曾宪冲	注册彩金 (13)
xx147568	许健	注册彩金 (13)
y199823	曹锋尤	注册彩金 (13)
fc943072	李彩云	注册彩金 (13)
liushuai	刘帅	注册彩金 (13)
dgdszfx9	张福祥	注册彩金 (13)
zbb5858	张志彪	注册彩金 (13)
jizh515	赖万水	注册彩金 (13)
chenze5588	陈泽成	注册彩金 (13)
wq1578784858	王强	注册彩金 (13)
1006346153	卢奕帆	注册彩金 (13)
yuncai2282	关辉	注册彩金 (13)
jxp66	姜新鹏	注册彩金 (13)
jingtu663	钟景图	注册彩金 (13)
y240231	杨大欢	注册彩金 (13)
cp1996	陈俊杰	注册彩金 (13)
a491248883	郭文	注册彩金 (13)
luoshu1779	罗红帅	注册彩金 (13)
bing66	陈彩芳	注册彩金 (13)
qingang98	马惠萍	注册彩金 (13)
huahua0594	赖利华	注册彩金 (13)
jjing9470	杨晶晶	注册彩金 (13)
zqkk987321	金文杰	注册彩金 (13)
sangye730	李桑	注册彩金 (13)
mwei6384	陈伟明	注册彩金 (13)
ngj12345	周晨阳	注册彩金 (13)
s3422759	魏燕沙	注册彩金 (13)
juanjuan118	王娟娟	注册彩金 (13)
13627643088	谭明鹏	注册彩金 (13)
13310000075	黄肖雄	注册彩金 (13)
i344710967	戴钊宇	注册彩金 (13)
zhengrong55	韦峥嵘	注册彩金 (13)
ww705	龚跃跃	注册彩金 (13)
w908619241	郑薇	注册彩金 (13)
2064327268	陈道鹏	注册彩金 (13)
lej888	罗恩捷	注册彩金 (13)
hy4483	郭晏兵	注册彩金 (13)
n543847062	聂学潮	注册彩金 (13)
heng360	吴恒文	注册彩金 (13)
chenchen11	李晨辉	注册彩金 (13)
18807995350	欧阳检	注册彩金 (13)
q52046	林家存	注册彩金 (13)
li3541133	黎雪婷	注册彩金 (13)
zad456	周安东	注册彩金 (13)
fufan0095	符烦	注册彩金 (13)
xlf0215	肖兰芬	注册彩金 (13)
7283238	袁胤瀚	注册彩金 (13)
175330852	叶利漫	注册彩金 (13)
1768393a	杨琪星	注册彩金 (13)
893202232	翟文彬	注册彩金 (13)
dongyongfei	董立卫	注册彩金 (13)
2020woaini	颜金军	注册彩金 (13)
909272175	庞炜	注册彩金 (13)
x1099585271	岁涛	注册彩金 (13)
zijixiang1	蒋全平	注册彩金 (13)
hw1773	胡威	注册彩金 (13)
8017117	梁帅军	注册彩金 (13)
qwio5641	杨梦	注册彩金 (13)
wlh4119	江晨	注册彩金 (13)
zx1778	张鑫	注册彩金 (13)
wqq0061	王钦钦	注册彩金 (13)
zgm168	郑可风	注册彩金 (13)
wpof12530	胡华栋	注册彩金 (13)
huif7469	孟雪停	注册彩金 (13)
wdq9570	王定乾	注册彩金 (13)
ybg3338	姚本刚	注册彩金 (13)
xc5635	许超	注册彩金 (13)
sy9952	郑佰多	注册彩金 (13)
zl6800	赵丽	注册彩金 (13)
mcf8613	马春芬	注册彩金 (13)
lzf1995	蓝宗富	注册彩金 (13)
zpj4909	郑培江	注册彩金 (13)
wyy6266	王媛媛	注册彩金 (13)
jxf8848	靖小芳	注册彩金 (13)
czm8716	陈志明	注册彩金 (13)
872229746	廖震权	注册彩金 (13)
glj3676	郭丽娇	注册彩金 (13)
yu19822	于春华	注册彩金 (13)
yy6728	袁园	注册彩金 (13)
a117733492	陈一平	注册彩金 (13)
15999994444	王洪生	注册彩金 (13)
1648953662	马俊杨	注册彩金 (13)
sxh1369376	施显洪	注册彩金 (13)
wlh200015	吴龙飞	注册彩金 (13)
123zhu520	朱明	注册彩金 (13)
zly519519	郑立业	注册彩金 (13)
zhang6630	张谦	注册彩金 (13)
q25024	曹彬	注册彩金 (13)
15207930138	冯鑫	注册彩金 (13)
shishi792	郝岩岩	注册彩金 (13)
av123456789	罗树明	注册彩金 (13)
abcd111111	郭增添	注册彩金 (13)
lfr7179	罗凤茹	注册彩金 (13)
yy656577	李媛媛	注册彩金 (13)
www8883	谭俊华	注册彩金 (13)
jiuhua	高嫚	注册彩金 (13)
lxh2859	兰小华	注册彩金 (13)
760276092	刘泽	注册彩金 (13)
4598nb	杨远	注册彩金 (13)
fuck112233	刘峰	注册彩金 (13)
miaolan430	郑妙兰	注册彩金 (13)
fhw1701	樊厚维	注册彩金 (13)
a88016	黄恒强	注册彩金 (13)
www520197	汪伟	注册彩金 (13)
563872155a	熊雪琴	注册彩金 (13)
wm1314	杨卫明	注册彩金 (13)
lhw5432	雷宏伟	注册彩金 (13)
lm285762	李广	注册彩金 (13)
qq811456	杨丁	注册彩金 (13)
qq256209	周世伟	注册彩金 (13)
gz6288880	丁福宗	注册彩金 (13)
xn8687	吴柱西	注册彩金 (13)
sdj0858	石德甲	注册彩金 (13)
hghg2020	谢奕明	注册彩金 (13)
522427x	饶祥迅	注册彩金 (13)
18770880651	周梅香	注册彩金 (13)
13211205970	郑翔译	注册彩金 (13)
wxq4876	王雪琴	注册彩金 (13)
lhj1564	陆和娟	注册彩金 (13)
wxr546	渠云龙	注册彩金 (13)
feifei112	谭超	注册彩金 (13)
qaz24680	姚胜炎	注册彩金 (13)
1276185489	古博玲	注册彩金 (13)
szlxb520	支伟明	注册彩金 (13)
xiaoyanhua	肖艳花	注册彩金 (13)
liuzhipeng	刘志鹏	注册彩金 (13)
chl909652	陈海亮	注册彩金 (13)
jp666	黄嘉鹏	注册彩金 (13)
hxq1412	侯晓青	注册彩金 (13)
youjia521	陈又嘉	注册彩金 (13)
yy3692	蓝海佳	注册彩金 (13)
lch9185	赖春花	注册彩金 (13)
zljl3267	张佳玲	注册彩金 (13)
zhang886688	李丙尧	注册彩金 (13)
liang1307	梁溢	注册彩金 (13)
cjw12345	崔健伟	注册彩金 (13)
fr824943004	樊荣	注册彩金 (13)
a447007863	丁菲	注册彩金 (13)
szp123456	邵志鹏	注册彩金 (13)
a29665	周宇航	注册彩金 (13)
hzw8088	胡中伟	注册彩金 (13)
xy990414	吴林凯	注册彩金 (13)
hun8341	周卓	注册彩金 (13)
zhang166	张天华	注册彩金 (13)
liuqi817	刘琦	注册彩金 (13)
lyy1318	梁银华	注册彩金 (13)
115599	陆景新	注册彩金 (13)
987654zhou	周晓东	注册彩金 (13)
hxa7937	胡祥安	注册彩金 (13)
yqz8009	苑全政	注册彩金 (13)
wallet123	于文杰	注册彩金 (13)
13799655377	林世鹏	注册彩金 (13)
pcy921127a	武建宇	注册彩金 (13)
kkkkk	陈娇	注册彩金 (13)
13775125300	周志文	注册彩金 (13)
1023596447	朱谱	注册彩金 (13)
laq7975	李爱芹	注册彩金 (13)
jjnb	崔小燕	注册彩金 (13)
paopao123	郭允恒	注册彩金 (13)
lq0620	李清	注册彩金 (13)
htr3352	何廷蓉	注册彩金 (13)
hzy3171	贺中月	注册彩金 (13)
yl423878	杨安	注册彩金 (13)
wu666	吴华	注册彩金 (13)
du1023	车伟龙	注册彩金 (13)
wangyu6273	王雨	注册彩金 (13)
shabi2580	郭云飞	注册彩金 (13)
jz2020	吕锋	注册彩金 (13)
kijnh627	吴丽丹	注册彩金 (13)
zjj790	张家俊	注册彩金 (13)
wm1971	王敏	注册彩金 (13)
liuqian	刘千禧	注册彩金 (13)
chengqian	姬忠领	注册彩金 (13)
asdf0055	林妃二	注册彩金 (13)
zhan7787	邓岸红	注册彩金 (13)
lcl5496	刘翠玲	注册彩金 (13)
a316235	濮新强	注册彩金 (13)
gt856464	江海霞	注册彩金 (13)
whuu9199	吴洁	注册彩金 (13)
17713185689	王昆伦	注册彩金 (13)
q1162068473	陈洲林	注册彩金 (13)
xiejie09092	谢杰	注册彩金 (13)
dongxq75376	董锡芹	注册彩金 (13)
aa828487	李晨飞	注册彩金 (13)
mjy9999	宋建军	注册彩金 (13)
meimei10	黄金妹	注册彩金 (13)
zhwenlin18	张文琳	注册彩金 (13)
chen1234qq	陈荣参	注册彩金 (13)
15559131171	庄伟年	注册彩金 (13)
a944723853	姜世勋	注册彩金 (13)
l2003	黄双华	注册彩金 (13)
lj3323	李晶	注册彩金 (13)
glh7275	甘丽红	注册彩金 (13)
lia770	李子华	注册彩金 (13)
xqq1888	肖全洲	注册彩金 (13)
kehaoq	柯昊	注册彩金 (13)
450909198	李敏琴	注册彩金 (13)
we8346882	吕洋	注册彩金 (13)
239381810t	唐玉辉	注册彩金 (13)
zenghua1986	孙增华	注册彩金 (13)
13657044740	余俊科	注册彩金 (13)
sll3848	索露露	注册彩金 (13)
xuan95	朱轩	注册彩金 (13)
minan	林明安	注册彩金 (13)
renming1	任明	注册彩金 (13)
yungege	邵丽云	注册彩金 (13)
tg899412	童超	注册彩金 (13)
mch1998	马成虎	注册彩金 (13)
changjiang3	宋长江	注册彩金 (13)
cxj1467	陈小军	注册彩金 (13)
rtyu3719	刘佳佳	注册彩金 (13)
bnm1175	叶国耀	注册彩金 (13)
jfk452158	缪春媛	注册彩金 (13)
flyme2019	胡玲玲	注册彩金 (13)
liu682848	刘晓波	注册彩金 (13)
ffl123456	房丽梅	注册彩金 (13)
aa7128	黄海妹	注册彩金 (13)
quguanhao	曲冠豪	注册彩金 (13)
1546099586	夏源	注册彩金 (13)
ai666888	马爱玲	注册彩金 (13)
qa1641130202	赖振周	注册彩金 (13)
nc1582351875	倪畅	注册彩金 (13)
y6846130	原中博	注册彩金 (13)
mw123456	王明	注册彩金 (13)
7758521yy	张月	注册彩金 (13)
qq1062233690	董犟犟	注册彩金 (13)
doudou7458	李渡	注册彩金 (13)
yfyi5566	吴云飞	注册彩金 (13)
xuns849	汪红梅	注册彩金 (13)
lan666	邓光兰	注册彩金 (13)
1590244554	刘兴博	注册彩金 (13)
dada68	赖桂宁	注册彩金 (13)
15111914544	王周	注册彩金 (13)
shuqi77	张书麒	注册彩金 (13)
aa255372	邓玉珠	注册彩金 (13)
lyl6363	罗育林	注册彩金 (13)
a268141575	段同延	注册彩金 (13)
183623356	李小刚	注册彩金 (13)
tangming	唐俊	注册彩金 (13)
bing666666	黄小兵	注册彩金 (13)
zpfzpf	赵鹏菲	注册彩金 (13)
xiaoman1024	宋建飞	注册彩金 (13)
whr123	王培培	注册彩金 (13)
z89989898	张兆乐	注册彩金 (13)
guo4721	何庆过	注册彩金 (13)
1517678679	牙政芳	注册彩金 (13)
1139139139	郭蛟龙	注册彩金 (13)
wyh5515	王雨会	注册彩金 (13)
cyj6874	曹杨杰	注册彩金 (13)
zyl1150	张娅玲	注册彩金 (13)
15767687565	朱文强	注册彩金 (13)
wyz3379	王艳哲	注册彩金 (13)
elfabe24	李晓琳	注册彩金 (13)
heiguafu666	张远	注册彩金 (13)
long520	李杏娥	注册彩金 (13)
ll1179	林磷	注册彩金 (13)
kdf8992	柯德芳	注册彩金 (13)
qxy9979	全晓燕	注册彩金 (13)
zlx0002	周利霞	注册彩金 (13)
fengge2788	冯程	注册彩金 (13)
hd5818	郝迪	注册彩金 (13)
tqm7342	汤庆明	注册彩金 (13)
2601385371	龙运根	注册彩金 (13)
hcl1985	黄春丽	注册彩金 (13)
lff2272	李芳芳	注册彩金 (13)
nixmat06	张晓露	注册彩金 (13)
taojun	陶郡	注册彩金 (13)
mosibin0414	莫思宾	注册彩金 (13)
zhd354	张海迪	注册彩金 (13)
nmb1472	赵江	注册彩金 (13)
q130831014	彭仕云	注册彩金 (13)
jarad80	李辽	注册彩金 (13)
molung03	汪古今	注册彩金 (13)
a520520	黄凡	注册彩金 (13)
love9527	王栋良	注册彩金 (13)
meiwem43	张国才	注册彩金 (13)
dichzehn80	李晓纳	注册彩金 (13)
mmqj	余雷	注册彩金 (13)
kk8039	陈开潇	注册彩金 (13)
xww4912	徐卫卫	注册彩金 (13)
2933498767	卢康	注册彩金 (13)
wx5092	王旭	注册彩金 (13)
wwwplo123	窦艳华	注册彩金 (13)
wml5178	王敏玲	注册彩金 (13)
xx141411	许水英	注册彩金 (13)
wx8619	王璇	注册彩金 (13)
13637983090	黄彦斌	注册彩金 (13)
dichso83	张淑娜	注册彩金 (13)
yjg0720	杨经淦	注册彩金 (13)
668888866	李章城	注册彩金 (13)
2bbbbbb	李荣好	注册彩金 (13)
kusem92	汪欠	注册彩金 (13)
orist16	李翠霞	注册彩金 (13)
fug98k	邵光福	注册彩金 (13)
q1916824020	沈佳东	注册彩金 (13)
zxl470475	张秀兰	注册彩金 (13)
1415038772	岑万泽	注册彩金 (13)
qq956604760	刘耿文	注册彩金 (13)
huawei2846	刘守波	注册彩金 (13)
hjkl258	蒋钊	注册彩金 (13)
you522001	陈优良	注册彩金 (13)
qingcha	陆少花	注册彩金 (13)
ppxx121	潘秀龙	注册彩金 (13)
yxw5745	杨辛未	注册彩金 (13)
cj65456	曹静	注册彩金 (13)
xixi0730	张彬	注册彩金 (13)
ck4836	蔡魁	注册彩金 (13)
chen388	陈清培	注册彩金 (13)
q717500980	罗正忠	注册彩金 (13)
caoling	曹玲	注册彩金 (13)
wlf6703	汪凉锋	注册彩金 (13)
hbd159357	韩白蛋	注册彩金 (13)
a229876333	赵佳纯	注册彩金 (13)
szz91	孙俊芝	注册彩金 (13)
lu4423	黄露露	注册彩金 (13)
15555671658	叶庆龄	注册彩金 (13)
yy131499	蒙申奇	注册彩金 (13)
aa3737	高玉山	注册彩金 (13)
llr888	卢立荣	注册彩金 (13)
dm2019	崔佩娴	注册彩金 (13)
y1021445954	韦加钰	注册彩金 (13)
tujin17	杨宏杰	注册彩金 (13)
xuxiehan	余细嗳	注册彩金 (13)
cbw88	钞保文	注册彩金 (13)
sunaijun	孙爱军	注册彩金 (13)
wang19900422	王开吉	注册彩金 (13)
wwyi123	梁煜鹏	注册彩金 (13)
duan4560	段志乐	注册彩金 (13)
qq823631811	周颖	注册彩金 (13)
