518518cbh	蔡保华	VIP2 (3)
chl1993	李晓丽	VIP2 (3)
zdj520	赵多静	VIP2 (3)
luckybing	张兵	VIP2 (3)
ch9230	陈红	VIP2 (3)
huzhifeng	胡志峰	VIP2 (3)
514130860	贺俊刚	VIP2 (3)
33891174	林丹	VIP2 (3)
zhaiyuchao	翟玉超	VIP2 (3)
zhujing	朱静	VIP2 (3)
gl5541	郭磊	VIP2 (3)
lay137259	卢爱英	VIP2 (3)
lj789456	赖俊	VIP2 (3)
yuanshengnan	袁圣楠	VIP2 (3)
chong666	陈岳冲	VIP2 (3)
jzh0097	蒋子航	VIP2 (3)
bin520666	蔡智伟	VIP2 (3)
wpg147	王培干	VIP2 (3)
ry5730	阮逸	VIP2 (3)
c588588	李志刚	VIP2 (3)
jyh888888	经勇辉	VIP2 (3)
llssjj1229	马雪蕊	VIP2 (3)
lf5280	廖锋	VIP2 (3)
yina12	马楠楠	VIP2 (3)
rlt6324	任乐天	VIP2 (3)
zhuang0662	庄冠锋	VIP2 (3)
wyy9121	王亚亚	VIP2 (3)
x6888	肖云团	VIP2 (3)
ck2697	蔡凯	VIP2 (3)
rnn5230	林汝侠	VIP2 (3)
20030809lcl	郎仕军	VIP2 (3)
qq111222333	覃强荣	VIP2 (3)
xh460515461a	招宇凤	VIP2 (3)
ysmjt1	杨苏梅	VIP2 (3)
whq585858	王化强	VIP2 (3)
sldc	孙丽	VIP2 (3)
6686kk	陈冠兰	VIP2 (3)
touxinshi1	王晋俭	VIP2 (3)
15257189882	张柯	VIP2 (3)
liu846614908	刘文希	VIP2 (3)
hai168tv	黄海波	VIP2 (3)
zkl1993	朱凯莉	VIP2 (3)
w382264923	王海晓	VIP2 (3)
zhao19880411	赵庭志	VIP2 (3)
a131486	林天文	VIP2 (3)
hlm4401	黄丽娜	VIP2 (3)
chixia48	薛其州	VIP2 (3)
sly0202	宋应黔	VIP2 (3)
mct7845	蒙朝托	VIP2 (3)
1131941435	李建先	VIP2 (3)
th1015551238	范丁海	VIP2 (3)
xzw1425	谢忠威	VIP2 (3)
aasc88808	陈志军	VIP2 (3)
mrai	艾尼玩·艾克拜尔	VIP2 (3)
a10748621	唐昌伦	VIP2 (3)
1062482575	徐银超	VIP2 (3)
2993589231	刘晓伟	VIP2 (3)
znn2000	张宁宁	VIP2 (3)
qinjie	覃杰	VIP2 (3)
774263338	杨明杰	VIP2 (3)
wss5680	武帅帅	VIP2 (3)
lp168168	张立平	VIP2 (3)
13077939355	李宝宝	VIP2 (3)
xc1998	丁均平	VIP2 (3)
zxw0289	张晓微	VIP2 (3)
lxm5787	李雪梅	VIP2 (3)
oo6148	周述顶	VIP2 (3)
yy666	熊再松	VIP2 (3)
zzz3520	盘仲珍	VIP2 (3)
rms666888	任明松	VIP2 (3)
13120093278	李旺	VIP2 (3)
luoluo1103	骆素珍	VIP2 (3)
miss3	苏小玉	VIP2 (3)
dong1015	谢东东	VIP2 (3)
13509555869	庄秀文	VIP2 (3)
yangyaru555	杨中梅	VIP2 (3)
chenjiawei	陈家伟	VIP2 (3)
kk511025	孙正强	VIP2 (3)
chen201999	邱新超	VIP2 (3)
hc945794	黄朝	VIP2 (3)
aaa654321	蔡雪中	VIP2 (3)
lnn6274	蓝妮妮	VIP2 (3)
3239474972	覃永青	VIP2 (3)
liuxoo	卢炳宏	VIP2 (3)
13692105315	邹国强	VIP2 (3)
13256693756	张洋洋	VIP2 (3)
wjh7011418	王金红	VIP2 (3)
1825104675	黄燕玲	VIP2 (3)
17095855155	金光	VIP2 (3)
zhuzhu2088	汪勇	VIP2 (3)
wlj123	王利军	VIP2 (3)
kuanshao1	卫才宽	VIP2 (3)
17608237284	张金桂	VIP2 (3)
www181818	黄明	VIP2 (3)
317631569a	林树钰	VIP2 (3)
18770221544	魏贤钰	VIP2 (3)
22223333	王永红	VIP2 (3)
ywg555	杨文高	VIP2 (3)
xjz147686	谢金柱	VIP2 (3)
775445940	杨绪烈	VIP2 (3)
jin400811	王鹏	VIP2 (3)
dudefeng	杜德峰	VIP2 (3)
739318383	杨耿明	VIP2 (3)
x78907890	葸财全	VIP2 (3)
yyyy6666	陈凯伦	VIP2 (3)
13264661853	何志亮	VIP2 (3)
kd86420	贾敏琦	VIP2 (3)
wjl123	倪仕友	VIP2 (3)
3217300988	陈海旺	VIP2 (3)
qq5532779	刘凤彪	VIP2 (3)
xiang880	曾祥锋	VIP2 (3)
fa6666	陈景峰	VIP2 (3)
xx8798	徐敏	VIP2 (3)
wdq5dqs	杨燕娟	VIP2 (3)
lwj2389	廖学平	VIP2 (3)
frizlcc	聂波	VIP2 (3)
s183401067	沈梦凡	VIP2 (3)
noahfans123	肖恒辉	VIP2 (3)
15075289028	董立军	VIP2 (3)
ab12345678	李成云	VIP2 (3)
wyvern	吴道彦	VIP2 (3)
as321654	詹季银	VIP2 (3)
lindongmei	宋云东	VIP2 (3)
88888k	罗伟雄	VIP2 (3)
15281370643	张健	VIP2 (3)
zh9261996	赵红	VIP2 (3)
qwe369	梁振全	VIP2 (3)
sx956	宋红霞	VIP2 (3)
sbw135	王兆祥	VIP2 (3)
13420624079	江云珍	VIP2 (3)
550822281	石涛	VIP2 (3)
13888012935	吴燕平	VIP2 (3)
564978909	彭骞骞	VIP2 (3)
shmily19	王云	VIP2 (3)
wja7685	武加安	VIP2 (3)
xuwu123	徐士武	VIP2 (3)
dxc369369	邓先传	VIP2 (3)
a7890	赵志磊	VIP2 (3)
18524584142	刘忠臣	VIP2 (3)
cxd112233	崔晓东	VIP2 (3)
asd1472580	魏永强	VIP2 (3)
as2031259637	段志华	VIP2 (3)
r191981217	任誉恒	VIP2 (3)
tian332211	兰金荣	VIP2 (3)
g1359www	胡士豪	VIP2 (3)
15863278916	赵凡凡	VIP2 (3)
yang0813	杨雪军	VIP2 (3)
whc123321	王海潮	VIP2 (3)
bql1307356	鲍清连	VIP2 (3)
xiangxiang	李映明	VIP2 (3)
zh12345677	胡乐翔	VIP2 (3)
long100861	杨乾隆	VIP2 (3)
xt920506	胡岳臣	VIP2 (3)
wolixiang	李香	VIP2 (3)
chaozidada	马尔沙	VIP2 (3)
q1286542166	郑友强	VIP2 (3)
cv181818	钟小毛	VIP2 (3)
qweqwe678	吴鑫	VIP2 (3)
abcd52063088	黄开建	VIP2 (3)
lwfe13568	赖勤勉	VIP2 (3)
ll125800	李龙	VIP2 (3)
1741374233	吴国林	VIP2 (3)
17803402003	孙军辉	VIP2 (3)
mnbv098	马井生	VIP2 (3)
a1157368209	熊卫宪	VIP2 (3)
zb8888	曾彬	VIP2 (3)
yin66831743	江音	VIP2 (3)
a86868866	李华强	VIP2 (3)
byl520888	白玉林	VIP2 (3)
mfh137	闵凡海	VIP2 (3)
13738247360	陈晨	VIP2 (3)
zxz1975	郑新招	VIP2 (3)
yuan88888	袁利军	VIP2 (3)
weasdq	黄仁松	VIP2 (3)
tangminjie	唐敏杰	VIP2 (3)
381162512	欧业秀	VIP2 (3)
gjh2001	郭俊宏	VIP2 (3)
945451592	陈星	VIP2 (3)
1183186034	白兴金	VIP2 (3)
xf621678	张长奎	VIP2 (3)
18813863725	张平	VIP2 (3)
xiaohai525	王海荣	VIP2 (3)
aaa2288	陈文海	VIP2 (3)
13538588456	何勇	VIP2 (3)
aa1313	陈雪珍	VIP2 (3)
qwe87829	黄伟官	VIP2 (3)
18675950508	梁建峰	VIP2 (3)
201999	赵先平	VIP2 (3)
aa1273550711	粟建峰	VIP2 (3)
15880105916	姜洁	VIP2 (3)
cph1377650	程炳恒	VIP2 (3)
zlhhang	张练洪	VIP2 (3)
7502906	黄富杰	VIP2 (3)
qx123	乔鑫	VIP2 (3)
86275195	徐传志	VIP2 (3)
sun1122	孙斌	VIP2 (3)
tj2345	田静	VIP2 (3)
789qq	黎凤贤	VIP2 (3)
x19940107	徐富	VIP2 (3)
wjy5046	吴嘉裕	VIP2 (3)
wa123456	许国庆	VIP2 (3)
3061717912	区青华	VIP2 (3)
13973584875	杨放成	VIP2 (3)
hd9179	洪弟	VIP2 (3)
t19967630082	谭国诚	VIP2 (3)
sb6688	林舒平	VIP2 (3)
wh320123	吴好	VIP2 (3)
15851424412	支世名	VIP2 (3)
abcd14916	高珲	VIP2 (3)
88889999	尹立娟	VIP2 (3)
lmb404072	刘漫变	VIP2 (3)
4444fc	周幸福	VIP2 (3)
wsd1994	王书娣	VIP2 (3)
sm5846	苏梦	VIP2 (3)
m1378079545	田妙胜	VIP2 (3)
guang6873	陈重光	VIP2 (3)
sjh6402	石建华	VIP2 (3)
sh00001	沈昊	VIP2 (3)
zhaowei	赵伟	VIP2 (3)
zsy1122	张胜毅	VIP2 (3)
ycj133259	杨昌金	VIP2 (3)
zbr1	张宝茹	VIP2 (3)
chuang1747	王闯	VIP2 (3)
18177704409	赵东海	VIP2 (3)
kkds555	李求通	VIP2 (3)
handsome	董俊兵	VIP2 (3)
wgq1119	汪光群	VIP2 (3)
xm1990	徐曼	VIP2 (3)
a4431044	潘超	VIP2 (3)
lantian	周凤娇	VIP2 (3)
xy513806	徐中秋	VIP2 (3)
a6688	黄成	VIP2 (3)
13531356043	刘广红	VIP2 (3)
1692495238	叶兴旺	VIP2 (3)
15959961921	谢云龙	VIP2 (3)
hf3301129477	龙剑宏	VIP2 (3)
1226834134	粟浩	VIP2 (3)
ym141	余梦	VIP2 (3)
hyy9839	黄雅雅	VIP2 (3)
zrj037512	郑荣见	VIP2 (3)
bao258	杜玉宝	VIP2 (3)
cm20080	陈敏	VIP2 (3)
cc8798	陈昊	VIP2 (3)
qq00	曾容辉	VIP2 (3)
xsm1958	夏士妹	VIP2 (3)
ybf286	杨北芳	VIP2 (3)
cqy7975	陈巧雅	VIP2 (3)
xiaxia168	夏凯祥	VIP2 (3)
hyx8640	黄渝鑫	VIP2 (3)
13674318492	牛成龙	VIP2 (3)
you879	刘海燕	VIP2 (3)
tyl1409	童亚莉	VIP2 (3)
dxz080907	邓保竹	VIP2 (3)
ming1023	谢文明	VIP2 (3)
zhoujunyu	周筠宇	VIP2 (3)
fwy3076	冯文耀	VIP2 (3)
146996	詹德勇	VIP2 (3)
mmm8888	李善洁	VIP2 (3)
yu416019	余兆坚	VIP2 (3)
ff9990000	易明明	VIP2 (3)
wx9936	王侠	VIP2 (3)
scy9230	邵翠云	VIP2 (3)
ukc395	郑方注	VIP2 (3)
yry6078	杨蕊瑜	VIP2 (3)
wji123456	王晶	VIP2 (3)
lyj8771	林雨瑾	VIP2 (3)
bei900423	王奇峰	VIP2 (3)
mnsyj1234	杨军	VIP2 (3)
yinhw0127	尹华威	VIP2 (3)
sxq7178	宋小群	VIP2 (3)
pan199511	潘超群	VIP2 (3)
lzf7536	黎镇福	VIP2 (3)
cfh5738	陈丰豪	VIP2 (3)
wlc4773	王履词	VIP2 (3)
yjf131940947	杨建发	VIP2 (3)
wen19960517	李俊文	VIP2 (3)
w13790850865	方创盛	VIP2 (3)
dsg8372	邓树冠	VIP2 (3)
2034719523	杨自伟	VIP2 (3)
ou223345	欧学连	VIP2 (3)
huan2578	王学欢	VIP2 (3)
wangjunhong	王军红	VIP2 (3)
lyj1970726	连永杰	VIP2 (3)
l2248779451	龙震坤	VIP2 (3)
kkk1122	李善洁	VIP2 (3)
yuyang190411	廖龙平	VIP2 (3)
zxhshijiebei	邹幸怀	VIP2 (3)
zqy1888	张琴艳	VIP2 (3)
1979217	王红阳	VIP2 (3)
tttt	邱加清	VIP2 (3)
w147258369	梁本玉	VIP2 (3)
q570838549	陆高贵	VIP2 (3)
li1783727625	李蔡辉	VIP2 (3)
15512795103	李红睿	VIP2 (3)
793156365	王藤云	VIP2 (3)
dzj147147	丁子杰	VIP2 (3)
bozai123456	魏海波	VIP2 (3)
gandi66	甘娣	VIP2 (3)
13025676746	吴祝城	VIP2 (3)
ditao123456	邸涛	VIP2 (3)
cfc4470	蔡妃聪	VIP2 (3)
cj728	张佳音	VIP2 (3)
syrqzbfsjm3	蔡祖良	VIP2 (3)
h5008	田战轻	VIP2 (3)
qq9988358	江大大	VIP2 (3)
666666666666	朱旺亮	VIP2 (3)
1694681240	刘金平	VIP2 (3)
fgp20020618	冯国平	VIP2 (3)
15015182984	吴海峰	VIP2 (3)
yao1122333	姚首一	VIP2 (3)
lkr010974	林康人	VIP2 (3)
yy8871	郭英养	VIP2 (3)
18750367686	叶逢长	VIP2 (3)
18821919505	刘杨	VIP2 (3)
13114609345	姚凤全	VIP2 (3)
fxm6217	冯晓敏	VIP2 (3)
zhang332008	张书立	VIP2 (3)
sjq2375	宋景球	VIP2 (3)
ps1010	潘帅	VIP2 (3)
tanjian6688	谭健	VIP2 (3)
lgl931203	陆国良	VIP2 (3)
pshr0728	庄伟彬	VIP2 (3)
gc3477	翁桂春	VIP2 (3)
hanwenhua	韩文华	VIP2 (3)
clx3771	陈流轩	VIP2 (3)
1850998alm	阿力穆·麦麦提艾力	VIP2 (3)
wgl88888	申明智	VIP2 (3)
110lanlan	刘岚	VIP2 (3)
bkl1314	鲍奎利	VIP2 (3)
zaq336699	张福忠	VIP2 (3)
yyhh159	惠超	VIP2 (3)
958420	葛文强	VIP2 (3)
cnbest2018	王嘉	VIP2 (3)
518518aaa	向双平	VIP2 (3)
lq2531	刘艺强	VIP2 (3)
wym199381086	王有满	VIP2 (3)
cjz7370	蔡景周	VIP2 (3)
yujia5825	周鑫	VIP2 (3)
enheng666	陈朗杰	VIP2 (3)
iu147025	詹文权	VIP2 (3)
zmy4078	周美玉	VIP2 (3)
chenxiao11	陈少贤	VIP2 (3)
yjq0521	余嘉琪	VIP2 (3)
zwr520	张文仁	VIP2 (3)
2190765937	刘科为	VIP2 (3)
liangdali	梁达丽	VIP2 (3)
2409211214zy	赵燕	VIP2 (3)
emilzhongmt	钟李斌	VIP2 (3)
aa5477	冯少英	VIP2 (3)
lx3772	张林林	VIP2 (3)
a13337472210	赵天锋	VIP2 (3)
liangqq123	梁青青	VIP2 (3)
a5512135	耿晓强	VIP2 (3)
zj3970	钟觉	VIP2 (3)
clong	陈龙	VIP2 (3)
xb123456	夏晶晶	VIP2 (3)
a371992963	黄游祥	VIP2 (3)
dyp860696	丁永鹏	VIP2 (3)
n43333	江钦才	VIP2 (3)
zl1122	武开奎	VIP2 (3)
a245286	王焱生	VIP2 (3)
zxcv88880	彭健雄	VIP2 (3)
yzymj080628	袁柱	VIP2 (3)
1695231805	鲁约	VIP2 (3)
chenyong110	陈勇	VIP2 (3)
a2015231649	柏长征	VIP2 (3)
wangxuanping	王选平	VIP2 (3)
lby1371	梁白雅	VIP2 (3)
zhaohao08	谭照豪	VIP2 (3)
sks5200780	钟善光	VIP2 (3)
zhao	赵杨成	VIP2 (3)
fuhao04568	王富林	VIP2 (3)
ke4420	柯南先	VIP2 (3)
da88888888	龙达	VIP2 (3)
354453170	韦凯律	VIP2 (3)
cqy5274	陈其云	VIP2 (3)
zhu378294029	朱顺儒	VIP2 (3)
tuotuoa	郑拓	VIP2 (3)
m33333333	罗春艳	VIP2 (3)
gfeigs2	郭飞	VIP2 (3)
xiaoxiao688	陈小娥	VIP2 (3)
fzz1989	张镭	VIP2 (3)
hu1131219680	胡勇	VIP2 (3)
y123654	杨能	VIP2 (3)
cm080509	成密	VIP2 (3)
chz5918	曹海珠	VIP2 (3)
a381292176	林明山	VIP2 (3)
qwer7092683	廖小克	VIP2 (3)
305885201	覃国标	VIP2 (3)
liwenkai	李文凯	VIP2 (3)
aaa888999	徐贤财	VIP2 (3)
assdfghjkl	刘立华	VIP2 (3)
sss2020	杨存磊	VIP2 (3)
azx862736	谢文杰	VIP2 (3)
13369033973	艾散江	VIP2 (3)
yan321	黄春艳	VIP2 (3)
yxl369555	杨兴雷	VIP2 (3)
xiehai12345	谢海朋	VIP2 (3)
wl199488	王双亭	VIP2 (3)
hzk123123	胡子康	VIP2 (3)
ge682652	葛小鹏	VIP2 (3)
sh81082520	孙浩	VIP2 (3)
cbdcbd	陈碧丹	VIP2 (3)
273801836	邓钧	VIP2 (3)
zm3579	潘泽民	VIP2 (3)
xiong79	吴雄	VIP2 (3)
lyd3613	刘云达	VIP2 (3)
qaz447822103	郑志强	VIP2 (3)
chenine03	陈小宁	VIP2 (3)
wuyuhu	吴运山	VIP2 (3)
cz5679	陈忠	VIP2 (3)
myt0210	蒙焱婷	VIP2 (3)
tangshuai88	汤文金	VIP2 (3)
18794404140	王磊	VIP2 (3)
yl5879	杨莉	VIP2 (3)
yuancp	袁超平	VIP2 (3)
yxq893420660	喻小权	VIP2 (3)
888aaa666	李二卡	VIP2 (3)
zzzg139	张子倩	VIP2 (3)
a369852147	陈晓强	VIP2 (3)
y80905	叶联洲	VIP2 (3)
gui7471	曾祥贵	VIP2 (3)
aah973	陈定	VIP2 (3)
chsbao1357	陈社保	VIP2 (3)
kk6815	何帮坤	VIP2 (3)
15671539789	李云开	VIP2 (3)
l336699	骆春光	VIP2 (3)
abc164	杨磊	VIP2 (3)
qwe1076	符家能	VIP2 (3)
789789aa	刘娇艳	VIP2 (3)
jj1501853	李静	VIP2 (3)
ldl186777	吕东林	VIP2 (3)
lyq65719	李永强	VIP2 (3)
njgtq	王其	VIP2 (3)
m136373439	梅连成	VIP2 (3)
you1767	何自由	VIP2 (3)
nmh88901217	聂敏华	VIP2 (3)
a100334355	邹伟杰	VIP2 (3)
liu1989	王露	VIP2 (3)
z8897m	祝雅梦	VIP2 (3)
wtao5201314	王涛	VIP2 (3)
chian00001	张旭	VIP2 (3)
cfz4574	蔡妃珠	VIP2 (3)
dadi555888	李淑芬	VIP2 (3)
aa3979	冯康辉	VIP2 (3)
17583104941	方淋	VIP2 (3)
mi92	陈奇	VIP2 (3)
hou6631367	侯洲杰	VIP2 (3)
lv802308	徐金铝	VIP2 (3)
lkq2319	刘客强	VIP2 (3)
mv1245	石孟唯	VIP2 (3)
linqifu123	林琦富	VIP2 (3)
xg058420	邓芳平	VIP2 (3)
wqc520	黄启慈	VIP2 (3)
zh19911105	周昊	VIP2 (3)
sw666888	申薇	VIP2 (3)
2bbbt	白俊辉	VIP2 (3)
zhao123456	堵利辉	VIP2 (3)
yzm0513	严志明	VIP2 (3)
a1137810738	歆歆	VIP2 (3)
krucoo	张玉婷	VIP2 (3)
yu66666666	余小梅	VIP2 (3)
tzp96821126	谭子鹏	VIP2 (3)
rxl8890	饶先龙	VIP2 (3)
csl2278	蔡三莲	VIP2 (3)
zaq357753	张福忠	VIP2 (3)
18702996077	王玲惠	VIP2 (3)
pp369456	陈培海	VIP2 (3)
ok1234567	欧杰	VIP2 (3)
fa1688	卢威文	VIP2 (3)
asas1212	杨小勤	VIP2 (3)
15775636286	杨桃	VIP2 (3)
mark	薛经旺	VIP2 (3)
646252444	撒彦财	VIP2 (3)
syl1809710	韩得录	VIP2 (3)
fa6543897	许金明	VIP2 (3)
wn3219	吴楠	VIP2 (3)
johnny	杜靖	VIP2 (3)
3430892	黄捷浩	VIP2 (3)
13612714294	何玉流	VIP2 (3)
8226393	陈学文	VIP2 (3)
kukudexin	何明欣	VIP2 (3)
wjh778500	吴锦华	VIP2 (3)
meng3989	孟壮壮	VIP2 (3)
t17376491475	唐洪欢	VIP2 (3)
yan9572	王小燕	VIP2 (3)
yhbailj	于海波	VIP2 (3)
q879252803	黄际发	VIP2 (3)
a47099482	徐勇	VIP2 (3)
feng3770	吴海凤	VIP2 (3)
wewe2265	吴青东	VIP2 (3)
enhui0702	武永军	VIP2 (3)
1983cheng	陈琴霞	VIP2 (3)
99018888	翟慧强	VIP2 (3)
lxq336480	李小清	VIP2 (3)
wang2019	王运新	VIP2 (3)
sun0531	孙长河	VIP2 (3)
xlq18c	谢元坤	VIP2 (3)
ok662637	黎振海	VIP2 (3)
qinyin86	覃启梦	VIP2 (3)
he646806719	何欢	VIP2 (3)
xx1234567890	金鑫	VIP2 (3)
634055	黄杰春	VIP2 (3)
276769439	李延平	VIP2 (3)
ctq123qwe	蔡泰奇	VIP2 (3)
che123	车硕	VIP2 (3)
lai27018	赖德来	VIP2 (3)
lbl121	陈伟华	VIP2 (3)
13430461836	晏成科	VIP2 (3)
ming1204	董保顺	VIP2 (3)
330702120	蔡世雄	VIP2 (3)
pingfan	王帝	VIP2 (3)
candy969	邓坤峰	VIP2 (3)
p5179	潘发立	VIP2 (3)
w2572097086	黄震	VIP2 (3)
aa226688	李金娟	VIP2 (3)
qiu7209	汤秋凤	VIP2 (3)
w1234w	蒋志军	VIP2 (3)
1284532714	喻鑫	VIP2 (3)
qwe123888	胡伟	VIP2 (3)
15980871671	中彩者	VIP2 (3)
ty504783151	刘攀攀	VIP2 (3)
xiagenyun	夏根云	VIP2 (3)
13169661292	黎炳坤	VIP2 (3)
yn1314520	余美珍	VIP2 (3)
kkkjiekkk	梁杰	VIP2 (3)
123789aa	张燕娇	VIP2 (3)
cbl521447	陈碧丽	VIP2 (3)
why5201988	田张韬	VIP2 (3)
197683	何五标	VIP2 (3)
test142536	啊帅	VIP2 (3)
fhhv11	陈发建	VIP2 (3)
guo998115	郭传旺	VIP2 (3)
sljzg9203	宋良金	VIP2 (3)
aa6277	陈金贵	VIP2 (3)
eeeeeee	徐世浩	VIP2 (3)
sy3625	孙炎	VIP2 (3)
qzqz816058	张前在	VIP2 (3)
zllzlj1314	张隆佳	VIP2 (3)
kennyhua1	冯治华	VIP2 (3)
cc369258	李蕾	VIP2 (3)
wyl112233	王莹利	VIP2 (3)
fcs569	黄小芹	VIP2 (3)
xiaofeng666	黄亚峰	VIP2 (3)
wang198562	王立健	VIP2 (3)
gmabling	徐劲松	VIP2 (3)
ly3437	梁瑛	VIP2 (3)
cz900105	林伟慧	VIP2 (3)
qwergy2a	唐真桃	VIP2 (3)
yujian123	郁健	VIP2 (3)
qg563100	张正宏	VIP2 (3)
fu1007	康朝富	VIP2 (3)
2483451220	李智辉	VIP2 (3)
cr171717	崔永蕾	VIP2 (3)
596193973	聂方奎	VIP2 (3)
518518518	范洪浩	VIP2 (3)
lwj20060141	李伟健	VIP2 (3)
smilezhouhao	周俊红	VIP2 (3)
zhanght111	张贺亭	VIP2 (3)
17620755232	赵建胜	VIP2 (3)
pjc123	彭纪础	VIP2 (3)
bxwjjjjj2	白滢钰	VIP2 (3)
a1312009327	李旺	VIP2 (3)
zeng1989	曾队高	VIP2 (3)
tanywgood	谭业文	VIP2 (3)
ylb20020220	颜鲁榜	VIP2 (3)
dyj12345678	董永杰	VIP2 (3)
509ll	任明恋	VIP2 (3)
s960930	盛玉婷	VIP2 (3)
aaa0578	梁玉娴	VIP2 (3)
cc950328	文三宝	VIP2 (3)
jxy085213	孙西洋	VIP2 (3)
rong1989	周兴华	VIP2 (3)
qwe752199	陈翠群	VIP2 (3)
16676045891	蔡裕华	VIP2 (3)
xmp01	陈颐康	VIP2 (3)
678875	钟永波	VIP2 (3)
th199875	田海军	VIP2 (3)
a275763385	鞠开俊	VIP2 (3)
gzs013	沙丙港	VIP2 (3)
lm0258	陈丽敏	VIP2 (3)
l17381570783	李仔杨	VIP2 (3)
yaoyigang	姚怡刚	VIP2 (3)
duxiaobo	杜小波	VIP2 (3)
weichengchao	韦成超	VIP2 (3)
yu201568	江宋波	VIP2 (3)
382914118	余海潮	VIP2 (3)
19900310	张志伟	VIP2 (3)
wpf9004	吴鹏飞	VIP2 (3)
qwe5201aa	蔡湛彬	VIP2 (3)
zf798456	陈妹	VIP2 (3)
zou4673671	邹干	VIP2 (3)
14785734148	付体常	VIP2 (3)
15735354090	王泽亮	VIP2 (3)
peixian888	刘佩娴	VIP2 (3)
js1234567	黄志坚	VIP2 (3)
zhang2805	张甲臣	VIP2 (3)
huangai009	黄好琴	VIP2 (3)
13760584165	黄秀容	VIP2 (3)
ctzs	陈婷	VIP2 (3)
hjskhje	张育红	VIP2 (3)
lzy3832	李周毅	VIP2 (3)
sp13667	孙鹏	VIP2 (3)
1848754616	张少科	VIP2 (3)
1234512345	吕庆强	VIP2 (3)
18377249927	韦鲜玲	VIP2 (3)
qw168168qw	康甲琼	VIP2 (3)
15144579988	王程	VIP2 (3)
0509	万波	VIP2 (3)
23456789www	杨流远	VIP2 (3)
poi12399	刘俊兴	VIP2 (3)
wz86424632	赵长海	VIP2 (3)
q88136664	云天铎	VIP2 (3)
qfh123456	丘福华	VIP2 (3)
yzh153810	杨祝恒	VIP2 (3)
17384250050	吴五妹	VIP2 (3)
yangjiarui	杨嘉瑞	VIP2 (3)
cfl2872	蔡方来	VIP2 (3)
17693230232	张国伟	VIP2 (3)
zjt888888	张景田	VIP2 (3)
app930419	姜峰	VIP2 (3)
cyz1030	陈扬智	VIP2 (3)
1868810aas	李彦喜	VIP2 (3)
linxin	林鑫盛	VIP2 (3)
cwg3875	林伟贵	VIP2 (3)
ting5588	吕隶屏	VIP2 (3)
13920400216	王高业	VIP2 (3)
362135	何世盛	VIP2 (3)
782021387qq	吴荣坤	VIP2 (3)
shuilian	陈水连	VIP2 (3)
liutw77	刘醍文	VIP2 (3)
qwe223456	高青	VIP2 (3)
haohaohuhu	胡君	VIP2 (3)
qwe001	刘婷婷	VIP2 (3)
chvchnbv	曹恩炳	VIP2 (3)
xiang517	高翔飞	VIP2 (3)
wjj3971	王珏霁	VIP2 (3)
1466163826	李海存	VIP2 (3)
a2638165213	钟歆	VIP2 (3)
wff19990920	吴风风	VIP2 (3)
fqjt0o	邱佳伟	VIP2 (3)
fengqinga	龚希强	VIP2 (3)
qwe654223	李威成	VIP2 (3)
18708766097	邓彦崇	VIP2 (3)
a13229108756	林有那	VIP2 (3)
suyikun	苏艺坤	VIP2 (3)
haha175905	丰仁俊	VIP2 (3)
si660066	黄李思	VIP2 (3)
3611883qwe	谭国诚	VIP2 (3)
l15841999	梁晓连	VIP2 (3)
jjt66888	蒋建滔	VIP2 (3)
198601	袁柳金	VIP2 (3)
196006	孙宝龙	VIP2 (3)
tanheng6	谭贵宁	VIP2 (3)
a8989	梁中武	VIP2 (3)
sj9230	邵俊	VIP2 (3)
732424102	马正	VIP2 (3)
vivo21	谢洪卫	VIP2 (3)
mengsheng	孟胜	VIP2 (3)
jxw2019	姜小伟	VIP2 (3)
ddm9079	丁达明	VIP2 (3)
zhuzhaohui72	祝朝辉	VIP2 (3)
shijue644	吕瑞	VIP2 (3)
wcz1838767	韦成长	VIP2 (3)
1905489991	阳进泉	VIP2 (3)
18688728481	陈强飞	VIP2 (3)
zxcv8885	彭志龙	VIP2 (3)
chen0508	陈亮	VIP2 (3)
zqh8515	钟乾辉	VIP2 (3)
2447751705	林芳健	VIP2 (3)
lsd1573	李尚东	VIP2 (3)
cjc5977	蔡景春	VIP2 (3)
q17603115217	曲世虎	VIP2 (3)
rhmediazcb	许跃然	VIP2 (3)
dong2020	苏光东	VIP2 (3)
990278994	陈晓东	VIP2 (3)
sz755660	邓军	VIP2 (3)
lin031031	林贤银	VIP2 (3)
xiaogu	廖国兴	VIP2 (3)
dddd6253	游春香	VIP2 (3)
gaojin888	江智辉	VIP2 (3)
aass4071	蔡培华	VIP2 (3)
fanny115	余剑修	VIP2 (3)
apple	陈桂森	VIP2 (3)
wmn3576	吴曼娜	VIP2 (3)
356852	田小凤	VIP2 (3)
123456ljb	刘进宝	VIP2 (3)
tql998855	汤奇亮	VIP2 (3)
cai232kuhg	叶少娟	VIP2 (3)
luo785788602	罗开星	VIP2 (3)
375870	曹俊荣	VIP2 (3)
xia1987214	钟梦霞	VIP2 (3)
wwwin107	杨莉	VIP2 (3)
wxp1788198	吴显平	VIP2 (3)
langzi33521	赵继魁	VIP2 (3)
waimg	夏银军	VIP2 (3)
198044	吕庆强	VIP2 (3)
1366509957	李文全	VIP2 (3)
fu123	梁陈福	VIP2 (3)
2587899	柯进军	VIP2 (3)
dxy888	董欣宇	VIP2 (3)
724alzf	陈印星	VIP2 (3)
8484888	李响	VIP2 (3)
q13106652139	刘祥旺	VIP2 (3)
1521205439	班瑞昂	VIP2 (3)
yhj44080	叶汉集	VIP2 (3)
baohe666	何保强	VIP2 (3)
dbx987654	杜榜霞	VIP2 (3)
gwt7432	高文停	VIP2 (3)
13610102926	傅荣宗	VIP2 (3)
cc1368	陈程	VIP2 (3)
liu16888	刘琳	VIP2 (3)
lijiacheng3	曹小丹	VIP2 (3)
vip5757	黄晟赟	VIP2 (3)
147147a	胡庆	VIP2 (3)
yyyyyy	王忠孝	VIP2 (3)
l37387737	罗武俊	VIP2 (3)
gxdddg	黄伟涛	VIP2 (3)
2448003783	李强	VIP2 (3)
zdx151059	张冬霞	VIP2 (3)
wuyd6666	吴建国	VIP2 (3)
lqh1876	李清海	VIP2 (3)
adian111	李世炎	VIP2 (3)
wen1366	陈敬文	VIP2 (3)
ting888888	庄婷	VIP2 (3)
ax9866	史训森	VIP2 (3)
18789979302	宋树生	VIP2 (3)
ccm8476	蔡长绵	VIP2 (3)
aa157285	彭雄	VIP2 (3)
198428ffc	范方程	VIP2 (3)
zzx65904689	张国强	VIP2 (3)
jialong	贾龙	VIP2 (3)
mqqhyl77775	杨兵	VIP2 (3)
kok1990111	郭诗雅	VIP2 (3)
zxcg	潘俊毅	VIP2 (3)
cs699	农永正	VIP2 (3)
zcc2478	赵才超	VIP2 (3)
13422983357	向双银	VIP2 (3)
dgj10086	董桂均	VIP2 (3)
zmb0473	张明彬	VIP2 (3)
1273195803	肖登辉	VIP2 (3)
xinping	周新平	VIP2 (3)
bj1668729214	毕姜	VIP2 (3)
as5681137	晏小文	VIP2 (3)
987191943	叶诗宏	VIP2 (3)
yuer418990	杨照向	VIP2 (3)
zxd987	周向东	VIP2 (3)
ccxcxx	洪陈勇	VIP2 (3)
1678yyy	赵伟	VIP2 (3)
345541570	邓皓文	VIP2 (3)
q13145299	陈爱们	VIP2 (3)
h0223	杨成	VIP2 (3)
hyx8932	黄渝鑫	VIP2 (3)
ai9426986	赵云	VIP2 (3)
mlw1234	马龙威	VIP2 (3)
be927112785	龙继祥	VIP2 (3)
1694837845	如斯坦木·麦合木提	VIP2 (3)
1618wdxyx	孔恩泽	VIP2 (3)
19162083324	韦炳全	VIP2 (3)
my4198736	莫沂	VIP2 (3)
19851101	潘建仁	VIP2 (3)
panhui9413	潘辉	VIP2 (3)
li85412913	黎源亮	VIP2 (3)
759462593	钟启文	VIP2 (3)
xxnn123456	蔡林秀	VIP2 (3)
lxc4102	李雪辰	VIP2 (3)
ylt888	韩玉珍	VIP2 (3)
dsda745	李华春	VIP2 (3)
zhou	周森鹿	VIP2 (3)
cf918	陈玉成	VIP2 (3)
zx16888	张晓	VIP2 (3)
lj960604	刘兴达	VIP2 (3)
over	欧剑贤	VIP2 (3)
renjb123	农业银行	VIP2 (3)
op7623533	凌波	VIP2 (3)
13722873675	孙玉坤	VIP2 (3)
8000	何良玉	VIP2 (3)
13125065603	方榆	VIP2 (3)
ab17607	黄海滨	VIP2 (3)
zxcvbnm1314	张友伟	VIP2 (3)
wuchenzun	吴承遵	VIP2 (3)
o123456	欧阳来	VIP2 (3)
15120101220	陈状	VIP2 (3)
1346792580	李智科	VIP2 (3)
a629520	刘亚红	VIP2 (3)
hao88888	黄铭浩	VIP2 (3)
765605001	覃庚	VIP2 (3)
wsj2019	王松建	VIP2 (3)
tda4533	詹婷	VIP2 (3)
andyli03	李勇	VIP2 (3)
fanzzz99	蔡梓凡	VIP2 (3)
a2701	楼莉莎	VIP2 (3)
117311277	万琼聪	VIP2 (3)
czh1978	曹治华	VIP2 (3)
xszz652379	李添贵	VIP2 (3)
1176852547	王可欢	VIP2 (3)
shunlou	李顺楼	VIP2 (3)
a132124	曹港	VIP2 (3)
m1688	蓝娃明	VIP2 (3)
xsj12345	肖绍杰	VIP2 (3)
1234gsf	郭世福	VIP2 (3)
1620264045	蒋小燕	VIP2 (3)
jxt3029059	姜雪彤	VIP2 (3)
597520	刘建雄	VIP2 (3)
qw111333555	付俊	VIP2 (3)
20182018	王帅	VIP2 (3)
lwc741asg	李文财	VIP2 (3)
a15374710439	关富	VIP2 (3)
qiannian	谢东宝	VIP2 (3)
cyf3118	曹艳奋	VIP2 (3)
hyj1314	韩瑶君	VIP2 (3)
abc0923	杨书涛	VIP2 (3)
qqwww	邹发强	VIP2 (3)
18382661218h	洪李勇	VIP2 (3)
kfmvbjy85	蔡开胡	VIP2 (3)
1410324368	王浪	VIP2 (3)
chun195	李作春	VIP2 (3)
1626267335	李珍卓	VIP2 (3)
wfq5651	王妃庆	VIP2 (3)
qxh2000516	起雄华	VIP2 (3)
wg19901127	武广	VIP2 (3)
zsx123	周书侠	VIP2 (3)
lao118hua	庞娇婵	VIP2 (3)
zp1389199	陈昱龙	VIP2 (3)
y19669	张海军	VIP2 (3)
15095930053	谭万榕	VIP2 (3)
aaa888bbb888	王文薇	VIP2 (3)
zhou19921122	周挺	VIP2 (3)
fei8888	卢妃四	VIP2 (3)
aa1314123	汪林涛	VIP2 (3)
lsh430	廖升辉	VIP2 (3)
136123bb	郭燕君	VIP2 (3)
qiang8177	麦强	VIP2 (3)
6285wsy	杨秦娟	VIP2 (3)
zhouyun11	周云云	VIP2 (3)
ca970822	蔡景信	VIP2 (3)
15051659534	刘俊宇	VIP2 (3)
18505671006	陈博林	VIP2 (3)
kobe	胡燃	VIP2 (3)
330023	刘洪蛟	VIP2 (3)
824786690	唐祥有	VIP2 (3)
zxcv8889	彭健智	VIP2 (3)
13066330676	李富源	VIP2 (3)
we113149	王彪	VIP2 (3)
aa5201314	陆日超	VIP2 (3)
13625943780	吴佳怡	VIP2 (3)
hdb1234	胡得斌	VIP2 (3)
nunvv	宋继宏	VIP2 (3)
sufengj520	梁正军	VIP2 (3)
2206730881	周金龙	VIP2 (3)
1170443612	何建宇	VIP2 (3)
wang123789	王成利	VIP2 (3)
j123654	彭博豪	VIP2 (3)
chen123456	陈焕龙	VIP2 (3)
jian1994	杨健	VIP2 (3)
gxbstz188	韦建华	VIP2 (3)
a010101	郑松	VIP2 (3)
zvfj456	张硕	VIP2 (3)
adt092	李青萍	VIP2 (3)
sjy089370	沈金燕	VIP2 (3)
clj33778	蔡丽娟	VIP2 (3)
cmw9171	陈美文	VIP2 (3)
18276514466	匡广愉	VIP2 (3)
zdty	陈海生	VIP2 (3)
kabc4245	何炎	VIP2 (3)
18238263712	王秋臣	VIP2 (3)
xiong1717	段楚雄	VIP2 (3)
1150785571	杨运伦	VIP2 (3)
lb668b	覃宗仁	VIP2 (3)
qq8449887966	邹欣	VIP2 (3)
crfa123	陈锐发	VIP2 (3)
hy123188	黄昱	VIP2 (3)
1924016646	谭虹权	VIP2 (3)
29447859	高奎	VIP2 (3)
yin84737679	殷林贵	VIP2 (3)
huy8389	陈月婷	VIP2 (3)
sc001	苏辰	VIP2 (3)
zxcvbnm520630	黄开建	VIP2 (3)
a54236543	李本杰	VIP2 (3)
15658339165	张看	VIP2 (3)
13297779776	杨世崇	VIP2 (3)
lzhldx25	光想不做	VIP2 (3)
xjm990504	肖建妹	VIP2 (3)
jielinsdou	刘朋飞	VIP2 (3)
lyh265897	刘亚辉	VIP2 (3)
wsn999	韦善能	VIP2 (3)
aa354888	伊雷	VIP2 (3)
caoshao66	曹少玲	VIP2 (3)
wrnm001	吴俊才	VIP2 (3)
917139854as	韦青梅	VIP2 (3)
1460136511	贾亚军	VIP2 (3)
cmh1960	程美华	VIP2 (3)
j141421	简程	VIP2 (3)
dd6688hh	邓华红	VIP2 (3)
lxf123123	李雪菲	VIP2 (3)
longteng123	龙腾	VIP2 (3)
hzk3456	侯子康	VIP2 (3)
xbtx007	杨汉金	VIP2 (3)
xgl2608529240	徐桂林	VIP2 (3)
xy1818168	徐玲芳	VIP2 (3)
cx147258	陈义欢	VIP2 (3)
18792838074	赵超	VIP2 (3)
yy14	杨阳	VIP2 (3)
595822132	江纪妮	VIP2 (3)
ghxcs	邝伟鸿	VIP2 (3)
qu114960	屈中瑜	VIP2 (3)
aaaa581769	邱福洪	VIP2 (3)
zzxxcc	陈罗辉	VIP2 (3)
jingxing	吴敬醒	VIP2 (3)
hygcom	黄粤广	VIP2 (3)
lijiacheng1	曹小丹	VIP2 (3)
kk7758	程媛媛	VIP2 (3)
lll522	顾玲	VIP2 (3)
15198824290	戚有行	VIP2 (3)
y201523	李志桥	VIP2 (3)
w15032783793	王秋阳	VIP2 (3)
520w	王春敏	VIP2 (3)
199212	王敏	VIP2 (3)
3570542	李永峰	VIP2 (3)
aa688888	翟传迎	VIP2 (3)
yxw123	杨兴旺	VIP2 (3)
15188333466	吴超	VIP2 (3)
mark333	廖承澳	VIP2 (3)
q145046176	卢力力	VIP2 (3)
q51200	智二慧	VIP2 (3)
qing168	张秀清	VIP2 (3)
45611	黄煜庭	VIP2 (3)
13219100413	肖宇檬	VIP2 (3)
157372	刘洪蛟	VIP2 (3)
401821	张庆宇	VIP2 (3)
15393632513	黄红生	VIP2 (3)
you008	游才广	VIP2 (3)
g181818	郭效成	VIP2 (3)
t12345	唐新桥	VIP2 (3)
zxcvbnm55	刘明洋	VIP2 (3)
cheng45	刘治安	VIP2 (3)
1161449483	杨光	VIP2 (3)
83826768	耿永豪	VIP2 (3)
520520ok	张明凯	VIP2 (3)
l157526046	李鹏亮	VIP2 (3)
lgj980802	廖国君	VIP2 (3)
zxb970829	张婕	VIP2 (3)
dislike	汪斌	VIP2 (3)
x15291667627	王昌荣	VIP2 (3)
nixin12300	倪新义	VIP2 (3)
aixunmi	陈国伟	VIP2 (3)
wp257800	王萍	VIP2 (3)
a1296651784	袁坤	VIP2 (3)
15110486981	任辰崧	VIP2 (3)
xx9900	彭曾运	VIP2 (3)
20170228	孙如乐	VIP2 (3)
4856527	黄承平	VIP2 (3)
wim888	吴新明	VIP2 (3)
ccjj	蔡静静	VIP2 (3)
abc123452	刘福东	VIP2 (3)
18774695046	唐小军	VIP2 (3)
peng1536	彭永锋	VIP2 (3)
2691383500	莫远来	VIP2 (3)
1692166401	蓝凤娥	VIP2 (3)
ljl2772	李娇丽	VIP2 (3)
yhp2002	闫洪鹏	VIP2 (3)
zhuqinglin19	李修强	VIP2 (3)
lml885mll	陆茂林	VIP2 (3)
luhai	卢向韬	VIP2 (3)
fxuan	韦斐绚	VIP2 (3)
lyq3674	劳月球	VIP2 (3)
cmm5732	陈敏敏	VIP2 (3)
xia1314258	夏晓洪	VIP2 (3)
oelfjrmde42	蔡祖余	VIP2 (3)
w991008	王剑涛	VIP2 (3)
xx05272	邢先飞	VIP2 (3)
hyx5869	黄勇翔	VIP2 (3)
ljq8071	梁警秋	VIP2 (3)
wuyiyu666	吴凯	VIP2 (3)
zhangjie1412	张焕明	VIP2 (3)
ycx1109	杨杰	VIP2 (3)
cai6789	金秀花	VIP2 (3)
jss1563	陈绿茵	VIP2 (3)
sfwfgmu1475	蔡开府	VIP2 (3)
zmn8989	张梦南	VIP2 (3)
18178836997	胡文良	VIP2 (3)
a188326	李育生	VIP2 (3)
qq141285	高峰	VIP2 (3)
xuqy0088	许权钰	VIP2 (3)
qsqs8686	李辉坤	VIP2 (3)
wfs0579	王妃三	VIP2 (3)
61kl	周世华	VIP2 (3)
lw4746	林伟	VIP2 (3)
lgz1314520	李广智	VIP2 (3)
wei86637	韦朝吴	VIP2 (3)
shsh12	李辉坤	VIP2 (3)
lwg197	纪龙燕	VIP2 (3)
17313292015	吴林	VIP2 (3)
zxc6868	张景来	VIP2 (3)
zh1314	郑永鑫	VIP2 (3)
13876193776	王泳耀	VIP2 (3)
45223zi	蓝柳刚	VIP2 (3)
chenyu	陈宇	VIP2 (3)
abc1688	陈海育	VIP2 (3)
nannannan	解敏敏	VIP2 (3)
wang0099	王明云	VIP2 (3)
yuhuan	郭江杰	VIP2 (3)
1314256789as	郜云飞	VIP2 (3)
tjm20023691	唐金美	VIP2 (3)
1990613894	张建军	VIP2 (3)
1608923129	潘卢兵	VIP2 (3)
lwh123	蓝伟煌	VIP2 (3)
lilu271	李璐	VIP2 (3)
zhogshi	周世财	VIP2 (3)
dsfzs449	杜尚风	VIP2 (3)
lm123520	廖文	VIP2 (3)
yshzg0	晏胜红	VIP2 (3)
ll12345	李勇	VIP2 (3)
fxdj88888	刘鹏	VIP2 (3)
dny123	杜尚风	VIP2 (3)
ljr524310	刘家瑞	VIP2 (3)
15099750594	刘伟胜	VIP2 (3)
ling6974286	零汉嘉	VIP2 (3)
lyg6124	鲁迎港	VIP2 (3)
aaa2134	陈培山	VIP2 (3)
chenmj	陈铭江	VIP2 (3)
sxs6848	史训森	VIP2 (3)
fangda	方达	VIP2 (3)
xiexu179820	谢旭	VIP2 (3)
117254336	江正顺	VIP2 (3)
aab373	郑方常	VIP2 (3)
wyh1314	王悦合	VIP2 (3)
123456ai	田竹彪	VIP2 (3)
rk030215	范志成	VIP2 (3)
aa121	邓炜轩	VIP2 (3)
xp1205628034	蓝杰	VIP2 (3)
hsy935	侯书影	VIP2 (3)
bb4300	郭祝桂	VIP2 (3)
aili1212	黄爱丽	VIP2 (3)
zcq0373	赵才秋	VIP2 (3)
yanzhimin8	严志敏	VIP2 (3)
xiejunrong	谢俊荣	VIP2 (3)
17611308515	李建新	VIP2 (3)
y253344	廖婷	VIP2 (3)
cai123321	蔡梦挺	VIP2 (3)
zxcv8884	彭燕霞	VIP2 (3)
zzb123	张志博	VIP2 (3)
3275059383	顾阳阳	VIP2 (3)
gf654321	郭建忠	VIP2 (3)
sqr7192	石启然	VIP2 (3)
lyy3875	梁杨银	VIP2 (3)
150183as	林伟彬	VIP2 (3)
qwe5858532	陈钊荣	VIP2 (3)
lin02	林玲仪	VIP2 (3)
17520319323	冯俊伟	VIP2 (3)
wly123456	王兰瑛	VIP2 (3)
xxzj2019	潘兆华	VIP2 (3)
18599305361	陈艺玲	VIP2 (3)
2298882903	黄建方	VIP2 (3)
zl820515	周莉	VIP2 (3)
13919702736	蔡正东	VIP2 (3)
1144910925	侯进权	VIP2 (3)
413389260	李昭易	VIP2 (3)
a888999	王明峰	VIP2 (3)
wei4950	魏庆云	VIP2 (3)
fv132545	杨春	VIP2 (3)
yeyu1002	刘少健	VIP2 (3)
ch039577	陈文捷	VIP2 (3)
1316742572	陈尚攀	VIP2 (3)
s2944354040	宋杨	VIP2 (3)
rsn5586	任胜南	VIP2 (3)
gyx266	甘益兴	VIP2 (3)
gaiwenyu	盖文宇	VIP2 (3)
a1848349119	邓泽	VIP2 (3)
990914	刘洋	VIP2 (3)
aa939393	张尚永	VIP2 (3)
wdk123456	冯俊洲	VIP2 (3)
3206343331	姚李吉	VIP2 (3)
zzj1998	邹忠军	VIP2 (3)
xie1278	谢杨镔	VIP2 (3)
lxm782816205	彭灵芝	VIP2 (3)
198620	李艳松	VIP2 (3)
lxj227780	李德红	VIP2 (3)
151196	沈为涛	VIP2 (3)
tdx720	吕天建	VIP2 (3)
wkk123456	武开奎	VIP2 (3)
a6787395	王兴伟	VIP2 (3)
pww199235	潘伟伟	VIP2 (3)
fen3059	吴少芬	VIP2 (3)
766324996	欧胜天	VIP2 (3)
huanghai	黄海	VIP2 (3)
mei1026	黎中枚	VIP2 (3)
1551649588	李野	VIP2 (3)
19924636746	陈典钇	VIP2 (3)
qiuqing123	邱添贵	VIP2 (3)
yy6611	余洋	VIP2 (3)
hanhan871	韩志永	VIP2 (3)
y170309705	于春宝	VIP2 (3)
qq3124257359	刘事平	VIP2 (3)
zw1588	张文	VIP2 (3)
199259	车美霞	VIP2 (3)
ufo121212	杨子杰	VIP2 (3)
yuan1305	黄元国	VIP2 (3)
i1669983330	吴汉雨	VIP2 (3)
kkk00002255	李嘉杰	VIP2 (3)
lhp652490	刘骅平	VIP2 (3)
yl4064	闫莉	VIP2 (3)
sanlecaia	孙伟	VIP2 (3)
cmr4177	陈孟茹	VIP2 (3)
kjds67	洪丽珍	VIP2 (3)
a259758	卢华英	VIP2 (3)
gyf801023	管月飞	VIP2 (3)
q16436	王浅江	VIP2 (3)
yzhzg0	晏志红	VIP2 (3)
2810405497	韩书朋	VIP2 (3)
xiao234	肖进	VIP2 (3)
q1990853624	何绍卓	VIP2 (3)
hmoob520	李志年	VIP2 (3)
sjj168	苏均俊	VIP2 (3)
zw1377	劳志文	VIP2 (3)
fxc0573	符勋才	VIP2 (3)
xx4933	侯笑笑	VIP2 (3)
w5665971	王超	VIP2 (3)
s1234567899	孙志辉	VIP2 (3)
8178762	贾丽艳	VIP2 (3)
3050226233	陈天成	VIP2 (3)
a13457978332	卢加星	VIP2 (3)
zhang200410	肖豪	VIP2 (3)
anyan1988	安岩	VIP2 (3)
fav1111	冯跃鹏	VIP2 (3)
shijianhua1	石建华	VIP2 (3)
wsyzr	张颖聪	VIP2 (3)
qianqian	李永贵	VIP2 (3)
keuntyfhr45	蔡文英	VIP2 (3)
13249361090	刘福	VIP2 (3)
aa365668	胡健	VIP2 (3)
qq1323	张丹	VIP2 (3)
l13649223768	罗靖花	VIP2 (3)
15715237665	马永敢	VIP2 (3)
sjp6720082	苏建平	VIP2 (3)
yan4519498	张光燕	VIP2 (3)
wuliang	吴亮	VIP2 (3)
love525483	幸晓雁	VIP2 (3)
hyj520	何玉蛟	VIP2 (3)
xl123456	谢力	VIP2 (3)
czhaomiao5	陈兆妙	VIP2 (3)
wgz4444	王国主	VIP2 (3)
00000872474	宋宇杰	VIP2 (3)
1640160292	丁运	VIP2 (3)
ch8524398	陈浩	VIP2 (3)
drn99109	吴志文	VIP2 (3)
ning789	刘宁	VIP2 (3)
den6168	邓舒萍	VIP2 (3)
ycw133010	杨昌武	VIP2 (3)
z2484522917	钟敏威	VIP2 (3)
skw0173	孙可维	VIP2 (3)
fengyuny	冯云	VIP2 (3)
qiang777	高强	VIP2 (3)
zhang53049	张华浪	VIP2 (3)
zxcv8887	彭建雅	VIP2 (3)
csf7788	陈守富	VIP2 (3)
010101m	文建强	VIP2 (3)
15851638	李向欣	VIP2 (3)
a3593250	梁陆铵	VIP2 (3)
xueqing1997	韦小艳	VIP2 (3)
xin8877	陈馨	VIP2 (3)
cyb123456	陈育彬	VIP2 (3)
qll654	杨林鑫	VIP2 (3)
abb572	郑方存	VIP2 (3)
484609522	周金丽	VIP2 (3)
gl8971	翁桂良	VIP2 (3)
18251564400	刘杰	VIP2 (3)
15513868121	王宁超	VIP2 (3)
zxl0871	周雪来	VIP2 (3)
lele1234	赵海丰	VIP2 (3)
w17890	王海龙	VIP2 (3)
rong520	李海荣	VIP2 (3)
ying8179	陈柳盈	VIP2 (3)
q1298805085	熊建国	VIP2 (3)
jian3374	林智建	VIP2 (3)
1569op	李道勇	VIP2 (3)
zxcv8883	陈秀梅	VIP2 (3)
qi153153	吴其光	VIP2 (3)
liquan	李松	VIP2 (3)
dfq4887	董富强	VIP2 (3)
xjh1970	谢金花	VIP2 (3)
leilihong	雷红	VIP2 (3)
w591611842	王云龙	VIP2 (3)
linkaian	林开安	VIP2 (3)
cho2769	陈林勇	VIP2 (3)
17683753786	程博	VIP2 (3)
gzk459	郭子坤	VIP2 (3)
niu1121	丁秋丽	VIP2 (3)
li940506	郑金鹏	VIP2 (3)
tlj360726	唐来金	VIP2 (3)
shanxuexiang	单雪祥	VIP2 (3)
lq369369	姚来泉	VIP2 (3)
wpb12345wsx	吴鹏博	VIP2 (3)
hy6073	周海英	VIP2 (3)
di8131	黄妃弟	VIP2 (3)
912226	梁兰先	VIP2 (3)
allison	梁艳娟	VIP2 (3)
111555bbb	邹云龙	VIP2 (3)
z20031008	肖建妹	VIP2 (3)
0202	李永文	VIP2 (3)
ydqkeji	叶东强	VIP2 (3)
jiaozz1	木扎合拜·热合木丁	VIP2 (3)
wang0677	王永锋	VIP2 (3)
ming8472	林小明	VIP2 (3)
kkkkko	卢凤英	VIP2 (3)
18024126992	田海	VIP2 (3)
liu183946359	刘传旭	VIP2 (3)
juanli123	陈娟丽	VIP2 (3)
yong7273	梁成勇	VIP2 (3)
hong668	刘洪泽	VIP2 (3)
ch12121	陈钦得	VIP2 (3)
ggg999	何泉康	VIP2 (3)
aa5974	曹月翔	VIP2 (3)
lwlg787wll	梁伟龙	VIP2 (3)
hs970822	李海姗	VIP2 (3)
shanwen20	单文	VIP2 (3)
zq123568	朱婷婷	VIP2 (3)
l940601	鲁一	VIP2 (3)
wl100200	王莉	VIP2 (3)
yyl88888	余煜龙	VIP2 (3)
abc121318	罗成良	VIP2 (3)
lwy5571	林文勇	VIP2 (3)
ymd1887	杨明东	VIP2 (3)
syxyz123	孙永啸	VIP2 (3)
qwerty36	吴翠婷	VIP2 (3)
2200986523sx	沈荣得	VIP2 (3)
why54321	钱乐	VIP2 (3)
czj159787	常助军	VIP2 (3)
lyy4552	刘盈盈	VIP2 (3)
aa9470	陈城娟	VIP2 (3)
yzby666	李耀华	VIP2 (3)
aa2611123	陈东祥	VIP2 (3)
15acd8	安森富	VIP2 (3)
lyr0170	劳月汝	VIP2 (3)
yank5459	杨刚	VIP2 (3)
a2034454498	汤迎雨	VIP2 (3)
djh2233	丁金环	VIP2 (3)
q13950754540	陈国泽	VIP2 (3)
wh5473	叶维辉	VIP2 (3)
acbe889	梅为良	VIP2 (3)
lym1570	梁英明	VIP2 (3)
18267194161	王春风	VIP2 (3)
497505773	林培煌	VIP2 (3)
zhao2622	赵汝强	VIP2 (3)
lhx3250	李红侠	VIP2 (3)
2213041519	谢汝成	VIP2 (3)
18582802480	李欣	VIP2 (3)
asd011	谢广澳	VIP2 (3)
xsh123456	肖士好	VIP2 (3)
wuhao8	吴昊	VIP2 (3)
15730765737	周方键	VIP2 (3)
wo1asn	魏斌	VIP2 (3)
wangshaoyou	王少友	VIP2 (3)
wzy6688	王忠艳	VIP2 (3)
898989	梁小英	VIP2 (3)
qiushenghai	邱胜海	VIP2 (3)
yhlgs1	叶慧丽	VIP2 (3)
jy84015392	刘晋	VIP2 (3)
xy5201	梁泽浪	VIP2 (3)
zxc131	朱全	VIP2 (3)
li520159	李勋章	VIP2 (3)
lym1967	李咏梅	VIP2 (3)
wxp321	王雪平	VIP2 (3)
czs123456	陈中森	VIP2 (3)
zhengyuping	郑玉萍	VIP2 (3)
kk6699	陈高	VIP2 (3)
macaiyun521	范凯	VIP2 (3)
apps789	钟华艳	VIP2 (3)
sc666	孙超	VIP2 (3)
lwl7847	李文丽	VIP2 (3)
lyx100200	李要侠	VIP2 (3)
l15278540025	李乾兴	VIP2 (3)
zec8962aa	周恩翠	VIP2 (3)
reufngssfv5	蔡小青	VIP2 (3)
hyc796	吕林琴	VIP2 (3)
yao1627	谢瑶	VIP2 (3)
ylny177	李淑影	VIP2 (3)
zc5625	黄智雄	VIP2 (3)
kd789987	蔡开登	VIP2 (3)
haogezi	黎家豪	VIP2 (3)
wangcai9527	王帅	VIP2 (3)
jjf1940	姜梦娜	VIP2 (3)
298298aa	卢彰贵	VIP2 (3)
ws9793	王顺	VIP2 (3)
aa4275	梁梅娟	VIP2 (3)
rr123789456	诸若南	VIP2 (3)
meili8221	陈丽	VIP2 (3)
hc12277	易妃弟	VIP2 (3)
np0121qq	南平	VIP2 (3)
daxuan	李浩轩	VIP2 (3)
hse2570	洪松二	VIP2 (3)
yrb258	杨荣标	VIP2 (3)
bbs2308864	郑文超	VIP2 (3)
zst0179	钟思图	VIP2 (3)
min9279	刘敏	VIP2 (3)
dmjt99	丁梅	VIP2 (3)
123456789lll	李季	VIP2 (3)
zhongzhong	周妹娇	VIP2 (3)
qq786819915	蔡旻呈	VIP2 (3)
595472622	谢世波	VIP2 (3)
cmm1998	陈毛毛	VIP2 (3)
gg1989521	刘文举	VIP2 (3)
kds718	黄海明	VIP2 (3)
wj5771	魏金	VIP2 (3)
lina888	李娜	VIP2 (3)
st204142	袁圣腾	VIP2 (3)
fancw168	范传伟	VIP2 (3)
qiang1748	何凯强	VIP2 (3)
13769046436	吴加旺	VIP2 (3)
bz666666	沈炳樟	VIP2 (3)
maksim	应少君	VIP2 (3)
cyz123456	常永智	VIP2 (3)
nh67452	王万锦	VIP2 (3)
18211671870	牧野	VIP2 (3)
zhrny276	张慧茹	VIP2 (3)
lzx001	黎灼新	VIP2 (3)
cheng12345	石必成	VIP2 (3)
wc158	王长江	VIP2 (3)
jhmn365	林莹莹	VIP2 (3)
a998792	陶俊	VIP2 (3)
jwx9876	荆文新	VIP2 (3)
ldq1486	林大强	VIP2 (3)
zhu8439	朱成玲	VIP2 (3)
wyz355	吴蕾	VIP2 (3)
2tianming	宋健晖	VIP2 (3)
pdc621559	彭冬初	VIP2 (3)
cong7677	杨妙聪	VIP2 (3)
asd005	谢文霞	VIP2 (3)
caa1923	吕余碧	VIP2 (3)
hpz55555	何普忠	VIP2 (3)
w1132	蔡新凯	VIP2 (3)
zhouxiaotong	周筱同	VIP2 (3)
yzs12345	殷召雨	VIP2 (3)
cao9988	曹春苹	VIP2 (3)
wwz888	吴武忠	VIP2 (3)
fhs517	郑方秀	VIP2 (3)
18376951500	黄及志	VIP2 (3)
zgs458697	张古双	VIP2 (3)
zxcv8886	彭燕芬	VIP2 (3)
yuoop	卢清	VIP2 (3)
lzy0704	林中业	VIP2 (3)
lfh8071	林妃宏	VIP2 (3)
yhl4477	颜海玲	VIP2 (3)
ty1250	林汝花	VIP2 (3)
tdm1122	唐德明	VIP2 (3)
xwf961203	谭卓龙	VIP2 (3)
sun909099	孙茂林	VIP2 (3)
dasha666	沙鸿江	VIP2 (3)
cjyz200	崔锦	VIP2 (3)
wym33233	王毅梦	VIP2 (3)
lwy8889	蓝娃尧	VIP2 (3)
zfw3777	钟妃尾	VIP2 (3)
cy155711	赵保国	VIP2 (3)
yyg970422	杨光	VIP2 (3)
lnc0937	李念慈	VIP2 (3)
jd1997	范家东	VIP2 (3)
aq1686	艾青	VIP2 (3)
hym5819	胡钰明	VIP2 (3)
xjh1353988	徐家慧	VIP2 (3)
qw136075	黄金国	VIP2 (3)
xcy12345	谢春艳	VIP2 (3)
hb4879	符宏波	VIP2 (3)
ah8197	王爱华	VIP2 (3)
cl8888	陈玲	VIP2 (3)
bb9782	羊昌道	VIP2 (3)
yyios	叶伟哲	VIP2 (3)
ysy837572	杨双印	VIP2 (3)
17596165272	刘海涛	VIP2 (3)
wdj3979	王德骏	VIP2 (3)
cgq1375	陈国强	VIP2 (3)
895227967	翟朝杰	VIP2 (3)
zhengwx668	郑文旭	VIP2 (3)
aaw278	郑英毫	VIP2 (3)
g1364	耿曼	VIP2 (3)
18075529512	刘敏	VIP2 (3)
cdf853iop	劳华源	VIP2 (3)
yu0258	黄权愉	VIP2 (3)
hsx110	胡双学	VIP2 (3)
liuliu0314	刘柳桑	VIP2 (3)
wll1122	王路路	VIP2 (3)
xwl7788	许万里	VIP2 (3)
lxp0814	李雪萍	VIP2 (3)
acc176	林金凤	VIP2 (3)
gzl1207	龚志浪	VIP2 (3)
aw1994	胡昆仑	VIP2 (3)
ckd9733	李海湛	VIP2 (3)
tao1056388	陈涛	VIP2 (3)
china666	徐斌	VIP2 (3)
wjh8023	王景辉	VIP2 (3)
lifang1212	郑凤英	VIP2 (3)
pk1886	潘一	VIP2 (3)
chen182539	陈东	VIP2 (3)
aa1330441314	李彦骞	VIP2 (3)
xihei1352oo	冯春禧	VIP2 (3)
cy8314	陈勇	VIP2 (3)
cmc6376	陈孟成	VIP2 (3)
sjj892689	覃庆儒	VIP2 (3)
zyx123	周云侠	VIP2 (3)
dm1122	邸梅	VIP2 (3)
lx4572	张光晨	VIP2 (3)
ly5130	刘远远	VIP2 (3)
csx2419	陈世孝	VIP2 (3)
xml51320	黄志业	VIP2 (3)
yy0153	闫雨	VIP2 (3)
xj1369	崔雪景	VIP2 (3)
ddh5579	丁达皇	VIP2 (3)
duqian	杜明星	VIP2 (3)
ya8271	张漂雅	VIP2 (3)
lns7271	梁乃尚	VIP2 (3)
sydd024	李先锋	VIP2 (3)
2280292445	李飞龙	VIP2 (3)
zl8063	赵龙	VIP2 (3)
sx1730	孙兴	VIP2 (3)
ln3174	刘娜	VIP2 (3)
zxh2275	郑晓华	VIP2 (3)
liuzhijie	刘梓杰	VIP2 (3)
doris091	戴莹莹	VIP2 (3)
19395y	苏小燕	VIP2 (3)
jianhua520	冯健华	VIP2 (3)
fjg258	付克尧	VIP2 (3)
lzq129	李志强	VIP2 (3)
yzhjs0	晏志红	VIP2 (3)
jiaduobao	谢雪亮	VIP2 (3)
rtf63126	何任	VIP2 (3)
zxzhao123	轩言召	VIP2 (3)
wyj0788	王雅君	VIP2 (3)
fang9024	郑丽芳	VIP2 (3)
ys1989512	李小小	VIP2 (3)
lst321	李世腾	VIP2 (3)
ff1111	蔡建雄	VIP2 (3)
hff070523	黄方方	VIP2 (3)
lz64136413	李正	VIP2 (3)
ggg888666	高耀耀	VIP2 (3)
zh2600	朱辉	VIP2 (3)
ddd9770	谢义超	VIP2 (3)
zailus0808	杨喻晓	VIP2 (3)
chen05080	陈瑞弟	VIP2 (3)
bgx2603	卞光席	VIP2 (3)
zwjt1	祖唯	VIP2 (3)
hlm001	黄铃敏	VIP2 (3)
wh888888	王辉	VIP2 (3)
fzq5948	方志强	VIP2 (3)
zhijian123	薛柔健	VIP2 (3)
wk0620	吴胜	VIP2 (3)
hxg8878	何修耿	VIP2 (3)
13005735007	白焕银	VIP2 (3)
yl133242	杨林	VIP2 (3)
csc4771	蔡胜冲	VIP2 (3)
wzh0826	王朝辉	VIP2 (3)
md2256	叶雅	VIP2 (3)
sygs68	李淑影	VIP2 (3)
mami520521	马海燕	VIP2 (3)
284196446	李野	VIP2 (3)
yzb1235yb	蔡燕彬	VIP2 (3)
pengxl6741	彭小龙	VIP2 (3)
rong1019	陈锦荣	VIP2 (3)
zq172924852	周强	VIP2 (3)
lyl7479	刘云玲	VIP2 (3)
yejfznma97	陈光培	VIP2 (3)
mm12025433	彭明明	VIP2 (3)
aa6374	周理	VIP2 (3)
wyq2979	吴应权	VIP2 (3)
lxx1122	鲁秀秀	VIP2 (3)
dd1121	刘美烽	VIP2 (3)
tanwu0079	唐连武	VIP2 (3)
zmx6971	郑美絮	VIP2 (3)
jiushiying	宋杨	VIP2 (3)
zsh6666	朱士红	VIP2 (3)
17674517648	彭伟怀	VIP2 (3)
xiaohuis	王文政	VIP2 (3)
lm147258369	周骏飞	VIP2 (3)
wu5585	吴朱利	VIP2 (3)
f031c450	陈彩玲	VIP2 (3)
cly3670	蔡林勇	VIP2 (3)
gd2175	陈家富	VIP2 (3)
fh126	涂凤华	VIP2 (3)
uuu1178	谢华山	VIP2 (3)
ylj258369	杨利娟	VIP2 (3)
zmy0770	张毛艳	VIP2 (3)
aatlh0776	唐丽华	VIP2 (3)
xp530469	戴小鹏	VIP2 (3)
15020991889	刘绍臣	VIP2 (3)
en1997	罗湖深	VIP2 (3)
417248	刘文梅	VIP2 (3)
hxf5858	黄雪峰	VIP2 (3)
fwj123456	吴秋琼	VIP2 (3)
liang36988	吴巧亮	VIP2 (3)
qgdzj888	黄镜扬	VIP2 (3)
ert58583	叶国威	VIP2 (3)
18069362485	李健忠	VIP2 (3)
gyz9561	高玉真	VIP2 (3)
chengling	陈玲	VIP2 (3)
luuluu8	李永培	VIP2 (3)
zzj3272	钟志军	VIP2 (3)
twm888	陈达升	VIP2 (3)
wenliufu123	文国红	VIP2 (3)
chenxiao66	陈小兰	VIP2 (3)
yanzi108	张春艳	VIP2 (3)
lk01472	刘容容	VIP2 (3)
weige465898	李伟	VIP2 (3)
kkrrnn30	柯荣能	VIP2 (3)
qwe111445	符锦山	VIP2 (3)
q198306	葛雨	VIP2 (3)
lzwnm258	李增	VIP2 (3)
xiexiaoli	解莉莉	VIP2 (3)
cfe1676	蔡方二	VIP2 (3)
qq258612	王英杰	VIP2 (3)
wxw720	王孝文	VIP2 (3)
lfxm777	赵莉芳	VIP2 (3)
cfy00	陈丰裕	VIP2 (3)
niujian	郑嘉豪	VIP2 (3)
ljj5941	梁娇娇	VIP2 (3)
chy5972	曹黄泳	VIP2 (3)
729532735	刘宁	VIP2 (3)
yyz12345	殷召雨	VIP2 (3)
zdj0088	张殿军	VIP2 (3)
yu7929	李胜瑜	VIP2 (3)
zx6302	张薪	VIP2 (3)
xlj5212	许立锦	VIP2 (3)
huangren	黄仁源	VIP2 (3)
djl1376	丁嘉磊	VIP2 (3)
m1314520	雷木光	VIP2 (3)
15577770918	傅以康	VIP2 (3)
ydd6980	杨东东	VIP2 (3)
lzy1204	刘政仪	VIP2 (3)
a33366	张景美	VIP2 (3)
lijianqiao1	潘楚	VIP2 (3)
lkp1720	李鲲鹏	VIP2 (3)
hxplay88	黄欣	VIP2 (3)
wjb2712	王金宝	VIP2 (3)
sjk5531	苏九矿	VIP2 (3)
aa5573	何月春	VIP2 (3)
admin123456	蒋安超	VIP2 (3)
wcf2272	王春峰	VIP2 (3)
fqq258369	付晴晴	VIP2 (3)
766468970	吕万锋	VIP2 (3)
wzy2029	王子阳	VIP2 (3)
wp9171	刘付文平	VIP2 (3)
hui0124	薛园辉	VIP2 (3)
kk0088	康卢	VIP2 (3)
sxb216856	沈小宾	VIP2 (3)
zk990929	张丽	VIP2 (3)
journey	张佳林	VIP2 (3)
mwz5433	马威州	VIP2 (3)
hh3771	刘强	VIP2 (3)
mjj3278	莫晶晶	VIP2 (3)
lishuhe	李述合	VIP2 (3)
jianzai	孙建	VIP2 (3)
zdd1776	赵冬冬	VIP2 (3)
li2908	李明柏	VIP2 (3)
czr111	陈志容	VIP2 (3)
lax123456	黎安溪	VIP2 (3)
x17895970526	许志宏	VIP2 (3)
aa771101	黄忠智	VIP2 (3)
kaixindou	罗玲霞	VIP2 (3)
c13681634155	陈民权	VIP2 (3)
hyx7835	黄渝鑫	VIP2 (3)
13727856160	温耿南	VIP2 (3)
chenjing11	陈婧	VIP2 (3)
sz8910	朱帅	VIP2 (3)
lf35688	刘飞	VIP2 (3)
dong336699	崔晓东	VIP2 (3)
xrq892700	谢如卿	VIP2 (3)
fhb611	薛如海	VIP2 (3)
hj2030	黄学智	VIP2 (3)
zxm1122	纵祥民	VIP2 (3)
qazjj757	王嘉杰	VIP2 (3)
ywm3474	杨维妹	VIP2 (3)
ye2005yang	杨绍勇	VIP2 (3)
binbin520	龙彬彬	VIP2 (3)
huyeping	胡叶平	VIP2 (3)
wang7683	王奕	VIP2 (3)
lalala888	张小美	VIP2 (3)
lsf2870	林少芳	VIP2 (3)
zwzg1	祖唯	VIP2 (3)
ldd7852	刘冬冬	VIP2 (3)
cp3678	陈鹏	VIP2 (3)
ljb7111	李俊彬	VIP2 (3)
bx789987	洪保侠	VIP2 (3)
zqw2672	朱青文	VIP2 (3)
cqz7127	蔡琼珍	VIP2 (3)
wxb1679	吴雪冰	VIP2 (3)
ljz8179	梁警钟	VIP2 (3)
sqx258369	宋庆喜	VIP2 (3)
cao000000	曹美芳	VIP2 (3)
aa4274	余尚蔚	VIP2 (3)
kaili1008	杨凯莉	VIP2 (3)
fff2200	吴向飞	VIP2 (3)
ksz914	柯绍周	VIP2 (3)
lzs8671	林智爽	VIP2 (3)
ljx0088	李居侠	VIP2 (3)
www258369	吴恒荣	VIP2 (3)
wwb1720	吴文斌	VIP2 (3)
zhangjun1818	张俊	VIP2 (3)
jg3575	刘付金国	VIP2 (3)
zp7175	翟鹏	VIP2 (3)
xjf4099	薛景分	VIP2 (3)
dxg6170	邓学馆	VIP2 (3)
yanzi521	吕宏燕	VIP2 (3)
plnrai123	林景均	VIP2 (3)
aaaa135179	陈啥妹	VIP2 (3)
ccs1442	蔡朝生	VIP2 (3)
wlm0283	吴兰妹	VIP2 (3)
pei888	裴有才	VIP2 (3)
shan1276	谢青山	VIP2 (3)
fengli	冯丽	VIP2 (3)
ying0098	孙莹莹	VIP2 (3)
maanqiong111	马安琼	VIP2 (3)
wen8679	王金媛	VIP2 (3)
ycg6667	杨朝贵	VIP2 (3)
a2556385	李勇权	VIP2 (3)
a19850919	陈银海	VIP2 (3)
918hhb918	何惠斌	VIP2 (3)
suyuhu	孙玉虎	VIP2 (3)
xx826114	朱文韬	VIP2 (3)
ai519206789	宋庭燊	VIP2 (3)
159158	张世佐	VIP2 (3)
mwz5928	马威州	VIP2 (3)
li2741	黎典宁	VIP2 (3)
tt3344	洪豪强	VIP2 (3)
kfk2285	陈华青	VIP2 (3)
yi9471	陈俊易	VIP2 (3)
fgj1058	符国晶	VIP2 (3)
h506854724	黄煜达	VIP2 (3)
numb	刘培豪	VIP2 (3)
cyp6399	陈运平	VIP2 (3)
lwz3776	林文智	VIP2 (3)
lxc6837	李雪辰	VIP2 (3)
kenan123	孙柯楠	VIP2 (3)
aa23452345	吴锦丰	VIP2 (3)
dmbgs528	杜明柏	VIP2 (3)
zhu10086	祝老两	VIP2 (3)
lzf0113	梁朱芳	VIP2 (3)
czx226	黄燕	VIP2 (3)
mwz7378	马威州	VIP2 (3)
lyh1201	梁燕豪	VIP2 (3)
aa521315	刘志奇	VIP2 (3)
abcd88888888	黄开建	VIP2 (3)
ddy8576	丁达勇	VIP2 (3)
qaz7890	吴润志	VIP2 (3)
nxb8693	牛雪冰	VIP2 (3)
lll2997	芦丽丽	VIP2 (3)
15872137776	冯晓潇	VIP2 (3)
1339015582	何知里	VIP2 (3)
nishen123	倪胜	VIP2 (3)
maanqiong	马安琼	VIP2 (3)
wk4579	王可	VIP2 (3)
mhqaw	叶云祥	VIP2 (3)
lxs1236	刘雪山	VIP2 (3)
lll0888	李琳琳	VIP2 (3)
lxp1583	李雪萍	VIP2 (3)
yulin568	余林	VIP2 (3)
yang1025	杨桂珍	VIP2 (3)
chen06jinmei	陈锦梅	VIP2 (3)
cjs7971	蔡景盛	VIP2 (3)
nan521	刘久南	VIP2 (3)
a3161639	韦年智	VIP2 (3)
hz0272	石洪滔	VIP2 (3)
cyy5074	曹艳余	VIP2 (3)
zhuang321	丁作壮	VIP2 (3)
132848j	梁艳	VIP2 (3)
lili1478	陈莉	VIP2 (3)
jiao2019	公利姣	VIP2 (3)
zad747071	张奥迪	VIP2 (3)
lq9439	刘艺强	VIP2 (3)
ysn888	杨少妮	VIP2 (3)
swimok	卢志雄	VIP2 (3)
nicai223	李海涛	VIP2 (3)
yzc970422	杨志超	VIP2 (3)
fw4478	房伟	VIP2 (3)
guangyu123	陈广瑜	VIP2 (3)
wbz1494	吴必智	VIP2 (3)
chen171819	陈长龙	VIP2 (3)
hh9210	赵玉杰	VIP2 (3)
lu206207	陆静	VIP2 (3)
le2133	王乐乐	VIP2 (3)
gz22556	郭存兰	VIP2 (3)
13053046561	沈业波	VIP2 (3)
lty888	李腾洋	VIP2 (3)
mcg9287	马春光	VIP2 (3)
zj50170	张锦	VIP2 (3)
zyljs1	朱月兰	VIP2 (3)
15520870215	凌征海	VIP2 (3)
liangge1998	常亮	VIP2 (3)
mzq253500	孟自强	VIP2 (3)
wenj571	刘倩文	VIP2 (3)
17762650321	张毕成	VIP2 (3)
cyjzs888	陈英健	VIP2 (3)
cy2241	陈寅	VIP2 (3)
sdw953asw	劳华冰	VIP2 (3)
lzq7844	刘自强	VIP2 (3)
zwh456	钟文行	VIP2 (3)
scq5273	苏赐麒	VIP2 (3)
ycy8899	叶春艳	VIP2 (3)
yl2273	王玉龙	VIP2 (3)
yuan0830	覃晓芳	VIP2 (3)
sby22556	沙丙营	VIP2 (3)
cf147147	陈叶飞	VIP2 (3)
llc753159	林礼聪	VIP2 (3)
sff4475	颜聪	VIP2 (3)
ysb2019	余双波	VIP2 (3)
lq3779	林清	VIP2 (3)
wxl014178	吴雪连	VIP2 (3)
yzhny0	晏志红	VIP2 (3)
wx249977	魏翔	VIP2 (3)
jing0177	林景奇	VIP2 (3)
q76737918	陈辉晓	VIP2 (3)
lxc4002	李雪辰	VIP2 (3)
xgz520	许光泽	VIP2 (3)
zql22556	詹其升	VIP2 (3)
pp5588	朱瑞芳	VIP2 (3)
chen147	王晨晨	VIP2 (3)
cml2080	蔡梅玲	VIP2 (3)
zjm5211	纵建明	VIP2 (3)
zw7474	张伟	VIP2 (3)
guzheng10j	张艳菲	VIP2 (3)
lin452327	黄小连	VIP2 (3)
lbt888	刘波涛	VIP2 (3)
ymejt1	叶蒙恩	VIP2 (3)
lxx2181	刘溪溪	VIP2 (3)
zhu102693	朱曼曼	VIP2 (3)
aq7222	昂强	VIP2 (3)
df668708	堵峰	VIP2 (3)
0107	董文杰	VIP2 (3)
yang6666	刘玉云	VIP2 (3)
mt3000	孟涛	VIP2 (3)
yxc147666	杨欣晨	VIP2 (3)
zy122122	周瑶	VIP2 (3)
wsyz1234	王顺	VIP2 (3)
wangtan1	王贪	VIP2 (3)
liu010101	刘鹏	VIP2 (3)
lsyzg11	李淑影	VIP2 (3)
wq1996	王勤	VIP2 (3)
xxasd685	黄思梅	VIP2 (3)
cy3333	陈勇	VIP2 (3)
625288	林子勇	VIP2 (3)
a41698795	蔡建王	VIP2 (3)
cxy4455	陈晓燕	VIP2 (3)
ls3936	李赛	VIP2 (3)
ll1151	李明利	VIP2 (3)
wj130615	王娟	VIP2 (3)
xu3378	许立儒	VIP2 (3)
gs1522	葛珊珊	VIP2 (3)
zwt1486	张雯婷	VIP2 (3)
cxb1226	陈小宝	VIP2 (3)
lzj258758	凌芝娟	VIP2 (3)
qwe465879	杨秀琼	VIP2 (3)
lts6372	劳同率	VIP2 (3)
menjian	门道建	VIP2 (3)
sww157268	施微微	VIP2 (3)
juanni3919	刘再娟	VIP2 (3)
guo521	郭志康	VIP2 (3)
hui516516	张辉	VIP2 (3)
fang147852	方仕邦	VIP2 (3)
gqq5144	高清泉	VIP2 (3)
zhou8774	郑周充	VIP2 (3)
wyt8888	王瑜同	VIP2 (3)
zhhgs737	朱贺贺	VIP2 (3)
ljw7157	梁继威	VIP2 (3)
hx7708	胡旭	VIP2 (3)
li3455	严小丽	VIP2 (3)
qpj12345	邱朋举	VIP2 (3)
gui4477	周木桂	VIP2 (3)
xcx5602	许晨曦	VIP2 (3)
hfe2012	何恒凤	VIP2 (3)
maoyuanhang	毛远航	VIP2 (3)
cy3216	陈颖	VIP2 (3)
xiangyan	刁君强	VIP2 (3)
zjs1991	朱俊松	VIP2 (3)
ymy1122	杨明杨	VIP2 (3)
ccvv8814	黄春宁	VIP2 (3)
mwz5713	马威州	VIP2 (3)
malu377	马路	VIP2 (3)
1234567	崔镇杰	VIP2 (3)
xiao326	吴茂任	VIP2 (3)
hongxing122	杨红星	VIP2 (3)
ggt333	沙丙港	VIP2 (3)
wxq3873	万晓琦	VIP2 (3)
lhy258	刘航宇	VIP2 (3)
xj123321	徐洁	VIP2 (3)
ls0987	刘烁	VIP2 (3)
hua4974	黄妃弟	VIP2 (3)
ltc1996	刘天成	VIP2 (3)
a5281000	陆嘉辉	VIP2 (3)
qian1993	高倩倩	VIP2 (3)
cgo74825	陈华英	VIP2 (3)
liao4138	廖丽山	VIP2 (3)
guang78	陈广培	VIP2 (3)
cjh1376	蔡景虎	VIP2 (3)
jay0668	程芳杰	VIP2 (3)
laohuyang7	杨润	VIP2 (3)
bb1213	毕学英	VIP2 (3)
iao243	肖柱	VIP2 (3)
zpl7178	朱培丽	VIP2 (3)
wm777999	王明云	VIP2 (3)
zdd1994	朱丹丹	VIP2 (3)
am888888	牧杰	VIP2 (3)
kaka45q6	曹琦	VIP2 (3)
lukahou	卢嘉濠	VIP2 (3)
mm8798	王毛毛	VIP2 (3)
whf8470	王胡奋	VIP2 (3)
shh8446	孙幻幻	VIP2 (3)
li789123	李健	VIP2 (3)
qiu4464	张子秋	VIP2 (3)
yu74kn76	范才焕	VIP2 (3)
axia724	赵夏	VIP2 (3)
min8973	经先敏	VIP2 (3)
dyq112233	段雨晴	VIP2 (3)
zz1533	周振龙	VIP2 (3)
ls106559	李莎	VIP2 (3)
jiankang	李老四	VIP2 (3)
whb0296	王宏彬	VIP2 (3)
155591	曾志煌	VIP2 (3)
wxw888	王省委	VIP2 (3)
hh1175	赵明	VIP2 (3)
nai888	朱菊珍	VIP2 (3)
xmy1978	肖美英	VIP2 (3)
shbin123z	沈曌斌	VIP2 (3)
pa123	卢佳丽	VIP2 (3)
ab7890	陈冠福	VIP2 (3)
yan3000	严青绿	VIP2 (3)
wjt2172	吴居特	VIP2 (3)
zsg7449	朱守跟	VIP2 (3)
nhc134819	聂鸿程	VIP2 (3)
lf9555	王龙飞	VIP2 (3)
xss123456	胡丽芳	VIP2 (3)
hzw147666	胡智维	VIP2 (3)
scxyz1	沙朝侠	VIP2 (3)
eett42332	蔡炳妙	VIP2 (3)
fc665285	李国金	VIP2 (3)
zjp19920410	张建平	VIP2 (3)
mwx123456	王昱	VIP2 (3)
hh9079	黄淮	VIP2 (3)
wuboqq123456	吴博	VIP2 (3)
heidan123	赵恒	VIP2 (3)
hxm886588	胡小梅	VIP2 (3)
mm0759	莫智飞	VIP2 (3)
yc910612	杨翠	VIP2 (3)
hqh9493	黄清华	VIP2 (3)
lele888	阳乐	VIP2 (3)
ym258369	姚猛	VIP2 (3)
lhx123536	赖华欣	VIP2 (3)
gn9960	郭存兰	VIP2 (3)
pfms11	马莎	VIP2 (3)
ccy5008	蔡长猷	VIP2 (3)
zxy6124	张兴怡	VIP2 (3)
hal64291385	韩爱连	VIP2 (3)
maa7132	陈明乔	VIP2 (3)
xiaowen8	蔡清文	VIP2 (3)
yqy8715	杨清燕	VIP2 (3)
wrh5971	吴如海	VIP2 (3)
zyw1256	张跃伟	VIP2 (3)
yxm2870	杨雪梅	VIP2 (3)
zy1987111	常丽杰	VIP2 (3)
z888	詹磊	VIP2 (3)
cbz75366	蔡秉珠	VIP2 (3)
aa8475	冯康仁	VIP2 (3)
lostti	邓斌鸿	VIP2 (3)
a6247181	雷军	VIP2 (3)
xwn2991	许文娜	VIP2 (3)
f0808008	李帅	VIP2 (3)
hao799	罗皓	VIP2 (3)
wujing88	吴景	VIP2 (3)
pb6274	潘斌	VIP2 (3)
lxj2875	林小静	VIP2 (3)
fpp3307	房平平	VIP2 (3)
ryl888	高晶晶	VIP2 (3)
lsy1111	邹娟	VIP2 (3)
lzm900920	张素兰	VIP2 (3)
meng3131	秦建华	VIP2 (3)
wzp7788	韦泽平	VIP2 (3)
wangmeng66	王朦	VIP2 (3)
wys56479	武永升	VIP2 (3)
liu0309	刘云侠	VIP2 (3)
a3386804574	王大军	VIP2 (3)
wang20199	王静	VIP2 (3)
cly9454	程柳云	VIP2 (3)
zc9865	张聪	VIP2 (3)
song1234	王劲松	VIP2 (3)
ss1121	苏彬	VIP2 (3)
gqf3235	高清凡	VIP2 (3)
ffgh4570	吴琼花	VIP2 (3)
mb2265	孟标	VIP2 (3)
wx6612	王旭	VIP2 (3)
zyx222222	张义侠	VIP2 (3)
cm56966	刘成美	VIP2 (3)
pp1313	石佩佩	VIP2 (3)
wx1425	黄文选	VIP2 (3)
aa461680138	任秀丽	VIP2 (3)
1234554321	余立群	VIP2 (3)
qq0724	付周颖	VIP2 (3)
ml010203	孟磊	VIP2 (3)
x18029766982	谢茂利	VIP2 (3)
yy282888	陈巧连	VIP2 (3)
a1980	周章乐	VIP2 (3)
xiaohuagg	赵海华	VIP2 (3)
zxl199501	孙梦龙	VIP2 (3)
0623	李民	VIP2 (3)
hh123416	胡浩	VIP2 (3)
lyt0606	赖怡婷	VIP2 (3)
rong10086	荣艳艳	VIP2 (3)
zhang6969	张云	VIP2 (3)
wf258014	王飞	VIP2 (3)
co77880	张世永	VIP2 (3)
wangli77	王丽	VIP2 (3)
wq2279	王强	VIP2 (3)
yz6751	杨珍	VIP2 (3)
gjch789	黄祖镖	VIP2 (3)
xin123456	范可心	VIP2 (3)
cdq4538	陈迪秋	VIP2 (3)
lwh2199	李伟豪	VIP2 (3)
zz1090	周凯强	VIP2 (3)
ygl4677	姚光亮	VIP2 (3)
xt168168	张晓涛	VIP2 (3)
zl4735	朱龙	VIP2 (3)
w54497401	王晨雨	VIP2 (3)
llq789	吕来庆	VIP2 (3)
lha888666	梁洪安	VIP2 (3)
xqh789	薛庆海	VIP2 (3)
tom2019	张立新	VIP2 (3)
lcx165877	李春侠	VIP2 (3)
myz181	毛仁杰	VIP2 (3)
chu1122	褚程程	VIP2 (3)
wcp3375	王翠平	VIP2 (3)
cjn0977	蔡景能	VIP2 (3)
17568101507	苏梓哲	VIP2 (3)
lf292698	李飞	VIP2 (3)
13627990499	梁志勇	VIP2 (3)
18079349360	徐爱菊	VIP2 (3)
wcl650802	王彩玲	VIP2 (3)
wxj8477	王秀娟	VIP2 (3)
zh1234	祝正华	VIP2 (3)
lyf4919	邱铃	VIP2 (3)
zx2356	张春妹	VIP2 (3)
zyg0000	邹义国	VIP2 (3)
l945415368	冯小林	VIP2 (3)
lh1234	李鹤	VIP2 (3)
wny875	吴蕾	VIP2 (3)
asd63123	武丝	VIP2 (3)
18852130682	杨萧	VIP2 (3)
ll8798	程柳柳	VIP2 (3)
pfstz1	神停震	VIP2 (3)
ll3229	李乐	VIP2 (3)
zhan0609	谭国湛	VIP2 (3)
huangdou1	姜国辉	VIP2 (3)
lyh450972	刘永化	VIP2 (3)
lyp136	吕亚平	VIP2 (3)
wth9320	武滕辉	VIP2 (3)
lmr6235	李梦茹	VIP2 (3)
cy0811	韩翠英	VIP2 (3)
zx606166	周贤	VIP2 (3)
limin1992	李敏	VIP2 (3)
w123666	黄治榕	VIP2 (3)
qing4242	何四青	VIP2 (3)
qing380	吕常青	VIP2 (3)
ybz3707	严博章	VIP2 (3)
mql86110	孟庆龙	VIP2 (3)
yh0078	姚慧	VIP2 (3)
xu6408	徐茜	VIP2 (3)
yz6217	许吉祥	VIP2 (3)
fh3708	付豪	VIP2 (3)
hao55666	孟祥宇	VIP2 (3)
yjz3907	杨景芝	VIP2 (3)
yuan5588	刘园园	VIP2 (3)
cy8183	陈玉	VIP2 (3)
cb3336	曹彬	VIP2 (3)
wgx123	王国祥	VIP2 (3)
lkj0702	田品龙	VIP2 (3)
zxc7731	张鹏旭	VIP2 (3)
aa117777	陈儒密	VIP2 (3)
xie666666	谢日芳	VIP2 (3)
sun4588	孙玉侠	VIP2 (3)
tfl4688	田飞龙	VIP2 (3)
zhanghai2019	张海	VIP2 (3)
a110772	梁育强	VIP2 (3)
ting5211	吕隶屏	VIP2 (3)
hua123456	何恒华	VIP2 (3)
dgf3112	但桂芳	VIP2 (3)
kuen0988	李敬坤	VIP2 (3)
11111aa	吴俊强	VIP2 (3)
skyjinye	金晔	VIP2 (3)
sj1377	沙进	VIP2 (3)
xwm888	谢文满	VIP2 (3)
zaq901012	范修权	VIP2 (3)
xg2005	薛刚	VIP2 (3)
13110108616	谢世波	VIP2 (3)
wy7111	王莹	VIP2 (3)
13415104280	郭丽璇	VIP2 (3)
hxl9035	黄小兰	VIP2 (3)
fs7475	方硕	VIP2 (3)
xxq1005	辛晓琪	VIP2 (3)
lhq5925	刘浩强	VIP2 (3)
hl7969	李凤鸣	VIP2 (3)
ymezg1	叶蒙恩	VIP2 (3)
hh1370	赵维证	VIP2 (3)
15058329528	张庆丰	VIP2 (3)
dyf0614	杜艳芳	VIP2 (3)
aa15415	林秀玲	VIP2 (3)
mmbbqqcc215	吴望生	VIP2 (3)
qiuyin528	陈颖	VIP2 (3)
fensha	张春富	VIP2 (3)
zw0576	张伟	VIP2 (3)
13932393795	詹树庭	VIP2 (3)
bi888888	梁亚比	VIP2 (3)
hjf285463	黄火昌	VIP2 (3)
15775996593	毛文波	VIP2 (3)
zh920317	张浩	VIP2 (3)
wnhd258	赵会香	VIP2 (3)
z1888888	何景洲	VIP2 (3)
mtl6413	满田利	VIP2 (3)
1017646571	黄建	VIP2 (3)
18320278874	黄湛强	VIP2 (3)
guiyin159	邝桂莹	VIP2 (3)
2836542877	张怀	VIP2 (3)
wjj159159	王静静	VIP2 (3)
181096712	杜秋艳	VIP2 (3)
h623248520	黄苹	VIP2 (3)
594312300	马晓敏	VIP2 (3)
18288810619	李花南	VIP2 (3)
fang1238	方桂月	VIP2 (3)
20001227081	张天军	VIP2 (3)
wgs888	冯伟	VIP2 (3)
17684082392	邹浩	VIP2 (3)
xiaoxif	陈文君	VIP2 (3)
18806038735	桑中林	VIP2 (3)
15398383328	李涛	VIP2 (3)
my0606	孟烨	VIP2 (3)
lz6413	李正	VIP2 (3)
ok147258	苏照光	VIP2 (3)
wangzhe01	郝先津	VIP2 (3)
dan1806269	赵丹	VIP2 (3)
ghl0124	葛海龙	VIP2 (3)
xumei001	许梅	VIP2 (3)
xl520	徐亮	VIP2 (3)
mo15777137218	覃燕华	VIP2 (3)
shishiba	李学连	VIP2 (3)
weiduwo20	何召汉	VIP2 (3)
lin7768	骆图建	VIP2 (3)
yeyezxcv14	陈小强	VIP2 (3)
yingo1123	郭高仁	VIP2 (3)
chenman91	陈曼	VIP2 (3)
jiaoli619	莫娇丽	VIP2 (3)
yyuujjxxs	陈中清	VIP2 (3)
pengpeng	彭政	VIP2 (3)
liumeilian	刘美连	VIP2 (3)
wangyan518	王金升	VIP2 (3)
18263546322	张兴磊	VIP2 (3)
15278	李世丹	VIP2 (3)
mas188	林炜	VIP2 (3)
lrf123456	刘瑞丰	VIP2 (3)
wzl123	王子龙	VIP2 (3)
990ll	曹丽玲	VIP2 (3)
yanli879	刘彦丽	VIP2 (3)
pppppp	赵信	VIP2 (3)
a3038526039	廖嘉辉	VIP2 (3)
ren19870906	任良勤	VIP2 (3)
wwe258	冯伟	VIP2 (3)
china2171	蒋家炎	VIP2 (3)
jgikgik	朱文平	VIP2 (3)
15299387074	向阳	VIP2 (3)
zdyl3344587	张寿银	VIP2 (3)
degui170	黄德贵	VIP2 (3)
ljj1688	龙家杰	VIP2 (3)
mmjk66	叶春连	VIP2 (3)
agk888	熊天贵	VIP2 (3)
1399855	刘剑文	VIP2 (3)
jieer297	肖锐	VIP2 (3)
123456d	王永亮	VIP2 (3)
f666666	龚利明	VIP2 (3)
ljf1688	林劲锋	VIP2 (3)
fu19940614	付童	VIP2 (3)
th0201	唐皓	VIP2 (3)
2461426781	谭亚俊	VIP2 (3)
4567321	蔡志强	VIP2 (3)
a296790793	周凯	VIP2 (3)
pf258369	包鹏飞	VIP2 (3)
w1112020w	顾俊友	VIP2 (3)
yingzheng89	刘海	VIP2 (3)
q34214q	凌镇光	VIP2 (3)
2523377135	徐翔伟	VIP2 (3)
diwang1979	王迪	VIP2 (3)
t2218760	滕风旭	VIP2 (3)
a15088518174	杨洁超	VIP2 (3)
326828	许金德	VIP2 (3)
19660306gym	高业明	VIP2 (3)
x12345678x	黄子芸	VIP2 (3)
ljg123	刘君刚	VIP2 (3)
dbj888	代冰杰	VIP2 (3)
w7797	吴永峰	VIP2 (3)
4759502	殷志远	VIP2 (3)
wc1949	周文灿	VIP2 (3)
19960823	苏德荣	VIP2 (3)
15134305111	姜岩	VIP2 (3)
dm2648	邓萌	VIP2 (3)
fanni	范才志	VIP2 (3)
nie111222	聂志云	VIP2 (3)
1350932170	李孔海	VIP2 (3)
898593818q	张雪健	VIP2 (3)
wzk123456	魏灶奎	VIP2 (3)
a1668187795	欧起阻	VIP2 (3)
662058612345	罗建艳	VIP2 (3)
9378007	冯火平	VIP2 (3)
jh58518	姜鹤	VIP2 (3)
snssk168	杨柯	VIP2 (3)
xwf961202	成烨艺	VIP2 (3)
lola1995	班维梅	VIP2 (3)
shiwan123456	邵世雄	VIP2 (3)
lb1314618	刘斌	VIP2 (3)
da123084	龚达	VIP2 (3)
a15627870333	刘新平	VIP2 (3)
zzj666	邹紫君	VIP2 (3)
wangzhe	陈庆山	VIP2 (3)
wjzyq	自勇全	VIP2 (3)
qwt125	覃炆涛	VIP2 (3)
sz13572468	孙镇	VIP2 (3)
czh0729	陈振华	VIP2 (3)
lky112233	梁凯玉	VIP2 (3)
fujun1122	付俊	VIP2 (3)
765809270fj	伍卫华	VIP2 (3)
chr888888	陈华日	VIP2 (3)
lulu369	赵玲俐	VIP2 (3)
mlj511204	牟联军	VIP2 (3)
choupo2008	刘昆	VIP2 (3)
lyh321	罗永和	VIP2 (3)
cy199727	孟影	VIP2 (3)
wc1234	张月春	VIP2 (3)
1m3m7m1m7m0m	邓鸿伟	VIP2 (3)
gg6832	揭光远	VIP2 (3)
jian38	余合金	VIP2 (3)
wam3273	王啊敏	VIP2 (3)
6190	杨晓宗	VIP2 (3)
yzq4571	杨之全	VIP2 (3)
aa1102	陶书宁	VIP2 (3)
huang1997	黄世贤	VIP2 (3)
zxc33577	朱雪莉	VIP2 (3)
584171331	黄承祥	VIP2 (3)
yjt12345	殷召雨	VIP2 (3)
xqj123456	徐钦杰	VIP2 (3)
zyh1870	朱玉华	VIP2 (3)
110119	董微	VIP2 (3)
44444	罗练	VIP2 (3)
wangxinqiang	胡晶怡	VIP2 (3)
15873121229	张思民	VIP2 (3)
qq357521665	李彦委	VIP2 (3)
crazy	陈绍荣	VIP2 (3)
a291560	陈乐岖	VIP2 (3)
5588sy	司毅	VIP2 (3)
123550	司玉庆	VIP2 (3)
kuang199346	匡国峰	VIP2 (3)
13389982622	张福亮	VIP2 (3)
ax6976	王莉	VIP2 (3)
1514973527	黄仁肯	VIP2 (3)
dw1212	董文洁	VIP2 (3)
305342452	胡晶怡	VIP2 (3)
panan	潘勇	VIP2 (3)
1282811082	卢学龙	VIP2 (3)
171123	张富连	VIP2 (3)
zhuan1968	周泽其	VIP2 (3)
wenchao99	郑文超	VIP2 (3)
zhuzhu8899	朱华	VIP2 (3)
wkl9997	王凯丽	VIP2 (3)
wcy888	陈顺明	VIP2 (3)
wf0751	王峰	VIP2 (3)
ppp111	万玲	VIP2 (3)
wyf888	温炳长	VIP2 (3)
hxm12345	黄小明	VIP2 (3)
xzh1888	徐振辉	VIP2 (3)
20190330xy	肖云	VIP2 (3)
621700720005	朱俊霖	VIP2 (3)
3192860700	罗宝祈	VIP2 (3)
wxy200808	汪玉兰	VIP2 (3)
yan731888	范炎静	VIP2 (3)
888888g	程高球	VIP2 (3)
13760935589	黄国财	VIP2 (3)
jl1949	毛九龙	VIP2 (3)
a090508	李奎	VIP2 (3)
cyz2878	陈猛	VIP2 (3)
manianze	马年泽	VIP2 (3)
quchao	屈超	VIP2 (3)
yinzhaoyu99	殷召雨	VIP2 (3)
273115216	刘敏	VIP2 (3)
mcj001	芈春节	VIP2 (3)
mj66	秦昌炎	VIP2 (3)
li112	李昌帅	VIP2 (3)
792239027	肖峰	VIP2 (3)
fa530	王超超	VIP2 (3)
w5778397	王山光	VIP2 (3)
weij123456	韦家宝	VIP2 (3)
376601546	黄永健	VIP2 (3)
13642350777	李焕新	VIP2 (3)
yj90567	杨军	VIP2 (3)
13152838700	王子龙	VIP2 (3)
wangyun12	王云	VIP2 (3)
419492044	许伟明	VIP2 (3)
gy4567	万明新	VIP2 (3)
2442538719	蔡玉涛	VIP2 (3)
taoxixi	陶希熙	VIP2 (3)
15021512480	朱玲	VIP2 (3)
su8877	苏裕盛	VIP2 (3)
qshen12	罗可森	VIP2 (3)
vbcvhh	刘勇	VIP2 (3)
zzz1992	郑人通	VIP2 (3)
qqq135	欧阳林波	VIP2 (3)
gz2015	李娜	VIP2 (3)
tangmu	贺泽城	VIP2 (3)
taio6388	唐毓聪	VIP2 (3)
li2897331936	李满	VIP2 (3)
pd2255	许树永	VIP2 (3)
ad2500	余文星	VIP2 (3)
ga7800	黄爱	VIP2 (3)
dm8856	揭英杏	VIP2 (3)
zcm1019	植灿明	VIP2 (3)
abxy1234567	韦奇钊	VIP2 (3)
xch9183	解诚厚	VIP2 (3)
cjm888	陈建明	VIP2 (3)
zhou285966	王世学	VIP2 (3)
1271582084	胡浩然	VIP2 (3)
a475171844	袁青	VIP2 (3)
guoxing666	郭晓婷	VIP2 (3)
liuzongqi	刘宗琦	VIP2 (3)
jingkun	胡良坤	VIP2 (3)
k900505	张小慧	VIP2 (3)
lxx38869	李秀芝	VIP2 (3)
heng2277	林子恒	VIP2 (3)
danjiang	单江姣	VIP2 (3)
fa33785678	郝晓梅	VIP2 (3)
ss3838	李文武	VIP2 (3)
dabaitu	李帅	VIP2 (3)
188416a	李磊	VIP2 (3)
yc12345	严春	VIP2 (3)
2018lfbzm	罗富兵	VIP2 (3)
wayaoyao	唐文权	VIP2 (3)
wan609	汪燕飞	VIP2 (3)
17393139736	王培研	VIP2 (3)
li6239	李利红	VIP2 (3)
pz5588	朱克强	VIP2 (3)
wzh1207	王子恒	VIP2 (3)
qq1280151668	张海坤	VIP2 (3)
wq6320	武强	VIP2 (3)
li313	孟庆焕	VIP2 (3)
hu900817	胡娟	VIP2 (3)
1422951423	李松	VIP2 (3)
gw9110	陈剑鹭	VIP2 (3)
13558552037	王路平	VIP2 (3)
lzm456	李祖明	VIP2 (3)
qqhh	冯卓群	VIP2 (3)
ty0218	谭永寿	VIP2 (3)
we1999888	张英杰	VIP2 (3)
abc83312754	丁封喜	VIP2 (3)
kenny5201314	陈念照	VIP2 (3)
yinyan868	尹艳	VIP2 (3)
huahuahutui	熊信刚	VIP2 (3)
2958842398	刘顺阳	VIP2 (3)
zhangbaozi11	张包子	VIP2 (3)
9998aa	张荣锋	VIP2 (3)
jsq2345	蒋慎强	VIP2 (3)
uu1111	梁秀兰	VIP2 (3)
lrtx0918	陈博	VIP2 (3)
bai88888888	白朋欣	VIP2 (3)
6386562	兰勃	VIP2 (3)
hb870625	黄冰	VIP2 (3)
1234qwer12	李延玲	VIP2 (3)
1794854125	喇小平	VIP2 (3)
cxw123456	陈小文	VIP2 (3)
cly88222	崔丽艳	VIP2 (3)
ding1994	马叮	VIP2 (3)
zdrlsf888	刘素菲	VIP2 (3)
1789074333	陈浩杰	VIP2 (3)
biyun666	王玮	VIP2 (3)
x3228317	梅绍雄	VIP2 (3)
liuna	刘福平	VIP2 (3)
foyuau119	柴锦富	VIP2 (3)
bobo7899	谢波	VIP2 (3)
zong1313	纵腾飞	VIP2 (3)
blithe	邓健	VIP2 (3)
w18358319492	李文武	VIP2 (3)
laimeiling12	赖美玲	VIP2 (3)
cym3667	蔡勇猛	VIP2 (3)
kege888	陈恩柯	VIP2 (3)
feng518	薛锋	VIP2 (3)
changlin	李昌玲	VIP2 (3)
xf2279	薛芳	VIP2 (3)
gut68	李文	VIP2 (3)
zz112233	谢德生	VIP2 (3)
471570318	黄光富	VIP2 (3)
nbh12345	倪秉辉	VIP2 (3)
15807279692	胡国勇	VIP2 (3)
ww0789	陈国奎	VIP2 (3)
y469854705	杨小敏	VIP2 (3)
kaka624	冯泽琦	VIP2 (3)
aa15914057	黄家勇	VIP2 (3)
zzz777	张平安	VIP2 (3)
fjzf888	朱钟城	VIP2 (3)
x19670811	徐晓美	VIP2 (3)
ydd236	昌君燕	VIP2 (3)
hgq6428	胡国旗	VIP2 (3)
hanqing888	彭艳玲	VIP2 (3)
a152552925	陈贵华	VIP2 (3)
new20197	李顺	VIP2 (3)
li0753	李丹萍	VIP2 (3)
45006018	潘燕仔	VIP2 (3)
zs3502	张硕	VIP2 (3)
1721977850	伍颂然	VIP2 (3)
zh3232	朱虎	VIP2 (3)
lb2626	梁邦妃	VIP2 (3)
cml920226	崔梦磊	VIP2 (3)
807955525	黎维伸	VIP2 (3)
bb10086	陈朋	VIP2 (3)
0228	黄子彤	VIP2 (3)
s3645	徐立伟	VIP2 (3)
jiayonghe	贾永鹤	VIP2 (3)
gqq147258	郭琦琦	VIP2 (3)
fujiayifang	田海超	VIP2 (3)
yyd1309	杨亚东	VIP2 (3)
ljq12344321	黎建强	VIP2 (3)
lyh0309	廖燕红	VIP2 (3)
752013	陈丽月	VIP2 (3)
yang1234567	欧阳响	VIP2 (3)
lijiang999	李江	VIP2 (3)
weiq14	魏禄	VIP2 (3)
wangdahe	王浩	VIP2 (3)
1922496571	李孟凡	VIP2 (3)
lmr0674	李梦茹	VIP2 (3)
qjx97	岂金星	VIP2 (3)
yanq1991	严强	VIP2 (3)
wwwabc	曾勇杰	VIP2 (3)
gqy8144	高清云	VIP2 (3)
lcl117118	吴召臣	VIP2 (3)
a397338231	徐加城	VIP2 (3)
1111112	唐全波	VIP2 (3)
1918777888	张英杰	VIP2 (3)
mzqwty	吴天缘	VIP2 (3)
lj2019	梁继伦	VIP2 (3)
l15977402933	刘佩芳	VIP2 (3)
ying1998	王迎迎	VIP2 (3)
aab661307	徐济武	VIP2 (3)
qiucuiying	邱翠英	VIP2 (3)
jj930528	蒋涛	VIP2 (3)
bb569999	潘小剑	VIP2 (3)
zw1110	张威	VIP2 (3)
as176959	敖现现	VIP2 (3)
w371965869	陈杨智	VIP2 (3)
wsk3824	魏书坤	VIP2 (3)
jg520	张家萍	VIP2 (3)
hh580258	劳晓虹	VIP2 (3)
ddrong1	鲁大荣	VIP2 (3)
18825730087	卜谷华	VIP2 (3)
yu5201314	余政委	VIP2 (3)
rh1027759347	连润浩	VIP2 (3)
qq14512700	张海昆	VIP2 (3)
1780961098	谭正元	VIP2 (3)
zzf3812	张志芳	VIP2 (3)
18137661563	宋百伟	VIP2 (3)
wzh2378	王子涵	VIP2 (3)
18180288	沙马中学	VIP2 (3)
8686	黄桐生	VIP2 (3)
1818666888	张英杰	VIP2 (3)
s990856872	张宗能	VIP2 (3)
1659046687	肖可	VIP2 (3)
13943300474	郭祥印	VIP2 (3)
1191917795	李琦	VIP2 (3)
kingron	保朗	VIP2 (3)
limin118	李敏	VIP2 (3)
xiaojie666	吴晓玲	VIP2 (3)
zq8272	张晴	VIP2 (3)
119118	马忠仔	VIP2 (3)
a13890956	唐成刚	VIP2 (3)
zfl19900125	张发来	VIP2 (3)
630863056	朱知勇	VIP2 (3)
hhx871011	黄惠香	VIP2 (3)
aa101010	魏仁贵	VIP2 (3)
zc361458102	苏世才	VIP2 (3)
yhz125800	杨怀忠	VIP2 (3)
wengang2019	王冲	VIP2 (3)
154106	黎海文	VIP2 (3)
yyt5180	叶泳彤	VIP2 (3)
yanjingyu	闫靖宇	VIP2 (3)
chen411	陈鸿	VIP2 (3)
232323	吴喜洋	VIP2 (3)
tp199010	唐平	VIP2 (3)
cfj1122	褚夫江	VIP2 (3)
ssk3698	孙世凯	VIP2 (3)
aa13140	陈韦成	VIP2 (3)
zhaoge888	钟良照	VIP2 (3)
lh1985	李慧	VIP2 (3)
abcd123456	吴维明	VIP2 (3)
lfd88566	刘法东	VIP2 (3)
lx1974	李习	VIP2 (3)
ctg3929336	陈铁光	VIP2 (3)
lsh19168	李尚华	VIP2 (3)
fh123456	冯豪豪	VIP2 (3)
lqn8942	李倩男	VIP2 (3)
gyzzyh	庄一翰	VIP2 (3)
a2153870	单鑫	VIP2 (3)
l1988324	李小龙	VIP2 (3)
yy1987	颜立红	VIP2 (3)
13178895736	李娟	VIP2 (3)
qq1234567890	潘康安	VIP2 (3)
zxl1989082	张小林	VIP2 (3)
18914870296	赵伟	VIP2 (3)
njchd1	符馨文	VIP2 (3)
xwh1234	徐文汉	VIP2 (3)
qingfeng416	涂天平	VIP2 (3)
gg6587	杨秀锋	VIP2 (3)
yukunmu	禹坤牧	VIP2 (3)
1265056670	王嘉庆	VIP2 (3)
aa38701033	薛思雨	VIP2 (3)
az147258	严悦绮	VIP2 (3)
abc12345678	曾华新	VIP2 (3)
950815	宋文福	VIP2 (3)
we1234591	张付军	VIP2 (3)
tiantian1995	田甜	VIP2 (3)
qq740816612	钟必豪	VIP2 (3)
3812	刘海洋	VIP2 (3)
cuilongjie	崔龙杰	VIP2 (3)
liuhua	刘华	VIP2 (3)
747wu70	郭俊	VIP2 (3)
15912369	徐青海	VIP2 (3)
hzp0009	郝志鹏	VIP2 (3)
xx6054	肖侠	VIP2 (3)
18908781798	苏旺	VIP2 (3)
syz625	王炎松	VIP2 (3)
huang947	黄爱华	VIP2 (3)
2011677531	冉思耀	VIP2 (3)
sns156565	郭海燕	VIP2 (3)
ksyuyang	俞洋	VIP2 (3)
a18506017325	蔡道鑫	VIP2 (3)
jie1234567	李永	VIP2 (3)
guo00520	郭永坚	VIP2 (3)
1392114	洪毅	VIP2 (3)
xp520	肖朋	VIP2 (3)
201411639	张鹏飞	VIP2 (3)
zys19760820	朱永胜	VIP2 (3)
zhang520520	张志	VIP2 (3)
1710797003	邹友友	VIP2 (3)
jxh199984608	贾喜华	VIP2 (3)
huyang810513	胡洋	VIP2 (3)
h1875073721	何中	VIP2 (3)
zheng1234567	孔庆侠	VIP2 (3)
xiongsan	邹红艳	VIP2 (3)
lxy688	李选燕	VIP2 (3)
576494064aa	陈家伟	VIP2 (3)
psf536239	黄凤秋	VIP2 (3)
menli1122	门丽	VIP2 (3)
cjj3950463	陈杰	VIP2 (3)
18665959300	罗传虎	VIP2 (3)
wjq597	吴锦期	VIP2 (3)
771697137	柳海正	VIP2 (3)
hwl656192	黄文略	VIP2 (3)
807315707	李佳龙	VIP2 (3)
xhy147666	徐海艳	VIP2 (3)
xlm286121	朱丽波	VIP2 (3)
qqv776	邱庆权	VIP2 (3)
13727301819	陈用恒	VIP2 (3)
ni001215	刘燕平	VIP2 (3)
zoodviluzhu	陆柱	VIP2 (3)
taowenlei	陶文磊	VIP2 (3)
sym1234	孙永猛	VIP2 (3)
w4632	王洪元	VIP2 (3)
shaomu311	杨少穆	VIP2 (3)
2890	刘海洋	VIP2 (3)
2598jb	金兵	VIP2 (3)
dianwu	张典学	VIP2 (3)
xq389151913	向琼	VIP2 (3)
893646952	黄勇	VIP2 (3)
dy080808	董亚婷	VIP2 (3)
huangzifan3	黄自范	VIP2 (3)
shj630921	司洪杰	VIP2 (3)
qq202306439	梁锋	VIP2 (3)
fgh235	符家利	VIP2 (3)
2105038731	许昊	VIP2 (3)
zxy881852	周星宇	VIP2 (3)
wuxiao	吴小周	VIP2 (3)
wj9558	王建	VIP2 (3)
96926	章敏	VIP2 (3)
qq49512456	徐雄	VIP2 (3)
546325	陈太见	VIP2 (3)
zxcv5433	许志铭	VIP2 (3)
duanmu	端木宇杭	VIP2 (3)
a200963828	李国柱	VIP2 (3)
chen5041	陈功辉	VIP2 (3)
lulu888	陈玲玲	VIP2 (3)
z36113395	张小容	VIP2 (3)
w123w123	杨秀林	VIP2 (3)
15254633505	马振强	VIP2 (3)
qkwl	马德虎	VIP2 (3)
abc123690	陈文辉	VIP2 (3)
annie119	牛婷婷	VIP2 (3)
lhm5705	刘慧敏	VIP2 (3)
15137215431	郭双华	VIP2 (3)
2588645	李凯龙	VIP2 (3)
467794522	黎冠杰	VIP2 (3)
zjh6666	张锦宏	VIP2 (3)
661753	王方得	VIP2 (3)
178179h	黄丽珍	VIP2 (3)
yyysssppp	杨世平	VIP2 (3)
zz61377	朱秀敏	VIP2 (3)
wangxufan111	王许凡	VIP2 (3)
lyn888	赵雷	VIP2 (3)
jkllnoll	赵幸福	VIP2 (3)
liu1106	刘销杰	VIP2 (3)
wdd7522	魏丹丹	VIP2 (3)
wn1370	王娜	VIP2 (3)
gonggabadan	贡嘎巴旦	VIP2 (3)
62303aa	周萍	VIP2 (3)
siniquanjia	黄恒	VIP2 (3)
2337378641	张镇	VIP2 (3)
meiyuan521	周园园	VIP2 (3)
qfg123456	曲凤国	VIP2 (3)
robet1	宣永和	VIP2 (3)
lgf0123	刘光锋	VIP2 (3)
mo1326663	莫浩	VIP2 (3)
15362372395	吴泽鹏	VIP2 (3)
aimei188	陈良平	VIP2 (3)
mei888999	吴付美	VIP2 (3)
asdf131416	罗天贵	VIP2 (3)
qinsy	秦世宇	VIP2 (3)
tclgogo	郑庭深	VIP2 (3)
hosglove	洪水根	VIP2 (3)
ly870426	李媛	VIP2 (3)
tzw2273	童志伟	VIP2 (3)
lhx224422	李海侠	VIP2 (3)
609276771	蒙河清	VIP2 (3)
qwertyuiopck	崔小科	VIP2 (3)
xym790808	徐永明	VIP2 (3)
rjj666	茹佳佳	VIP2 (3)
psy5611234	卜思洋	VIP2 (3)
rll2019	茹莉莉	VIP2 (3)
ren110120	任生立	VIP2 (3)
zl8579	张露	VIP2 (3)
137252943900	林丽丽	VIP2 (3)
qunima	黄恒	VIP2 (3)
wanshang	罗晚姑	VIP2 (3)
18687009490	张天选	VIP2 (3)
y500w	唐彦勇	VIP2 (3)
xiangfa	卜祥发	VIP2 (3)
b113843014	张瑞忠	VIP2 (3)
csd114342	陈守灯	VIP2 (3)
jia0322	刘德仁	VIP2 (3)
shangan888	曾前进	VIP2 (3)
15858267710	吴勇	VIP2 (3)
a18059758277	苏美霞	VIP2 (3)
b133003031	邱柏瑜	VIP2 (3)
hdy1668	黄代宇	VIP2 (3)
yiersan123	肖冰涛	VIP2 (3)
a432900	徐朋博	VIP2 (3)
zzl071219	周兆磊	VIP2 (3)
asdfg9120024	陆世校	VIP2 (3)
xysgg	郭桂红	VIP2 (3)
qq540370693	潘信伟	VIP2 (3)
zege0329	梁泽文	VIP2 (3)
zf0671	赵峰	VIP2 (3)
www5428021	廖文钰	VIP2 (3)
jys7777	吉永顺	VIP2 (3)
bai19930308	柏昌财	VIP2 (3)
chbc2019	吴剑艺	VIP2 (3)
weishugui	韦书贵	VIP2 (3)
k8888	李海清	VIP2 (3)
18378621748	侯银卫	VIP2 (3)
xj5000	谢军	VIP2 (3)
ldw5740	刘大卫	VIP2 (3)
a601576174	徐彬	VIP2 (3)
myc1573911	莫衍传	VIP2 (3)
20531436844	赵财龙	VIP2 (3)
srhooo	沈荣辉	VIP2 (3)
ab2623007164	叶金水	VIP2 (3)
kb123456	廖新村	VIP2 (3)
wer111	刘琳	VIP2 (3)
djl123	丁加力	VIP2 (3)
scenery12345	苏英春	VIP2 (3)
lin1329282317	林军矛	VIP2 (3)
ptqbz	朱莫勇	VIP2 (3)
liuruiying	刘瑞英	VIP2 (3)
shengzi2019	李永胜	VIP2 (3)
730284728	陈欢	VIP2 (3)
hr4232	黄荣	VIP2 (3)
15515755456	王玉龙	VIP2 (3)
198615a	李柏霖	VIP2 (3)
kkk999	韩伟康	VIP2 (3)
hf5315	黄菲	VIP2 (3)
2769968445	谭世山	VIP2 (3)
xu369877	徐振忠	VIP2 (3)
haihua	何海花	VIP2 (3)
zheng0512	郑培盈	VIP2 (3)
xf150277	郭晓凡	VIP2 (3)
lwl562109	罗文龙	VIP2 (3)
zhaiyumei	翟玉美	VIP2 (3)
18778484453	唐小牛	VIP2 (3)
522502199809	任强	VIP2 (3)
huang136	韦景文	VIP2 (3)
x324124847	农永勤	VIP2 (3)
13686260460	余剑华	VIP2 (3)
wang520902	王海军	VIP2 (3)
jh6888	界豪	VIP2 (3)
2018aaaccc	陆伟国	VIP2 (3)
hyjiao	黄燕娇	VIP2 (3)
qinkun566	秦昆	VIP2 (3)
lxs4321	李新生	VIP2 (3)
hjq771972	洪军强	VIP2 (3)
houhao147	侯浩	VIP2 (3)
zm48	周敏	VIP2 (3)
wgsh888	望国胜	VIP2 (3)
76251776	王壮力	VIP2 (3)
18104341861	耿建国	VIP2 (3)
1712307170	王振宇	VIP2 (3)
13729633132	沈五妹	VIP2 (3)
hll0234	黄露露	VIP2 (3)
zhongshen	彭树鹏	VIP2 (3)
a2308116900	李奕祥	VIP2 (3)
625693467	邱敏捷	VIP2 (3)
juan5201	桂宝军	VIP2 (3)
2356108504	黄世旺	VIP2 (3)
bb18899	赖炳乾	VIP2 (3)
ldp2580	钟超	VIP2 (3)
xwc0093	徐五昌	VIP2 (3)
qq775459	潘哲志	VIP2 (3)
vs12345678	李广超	VIP2 (3)
yz9878	邢训侨	VIP2 (3)
osy168	罗斌	VIP2 (3)
1387lan	兰路腾	VIP2 (3)
ldj3474	梁得军	VIP2 (3)
chenen177	王蓉	VIP2 (3)
wei1377	黄美柳	VIP2 (3)
zzq052418	朱志强	VIP2 (3)
xiaozhao111	赵世成	VIP2 (3)
bg8899	王欢	VIP2 (3)
wjq4951	汪建桥	VIP2 (3)
13426966004	谢全晓	VIP2 (3)
lo8798	娄磊	VIP2 (3)
ss966288	黄宏警	VIP2 (3)
wei2580	韦宝昌	VIP2 (3)
wangyanhu22	王兴亮	VIP2 (3)
lm772327	李明娟	VIP2 (3)
tegong25	陈建国	VIP2 (3)
taotao	张翠丽	VIP2 (3)
watl88688	李国	VIP2 (3)
tanhua99	谭华	VIP2 (3)
hjf666	黄吉锋	VIP2 (3)
liu6630608	刘成	VIP2 (3)
minkun	张为昆	VIP2 (3)
aass8899	黄烁新	VIP2 (3)
mlc888	马利超	VIP2 (3)
a168168168	廖宏慧	VIP2 (3)
cc123456	孟明潮	VIP2 (3)
15269995015	陈奥雷	VIP2 (3)
161616wy	汪宇	VIP2 (3)
15167104168	王国峻	VIP2 (3)
15555588688	游云胜	VIP2 (3)
zjda	钟建定	VIP2 (3)
zq1949	张琦	VIP2 (3)
y1780350	杨磊	VIP2 (3)
abc861018	袁珍芳	VIP2 (3)
cb6668	曹现强	VIP2 (3)
dpf0318	代鹏飞	VIP2 (3)
1774091938	王炜	VIP2 (3)
myy123456	孟令尧	VIP2 (3)
tt8855	李崇胜	VIP2 (3)
liu123456	刘孝强	VIP2 (3)
88620328	刘娟	VIP2 (3)
869465489	黄开滔	VIP2 (3)
157582	杨敏健	VIP2 (3)
jty1234	焦体岳	VIP2 (3)
zaooaz806068	吴浩勇	VIP2 (3)
11558899	黄玉帅	VIP2 (3)
1125262395	杜宁裕	VIP2 (3)
www19881220	王晨	VIP2 (3)
hyh410	黄燕华	VIP2 (3)
xpy9173	徐鹏宇	VIP2 (3)
18503023104	王丽霄	VIP2 (3)
z891228	刘春文	VIP2 (3)
zhongjiang	李代玲	VIP2 (3)
784465118	夏念安	VIP2 (3)
zjypf0	张金玉	VIP2 (3)
12345hcl	胡成龙	VIP2 (3)
lxy5078	李秀英	VIP2 (3)
zhang0903	张孟	VIP2 (3)
18374565586	陈全则	VIP2 (3)
zzc9999	陈国荣	VIP2 (3)
dihao316717	韦永对	VIP2 (3)
df2019	董峰	VIP2 (3)
aneao2	胡浩	VIP2 (3)
tl258	谭龙	VIP2 (3)
hh373023	胡双珍	VIP2 (3)
20000304	陶桂红	VIP2 (3)
lx12133	黄理想	VIP2 (3)
a452627	马玉波	VIP2 (3)
aa199982	林振华	VIP2 (3)
wxp831214	王晓攀	VIP2 (3)
zy4100	张煜	VIP2 (3)
shen1234567	申锋锋	VIP2 (3)
youxiaogui	冯荣贵	VIP2 (3)
zz867	王丽	VIP2 (3)
wgy1712	王光耀	VIP2 (3)
ayxc	叶鑫成	VIP2 (3)
a198989898	李青锋	VIP2 (3)
898765425	段亚男	VIP2 (3)
yc123	杨超	VIP2 (3)
yy2565	崔应觉	VIP2 (3)
anys99	沈文学	VIP2 (3)
whl12187655	王宏林	VIP2 (3)
16608647698	李子源	VIP2 (3)
l746304632	黎金荣	VIP2 (3)
ldz769	李德展	VIP2 (3)
lx3788	于洪汇	VIP2 (3)
q520115	熊应菊	VIP2 (3)
2352414284	刘君	VIP2 (3)
zeng2000	曾云	VIP2 (3)
scenery1992	苏英春	VIP2 (3)
15705835250	于军怀	VIP2 (3)
qazwsx	阮班安	VIP2 (3)
15770330497	沈传伟	VIP2 (3)
lcf5667	李昌峰	VIP2 (3)
czh2018	曹振海	VIP2 (3)
ww1892597241	罗财锋	VIP2 (3)
ac691709385	廖用刚	VIP2 (3)
ly198914	李严	VIP2 (3)
ddd2865775	唐成和	VIP2 (3)
zll888	张蕾蕾	VIP2 (3)
1060197988	赵东风	VIP2 (3)
lh668899	刘东海	VIP2 (3)
as5720293	陈立增	VIP2 (3)
zzx568	张转霞	VIP2 (3)
chz7710	陈红哲	VIP2 (3)
dongning	董宁	VIP2 (3)
17645232687	范朝辉	VIP2 (3)
hongfeng1688	洪峰	VIP2 (3)
123456786	贺文静	VIP2 (3)
176336	汤婷	VIP2 (3)
zxj1314	张秀娟	VIP2 (3)
81632179	陈海杰	VIP2 (3)
xiaxia	夏莹	VIP2 (3)
18684625722	曹娟辉	VIP2 (3)
lw0424	李明亮	VIP2 (3)
13145200	小琳	VIP2 (3)
peng5b2y	彭跃余	VIP2 (3)
16888	栾兆军	VIP2 (3)
hyy706	黄艳燕	VIP2 (3)
111444	孔祥杰	VIP2 (3)
duwangbin	李朔斌	VIP2 (3)
wml226688	王梅玲	VIP2 (3)
lrm250	李茹梦	VIP2 (3)
beckham1	周园园	VIP2 (3)
yzw888823	尹忠尉	VIP2 (3)
lmh18	练敏辉	VIP2 (3)
ok60686979	刘归	VIP2 (3)
13982771394z	赵明举	VIP2 (3)
736772145	李生	VIP2 (3)
qq158130	陈绍健	VIP2 (3)
939002511	胡龙桂	VIP2 (3)
llk668	崔应活	VIP2 (3)
wangshi	林钟伟	VIP2 (3)
lei315	崔桔雅	VIP2 (3)
lps666	黎培顺	VIP2 (3)
xiaobao	张立宝	VIP2 (3)
882389	毛立军	VIP2 (3)
li10011		VIP2 (3)
qw8888	呼楠	VIP2 (3)
ljx002	黎锦新	VIP2 (3)
ly0224	娄宇	VIP2 (3)
cs15	潘文志	VIP2 (3)
lpl147666	李培乐	VIP2 (3)
349567	刁志平	VIP2 (3)
zxyoia1	邹晓阳	VIP2 (3)
hxy1987	黄兴元	VIP2 (3)
nanakk	丘丽琴	VIP2 (3)
718470714	呷呷以哈	VIP2 (3)
lin68057	林坤达	VIP2 (3)
omg10086	林建南	VIP2 (3)
llkk112233	罗凯威	VIP2 (3)
qq1900000	田江	VIP2 (3)
wcg565656	武春光	VIP2 (3)
chenjie1988	陈杰	VIP2 (3)
13584222006	黄军贵	VIP2 (3)
szy123	薛中宁	VIP2 (3)
lm1199	刘敏	VIP2 (3)
liyun235	李云忠	VIP2 (3)
szw21035	宋志伟	VIP2 (3)
huangguang1	黄广林	VIP2 (3)
ain13ld	黄冠钧	VIP2 (3)
aa10835199	罗超	VIP2 (3)
xin0093	孙新建	VIP2 (3)
yan777	王燕	VIP2 (3)
qqqwww2020	黄胜芳	VIP2 (3)
lsj1736	鲁士杰	VIP2 (3)
ss88888	大爷	VIP2 (3)
15019039386	杨晨晓	VIP2 (3)
allen12589	冷金行	VIP2 (3)
x1042903038	邢海涛	VIP2 (3)
lcz2580	刘楚智	VIP2 (3)
18877450951	梁小基	VIP2 (3)
8884488	曾健明	VIP2 (3)
528319	古建安	VIP2 (3)
qq235479	李志荣	VIP2 (3)
kzh6323	况志海	VIP2 (3)
zcxvb1345	卿双海	VIP2 (3)
xihuan520	王路路	VIP2 (3)
min151511	罗敏	VIP2 (3)
lwj2019	李文坚	VIP2 (3)
hj6127	张珺	VIP2 (3)
jiafeimao	石轩宇	VIP2 (3)
gca111	苟长安	VIP2 (3)
975976883	班文忠	VIP2 (3)
op0261	谭利球	VIP2 (3)
3235838661	王春江	VIP2 (3)
328770441	邰金伟	VIP2 (3)
xl8888	梁云龙	VIP2 (3)
ljf188	林健锋	VIP2 (3)
13867558222	叶升旦	VIP2 (3)
a283666	卢发艺	VIP2 (3)
622188ljy1	龙建勇	VIP2 (3)
xiamen	缑秦川	VIP2 (3)
2315805827	关海印	VIP2 (3)
x2828	宣红标	VIP2 (3)
tl1552121	唐亮	VIP2 (3)
a896702650	魏冰清	VIP2 (3)
a1483061218	王健	VIP2 (3)
hq6363	阮华强	VIP2 (3)
yyx123	余银秀	VIP2 (3)
hongying1234	鲁红英	VIP2 (3)
ms1994	马帅	VIP2 (3)
a765068859	赖志强	VIP2 (3)
hj1240191458	黄俊棠	VIP2 (3)
453694342	刘运兵	VIP2 (3)
son1017818	艾木都拉·克热木拉	VIP2 (3)
hm5434	黄敏	VIP2 (3)
fuxiang888	周福祥	VIP2 (3)
aa11	赖佩萍	VIP2 (3)
wei2020	韦桂雄	VIP2 (3)
xmc52528	姚湘兵	VIP2 (3)
q666888	吴倩倩	VIP2 (3)
18368552899	金可伟	VIP2 (3)
fyy258369	付妍妍	VIP2 (3)
lzg7719	李振果	VIP2 (3)
xmny3456	罗频	VIP2 (3)
kuzi987	张灵	VIP2 (3)
h654088000	黄追波	VIP2 (3)
xingfu0807	于胜贤	VIP2 (3)
lyh888	刘映辉	VIP2 (3)
htx666666	何天现	VIP2 (3)
17585296663	李涛	VIP2 (3)
xc6161	谢才媛	VIP2 (3)
zxc556	方泽玮	VIP2 (3)
llaa789	罗爱英	VIP2 (3)
flq1990	冯龙泉	VIP2 (3)
allan5975	陈超	VIP2 (3)
1314	韦浪	VIP2 (3)
15172344534	张勇	VIP2 (3)
15859427728	程昭	VIP2 (3)
3204344	吴楠	VIP2 (3)
y125900	颜叶	VIP2 (3)
ky78520	罗来进	VIP2 (3)
ym020027ym	吕广武	VIP2 (3)
wdr130410	王鹏	VIP2 (3)
pa9089	刘佩玉	VIP2 (3)
quan1133	刘石泉	VIP2 (3)
aa987123	李洪	VIP2 (3)
18279715518	肖永盛	VIP2 (3)
aa666999	黄思美	VIP2 (3)
yhz147666	杨怀忠	VIP2 (3)
linlinfeng	王林峰	VIP2 (3)
497197464	叶先飘	VIP2 (3)
mc1991	覃业财	VIP2 (3)
zzp843508	钟智鹏	VIP2 (3)
pmm731107	潘梅梅	VIP2 (3)
wu1111	吴恩常	VIP2 (3)
qq834429476	李旭洋	VIP2 (3)
lm790322	蓝蒙	VIP2 (3)
pp6911	吴雄	VIP2 (3)
lxl1024	路秀丽	VIP2 (3)
zhi88888888	向志	VIP2 (3)
huqiangqiang	胡强强	VIP2 (3)
luojing	罗京城	VIP2 (3)
yy67231847	田进	VIP2 (3)
yang292093	武红涛	VIP2 (3)
738763764	樊国平	VIP2 (3)
nuli2539	张芳	VIP2 (3)
lan4133	何芝兰	VIP2 (3)
wj86415300	杜超	VIP2 (3)
lpy191168	刘丕英	VIP2 (3)
mqtmqt	马秦田	VIP2 (3)
feng456321	冯冬	VIP2 (3)
15019851213	郑传娥	VIP2 (3)
15968671231	叶志轩	VIP2 (3)
cyt1996	曹雨	VIP2 (3)
aa555xx	龚华清	VIP2 (3)
337350012	马成军	VIP2 (3)
13426806827	张建强	VIP2 (3)
fivemillion	林景	VIP2 (3)
a19850	董超委	VIP2 (3)
w1870173	王顺利	VIP2 (3)
dr19821106	杨华	VIP2 (3)
kkee2050	林乃为	VIP2 (3)
827698398	高洋	VIP2 (3)
ml1949	苗利	VIP2 (3)
850927	徐祖兵	VIP2 (3)
whb517	吴海波	VIP2 (3)
13515080662	张铃	VIP2 (3)
ywn20150525	闫冬	VIP2 (3)
wzsj88	吴瑾辉	VIP2 (3)
llj007	李俏丽	VIP2 (3)
acoolfff	司元勇	VIP2 (3)
13650042520	周岳友	VIP2 (3)
li0167	李裕	VIP2 (3)
ssdd3344	陈冰心	VIP2 (3)
q2802586001	蒋权忠	VIP2 (3)
1513910642	陈佳辉	VIP2 (3)
yumeif58	余梅芳	VIP2 (3)
chenaa	陈志强	VIP2 (3)
xiaobin678	张丽华	VIP2 (3)
zhu1133	刘贻柱	VIP2 (3)
litianxiang	李天勇	VIP2 (3)
sss147	王文圣	VIP2 (3)
15875216681	靛时朋	VIP2 (3)
a17677469624	蒙立妃	VIP2 (3)
1229	吴翠华	VIP2 (3)
123456zbp	张海平	VIP2 (3)
2783724	刘渝	VIP2 (3)
cba182838	李景彬	VIP2 (3)
50808214	谢康	VIP2 (3)
558899zz	熊腾圆	VIP2 (3)
13560652062	段其仲	VIP2 (3)
a9981982	龙斌	VIP2 (3)
ys062972	梁树生	VIP2 (3)
a2451397751	张思样	VIP2 (3)
huang88	黄满才	VIP2 (3)
1394895227	高国栋	VIP2 (3)
w13775173659	王海龙	VIP2 (3)
wwn198052	佘薇	VIP2 (3)
wasd122346	徐来振	VIP2 (3)
try8888	唐子惠	VIP2 (3)
qin808080	秦冬梅	VIP2 (3)
we23444	何曼	VIP2 (3)
1767719	黄建文	VIP2 (3)
peng100	彭龙	VIP2 (3)
a60510670	李树秋	VIP2 (3)
1224112	仇军书	VIP2 (3)
wzc147369	吴召臣	VIP2 (3)
yanzhen	严振	VIP2 (3)
qq1942186178	刘波	VIP2 (3)
www3456	裴立平	VIP2 (3)
hkl871638526	何坤林	VIP2 (3)
yfl5201314	杨辉龙	VIP2 (3)
wyq520	王琪	VIP2 (3)
ke445566	赵稞	VIP2 (3)
515723	王晶晶	VIP2 (3)
7767218218	吴华奇	VIP2 (3)
longshenbin	李朔斌	VIP2 (3)
18685156898	余建飞	VIP2 (3)
49313	段云祥	VIP2 (3)
h364472702	黄铭华	VIP2 (3)
lsx3868	林少雄	VIP2 (3)
dongruan	蔺东软	VIP2 (3)
yjh1997	杨家辉	VIP2 (3)
kp6666	李冬娟	VIP2 (3)
tsa123	田四爱	VIP2 (3)
jess1976	李召沐	VIP2 (3)
lanfang	周天斌	VIP2 (3)
fwl888888	傅伟林	VIP2 (3)
oooop	李敏	VIP2 (3)
13558456657	陈军泉	VIP2 (3)
zhangkangq18	张康强	VIP2 (3)
xiaosu123	苏泳	VIP2 (3)
chenqiming1	陈启明	VIP2 (3)
25324388	沈明	VIP2 (3)
1757827748	张苒	VIP2 (3)
hm6625	钟冬秀	VIP2 (3)
li1224	李小林	VIP2 (3)
zhima25	何芝飞	VIP2 (3)
oppo580	李发保	VIP2 (3)
lh166	苏世吉	VIP2 (3)
rongfxl	李小荣	VIP2 (3)
7767218123	吴秋莲	VIP2 (3)
le123123	熊乐	VIP2 (3)
xyj123	姜少	VIP2 (3)
13725664633	张琪	VIP2 (3)
13862239081	吴本恒	VIP2 (3)
wk668	管彤	VIP2 (3)
a509509	谷建昆	VIP2 (3)
6088	廖佐称	VIP2 (3)
xiemin	谢敏	VIP2 (3)
198700	邱志方	VIP2 (3)
yu585868	余明辉	VIP2 (3)
a12345678	罗正田	VIP2 (3)
tm212271294	缪昌学	VIP2 (3)
forest	严永煜	VIP2 (3)
sh5566	江思汉	VIP2 (3)
hmw2020168	黄明伟	VIP2 (3)
ww456456	唐一阳	VIP2 (3)
mojinyu	莫金玉	VIP2 (3)
xiaojin	余金花	VIP2 (3)
yhy123	易红英	VIP2 (3)
zouweibo	邹维波	VIP2 (3)
